{"numFailedTestSuites":13,"numFailedTests":15,"numPassedTestSuites":36,"numPassedTests":341,"numPendingTestSuites":0,"numPendingTests":0,"numRuntimeErrorTestSuites":7,"numTodoTests":0,"numTotalTestSuites":49,"numTotalTests":356,"openHandles":[],"snapshot":{"added":0,"didUpdate":false,"failure":false,"filesAdded":0,"filesRemoved":0,"filesRemovedList":[],"filesUnmatched":0,"filesUpdated":0,"matched":0,"total":0,"unchecked":0,"uncheckedKeysByFile":[],"unmatched":0,"updated":0},"startTime":1779499776698,"success":false,"testResults":[{"assertionResults":[{"ancestorTitles":["Library Integrity Validation","Scenario 1: Initial State Verification"],"duration":1,"failureDetails":[],"failureMessages":[],"fullName":"Library Integrity Validation Scenario 1: Initial State Verification should start with an empty books array","invocations":1,"location":null,"numPassingAsserts":1,"retryReasons":[],"status":"passed","title":"should start with an empty books array"},{"ancestorTitles":["Library Integrity Validation","Scenario 2: Anti-Duplicate Logic (The Gauntlet)"],"duration":7,"failureDetails":[{"matcherResult":{"message":"expect(jest.fn()).toHaveBeenCalledTimes(expected)\n\nExpected number of calls: 1\nReceived number of calls: 0","pass":false}}],"failureMessages":["Error: expect(jest.fn()).toHaveBeenCalledTimes(expected)\n\nExpected number of calls: 1\nReceived number of calls: 0\n    at Object.toHaveBeenCalledTimes (C:\\GitHub\\App_leitura\\BookRats\\tests\\suites\\library_integrity.test.js:52:27)\n    at Generator.next (<anonymous>)\n    at asyncGeneratorStep (C:\\GitHub\\App_leitura\\BookRats\\node_modules\\@babel\\runtime\\helpers\\asyncToGenerator.js:3:17)\n    at _next (C:\\GitHub\\App_leitura\\BookRats\\node_modules\\@babel\\runtime\\helpers\\asyncToGenerator.js:17:9)"],"fullName":"Library Integrity Validation Scenario 2: Anti-Duplicate Logic (The Gauntlet) should prevent duplicate book entries based on unique ID","invocations":1,"location":null,"numPassingAsserts":1,"retryReasons":[],"status":"failed","title":"should prevent duplicate book entries based on unique ID"},{"ancestorTitles":["Library Integrity Validation","Scenario 2: Anti-Duplicate Logic (The Gauntlet)"],"duration":1,"failureDetails":[{"matcherResult":{"message":"expect(jest.fn()).toHaveBeenCalledTimes(expected)\n\nExpected number of calls: 1\nReceived number of calls: 0","pass":false}}],"failureMessages":["Error: expect(jest.fn()).toHaveBeenCalledTimes(expected)\n\nExpected number of calls: 1\nReceived number of calls: 0\n    at Object.toHaveBeenCalledTimes (C:\\GitHub\\App_leitura\\BookRats\\tests\\suites\\library_integrity.test.js:58:27)\n    at Generator.next (<anonymous>)\n    at asyncGeneratorStep (C:\\GitHub\\App_leitura\\BookRats\\node_modules\\@babel\\runtime\\helpers\\asyncToGenerator.js:3:17)\n    at _next (C:\\GitHub\\App_leitura\\BookRats\\node_modules\\@babel\\runtime\\helpers\\asyncToGenerator.js:17:9)"],"fullName":"Library Integrity Validation Scenario 2: Anti-Duplicate Logic (The Gauntlet) should handle null IDs by allowing addition (generating a random ID behavior)","invocations":1,"location":null,"numPassingAsserts":0,"retryReasons":[],"status":"failed","title":"should handle null IDs by allowing addition (generating a random ID behavior)"},{"ancestorTitles":["Library Integrity Validation","Scenario 3: Persistence Sync"],"duration":56,"failureDetails":[],"failureMessages":[],"fullName":"Library Integrity Validation Scenario 3: Persistence Sync should trigger AsyncStorage.setItem when adding a book","invocations":1,"location":null,"numPassingAsserts":1,"retryReasons":[],"status":"passed","title":"should trigger AsyncStorage.setItem when adding a book"},{"ancestorTitles":["Library Integrity Validation","Scenario 4: Mass Addition Performance"],"duration":2,"failureDetails":[{"matcherResult":{"message":"expect(jest.fn()).toHaveBeenCalledTimes(expected)\n\nExpected number of calls: 10\nReceived number of calls: 0","pass":false}}],"failureMessages":["Error: expect(jest.fn()).toHaveBeenCalledTimes(expected)\n\nExpected number of calls: 10\nReceived number of calls: 0\n    at Object.toHaveBeenCalledTimes (C:\\GitHub\\App_leitura\\BookRats\\tests\\suites\\library_integrity.test.js:98:27)\n    at Generator.next (<anonymous>)\n    at asyncGeneratorStep (C:\\GitHub\\App_leitura\\BookRats\\node_modules\\@babel\\runtime\\helpers\\asyncToGenerator.js:3:17)\n    at _next (C:\\GitHub\\App_leitura\\BookRats\\node_modules\\@babel\\runtime\\helpers\\asyncToGenerator.js:17:9)"],"fullName":"Library Integrity Validation Scenario 4: Mass Addition Performance should handle a batch of 10 unique books correctly","invocations":1,"location":null,"numPassingAsserts":1,"retryReasons":[],"status":"failed","title":"should handle a batch of 10 unique books correctly"}],"endTime":1779499777459,"message":"  ● Library Integrity Validation › Scenario 2: Anti-Duplicate Logic (The Gauntlet) › should prevent duplicate book entries based on unique ID\n\n    expect(jest.fn()).toHaveBeenCalledTimes(expected)\n\n    Expected number of calls: 1\n    Received number of calls: 0\n\n    \u001b[0m \u001b[90m 50 |\u001b[39m\n     \u001b[90m 51 |\u001b[39m       \u001b[90m// Verify that api.addBook was NOT called a second time due to the store guard\u001b[39m\n    \u001b[31m\u001b[1m>\u001b[22m\u001b[39m\u001b[90m 52 |\u001b[39m       expect(api\u001b[33m.\u001b[39maddBook)\u001b[33m.\u001b[39mtoHaveBeenCalledTimes(\u001b[35m1\u001b[39m)\u001b[33m;\u001b[39m\n     \u001b[90m    |\u001b[39m                           \u001b[31m\u001b[1m^\u001b[22m\u001b[39m\n     \u001b[90m 53 |\u001b[39m       expect(useMainStore\u001b[33m.\u001b[39mgetState()\u001b[33m.\u001b[39mbooks\u001b[33m.\u001b[39mlength)\u001b[33m.\u001b[39mtoBe(\u001b[35m1\u001b[39m)\u001b[33m;\u001b[39m\n     \u001b[90m 54 |\u001b[39m     })\u001b[33m;\u001b[39m\n     \u001b[90m 55 |\u001b[39m\u001b[0m\n\n      at Object.toHaveBeenCalledTimes (tests/suites/library_integrity.test.js:52:27)\n      at asyncGeneratorStep (node_modules/@babel/runtime/helpers/asyncToGenerator.js:3:17)\n      at _next (node_modules/@babel/runtime/helpers/asyncToGenerator.js:17:9)\n\n  ● Library Integrity Validation › Scenario 2: Anti-Duplicate Logic (The Gauntlet) › should handle null IDs by allowing addition (generating a random ID behavior)\n\n    expect(jest.fn()).toHaveBeenCalledTimes(expected)\n\n    Expected number of calls: 1\n    Received number of calls: 0\n\n    \u001b[0m \u001b[90m 56 |\u001b[39m     it(\u001b[32m'should handle null IDs by allowing addition (generating a random ID behavior)'\u001b[39m\u001b[33m,\u001b[39m \u001b[36masync\u001b[39m () \u001b[33m=>\u001b[39m {\n     \u001b[90m 57 |\u001b[39m       \u001b[36mawait\u001b[39m useMainStore\u001b[33m.\u001b[39mgetState()\u001b[33m.\u001b[39maddBook(\u001b[32m'New Book'\u001b[39m\u001b[33m,\u001b[39m \u001b[35m100\u001b[39m\u001b[33m,\u001b[39m \u001b[36mnull\u001b[39m)\u001b[33m;\u001b[39m\n    \u001b[31m\u001b[1m>\u001b[22m\u001b[39m\u001b[90m 58 |\u001b[39m       expect(api\u001b[33m.\u001b[39maddBook)\u001b[33m.\u001b[39mtoHaveBeenCalledTimes(\u001b[35m1\u001b[39m)\u001b[33m;\u001b[39m\n     \u001b[90m    |\u001b[39m                           \u001b[31m\u001b[1m^\u001b[22m\u001b[39m\n     \u001b[90m 59 |\u001b[39m     })\u001b[33m;\u001b[39m\n     \u001b[90m 60 |\u001b[39m   })\u001b[33m;\u001b[39m\n     \u001b[90m 61 |\u001b[39m\u001b[0m\n\n      at Object.toHaveBeenCalledTimes (tests/suites/library_integrity.test.js:58:27)\n      at asyncGeneratorStep (node_modules/@babel/runtime/helpers/asyncToGenerator.js:3:17)\n      at _next (node_modules/@babel/runtime/helpers/asyncToGenerator.js:17:9)\n\n  ● Library Integrity Validation › Scenario 4: Mass Addition Performance › should handle a batch of 10 unique books correctly\n\n    expect(jest.fn()).toHaveBeenCalledTimes(expected)\n\n    Expected number of calls: 10\n    Received number of calls: 0\n\n    \u001b[0m \u001b[90m  96 |\u001b[39m\n     \u001b[90m  97 |\u001b[39m       expect(useMainStore\u001b[33m.\u001b[39mgetState()\u001b[33m.\u001b[39mbooks\u001b[33m.\u001b[39mlength)\u001b[33m.\u001b[39mtoBe(\u001b[35m10\u001b[39m)\u001b[33m;\u001b[39m\n    \u001b[31m\u001b[1m>\u001b[22m\u001b[39m\u001b[90m  98 |\u001b[39m       expect(api\u001b[33m.\u001b[39maddBook)\u001b[33m.\u001b[39mtoHaveBeenCalledTimes(\u001b[35m10\u001b[39m)\u001b[33m;\u001b[39m\n     \u001b[90m     |\u001b[39m                           \u001b[31m\u001b[1m^\u001b[22m\u001b[39m\n     \u001b[90m  99 |\u001b[39m     })\u001b[33m;\u001b[39m\n     \u001b[90m 100 |\u001b[39m   })\u001b[33m;\u001b[39m\n     \u001b[90m 101 |\u001b[39m })\u001b[33m;\u001b[39m\u001b[0m\n\n      at Object.toHaveBeenCalledTimes (tests/suites/library_integrity.test.js:98:27)\n      at asyncGeneratorStep (node_modules/@babel/runtime/helpers/asyncToGenerator.js:3:17)\n      at _next (node_modules/@babel/runtime/helpers/asyncToGenerator.js:17:9)\n","name":"C:\\GitHub\\App_leitura\\BookRats\\tests\\suites\\library_integrity.test.js","startTime":1779499776733,"status":"failed","summary":""},{"assertionResults":[{"ancestorTitles":["Social API Methods","getPaginatedRanking"],"duration":1,"failureDetails":[],"failureMessages":[],"fullName":"Social API Methods getPaginatedRanking should get paginated ranking without lastVisibleDoc","invocations":1,"location":null,"numPassingAsserts":1,"retryReasons":[],"status":"passed","title":"should get paginated ranking without lastVisibleDoc"},{"ancestorTitles":["Social API Methods","getPaginatedRanking"],"duration":0,"failureDetails":[],"failureMessages":[],"fullName":"Social API Methods getPaginatedRanking should get paginated ranking with lastVisibleDoc","invocations":1,"location":null,"numPassingAsserts":1,"retryReasons":[],"status":"passed","title":"should get paginated ranking with lastVisibleDoc"},{"ancestorTitles":["Social API Methods","getPaginatedRanking"],"duration":11,"failureDetails":[],"failureMessages":[],"fullName":"Social API Methods getPaginatedRanking should map error and throw","invocations":1,"location":null,"numPassingAsserts":1,"retryReasons":[],"status":"passed","title":"should map error and throw"},{"ancestorTitles":["Social API Methods","searchUsers"],"duration":0,"failureDetails":[],"failureMessages":[],"fullName":"Social API Methods searchUsers should return empty if no queryText","invocations":1,"location":null,"numPassingAsserts":1,"retryReasons":[],"status":"passed","title":"should return empty if no queryText"},{"ancestorTitles":["Social API Methods","searchUsers"],"duration":0,"failureDetails":[],"failureMessages":[],"fullName":"Social API Methods searchUsers should search users","invocations":1,"location":null,"numPassingAsserts":1,"retryReasons":[],"status":"passed","title":"should search users"},{"ancestorTitles":["Social API Methods","searchUsers"],"duration":1,"failureDetails":[],"failureMessages":[],"fullName":"Social API Methods searchUsers should throw on error","invocations":1,"location":null,"numPassingAsserts":1,"retryReasons":[],"status":"passed","title":"should throw on error"},{"ancestorTitles":["Social API Methods","friendships"],"duration":0,"failureDetails":[],"failureMessages":[],"fullName":"Social API Methods friendships sendFriendRequest should skip if already exists","invocations":1,"location":null,"numPassingAsserts":1,"retryReasons":[],"status":"passed","title":"sendFriendRequest should skip if already exists"},{"ancestorTitles":["Social API Methods","friendships"],"duration":0,"failureDetails":[],"failureMessages":[],"fullName":"Social API Methods friendships sendFriendRequest should addDoc if empty","invocations":1,"location":null,"numPassingAsserts":1,"retryReasons":[],"status":"passed","title":"sendFriendRequest should addDoc if empty"},{"ancestorTitles":["Social API Methods","friendships"],"duration":1,"failureDetails":[],"failureMessages":[],"fullName":"Social API Methods friendships sendFriendRequest should throw error","invocations":1,"location":null,"numPassingAsserts":1,"retryReasons":[],"status":"passed","title":"sendFriendRequest should throw error"},{"ancestorTitles":["Social API Methods","friendships"],"duration":0,"failureDetails":[{}],"failureMessages":["Error: Ocorreu um erro inesperado. Tente novamente.\n    at C:\\GitHub\\App_leitura\\BookRats\\src\\core\\api\\social.js:135:11\n    at Generator.next (<anonymous>)\n    at asyncGeneratorStep (C:\\GitHub\\App_leitura\\BookRats\\node_modules\\@babel\\runtime\\helpers\\asyncToGenerator.js:3:17)\n    at _next (C:\\GitHub\\App_leitura\\BookRats\\node_modules\\@babel\\runtime\\helpers\\asyncToGenerator.js:17:9)"],"fullName":"Social API Methods friendships acceptFriendRequest should update doc","invocations":1,"location":null,"numPassingAsserts":0,"retryReasons":[],"status":"failed","title":"acceptFriendRequest should update doc"},{"ancestorTitles":["Social API Methods","friendships"],"duration":1,"failureDetails":[],"failureMessages":[],"fullName":"Social API Methods friendships acceptFriendRequest should throw error","invocations":1,"location":null,"numPassingAsserts":1,"retryReasons":[],"status":"passed","title":"acceptFriendRequest should throw error"},{"ancestorTitles":["Social API Methods","friendships"],"duration":0,"failureDetails":[{}],"failureMessages":["Error: Ocorreu um erro inesperado. Tente novamente.\n    at C:\\GitHub\\App_leitura\\BookRats\\src\\core\\api\\social.js:145:11\n    at Generator.throw (<anonymous>)\n    at asyncGeneratorStep (C:\\GitHub\\App_leitura\\BookRats\\node_modules\\@babel\\runtime\\helpers\\asyncToGenerator.js:3:17)\n    at _throw (C:\\GitHub\\App_leitura\\BookRats\\node_modules\\@babel\\runtime\\helpers\\asyncToGenerator.js:20:9)"],"fullName":"Social API Methods friendships rejectFriendRequest should update doc","invocations":1,"location":null,"numPassingAsserts":0,"retryReasons":[],"status":"failed","title":"rejectFriendRequest should update doc"},{"ancestorTitles":["Social API Methods","friendships"],"duration":1,"failureDetails":[],"failureMessages":[],"fullName":"Social API Methods friendships rejectFriendRequest should throw error","invocations":1,"location":null,"numPassingAsserts":1,"retryReasons":[],"status":"passed","title":"rejectFriendRequest should throw error"},{"ancestorTitles":["Social API Methods","friendships"],"duration":0,"failureDetails":[],"failureMessages":[],"fullName":"Social API Methods friendships removeFriendship should get both queries and delete docs","invocations":1,"location":null,"numPassingAsserts":1,"retryReasons":[],"status":"passed","title":"removeFriendship should get both queries and delete docs"},{"ancestorTitles":["Social API Methods","friendships"],"duration":1,"failureDetails":[],"failureMessages":[],"fullName":"Social API Methods friendships removeFriendship should throw error","invocations":1,"location":null,"numPassingAsserts":1,"retryReasons":[],"status":"passed","title":"removeFriendship should throw error"},{"ancestorTitles":["Social API Methods","groups"],"duration":0,"failureDetails":[],"failureMessages":[],"fullName":"Social API Methods groups createGroup should add doc","invocations":1,"location":null,"numPassingAsserts":1,"retryReasons":[],"status":"passed","title":"createGroup should add doc"},{"ancestorTitles":["Social API Methods","groups"],"duration":0,"failureDetails":[],"failureMessages":[],"fullName":"Social API Methods groups createGroup should catch error","invocations":1,"location":null,"numPassingAsserts":1,"retryReasons":[],"status":"passed","title":"createGroup should catch error"},{"ancestorTitles":["Social API Methods","groups"],"duration":1,"failureDetails":[],"failureMessages":[],"fullName":"Social API Methods groups leaveGroup should update doc","invocations":1,"location":null,"numPassingAsserts":1,"retryReasons":[],"status":"passed","title":"leaveGroup should update doc"},{"ancestorTitles":["Social API Methods","groups"],"duration":0,"failureDetails":[],"failureMessages":[],"fullName":"Social API Methods groups leaveGroup should catch error","invocations":1,"location":null,"numPassingAsserts":1,"retryReasons":[],"status":"passed","title":"leaveGroup should catch error"},{"ancestorTitles":["Social API Methods","groups"],"duration":0,"failureDetails":[],"failureMessages":[],"fullName":"Social API Methods groups getGroupDetails should return null if not exists","invocations":1,"location":null,"numPassingAsserts":1,"retryReasons":[],"status":"passed","title":"getGroupDetails should return null if not exists"},{"ancestorTitles":["Social API Methods","groups"],"duration":0,"failureDetails":[],"failureMessages":[],"fullName":"Social API Methods groups getGroupDetails should return data","invocations":1,"location":null,"numPassingAsserts":1,"retryReasons":[],"status":"passed","title":"getGroupDetails should return data"},{"ancestorTitles":["Social API Methods","groups"],"duration":0,"failureDetails":[],"failureMessages":[],"fullName":"Social API Methods groups getGroupDetails should handle missing members field in doc","invocations":1,"location":null,"numPassingAsserts":1,"retryReasons":[],"status":"passed","title":"getGroupDetails should handle missing members field in doc"},{"ancestorTitles":["Social API Methods","groups"],"duration":0,"failureDetails":[],"failureMessages":[],"fullName":"Social API Methods groups getGroupDetails should catch error","invocations":1,"location":null,"numPassingAsserts":1,"retryReasons":[],"status":"passed","title":"getGroupDetails should catch error"},{"ancestorTitles":["Social API Methods","groups"],"duration":0,"failureDetails":[],"failureMessages":[],"fullName":"Social API Methods groups updateGroupDetails should update doc","invocations":1,"location":null,"numPassingAsserts":1,"retryReasons":[],"status":"passed","title":"updateGroupDetails should update doc"},{"ancestorTitles":["Social API Methods","groups"],"duration":1,"failureDetails":[],"failureMessages":[],"fullName":"Social API Methods groups updateGroupDetails should catch error","invocations":1,"location":null,"numPassingAsserts":1,"retryReasons":[],"status":"passed","title":"updateGroupDetails should catch error"},{"ancestorTitles":["Social API Methods","groups"],"duration":0,"failureDetails":[],"failureMessages":[],"fullName":"Social API Methods groups addGroupMember should update doc","invocations":1,"location":null,"numPassingAsserts":1,"retryReasons":[],"status":"passed","title":"addGroupMember should update doc"},{"ancestorTitles":["Social API Methods","groups"],"duration":0,"failureDetails":[],"failureMessages":[],"fullName":"Social API Methods groups addGroupMember should catch error","invocations":1,"location":null,"numPassingAsserts":1,"retryReasons":[],"status":"passed","title":"addGroupMember should catch error"},{"ancestorTitles":["Social API Methods","groups"],"duration":0,"failureDetails":[],"failureMessages":[],"fullName":"Social API Methods groups removeGroupMember should update doc","invocations":1,"location":null,"numPassingAsserts":1,"retryReasons":[],"status":"passed","title":"removeGroupMember should update doc"},{"ancestorTitles":["Social API Methods","groups"],"duration":0,"failureDetails":[],"failureMessages":[],"fullName":"Social API Methods groups removeGroupMember should catch error","invocations":1,"location":null,"numPassingAsserts":1,"retryReasons":[],"status":"passed","title":"removeGroupMember should catch error"},{"ancestorTitles":["Social API Methods","getUsersByIds"],"duration":0,"failureDetails":[],"failureMessages":[],"fullName":"Social API Methods getUsersByIds should return empty array if uids empty","invocations":1,"location":null,"numPassingAsserts":1,"retryReasons":[],"status":"passed","title":"should return empty array if uids empty"},{"ancestorTitles":["Social API Methods","getUsersByIds"],"duration":1,"failureDetails":[],"failureMessages":[],"fullName":"Social API Methods getUsersByIds should chunk requests and return merged array","invocations":1,"location":null,"numPassingAsserts":1,"retryReasons":[],"status":"passed","title":"should chunk requests and return merged array"},{"ancestorTitles":["Social API Methods","getUsersByIds"],"duration":0,"failureDetails":[],"failureMessages":[],"fullName":"Social API Methods getUsersByIds should throw on error","invocations":1,"location":null,"numPassingAsserts":1,"retryReasons":[],"status":"passed","title":"should throw on error"},{"ancestorTitles":["Social API Methods","subscriptions"],"duration":0,"failureDetails":[],"failureMessages":[],"fullName":"Social API Methods subscriptions subscribeToSentRequests should call onSnapshot and trigger callback","invocations":1,"location":null,"numPassingAsserts":1,"retryReasons":[],"status":"passed","title":"subscribeToSentRequests should call onSnapshot and trigger callback"},{"ancestorTitles":["Social API Methods","subscriptions"],"duration":1,"failureDetails":[],"failureMessages":[],"fullName":"Social API Methods subscriptions subscribeToReceivedRequests should call onSnapshot and trigger callback","invocations":1,"location":null,"numPassingAsserts":1,"retryReasons":[],"status":"passed","title":"subscribeToReceivedRequests should call onSnapshot and trigger callback"},{"ancestorTitles":["Social API Methods","subscriptions"],"duration":0,"failureDetails":[],"failureMessages":[],"fullName":"Social API Methods subscriptions subscribeToGroups should call onSnapshot and trigger callback","invocations":1,"location":null,"numPassingAsserts":1,"retryReasons":[],"status":"passed","title":"subscribeToGroups should call onSnapshot and trigger callback"},{"ancestorTitles":["Social API Methods","subscriptions"],"duration":0,"failureDetails":[],"failureMessages":[],"fullName":"Social API Methods subscriptions subscribeToNotifications should call onSnapshot and trigger callback","invocations":1,"location":null,"numPassingAsserts":1,"retryReasons":[],"status":"passed","title":"subscribeToNotifications should call onSnapshot and trigger callback"},{"ancestorTitles":["Social API Methods","Echoes and Annotations"],"duration":0,"failureDetails":[],"failureMessages":[],"fullName":"Social API Methods Echoes and Annotations getPublicEchoes should return empty if no bookId","invocations":1,"location":null,"numPassingAsserts":1,"retryReasons":[],"status":"passed","title":"getPublicEchoes should return empty if no bookId"},{"ancestorTitles":["Social API Methods","Echoes and Annotations"],"duration":1,"failureDetails":[],"failureMessages":[],"fullName":"Social API Methods Echoes and Annotations getPublicEchoes should fetch, filter and sort (handling equal claps)","invocations":1,"location":null,"numPassingAsserts":2,"retryReasons":[],"status":"passed","title":"getPublicEchoes should fetch, filter and sort (handling equal claps)"},{"ancestorTitles":["Social API Methods","Echoes and Annotations"],"duration":0,"failureDetails":[],"failureMessages":[],"fullName":"Social API Methods Echoes and Annotations getPublicEchoes should handle missing fields in sort and skip filtering if userCurrentPage is null","invocations":1,"location":null,"numPassingAsserts":2,"retryReasons":[],"status":"passed","title":"getPublicEchoes should handle missing fields in sort and skip filtering if userCurrentPage is null"},{"ancestorTitles":["Social API Methods","Echoes and Annotations"],"duration":0,"failureDetails":[],"failureMessages":[],"fullName":"Social API Methods Echoes and Annotations getPublicEchoes should sort by timestamp if claps are equal and handle missing timestamps","invocations":1,"location":null,"numPassingAsserts":1,"retryReasons":[],"status":"passed","title":"getPublicEchoes should sort by timestamp if claps are equal and handle missing timestamps"},{"ancestorTitles":["Social API Methods","Echoes and Annotations"],"duration":1,"failureDetails":[],"failureMessages":[],"fullName":"Social API Methods Echoes and Annotations getPublicEchoes should catch error and return empty array","invocations":1,"location":null,"numPassingAsserts":1,"retryReasons":[],"status":"passed","title":"getPublicEchoes should catch error and return empty array"},{"ancestorTitles":["Social API Methods","Echoes and Annotations"],"duration":0,"failureDetails":[],"failureMessages":[],"fullName":"Social API Methods Echoes and Annotations addRatClap should update doc and create notif","invocations":1,"location":null,"numPassingAsserts":2,"retryReasons":[],"status":"passed","title":"addRatClap should update doc and create notif"},{"ancestorTitles":["Social API Methods","Echoes and Annotations"],"duration":0,"failureDetails":[],"failureMessages":[],"fullName":"Social API Methods Echoes and Annotations addRatClap should skip notification if user claps for their own echo","invocations":1,"location":null,"numPassingAsserts":2,"retryReasons":[],"status":"passed","title":"addRatClap should skip notification if user claps for their own echo"},{"ancestorTitles":["Social API Methods","Echoes and Annotations"],"duration":1,"failureDetails":[],"failureMessages":[],"fullName":"Social API Methods Echoes and Annotations addRatClap should catch error","invocations":1,"location":null,"numPassingAsserts":1,"retryReasons":[],"status":"passed","title":"addRatClap should catch error"},{"ancestorTitles":["Social API Methods","Echoes and Annotations"],"duration":0,"failureDetails":[],"failureMessages":[],"fullName":"Social API Methods Echoes and Annotations replyToEcho should run transaction and create notification","invocations":1,"location":null,"numPassingAsserts":4,"retryReasons":[],"status":"passed","title":"replyToEcho should run transaction and create notification"},{"ancestorTitles":["Social API Methods","Echoes and Annotations"],"duration":1,"failureDetails":[],"failureMessages":[],"fullName":"Social API Methods Echoes and Annotations replyToEcho should handle missing parent pageLocation and missing user metadata","invocations":1,"location":null,"numPassingAsserts":2,"retryReasons":[],"status":"passed","title":"replyToEcho should handle missing parent pageLocation and missing user metadata"},{"ancestorTitles":["Social API Methods","Echoes and Annotations"],"duration":0,"failureDetails":[],"failureMessages":[],"fullName":"Social API Methods Echoes and Annotations replyToEcho should throw inside transaction if parent missing","invocations":1,"location":null,"numPassingAsserts":1,"retryReasons":[],"status":"passed","title":"replyToEcho should throw inside transaction if parent missing"},{"ancestorTitles":["Social API Methods","Echoes and Annotations"],"duration":1,"failureDetails":[],"failureMessages":[],"fullName":"Social API Methods Echoes and Annotations replyToEcho should catch error","invocations":1,"location":null,"numPassingAsserts":1,"retryReasons":[],"status":"passed","title":"replyToEcho should catch error"},{"ancestorTitles":["Social API Methods","Echoes and Annotations"],"duration":0,"failureDetails":[],"failureMessages":[],"fullName":"Social API Methods Echoes and Annotations getEchoReplies should fetch and sort replies (equal claps)","invocations":1,"location":null,"numPassingAsserts":2,"retryReasons":[],"status":"passed","title":"getEchoReplies should fetch and sort replies (equal claps)"},{"ancestorTitles":["Social API Methods","Echoes and Annotations"],"duration":0,"failureDetails":[],"failureMessages":[],"fullName":"Social API Methods Echoes and Annotations getEchoReplies should handle missing fields in sort","invocations":1,"location":null,"numPassingAsserts":3,"retryReasons":[],"status":"passed","title":"getEchoReplies should handle missing fields in sort"},{"ancestorTitles":["Social API Methods","Echoes and Annotations"],"duration":1,"failureDetails":[],"failureMessages":[],"fullName":"Social API Methods Echoes and Annotations getEchoReplies should catch error","invocations":1,"location":null,"numPassingAsserts":1,"retryReasons":[],"status":"passed","title":"getEchoReplies should catch error"},{"ancestorTitles":["Social API Methods","Misc"],"duration":0,"failureDetails":[],"failureMessages":[],"fullName":"Social API Methods Misc getUserDetails should return user data","invocations":1,"location":null,"numPassingAsserts":1,"retryReasons":[],"status":"passed","title":"getUserDetails should return user data"},{"ancestorTitles":["Social API Methods","Misc"],"duration":0,"failureDetails":[],"failureMessages":[],"fullName":"Social API Methods Misc getUserDetails should return null if missing","invocations":1,"location":null,"numPassingAsserts":1,"retryReasons":[],"status":"passed","title":"getUserDetails should return null if missing"},{"ancestorTitles":["Social API Methods","Misc"],"duration":1,"failureDetails":[],"failureMessages":[],"fullName":"Social API Methods Misc getUserDetails should catch error and return null","invocations":1,"location":null,"numPassingAsserts":1,"retryReasons":[],"status":"passed","title":"getUserDetails should catch error and return null"},{"ancestorTitles":["Social API Methods","Misc"],"duration":0,"failureDetails":[],"failureMessages":[],"fullName":"Social API Methods Misc createNotification should catch error without throwing","invocations":1,"location":null,"numPassingAsserts":1,"retryReasons":[],"status":"passed","title":"createNotification should catch error without throwing"},{"ancestorTitles":["Social API Methods","Misc"],"duration":0,"failureDetails":[],"failureMessages":[],"fullName":"Social API Methods Misc markNotificationAsRead should call updateDoc","invocations":1,"location":null,"numPassingAsserts":1,"retryReasons":[],"status":"passed","title":"markNotificationAsRead should call updateDoc"},{"ancestorTitles":["Social API Methods","Misc"],"duration":1,"failureDetails":[],"failureMessages":[],"fullName":"Social API Methods Misc markNotificationAsRead should catch error without throwing","invocations":1,"location":null,"numPassingAsserts":0,"retryReasons":[],"status":"passed","title":"markNotificationAsRead should catch error without throwing"},{"ancestorTitles":["Social API Methods","Misc"],"duration":0,"failureDetails":[],"failureMessages":[],"fullName":"Social API Methods Misc updateUserInfluencerStatus should call updateDoc","invocations":1,"location":null,"numPassingAsserts":1,"retryReasons":[],"status":"passed","title":"updateUserInfluencerStatus should call updateDoc"},{"ancestorTitles":["Social API Methods","Misc"],"duration":0,"failureDetails":[],"failureMessages":[],"fullName":"Social API Methods Misc updateUserInfluencerStatus should catch error without throwing","invocations":1,"location":null,"numPassingAsserts":0,"retryReasons":[],"status":"passed","title":"updateUserInfluencerStatus should catch error without throwing"}],"endTime":1779499777638,"message":"  ● Social API Methods › friendships › acceptFriendRequest should update doc\n\n    Ocorreu um erro inesperado. Tente novamente.\n\n    \u001b[0m \u001b[90m 133 |\u001b[39m   } \u001b[36mcatch\u001b[39m (error) {\n     \u001b[90m 134 |\u001b[39m     console\u001b[33m.\u001b[39merror(\u001b[32m\"Accept friend request error:\"\u001b[39m\u001b[33m,\u001b[39m error)\u001b[33m;\u001b[39m\n    \u001b[31m\u001b[1m>\u001b[22m\u001b[39m\u001b[90m 135 |\u001b[39m     \u001b[36mthrow\u001b[39m \u001b[36mnew\u001b[39m \u001b[33mError\u001b[39m(mapFirebaseError(error))\u001b[33m;\u001b[39m\n     \u001b[90m     |\u001b[39m           \u001b[31m\u001b[1m^\u001b[22m\u001b[39m\n     \u001b[90m 136 |\u001b[39m   }\n     \u001b[90m 137 |\u001b[39m }\u001b[33m;\u001b[39m\n     \u001b[90m 138 |\u001b[39m\u001b[0m\n\n      at src/core/api/social.js:135:11\n      at asyncGeneratorStep (node_modules/@babel/runtime/helpers/asyncToGenerator.js:3:17)\n      at _next (node_modules/@babel/runtime/helpers/asyncToGenerator.js:17:9)\n\n  ● Social API Methods › friendships › rejectFriendRequest should update doc\n\n    Ocorreu um erro inesperado. Tente novamente.\n\n    \u001b[0m \u001b[90m 143 |\u001b[39m   } \u001b[36mcatch\u001b[39m (error) {\n     \u001b[90m 144 |\u001b[39m     console\u001b[33m.\u001b[39merror(\u001b[32m\"Reject friend request error:\"\u001b[39m\u001b[33m,\u001b[39m error)\u001b[33m;\u001b[39m\n    \u001b[31m\u001b[1m>\u001b[22m\u001b[39m\u001b[90m 145 |\u001b[39m     \u001b[36mthrow\u001b[39m \u001b[36mnew\u001b[39m \u001b[33mError\u001b[39m(mapFirebaseError(error))\u001b[33m;\u001b[39m\n     \u001b[90m     |\u001b[39m           \u001b[31m\u001b[1m^\u001b[22m\u001b[39m\n     \u001b[90m 146 |\u001b[39m   }\n     \u001b[90m 147 |\u001b[39m }\u001b[33m;\u001b[39m\n     \u001b[90m 148 |\u001b[39m\u001b[0m\n\n      at src/core/api/social.js:145:11\n          at Generator.throw (<anonymous>)\n      at asyncGeneratorStep (node_modules/@babel/runtime/helpers/asyncToGenerator.js:3:17)\n      at _throw (node_modules/@babel/runtime/helpers/asyncToGenerator.js:20:9)\n","name":"C:\\GitHub\\App_leitura\\BookRats\\tests\\suites\\api_social.test.js","startTime":1779499777486,"status":"failed","summary":""},{"assertionResults":[{"ancestorTitles":["Gamification & Badge Logic Audit","Scenario 1: The Boundary (Threshold Validation)"],"duration":1,"failureDetails":[],"failureMessages":[],"fullName":"Gamification & Badge Logic Audit Scenario 1: The Boundary (Threshold Validation) should stay locked at 49 claps and unlock at 50 claps","invocations":1,"location":null,"numPassingAsserts":5,"retryReasons":[],"status":"passed","title":"should stay locked at 49 claps and unlock at 50 claps"},{"ancestorTitles":["Gamification & Badge Logic Audit","Scenario 2: Persistence Survival"],"duration":0,"failureDetails":[],"failureMessages":[],"fullName":"Gamification & Badge Logic Audit Scenario 2: Persistence Survival should survive a rehydration by recovering from mocked storage","invocations":1,"location":null,"numPassingAsserts":3,"retryReasons":[],"status":"passed","title":"should survive a rehydration by recovering from mocked storage"},{"ancestorTitles":["Gamification & Badge Logic Audit","Scenario 3: Security (Achievement Integrity)"],"duration":24,"failureDetails":[],"failureMessages":[],"fullName":"Gamification & Badge Logic Audit Scenario 3: Security (Achievement Integrity) should NOT overwrite the original dateUnlocked when claps are increased further","invocations":1,"location":null,"numPassingAsserts":1,"retryReasons":[],"status":"passed","title":"should NOT overwrite the original dateUnlocked when claps are increased further"},{"ancestorTitles":["Gamification & Badge Logic Audit","Scenario 3: Security (Achievement Integrity)"],"duration":1,"failureDetails":[],"failureMessages":[],"fullName":"Gamification & Badge Logic Audit Scenario 3: Security (Achievement Integrity) should NOT remove the badge if claps decrease (Non-regressive Glory)","invocations":1,"location":null,"numPassingAsserts":3,"retryReasons":[],"status":"passed","title":"should NOT remove the badge if claps decrease (Non-regressive Glory)"},{"ancestorTitles":["Gamification & Badge Logic Audit","Future-Proofing: Other Badges Support"],"duration":0,"failureDetails":[{}],"failureMessages":["TypeError: _store.useMainStore.getState(...).checkAchievements is not a function\n    at Object.checkAchievements (C:\\GitHub\\App_leitura\\BookRats\\tests\\suites\\badge_logic.test.js:93:32)\n    at Promise.then.completed (C:\\GitHub\\App_leitura\\BookRats\\node_modules\\jest-circus\\build\\utils.js:298:28)\n    at new Promise (<anonymous>)\n    at callAsyncCircusFn (C:\\GitHub\\App_leitura\\BookRats\\node_modules\\jest-circus\\build\\utils.js:231:10)\n    at _callCircusTest (C:\\GitHub\\App_leitura\\BookRats\\node_modules\\jest-circus\\build\\run.js:316:40)\n    at _runTest (C:\\GitHub\\App_leitura\\BookRats\\node_modules\\jest-circus\\build\\run.js:252:3)\n    at _runTestsForDescribeBlock (C:\\GitHub\\App_leitura\\BookRats\\node_modules\\jest-circus\\build\\run.js:126:9)\n    at _runTestsForDescribeBlock (C:\\GitHub\\App_leitura\\BookRats\\node_modules\\jest-circus\\build\\run.js:121:9)\n    at _runTestsForDescribeBlock (C:\\GitHub\\App_leitura\\BookRats\\node_modules\\jest-circus\\build\\run.js:121:9)\n    at run (C:\\GitHub\\App_leitura\\BookRats\\node_modules\\jest-circus\\build\\run.js:71:3)\n    at runAndTransformResultsToJestFormat (C:\\GitHub\\App_leitura\\BookRats\\node_modules\\jest-circus\\build\\legacy-code-todo-rewrite\\jestAdapterInit.js:122:21)\n    at jestAdapter (C:\\GitHub\\App_leitura\\BookRats\\node_modules\\jest-circus\\build\\legacy-code-todo-rewrite\\jestAdapter.js:79:19)\n    at runTestInternal (C:\\GitHub\\App_leitura\\BookRats\\node_modules\\jest-runner\\build\\runTest.js:367:16)\n    at runTest (C:\\GitHub\\App_leitura\\BookRats\\node_modules\\jest-runner\\build\\runTest.js:444:34)"],"fullName":"Gamification & Badge Logic Audit Future-Proofing: Other Badges Support should automatically unlock other ALL_BADGES when conditions are met","invocations":1,"location":null,"numPassingAsserts":0,"retryReasons":[],"status":"failed","title":"should automatically unlock other ALL_BADGES when conditions are met"}],"endTime":1779499777839,"message":"  ● Gamification & Badge Logic Audit › Future-Proofing: Other Badges Support › should automatically unlock other ALL_BADGES when conditions are met\n\n    TypeError: _store.useMainStore.getState(...).checkAchievements is not a function\n\n    \u001b[0m \u001b[90m 91 |\u001b[39m        \u001b[90m// Mission: 'badge_page_100' -> 100 pages\u001b[39m\n     \u001b[90m 92 |\u001b[39m        useMainStore\u001b[33m.\u001b[39msetState({ totalPagesRead\u001b[33m:\u001b[39m \u001b[35m99\u001b[39m })\u001b[33m;\u001b[39m\n    \u001b[31m\u001b[1m>\u001b[22m\u001b[39m\u001b[90m 93 |\u001b[39m        useMainStore\u001b[33m.\u001b[39mgetState()\u001b[33m.\u001b[39mcheckAchievements()\u001b[33m;\u001b[39m\n     \u001b[90m    |\u001b[39m                                \u001b[31m\u001b[1m^\u001b[22m\u001b[39m\n     \u001b[90m 94 |\u001b[39m        expect(useMainStore\u001b[33m.\u001b[39mgetState()\u001b[33m.\u001b[39munlockedBadges[\u001b[32m'badge_page_100'\u001b[39m])\u001b[33m.\u001b[39mtoBeUndefined()\u001b[33m;\u001b[39m\n     \u001b[90m 95 |\u001b[39m\n     \u001b[90m 96 |\u001b[39m        useMainStore\u001b[33m.\u001b[39msetState({ totalPagesRead\u001b[33m:\u001b[39m \u001b[35m100\u001b[39m })\u001b[33m;\u001b[39m\u001b[0m\n\n      at Object.checkAchievements (tests/suites/badge_logic.test.js:93:32)\n","name":"C:\\GitHub\\App_leitura\\BookRats\\tests\\suites\\badge_logic.test.js","startTime":1779499777700,"status":"failed","summary":""},{"assertionResults":[{"ancestorTitles":["Books API Methods","addBook"],"duration":6,"failureDetails":[{"matcherResult":{"message":"expect(received).rejects.toThrow(expected)\n\nExpected substring: \"Dados inválidos\"\nReceived message:   \"A valid status is required to add a book.\"\n\n    \u001b[0m \u001b[90m 52 |\u001b[39m\n     \u001b[90m 53 |\u001b[39m   \u001b[36mif\u001b[39m (\u001b[33m!\u001b[39mstatus) {\n    \u001b[31m\u001b[1m>\u001b[22m\u001b[39m\u001b[90m 54 |\u001b[39m     \u001b[36mthrow\u001b[39m \u001b[36mnew\u001b[39m \u001b[33mError\u001b[39m(\u001b[32m\"A valid status is required to add a book.\"\u001b[39m)\u001b[33m;\u001b[39m\n     \u001b[90m    |\u001b[39m           \u001b[31m\u001b[1m^\u001b[22m\u001b[39m\n     \u001b[90m 55 |\u001b[39m   }\n     \u001b[90m 56 |\u001b[39m   \n     \u001b[90m 57 |\u001b[39m   \u001b[36mconst\u001b[39m pages \u001b[33m=\u001b[39m parseInt(totalPages\u001b[33m,\u001b[39m \u001b[35m10\u001b[39m)\u001b[33m;\u001b[39m\u001b[0m\n\n      at src/core/api/books.js:54:11\n      at asyncGeneratorStep (node_modules/@babel/runtime/helpers/asyncToGenerator.js:3:17)\n      at _next (node_modules/@babel/runtime/helpers/asyncToGenerator.js:17:9)\n      at node_modules/@babel/runtime/helpers/asyncToGenerator.js:22:7\n      at node_modules/@babel/runtime/helpers/asyncToGenerator.js:14:12\n      at apply (src/core/api/books.js:47:21)\n      at Object.<anonymous> (tests/suites/api_books.test.js:29:27)\n      at asyncGeneratorStep (node_modules/@babel/runtime/helpers/asyncToGenerator.js:3:17)\n      at _next (node_modules/@babel/runtime/helpers/asyncToGenerator.js:17:9)","pass":false},"message":"expect(received).rejects.toThrow(expected)\n\nExpected substring: \"Dados inválidos\"\nReceived message:   \"A valid status is required to add a book.\"\n\n    \u001b[0m \u001b[90m 52 |\u001b[39m\n     \u001b[90m 53 |\u001b[39m   \u001b[36mif\u001b[39m (\u001b[33m!\u001b[39mstatus) {\n    \u001b[31m\u001b[1m>\u001b[22m\u001b[39m\u001b[90m 54 |\u001b[39m     \u001b[36mthrow\u001b[39m \u001b[36mnew\u001b[39m \u001b[33mError\u001b[39m(\u001b[32m\"A valid status is required to add a book.\"\u001b[39m)\u001b[33m;\u001b[39m\n     \u001b[90m    |\u001b[39m           \u001b[31m\u001b[1m^\u001b[22m\u001b[39m\n     \u001b[90m 55 |\u001b[39m   }\n     \u001b[90m 56 |\u001b[39m   \n     \u001b[90m 57 |\u001b[39m   \u001b[36mconst\u001b[39m pages \u001b[33m=\u001b[39m parseInt(totalPages\u001b[33m,\u001b[39m \u001b[35m10\u001b[39m)\u001b[33m;\u001b[39m\u001b[0m\n\n      at src/core/api/books.js:54:11\n      at asyncGeneratorStep (node_modules/@babel/runtime/helpers/asyncToGenerator.js:3:17)\n      at _next (node_modules/@babel/runtime/helpers/asyncToGenerator.js:17:9)\n      at node_modules/@babel/runtime/helpers/asyncToGenerator.js:22:7\n      at node_modules/@babel/runtime/helpers/asyncToGenerator.js:14:12\n      at apply (src/core/api/books.js:47:21)\n      at Object.<anonymous> (tests/suites/api_books.test.js:29:27)\n      at asyncGeneratorStep (node_modules/@babel/runtime/helpers/asyncToGenerator.js:3:17)\n      at _next (node_modules/@babel/runtime/helpers/asyncToGenerator.js:17:9)"}],"failureMessages":["Error: expect(received).rejects.toThrow(expected)\n\nExpected substring: \"Dados inválidos\"\nReceived message:   \"A valid status is required to add a book.\"\n\n    \u001b[0m \u001b[90m 52 |\u001b[39m\n     \u001b[90m 53 |\u001b[39m   \u001b[36mif\u001b[39m (\u001b[33m!\u001b[39mstatus) {\n    \u001b[31m\u001b[1m>\u001b[22m\u001b[39m\u001b[90m 54 |\u001b[39m     \u001b[36mthrow\u001b[39m \u001b[36mnew\u001b[39m \u001b[33mError\u001b[39m(\u001b[32m\"A valid status is required to add a book.\"\u001b[39m)\u001b[33m;\u001b[39m\n     \u001b[90m    |\u001b[39m           \u001b[31m\u001b[1m^\u001b[22m\u001b[39m\n     \u001b[90m 55 |\u001b[39m   }\n     \u001b[90m 56 |\u001b[39m   \n     \u001b[90m 57 |\u001b[39m   \u001b[36mconst\u001b[39m pages \u001b[33m=\u001b[39m parseInt(totalPages\u001b[33m,\u001b[39m \u001b[35m10\u001b[39m)\u001b[33m;\u001b[39m\u001b[0m\n\n      at src/core/api/books.js:54:11\n      at asyncGeneratorStep (node_modules/@babel/runtime/helpers/asyncToGenerator.js:3:17)\n      at _next (node_modules/@babel/runtime/helpers/asyncToGenerator.js:17:9)\n      at node_modules/@babel/runtime/helpers/asyncToGenerator.js:22:7\n      at node_modules/@babel/runtime/helpers/asyncToGenerator.js:14:12\n      at apply (src/core/api/books.js:47:21)\n      at Object.<anonymous> (tests/suites/api_books.test.js:29:27)\n      at asyncGeneratorStep (node_modules/@babel/runtime/helpers/asyncToGenerator.js:3:17)\n      at _next (node_modules/@babel/runtime/helpers/asyncToGenerator.js:17:9)\n    at Object.toThrow (C:\\GitHub\\App_leitura\\BookRats\\node_modules\\expect\\build\\index.js:218:22)\n    at Object.toThrow (C:\\GitHub\\App_leitura\\BookRats\\tests\\suites\\api_books.test.js:29:56)\n    at Generator.next (<anonymous>)\n    at asyncGeneratorStep (C:\\GitHub\\App_leitura\\BookRats\\node_modules\\@babel\\runtime\\helpers\\asyncToGenerator.js:3:17)\n    at _next (C:\\GitHub\\App_leitura\\BookRats\\node_modules\\@babel\\runtime\\helpers\\asyncToGenerator.js:17:9)"],"fullName":"Books API Methods addBook should throw if validation fails","invocations":1,"location":null,"numPassingAsserts":2,"retryReasons":[],"status":"failed","title":"should throw if validation fails"},{"ancestorTitles":["Books API Methods","addBook"],"duration":0,"failureDetails":[{}],"failureMessages":["Error: A valid status is required to add a book.\n    at C:\\GitHub\\App_leitura\\BookRats\\src\\core\\api\\books.js:54:11\n    at Generator.next (<anonymous>)\n    at asyncGeneratorStep (C:\\GitHub\\App_leitura\\BookRats\\node_modules\\@babel\\runtime\\helpers\\asyncToGenerator.js:3:17)\n    at _next (C:\\GitHub\\App_leitura\\BookRats\\node_modules\\@babel\\runtime\\helpers\\asyncToGenerator.js:17:9)\n    at C:\\GitHub\\App_leitura\\BookRats\\node_modules\\@babel\\runtime\\helpers\\asyncToGenerator.js:22:7\n    at new Promise (<anonymous>)\n    at C:\\GitHub\\App_leitura\\BookRats\\node_modules\\@babel\\runtime\\helpers\\asyncToGenerator.js:14:12\n    at apply (C:\\GitHub\\App_leitura\\BookRats\\src\\core\\api\\books.js:47:21)\n    at Object.<anonymous> (C:\\GitHub\\App_leitura\\BookRats\\tests\\suites\\api_books.test.js:36:35)\n    at Generator.next (<anonymous>)\n    at asyncGeneratorStep (C:\\GitHub\\App_leitura\\BookRats\\node_modules\\@babel\\runtime\\helpers\\asyncToGenerator.js:3:17)\n    at _next (C:\\GitHub\\App_leitura\\BookRats\\node_modules\\@babel\\runtime\\helpers\\asyncToGenerator.js:17:9)\n    at C:\\GitHub\\App_leitura\\BookRats\\node_modules\\@babel\\runtime\\helpers\\asyncToGenerator.js:22:7\n    at new Promise (<anonymous>)\n    at Object.<anonymous> (C:\\GitHub\\App_leitura\\BookRats\\node_modules\\@babel\\runtime\\helpers\\asyncToGenerator.js:14:12)\n    at Promise.then.completed (C:\\GitHub\\App_leitura\\BookRats\\node_modules\\jest-circus\\build\\utils.js:298:28)\n    at new Promise (<anonymous>)\n    at callAsyncCircusFn (C:\\GitHub\\App_leitura\\BookRats\\node_modules\\jest-circus\\build\\utils.js:231:10)\n    at _callCircusTest (C:\\GitHub\\App_leitura\\BookRats\\node_modules\\jest-circus\\build\\run.js:316:40)\n    at _runTest (C:\\GitHub\\App_leitura\\BookRats\\node_modules\\jest-circus\\build\\run.js:252:3)\n    at _runTestsForDescribeBlock (C:\\GitHub\\App_leitura\\BookRats\\node_modules\\jest-circus\\build\\run.js:126:9)\n    at _runTestsForDescribeBlock (C:\\GitHub\\App_leitura\\BookRats\\node_modules\\jest-circus\\build\\run.js:121:9)\n    at _runTestsForDescribeBlock (C:\\GitHub\\App_leitura\\BookRats\\node_modules\\jest-circus\\build\\run.js:121:9)\n    at run (C:\\GitHub\\App_leitura\\BookRats\\node_modules\\jest-circus\\build\\run.js:71:3)\n    at runAndTransformResultsToJestFormat (C:\\GitHub\\App_leitura\\BookRats\\node_modules\\jest-circus\\build\\legacy-code-todo-rewrite\\jestAdapterInit.js:122:21)\n    at jestAdapter (C:\\GitHub\\App_leitura\\BookRats\\node_modules\\jest-circus\\build\\legacy-code-todo-rewrite\\jestAdapter.js:79:19)\n    at runTestInternal (C:\\GitHub\\App_leitura\\BookRats\\node_modules\\jest-runner\\build\\runTest.js:367:16)\n    at runTest (C:\\GitHub\\App_leitura\\BookRats\\node_modules\\jest-runner\\build\\runTest.js:444:34)"],"fullName":"Books API Methods addBook should add book with custom id","invocations":1,"location":null,"numPassingAsserts":0,"retryReasons":[],"status":"failed","title":"should add book with custom id"},{"ancestorTitles":["Books API Methods","addBook"],"duration":0,"failureDetails":[{}],"failureMessages":["Error: A valid status is required to add a book.\n    at C:\\GitHub\\App_leitura\\BookRats\\src\\core\\api\\books.js:54:11\n    at Generator.next (<anonymous>)\n    at asyncGeneratorStep (C:\\GitHub\\App_leitura\\BookRats\\node_modules\\@babel\\runtime\\helpers\\asyncToGenerator.js:3:17)\n    at _next (C:\\GitHub\\App_leitura\\BookRats\\node_modules\\@babel\\runtime\\helpers\\asyncToGenerator.js:17:9)\n    at C:\\GitHub\\App_leitura\\BookRats\\node_modules\\@babel\\runtime\\helpers\\asyncToGenerator.js:22:7\n    at new Promise (<anonymous>)\n    at C:\\GitHub\\App_leitura\\BookRats\\node_modules\\@babel\\runtime\\helpers\\asyncToGenerator.js:14:12\n    at apply (C:\\GitHub\\App_leitura\\BookRats\\src\\core\\api\\books.js:47:21)\n    at Object.<anonymous> (C:\\GitHub\\App_leitura\\BookRats\\tests\\suites\\api_books.test.js:52:35)\n    at Generator.next (<anonymous>)\n    at asyncGeneratorStep (C:\\GitHub\\App_leitura\\BookRats\\node_modules\\@babel\\runtime\\helpers\\asyncToGenerator.js:3:17)\n    at _next (C:\\GitHub\\App_leitura\\BookRats\\node_modules\\@babel\\runtime\\helpers\\asyncToGenerator.js:17:9)\n    at C:\\GitHub\\App_leitura\\BookRats\\node_modules\\@babel\\runtime\\helpers\\asyncToGenerator.js:22:7\n    at new Promise (<anonymous>)\n    at Object.<anonymous> (C:\\GitHub\\App_leitura\\BookRats\\node_modules\\@babel\\runtime\\helpers\\asyncToGenerator.js:14:12)\n    at Promise.then.completed (C:\\GitHub\\App_leitura\\BookRats\\node_modules\\jest-circus\\build\\utils.js:298:28)\n    at new Promise (<anonymous>)\n    at callAsyncCircusFn (C:\\GitHub\\App_leitura\\BookRats\\node_modules\\jest-circus\\build\\utils.js:231:10)\n    at _callCircusTest (C:\\GitHub\\App_leitura\\BookRats\\node_modules\\jest-circus\\build\\run.js:316:40)\n    at _runTest (C:\\GitHub\\App_leitura\\BookRats\\node_modules\\jest-circus\\build\\run.js:252:3)\n    at _runTestsForDescribeBlock (C:\\GitHub\\App_leitura\\BookRats\\node_modules\\jest-circus\\build\\run.js:126:9)\n    at _runTestsForDescribeBlock (C:\\GitHub\\App_leitura\\BookRats\\node_modules\\jest-circus\\build\\run.js:121:9)\n    at _runTestsForDescribeBlock (C:\\GitHub\\App_leitura\\BookRats\\node_modules\\jest-circus\\build\\run.js:121:9)\n    at run (C:\\GitHub\\App_leitura\\BookRats\\node_modules\\jest-circus\\build\\run.js:71:3)\n    at runAndTransformResultsToJestFormat (C:\\GitHub\\App_leitura\\BookRats\\node_modules\\jest-circus\\build\\legacy-code-todo-rewrite\\jestAdapterInit.js:122:21)\n    at jestAdapter (C:\\GitHub\\App_leitura\\BookRats\\node_modules\\jest-circus\\build\\legacy-code-todo-rewrite\\jestAdapter.js:79:19)\n    at runTestInternal (C:\\GitHub\\App_leitura\\BookRats\\node_modules\\jest-runner\\build\\runTest.js:367:16)\n    at runTest (C:\\GitHub\\App_leitura\\BookRats\\node_modules\\jest-runner\\build\\runTest.js:444:34)"],"fullName":"Books API Methods addBook should add book without id","invocations":1,"location":null,"numPassingAsserts":0,"retryReasons":[],"status":"failed","title":"should add book without id"},{"ancestorTitles":["Books API Methods","addBook"],"duration":2,"failureDetails":[{"matcherResult":{"message":"expect(received).rejects.toThrow(expected)\n\nExpected substring: \"Ocorreu um erro inesperado. Tente novamente.\"\nReceived message:   \"A valid status is required to add a book.\"\n\n    \u001b[0m \u001b[90m 52 |\u001b[39m\n     \u001b[90m 53 |\u001b[39m   \u001b[36mif\u001b[39m (\u001b[33m!\u001b[39mstatus) {\n    \u001b[31m\u001b[1m>\u001b[22m\u001b[39m\u001b[90m 54 |\u001b[39m     \u001b[36mthrow\u001b[39m \u001b[36mnew\u001b[39m \u001b[33mError\u001b[39m(\u001b[32m\"A valid status is required to add a book.\"\u001b[39m)\u001b[33m;\u001b[39m\n     \u001b[90m    |\u001b[39m           \u001b[31m\u001b[1m^\u001b[22m\u001b[39m\n     \u001b[90m 55 |\u001b[39m   }\n     \u001b[90m 56 |\u001b[39m   \n     \u001b[90m 57 |\u001b[39m   \u001b[36mconst\u001b[39m pages \u001b[33m=\u001b[39m parseInt(totalPages\u001b[33m,\u001b[39m \u001b[35m10\u001b[39m)\u001b[33m;\u001b[39m\u001b[0m\n\n      at src/core/api/books.js:54:11\n      at asyncGeneratorStep (node_modules/@babel/runtime/helpers/asyncToGenerator.js:3:17)\n      at _next (node_modules/@babel/runtime/helpers/asyncToGenerator.js:17:9)\n      at node_modules/@babel/runtime/helpers/asyncToGenerator.js:22:7\n      at node_modules/@babel/runtime/helpers/asyncToGenerator.js:14:12\n      at apply (src/core/api/books.js:47:21)\n      at Object.<anonymous> (tests/suites/api_books.test.js:63:27)\n      at asyncGeneratorStep (node_modules/@babel/runtime/helpers/asyncToGenerator.js:3:17)\n      at _next (node_modules/@babel/runtime/helpers/asyncToGenerator.js:17:9)\n      at node_modules/@babel/runtime/helpers/asyncToGenerator.js:22:7\n      at Object.<anonymous> (node_modules/@babel/runtime/helpers/asyncToGenerator.js:14:12)","pass":false},"message":"expect(received).rejects.toThrow(expected)\n\nExpected substring: \"Ocorreu um erro inesperado. Tente novamente.\"\nReceived message:   \"A valid status is required to add a book.\"\n\n    \u001b[0m \u001b[90m 52 |\u001b[39m\n     \u001b[90m 53 |\u001b[39m   \u001b[36mif\u001b[39m (\u001b[33m!\u001b[39mstatus) {\n    \u001b[31m\u001b[1m>\u001b[22m\u001b[39m\u001b[90m 54 |\u001b[39m     \u001b[36mthrow\u001b[39m \u001b[36mnew\u001b[39m \u001b[33mError\u001b[39m(\u001b[32m\"A valid status is required to add a book.\"\u001b[39m)\u001b[33m;\u001b[39m\n     \u001b[90m    |\u001b[39m           \u001b[31m\u001b[1m^\u001b[22m\u001b[39m\n     \u001b[90m 55 |\u001b[39m   }\n     \u001b[90m 56 |\u001b[39m   \n     \u001b[90m 57 |\u001b[39m   \u001b[36mconst\u001b[39m pages \u001b[33m=\u001b[39m parseInt(totalPages\u001b[33m,\u001b[39m \u001b[35m10\u001b[39m)\u001b[33m;\u001b[39m\u001b[0m\n\n      at src/core/api/books.js:54:11\n      at asyncGeneratorStep (node_modules/@babel/runtime/helpers/asyncToGenerator.js:3:17)\n      at _next (node_modules/@babel/runtime/helpers/asyncToGenerator.js:17:9)\n      at node_modules/@babel/runtime/helpers/asyncToGenerator.js:22:7\n      at node_modules/@babel/runtime/helpers/asyncToGenerator.js:14:12\n      at apply (src/core/api/books.js:47:21)\n      at Object.<anonymous> (tests/suites/api_books.test.js:63:27)\n      at asyncGeneratorStep (node_modules/@babel/runtime/helpers/asyncToGenerator.js:3:17)\n      at _next (node_modules/@babel/runtime/helpers/asyncToGenerator.js:17:9)\n      at node_modules/@babel/runtime/helpers/asyncToGenerator.js:22:7\n      at Object.<anonymous> (node_modules/@babel/runtime/helpers/asyncToGenerator.js:14:12)"}],"failureMessages":["Error: expect(received).rejects.toThrow(expected)\n\nExpected substring: \"Ocorreu um erro inesperado. Tente novamente.\"\nReceived message:   \"A valid status is required to add a book.\"\n\n    \u001b[0m \u001b[90m 52 |\u001b[39m\n     \u001b[90m 53 |\u001b[39m   \u001b[36mif\u001b[39m (\u001b[33m!\u001b[39mstatus) {\n    \u001b[31m\u001b[1m>\u001b[22m\u001b[39m\u001b[90m 54 |\u001b[39m     \u001b[36mthrow\u001b[39m \u001b[36mnew\u001b[39m \u001b[33mError\u001b[39m(\u001b[32m\"A valid status is required to add a book.\"\u001b[39m)\u001b[33m;\u001b[39m\n     \u001b[90m    |\u001b[39m           \u001b[31m\u001b[1m^\u001b[22m\u001b[39m\n     \u001b[90m 55 |\u001b[39m   }\n     \u001b[90m 56 |\u001b[39m   \n     \u001b[90m 57 |\u001b[39m   \u001b[36mconst\u001b[39m pages \u001b[33m=\u001b[39m parseInt(totalPages\u001b[33m,\u001b[39m \u001b[35m10\u001b[39m)\u001b[33m;\u001b[39m\u001b[0m\n\n      at src/core/api/books.js:54:11\n      at asyncGeneratorStep (node_modules/@babel/runtime/helpers/asyncToGenerator.js:3:17)\n      at _next (node_modules/@babel/runtime/helpers/asyncToGenerator.js:17:9)\n      at node_modules/@babel/runtime/helpers/asyncToGenerator.js:22:7\n      at node_modules/@babel/runtime/helpers/asyncToGenerator.js:14:12\n      at apply (src/core/api/books.js:47:21)\n      at Object.<anonymous> (tests/suites/api_books.test.js:63:27)\n      at asyncGeneratorStep (node_modules/@babel/runtime/helpers/asyncToGenerator.js:3:17)\n      at _next (node_modules/@babel/runtime/helpers/asyncToGenerator.js:17:9)\n      at node_modules/@babel/runtime/helpers/asyncToGenerator.js:22:7\n      at Object.<anonymous> (node_modules/@babel/runtime/helpers/asyncToGenerator.js:14:12)\n    at Object.toThrow (C:\\GitHub\\App_leitura\\BookRats\\node_modules\\expect\\build\\index.js:218:22)\n    at Object.toThrow (C:\\GitHub\\App_leitura\\BookRats\\tests\\suites\\api_books.test.js:63:66)\n    at Generator.next (<anonymous>)\n    at asyncGeneratorStep (C:\\GitHub\\App_leitura\\BookRats\\node_modules\\@babel\\runtime\\helpers\\asyncToGenerator.js:3:17)\n    at _next (C:\\GitHub\\App_leitura\\BookRats\\node_modules\\@babel\\runtime\\helpers\\asyncToGenerator.js:17:9)\n    at C:\\GitHub\\App_leitura\\BookRats\\node_modules\\@babel\\runtime\\helpers\\asyncToGenerator.js:22:7\n    at new Promise (<anonymous>)\n    at Object.<anonymous> (C:\\GitHub\\App_leitura\\BookRats\\node_modules\\@babel\\runtime\\helpers\\asyncToGenerator.js:14:12)\n    at Promise.then.completed (C:\\GitHub\\App_leitura\\BookRats\\node_modules\\jest-circus\\build\\utils.js:298:28)\n    at new Promise (<anonymous>)\n    at callAsyncCircusFn (C:\\GitHub\\App_leitura\\BookRats\\node_modules\\jest-circus\\build\\utils.js:231:10)\n    at _callCircusTest (C:\\GitHub\\App_leitura\\BookRats\\node_modules\\jest-circus\\build\\run.js:316:40)\n    at _runTest (C:\\GitHub\\App_leitura\\BookRats\\node_modules\\jest-circus\\build\\run.js:252:3)\n    at _runTestsForDescribeBlock (C:\\GitHub\\App_leitura\\BookRats\\node_modules\\jest-circus\\build\\run.js:126:9)\n    at _runTestsForDescribeBlock (C:\\GitHub\\App_leitura\\BookRats\\node_modules\\jest-circus\\build\\run.js:121:9)\n    at _runTestsForDescribeBlock (C:\\GitHub\\App_leitura\\BookRats\\node_modules\\jest-circus\\build\\run.js:121:9)\n    at run (C:\\GitHub\\App_leitura\\BookRats\\node_modules\\jest-circus\\build\\run.js:71:3)\n    at runAndTransformResultsToJestFormat (C:\\GitHub\\App_leitura\\BookRats\\node_modules\\jest-circus\\build\\legacy-code-todo-rewrite\\jestAdapterInit.js:122:21)\n    at jestAdapter (C:\\GitHub\\App_leitura\\BookRats\\node_modules\\jest-circus\\build\\legacy-code-todo-rewrite\\jestAdapter.js:79:19)\n    at runTestInternal (C:\\GitHub\\App_leitura\\BookRats\\node_modules\\jest-runner\\build\\runTest.js:367:16)\n    at runTest (C:\\GitHub\\App_leitura\\BookRats\\node_modules\\jest-runner\\build\\runTest.js:444:34)"],"fullName":"Books API Methods addBook should map error and throw","invocations":1,"location":null,"numPassingAsserts":0,"retryReasons":[],"status":"failed","title":"should map error and throw"},{"ancestorTitles":["Books API Methods","updateBookProgress"],"duration":1,"failureDetails":[],"failureMessages":[],"fullName":"Books API Methods updateBookProgress should throw validation error for invalid numbers","invocations":1,"location":null,"numPassingAsserts":1,"retryReasons":[],"status":"passed","title":"should throw validation error for invalid numbers"},{"ancestorTitles":["Books API Methods","updateBookProgress"],"duration":0,"failureDetails":[],"failureMessages":[],"fullName":"Books API Methods updateBookProgress should throw validation error if pages regress or exceed","invocations":1,"location":null,"numPassingAsserts":2,"retryReasons":[],"status":"passed","title":"should throw validation error if pages regress or exceed"},{"ancestorTitles":["Books API Methods","updateBookProgress"],"duration":0,"failureDetails":[],"failureMessages":[],"fullName":"Books API Methods updateBookProgress should throw validation error if streak data is invalid","invocations":1,"location":null,"numPassingAsserts":1,"retryReasons":[],"status":"passed","title":"should throw validation error if streak data is invalid"},{"ancestorTitles":["Books API Methods","updateBookProgress"],"duration":1,"failureDetails":[],"failureMessages":[],"fullName":"Books API Methods updateBookProgress should update progress and return stats","invocations":1,"location":null,"numPassingAsserts":2,"retryReasons":[],"status":"passed","title":"should update progress and return stats"},{"ancestorTitles":["Books API Methods","updateBookProgress"],"duration":0,"failureDetails":[],"failureMessages":[],"fullName":"Books API Methods updateBookProgress should complete book","invocations":1,"location":null,"numPassingAsserts":1,"retryReasons":[],"status":"passed","title":"should complete book"},{"ancestorTitles":["Books API Methods","updateBookProgress"],"duration":0,"failureDetails":[],"failureMessages":[],"fullName":"Books API Methods updateBookProgress should handle zero reading time without division by zero error","invocations":1,"location":null,"numPassingAsserts":1,"retryReasons":[],"status":"passed","title":"should handle zero reading time without division by zero error"},{"ancestorTitles":["Books API Methods","updateBookProgress"],"duration":0,"failureDetails":[],"failureMessages":[],"fullName":"Books API Methods updateBookProgress should use default values if streakData is missing some fields","invocations":1,"location":null,"numPassingAsserts":1,"retryReasons":[],"status":"passed","title":"should use default values if streakData is missing some fields"},{"ancestorTitles":["Books API Methods","updateBookProgress"],"duration":2,"failureDetails":[],"failureMessages":[],"fullName":"Books API Methods updateBookProgress should map error and throw","invocations":1,"location":null,"numPassingAsserts":1,"retryReasons":[],"status":"passed","title":"should map error and throw"},{"ancestorTitles":["Books API Methods","markAsDNF"],"duration":0,"failureDetails":[],"failureMessages":[],"fullName":"Books API Methods markAsDNF should update status to abandonado","invocations":1,"location":null,"numPassingAsserts":1,"retryReasons":[],"status":"passed","title":"should update status to abandonado"},{"ancestorTitles":["Books API Methods","markAsDNF"],"duration":0,"failureDetails":[],"failureMessages":[],"fullName":"Books API Methods markAsDNF should map error and throw","invocations":1,"location":null,"numPassingAsserts":1,"retryReasons":[],"status":"passed","title":"should map error and throw"},{"ancestorTitles":["Books API Methods","getUserBooks"],"duration":1,"failureDetails":[],"failureMessages":[],"fullName":"Books API Methods getUserBooks should get and map books","invocations":1,"location":null,"numPassingAsserts":1,"retryReasons":[],"status":"passed","title":"should get and map books"},{"ancestorTitles":["Books API Methods","getUserBooks"],"duration":0,"failureDetails":[],"failureMessages":[],"fullName":"Books API Methods getUserBooks should map error and throw","invocations":1,"location":null,"numPassingAsserts":1,"retryReasons":[],"status":"passed","title":"should map error and throw"},{"ancestorTitles":["Books API Methods","addAnnotation"],"duration":0,"failureDetails":[],"failureMessages":[],"fullName":"Books API Methods addAnnotation should throw if text is invalid","invocations":1,"location":null,"numPassingAsserts":1,"retryReasons":[],"status":"passed","title":"should throw if text is invalid"},{"ancestorTitles":["Books API Methods","addAnnotation"],"duration":1,"failureDetails":[],"failureMessages":[],"fullName":"Books API Methods addAnnotation should throw if page is invalid and not a reply","invocations":1,"location":null,"numPassingAsserts":1,"retryReasons":[],"status":"passed","title":"should throw if page is invalid and not a reply"},{"ancestorTitles":["Books API Methods","addAnnotation"],"duration":0,"failureDetails":[],"failureMessages":[],"fullName":"Books API Methods addAnnotation should add doc","invocations":1,"location":null,"numPassingAsserts":1,"retryReasons":[],"status":"passed","title":"should add doc"},{"ancestorTitles":["Books API Methods","addAnnotation"],"duration":0,"failureDetails":[],"failureMessages":[],"fullName":"Books API Methods addAnnotation should handle reply (parentId provided)","invocations":1,"location":null,"numPassingAsserts":1,"retryReasons":[],"status":"passed","title":"should handle reply (parentId provided)"},{"ancestorTitles":["Books API Methods","addAnnotation"],"duration":0,"failureDetails":[],"failureMessages":[],"fullName":"Books API Methods addAnnotation should use default display name if missing in metadata","invocations":1,"location":null,"numPassingAsserts":1,"retryReasons":[],"status":"passed","title":"should use default display name if missing in metadata"},{"ancestorTitles":["Books API Methods","addAnnotation"],"duration":0,"failureDetails":[],"failureMessages":[],"fullName":"Books API Methods addAnnotation should map error and throw","invocations":1,"location":null,"numPassingAsserts":1,"retryReasons":[],"status":"passed","title":"should map error and throw"},{"ancestorTitles":["Books API Methods","getUserAnnotations"],"duration":0,"failureDetails":[],"failureMessages":[],"fullName":"Books API Methods getUserAnnotations should get and map annotations","invocations":1,"location":null,"numPassingAsserts":1,"retryReasons":[],"status":"passed","title":"should get and map annotations"},{"ancestorTitles":["Books API Methods","getUserAnnotations"],"duration":0,"failureDetails":[],"failureMessages":[],"fullName":"Books API Methods getUserAnnotations should map error and throw","invocations":1,"location":null,"numPassingAsserts":1,"retryReasons":[],"status":"passed","title":"should map error and throw"}],"endTime":1779499777964,"message":"  ● Books API Methods › addBook › should throw if validation fails\n\n    expect(received).rejects.toThrow(expected)\n\n    Expected substring: \"Dados inválidos\"\n    Received message:   \"A valid status is required to add a book.\"\n\n        \u001b[0m \u001b[90m 52 |\u001b[39m\n         \u001b[90m 53 |\u001b[39m   \u001b[36mif\u001b[39m (\u001b[33m!\u001b[39mstatus) {\n        \u001b[31m\u001b[1m>\u001b[22m\u001b[39m\u001b[90m 54 |\u001b[39m     \u001b[36mthrow\u001b[39m \u001b[36mnew\u001b[39m \u001b[33mError\u001b[39m(\u001b[32m\"A valid status is required to add a book.\"\u001b[39m)\u001b[33m;\u001b[39m\n         \u001b[90m    |\u001b[39m           \u001b[31m\u001b[1m^\u001b[22m\u001b[39m\n         \u001b[90m 55 |\u001b[39m   }\n         \u001b[90m 56 |\u001b[39m   \n         \u001b[90m 57 |\u001b[39m   \u001b[36mconst\u001b[39m pages \u001b[33m=\u001b[39m parseInt(totalPages\u001b[33m,\u001b[39m \u001b[35m10\u001b[39m)\u001b[33m;\u001b[39m\u001b[0m\n\n      at src/core/api/books.js:54:11\n      at asyncGeneratorStep (node_modules/@babel/runtime/helpers/asyncToGenerator.js:3:17)\n      at _next (node_modules/@babel/runtime/helpers/asyncToGenerator.js:17:9)\n      at node_modules/@babel/runtime/helpers/asyncToGenerator.js:22:7\n      at node_modules/@babel/runtime/helpers/asyncToGenerator.js:14:12\n      at apply (src/core/api/books.js:47:21)\n      at Object.<anonymous> (tests/suites/api_books.test.js:29:27)\n      at asyncGeneratorStep (node_modules/@babel/runtime/helpers/asyncToGenerator.js:3:17)\n      at _next (node_modules/@babel/runtime/helpers/asyncToGenerator.js:17:9)\n      at Object.toThrow (node_modules/expect/build/index.js:218:22)\n      at Object.toThrow (tests/suites/api_books.test.js:29:56)\n      at asyncGeneratorStep (node_modules/@babel/runtime/helpers/asyncToGenerator.js:3:17)\n      at _next (node_modules/@babel/runtime/helpers/asyncToGenerator.js:17:9)\n\n  ● Books API Methods › addBook › should add book with custom id\n\n    A valid status is required to add a book.\n\n    \u001b[0m \u001b[90m 52 |\u001b[39m\n     \u001b[90m 53 |\u001b[39m   \u001b[36mif\u001b[39m (\u001b[33m!\u001b[39mstatus) {\n    \u001b[31m\u001b[1m>\u001b[22m\u001b[39m\u001b[90m 54 |\u001b[39m     \u001b[36mthrow\u001b[39m \u001b[36mnew\u001b[39m \u001b[33mError\u001b[39m(\u001b[32m\"A valid status is required to add a book.\"\u001b[39m)\u001b[33m;\u001b[39m\n     \u001b[90m    |\u001b[39m           \u001b[31m\u001b[1m^\u001b[22m\u001b[39m\n     \u001b[90m 55 |\u001b[39m   }\n     \u001b[90m 56 |\u001b[39m   \n     \u001b[90m 57 |\u001b[39m   \u001b[36mconst\u001b[39m pages \u001b[33m=\u001b[39m parseInt(totalPages\u001b[33m,\u001b[39m \u001b[35m10\u001b[39m)\u001b[33m;\u001b[39m\u001b[0m\n\n      at src/core/api/books.js:54:11\n      at asyncGeneratorStep (node_modules/@babel/runtime/helpers/asyncToGenerator.js:3:17)\n      at _next (node_modules/@babel/runtime/helpers/asyncToGenerator.js:17:9)\n      at node_modules/@babel/runtime/helpers/asyncToGenerator.js:22:7\n      at node_modules/@babel/runtime/helpers/asyncToGenerator.js:14:12\n      at apply (src/core/api/books.js:47:21)\n      at Object.<anonymous> (tests/suites/api_books.test.js:36:35)\n      at asyncGeneratorStep (node_modules/@babel/runtime/helpers/asyncToGenerator.js:3:17)\n      at _next (node_modules/@babel/runtime/helpers/asyncToGenerator.js:17:9)\n      at node_modules/@babel/runtime/helpers/asyncToGenerator.js:22:7\n      at Object.<anonymous> (node_modules/@babel/runtime/helpers/asyncToGenerator.js:14:12)\n\n  ● Books API Methods › addBook › should add book without id\n\n    A valid status is required to add a book.\n\n    \u001b[0m \u001b[90m 52 |\u001b[39m\n     \u001b[90m 53 |\u001b[39m   \u001b[36mif\u001b[39m (\u001b[33m!\u001b[39mstatus) {\n    \u001b[31m\u001b[1m>\u001b[22m\u001b[39m\u001b[90m 54 |\u001b[39m     \u001b[36mthrow\u001b[39m \u001b[36mnew\u001b[39m \u001b[33mError\u001b[39m(\u001b[32m\"A valid status is required to add a book.\"\u001b[39m)\u001b[33m;\u001b[39m\n     \u001b[90m    |\u001b[39m           \u001b[31m\u001b[1m^\u001b[22m\u001b[39m\n     \u001b[90m 55 |\u001b[39m   }\n     \u001b[90m 56 |\u001b[39m   \n     \u001b[90m 57 |\u001b[39m   \u001b[36mconst\u001b[39m pages \u001b[33m=\u001b[39m parseInt(totalPages\u001b[33m,\u001b[39m \u001b[35m10\u001b[39m)\u001b[33m;\u001b[39m\u001b[0m\n\n      at src/core/api/books.js:54:11\n      at asyncGeneratorStep (node_modules/@babel/runtime/helpers/asyncToGenerator.js:3:17)\n      at _next (node_modules/@babel/runtime/helpers/asyncToGenerator.js:17:9)\n      at node_modules/@babel/runtime/helpers/asyncToGenerator.js:22:7\n      at node_modules/@babel/runtime/helpers/asyncToGenerator.js:14:12\n      at apply (src/core/api/books.js:47:21)\n      at Object.<anonymous> (tests/suites/api_books.test.js:52:35)\n      at asyncGeneratorStep (node_modules/@babel/runtime/helpers/asyncToGenerator.js:3:17)\n      at _next (node_modules/@babel/runtime/helpers/asyncToGenerator.js:17:9)\n      at node_modules/@babel/runtime/helpers/asyncToGenerator.js:22:7\n      at Object.<anonymous> (node_modules/@babel/runtime/helpers/asyncToGenerator.js:14:12)\n\n  ● Books API Methods › addBook › should map error and throw\n\n    expect(received).rejects.toThrow(expected)\n\n    Expected substring: \"Ocorreu um erro inesperado. Tente novamente.\"\n    Received message:   \"A valid status is required to add a book.\"\n\n        \u001b[0m \u001b[90m 52 |\u001b[39m\n         \u001b[90m 53 |\u001b[39m   \u001b[36mif\u001b[39m (\u001b[33m!\u001b[39mstatus) {\n        \u001b[31m\u001b[1m>\u001b[22m\u001b[39m\u001b[90m 54 |\u001b[39m     \u001b[36mthrow\u001b[39m \u001b[36mnew\u001b[39m \u001b[33mError\u001b[39m(\u001b[32m\"A valid status is required to add a book.\"\u001b[39m)\u001b[33m;\u001b[39m\n         \u001b[90m    |\u001b[39m           \u001b[31m\u001b[1m^\u001b[22m\u001b[39m\n         \u001b[90m 55 |\u001b[39m   }\n         \u001b[90m 56 |\u001b[39m   \n         \u001b[90m 57 |\u001b[39m   \u001b[36mconst\u001b[39m pages \u001b[33m=\u001b[39m parseInt(totalPages\u001b[33m,\u001b[39m \u001b[35m10\u001b[39m)\u001b[33m;\u001b[39m\u001b[0m\n\n      at src/core/api/books.js:54:11\n      at asyncGeneratorStep (node_modules/@babel/runtime/helpers/asyncToGenerator.js:3:17)\n      at _next (node_modules/@babel/runtime/helpers/asyncToGenerator.js:17:9)\n      at node_modules/@babel/runtime/helpers/asyncToGenerator.js:22:7\n      at node_modules/@babel/runtime/helpers/asyncToGenerator.js:14:12\n      at apply (src/core/api/books.js:47:21)\n      at Object.<anonymous> (tests/suites/api_books.test.js:63:27)\n      at asyncGeneratorStep (node_modules/@babel/runtime/helpers/asyncToGenerator.js:3:17)\n      at _next (node_modules/@babel/runtime/helpers/asyncToGenerator.js:17:9)\n      at node_modules/@babel/runtime/helpers/asyncToGenerator.js:22:7\n      at Object.<anonymous> (node_modules/@babel/runtime/helpers/asyncToGenerator.js:14:12)\n      at Object.toThrow (node_modules/expect/build/index.js:218:22)\n      at Object.toThrow (tests/suites/api_books.test.js:63:66)\n      at asyncGeneratorStep (node_modules/@babel/runtime/helpers/asyncToGenerator.js:3:17)\n      at _next (node_modules/@babel/runtime/helpers/asyncToGenerator.js:17:9)\n      at node_modules/@babel/runtime/helpers/asyncToGenerator.js:22:7\n      at Object.<anonymous> (node_modules/@babel/runtime/helpers/asyncToGenerator.js:14:12)\n","name":"C:\\GitHub\\App_leitura\\BookRats\\tests\\suites\\api_books.test.js","startTime":1779499777842,"status":"failed","summary":""},{"assertionResults":[{"ancestorTitles":["Gamification Slice"],"duration":0,"failureDetails":[{"matcherResult":{"message":"expect(jest.fn()).toHaveBeenCalled()\n\nExpected number of calls: >= 1\nReceived number of calls:    0","pass":false}}],"failureMessages":["Error: expect(jest.fn()).toHaveBeenCalled()\n\nExpected number of calls: >= 1\nReceived number of calls:    0\n    at Object.toHaveBeenCalled (C:\\GitHub\\App_leitura\\BookRats\\tests\\suites\\gamificationSlice.test.js:54:37)\n    at Promise.then.completed (C:\\GitHub\\App_leitura\\BookRats\\node_modules\\jest-circus\\build\\utils.js:298:28)\n    at new Promise (<anonymous>)\n    at callAsyncCircusFn (C:\\GitHub\\App_leitura\\BookRats\\node_modules\\jest-circus\\build\\utils.js:231:10)\n    at _callCircusTest (C:\\GitHub\\App_leitura\\BookRats\\node_modules\\jest-circus\\build\\run.js:316:40)\n    at _runTest (C:\\GitHub\\App_leitura\\BookRats\\node_modules\\jest-circus\\build\\run.js:252:3)\n    at _runTestsForDescribeBlock (C:\\GitHub\\App_leitura\\BookRats\\node_modules\\jest-circus\\build\\run.js:126:9)\n    at _runTestsForDescribeBlock (C:\\GitHub\\App_leitura\\BookRats\\node_modules\\jest-circus\\build\\run.js:121:9)\n    at run (C:\\GitHub\\App_leitura\\BookRats\\node_modules\\jest-circus\\build\\run.js:71:3)\n    at runAndTransformResultsToJestFormat (C:\\GitHub\\App_leitura\\BookRats\\node_modules\\jest-circus\\build\\legacy-code-todo-rewrite\\jestAdapterInit.js:122:21)\n    at jestAdapter (C:\\GitHub\\App_leitura\\BookRats\\node_modules\\jest-circus\\build\\legacy-code-todo-rewrite\\jestAdapter.js:79:19)\n    at runTestInternal (C:\\GitHub\\App_leitura\\BookRats\\node_modules\\jest-runner\\build\\runTest.js:367:16)\n    at runTest (C:\\GitHub\\App_leitura\\BookRats\\node_modules\\jest-runner\\build\\runTest.js:444:34)"],"fullName":"Gamification Slice setClaps should update claps and trigger checkAchievements","invocations":1,"location":null,"numPassingAsserts":1,"retryReasons":[],"status":"failed","title":"setClaps should update claps and trigger checkAchievements"},{"ancestorTitles":["Gamification Slice"],"duration":0,"failureDetails":[{}],"failureMessages":["TypeError: state.checkAchievements is not a function\n    at Object.checkAchievements (C:\\GitHub\\App_leitura\\BookRats\\tests\\suites\\gamificationSlice.test.js:61:11)\n    at Promise.then.completed (C:\\GitHub\\App_leitura\\BookRats\\node_modules\\jest-circus\\build\\utils.js:298:28)\n    at new Promise (<anonymous>)\n    at callAsyncCircusFn (C:\\GitHub\\App_leitura\\BookRats\\node_modules\\jest-circus\\build\\utils.js:231:10)\n    at _callCircusTest (C:\\GitHub\\App_leitura\\BookRats\\node_modules\\jest-circus\\build\\run.js:316:40)\n    at _runTest (C:\\GitHub\\App_leitura\\BookRats\\node_modules\\jest-circus\\build\\run.js:252:3)\n    at _runTestsForDescribeBlock (C:\\GitHub\\App_leitura\\BookRats\\node_modules\\jest-circus\\build\\run.js:126:9)\n    at _runTestsForDescribeBlock (C:\\GitHub\\App_leitura\\BookRats\\node_modules\\jest-circus\\build\\run.js:121:9)\n    at run (C:\\GitHub\\App_leitura\\BookRats\\node_modules\\jest-circus\\build\\run.js:71:3)\n    at runAndTransformResultsToJestFormat (C:\\GitHub\\App_leitura\\BookRats\\node_modules\\jest-circus\\build\\legacy-code-todo-rewrite\\jestAdapterInit.js:122:21)\n    at jestAdapter (C:\\GitHub\\App_leitura\\BookRats\\node_modules\\jest-circus\\build\\legacy-code-todo-rewrite\\jestAdapter.js:79:19)\n    at runTestInternal (C:\\GitHub\\App_leitura\\BookRats\\node_modules\\jest-runner\\build\\runTest.js:367:16)\n    at runTest (C:\\GitHub\\App_leitura\\BookRats\\node_modules\\jest-runner\\build\\runTest.js:444:34)"],"fullName":"Gamification Slice checkAchievements should unlock badge when criteria is met","invocations":1,"location":null,"numPassingAsserts":0,"retryReasons":[],"status":"failed","title":"checkAchievements should unlock badge when criteria is met"},{"ancestorTitles":["Gamification Slice"],"duration":0,"failureDetails":[{}],"failureMessages":["TypeError: state.checkAchievements is not a function\n    at Object.checkAchievements (C:\\GitHub\\App_leitura\\BookRats\\tests\\suites\\gamificationSlice.test.js:77:11)\n    at Promise.then.completed (C:\\GitHub\\App_leitura\\BookRats\\node_modules\\jest-circus\\build\\utils.js:298:28)\n    at new Promise (<anonymous>)\n    at callAsyncCircusFn (C:\\GitHub\\App_leitura\\BookRats\\node_modules\\jest-circus\\build\\utils.js:231:10)\n    at _callCircusTest (C:\\GitHub\\App_leitura\\BookRats\\node_modules\\jest-circus\\build\\run.js:316:40)\n    at _runTest (C:\\GitHub\\App_leitura\\BookRats\\node_modules\\jest-circus\\build\\run.js:252:3)\n    at _runTestsForDescribeBlock (C:\\GitHub\\App_leitura\\BookRats\\node_modules\\jest-circus\\build\\run.js:126:9)\n    at _runTestsForDescribeBlock (C:\\GitHub\\App_leitura\\BookRats\\node_modules\\jest-circus\\build\\run.js:121:9)\n    at run (C:\\GitHub\\App_leitura\\BookRats\\node_modules\\jest-circus\\build\\run.js:71:3)\n    at runAndTransformResultsToJestFormat (C:\\GitHub\\App_leitura\\BookRats\\node_modules\\jest-circus\\build\\legacy-code-todo-rewrite\\jestAdapterInit.js:122:21)\n    at jestAdapter (C:\\GitHub\\App_leitura\\BookRats\\node_modules\\jest-circus\\build\\legacy-code-todo-rewrite\\jestAdapter.js:79:19)\n    at runTestInternal (C:\\GitHub\\App_leitura\\BookRats\\node_modules\\jest-runner\\build\\runTest.js:367:16)\n    at runTest (C:\\GitHub\\App_leitura\\BookRats\\node_modules\\jest-runner\\build\\runTest.js:444:34)"],"fullName":"Gamification Slice checkAchievements should NOT unlock badge when criteria is NOT met","invocations":1,"location":null,"numPassingAsserts":0,"retryReasons":[],"status":"failed","title":"checkAchievements should NOT unlock badge when criteria is NOT met"},{"ancestorTitles":["Gamification Slice"],"duration":0,"failureDetails":[{}],"failureMessages":["TypeError: state.checkAchievements is not a function\n    at Object.checkAchievements (C:\\GitHub\\App_leitura\\BookRats\\tests\\suites\\gamificationSlice.test.js:92:11)\n    at Promise.then.completed (C:\\GitHub\\App_leitura\\BookRats\\node_modules\\jest-circus\\build\\utils.js:298:28)\n    at new Promise (<anonymous>)\n    at callAsyncCircusFn (C:\\GitHub\\App_leitura\\BookRats\\node_modules\\jest-circus\\build\\utils.js:231:10)\n    at _callCircusTest (C:\\GitHub\\App_leitura\\BookRats\\node_modules\\jest-circus\\build\\run.js:316:40)\n    at _runTest (C:\\GitHub\\App_leitura\\BookRats\\node_modules\\jest-circus\\build\\run.js:252:3)\n    at _runTestsForDescribeBlock (C:\\GitHub\\App_leitura\\BookRats\\node_modules\\jest-circus\\build\\run.js:126:9)\n    at _runTestsForDescribeBlock (C:\\GitHub\\App_leitura\\BookRats\\node_modules\\jest-circus\\build\\run.js:121:9)\n    at run (C:\\GitHub\\App_leitura\\BookRats\\node_modules\\jest-circus\\build\\run.js:71:3)\n    at runAndTransformResultsToJestFormat (C:\\GitHub\\App_leitura\\BookRats\\node_modules\\jest-circus\\build\\legacy-code-todo-rewrite\\jestAdapterInit.js:122:21)\n    at jestAdapter (C:\\GitHub\\App_leitura\\BookRats\\node_modules\\jest-circus\\build\\legacy-code-todo-rewrite\\jestAdapter.js:79:19)\n    at runTestInternal (C:\\GitHub\\App_leitura\\BookRats\\node_modules\\jest-runner\\build\\runTest.js:367:16)\n    at runTest (C:\\GitHub\\App_leitura\\BookRats\\node_modules\\jest-runner\\build\\runTest.js:444:34)"],"fullName":"Gamification Slice checkAchievements should handle books array correctly","invocations":1,"location":null,"numPassingAsserts":0,"retryReasons":[],"status":"failed","title":"checkAchievements should handle books array correctly"},{"ancestorTitles":["Gamification Slice","calculateInfluencerBadge"],"duration":1,"failureDetails":[],"failureMessages":[],"fullName":"Gamification Slice calculateInfluencerBadge should return early if user already has badge","invocations":1,"location":null,"numPassingAsserts":1,"retryReasons":[],"status":"passed","title":"should return early if user alr
[...]
G if progress is decreased below 100%"},{"ancestorTitles":["Library Status Transitions (Item 20)","Automatic Status Transitions"],"duration":1,"failureDetails":[],"failureMessages":[],"fullName":"Library Status Transitions (Item 20) Automatic Status Transitions should jump progress to 100% when status is manually set to READ","invocations":1,"location":null,"numPassingAsserts":2,"retryReasons":[],"status":"passed","title":"should jump progress to 100% when status is manually set to READ"},{"ancestorTitles":["Library Status Transitions (Item 20)","Metadata Integrity"],"duration":0,"failureDetails":[],"failureMessages":[],"fullName":"Library Status Transitions (Item 20) Metadata Integrity should maintain existing metadata when changing status","invocations":1,"location":null,"numPassingAsserts":6,"retryReasons":[],"status":"passed","title":"should maintain existing metadata when changing status"},{"ancestorTitles":["Library Status Transitions (Item 20)","Invalid Transitions"],"duration":0,"failureDetails":[],"failureMessages":[],"fullName":"Library Status Transitions (Item 20) Invalid Transitions should abort and log error if an invalid status is provided","invocations":1,"location":null,"numPassingAsserts":3,"retryReasons":[],"status":"passed","title":"should abort and log error if an invalid status is provided"}],"endTime":1779499795251,"message":"","name":"C:\\GitHub\\App_leitura\\BookRats\\tests\\suites\\library_status.test.js","startTime":1779499795147,"status":"passed","summary":""},{"assertionResults":[],"coverage":{},"endTime":1779499797185,"message":"  ● Test suite failed to run\n\n    TypeError: (0 , _reactNativeWorklets.createSerializable) is not a function\n\n    \u001b[0m \u001b[90m 61 |\u001b[39m\n     \u001b[90m 62 |\u001b[39m jest\u001b[33m.\u001b[39mmock(\u001b[32m'react-native-reanimated'\u001b[39m\u001b[33m,\u001b[39m () \u001b[33m=>\u001b[39m {\n    \u001b[31m\u001b[1m>\u001b[22m\u001b[39m\u001b[90m 63 |\u001b[39m   \u001b[36mconst\u001b[39m reanimated \u001b[33m=\u001b[39m require(\u001b[32m'react-native-reanimated/mock'\u001b[39m)\u001b[33m;\u001b[39m\n     \u001b[90m    |\u001b[39m                      \u001b[31m\u001b[1m^\u001b[22m\u001b[39m\n     \u001b[90m 64 |\u001b[39m   reanimated\u001b[33m.\u001b[39m\u001b[36mdefault\u001b[39m\u001b[33m.\u001b[39mcall \u001b[33m=\u001b[39m () \u001b[33m=>\u001b[39m {}\u001b[33m;\u001b[39m\n     \u001b[90m 65 |\u001b[39m   \u001b[36mreturn\u001b[39m reanimated\u001b[33m;\u001b[39m\n     \u001b[90m 66 |\u001b[39m })\u001b[33m;\u001b[39m\u001b[0m\n\n      at Object.<anonymous> (node_modules/react-native-reanimated/src/animation/util.ts:55:47)\n      at Object.require (node_modules/react-native-reanimated/src/animation/clamp.ts:11:1)\n      at Object.require (node_modules/react-native-reanimated/src/animation/index.ts:2:1)\n      at Object.require (node_modules/react-native-reanimated/src/layoutReanimation/animationsManager.ts:4:1)\n      at Object.require (node_modules/react-native-reanimated/src/createAnimatedComponent/AnimatedComponent.tsx:2:1)\n      at Object.require (node_modules/react-native-reanimated/src/createAnimatedComponent/createAnimatedComponent.tsx:13:1)\n      at Object.require (node_modules/react-native-reanimated/src/createAnimatedComponent/index.ts:2:1)\n      at Object.require (node_modules/react-native-reanimated/src/component/FlatList.tsx:13:1)\n      at Object.require (node_modules/react-native-reanimated/src/Animated.ts:2:1)\n      at Object.require (node_modules/react-native-reanimated/src/index.ts:13:1)\n      at Object.require (node_modules/react-native-reanimated/src/mock.ts:20:1)\n      at Object.<anonymous> (node_modules/react-native-reanimated/mock.js:1:41)\n      at require (tests/config/jest.setup.js:63:22)\n      at Object.require (src/ui/components/molecules/BadgeUnlockPopup.js:3:1)\n      at Object.require (src/ui/components/index.js:10:1)\n      at Object.require (tests/suites/smoke.test.js:3:1)\n","name":"C:\\GitHub\\App_leitura\\BookRats\\tests\\suites\\smoke.test.js","startTime":1779499797185,"status":"failed","summary":""},{"assertionResults":[],"coverage":{},"endTime":1779499797185,"message":"  ● Test suite failed to run\n\n    TypeError: (0 , _reactNativeWorklets.createSerializable) is not a function\n\n    \u001b[0m \u001b[90m 61 |\u001b[39m\n     \u001b[90m 62 |\u001b[39m jest\u001b[33m.\u001b[39mmock(\u001b[32m'react-native-reanimated'\u001b[39m\u001b[33m,\u001b[39m () \u001b[33m=>\u001b[39m {\n    \u001b[31m\u001b[1m>\u001b[22m\u001b[39m\u001b[90m 63 |\u001b[39m   \u001b[36mconst\u001b[39m reanimated \u001b[33m=\u001b[39m require(\u001b[32m'react-native-reanimated/mock'\u001b[39m)\u001b[33m;\u001b[39m\n     \u001b[90m    |\u001b[39m                      \u001b[31m\u001b[1m^\u001b[22m\u001b[39m\n     \u001b[90m 64 |\u001b[39m   reanimated\u001b[33m.\u001b[39m\u001b[36mdefault\u001b[39m\u001b[33m.\u001b[39mcall \u001b[33m=\u001b[39m () \u001b[33m=>\u001b[39m {}\u001b[33m;\u001b[39m\n     \u001b[90m 65 |\u001b[39m   \u001b[36mreturn\u001b[39m reanimated\u001b[33m;\u001b[39m\n     \u001b[90m 66 |\u001b[39m })\u001b[33m;\u001b[39m\u001b[0m\n\n      at Object.<anonymous> (node_modules/react-native-reanimated/src/animation/util.ts:55:47)\n      at Object.require (node_modules/react-native-reanimated/src/animation/clamp.ts:11:1)\n      at Object.require (node_modules/react-native-reanimated/src/animation/index.ts:2:1)\n      at Object.require (node_modules/react-native-reanimated/src/layoutReanimation/animationsManager.ts:4:1)\n      at Object.require (node_modules/react-native-reanimated/src/createAnimatedComponent/AnimatedComponent.tsx:2:1)\n      at Object.require (node_modules/react-native-reanimated/src/createAnimatedComponent/createAnimatedComponent.tsx:13:1)\n      at Object.require (node_modules/react-native-reanimated/src/createAnimatedComponent/index.ts:2:1)\n      at Object.require (node_modules/react-native-reanimated/src/component/FlatList.tsx:13:1)\n      at Object.require (node_modules/react-native-reanimated/src/Animated.ts:2:1)\n      at Object.require (node_modules/react-native-reanimated/src/index.ts:13:1)\n      at Object.require (node_modules/react-native-reanimated/src/mock.ts:20:1)\n      at Object.<anonymous> (node_modules/react-native-reanimated/mock.js:1:41)\n      at require (tests/config/jest.setup.js:63:22)\n      at Object.require (src/ui/components/molecules/BadgeUnlockPopup.js:3:1)\n      at Object.require (src/ui/components/index.js:10:1)\n      at Object.require (tests/suites/popup_integration.test.js:4:1)\n","name":"C:\\GitHub\\App_leitura\\BookRats\\tests\\suites\\popup_integration.test.js","startTime":1779499797185,"status":"failed","summary":""},{"assertionResults":[],"coverage":{},"endTime":1779499797185,"message":"  ● Test suite failed to run\n\n    TypeError: (0 , _reactNativeWorklets.createSerializable) is not a function\n\n    \u001b[0m \u001b[90m 61 |\u001b[39m\n     \u001b[90m 62 |\u001b[39m jest\u001b[33m.\u001b[39mmock(\u001b[32m'react-native-reanimated'\u001b[39m\u001b[33m,\u001b[39m () \u001b[33m=>\u001b[39m {\n    \u001b[31m\u001b[1m>\u001b[22m\u001b[39m\u001b[90m 63 |\u001b[39m   \u001b[36mconst\u001b[39m reanimated \u001b[33m=\u001b[39m require(\u001b[32m'react-native-reanimated/mock'\u001b[39m)\u001b[33m;\u001b[39m\n     \u001b[90m    |\u001b[39m                      \u001b[31m\u001b[1m^\u001b[22m\u001b[39m\n     \u001b[90m 64 |\u001b[39m   reanimated\u001b[33m.\u001b[39m\u001b[36mdefault\u001b[39m\u001b[33m.\u001b[39mcall \u001b[33m=\u001b[39m () \u001b[33m=>\u001b[39m {}\u001b[33m;\u001b[39m\n     \u001b[90m 65 |\u001b[39m   \u001b[36mreturn\u001b[39m reanimated\u001b[33m;\u001b[39m\n     \u001b[90m 66 |\u001b[39m })\u001b[33m;\u001b[39m\u001b[0m\n\n      at Object.<anonymous> (node_modules/react-native-reanimated/src/animation/util.ts:55:47)\n      at Object.require (node_modules/react-native-reanimated/src/animation/clamp.ts:11:1)\n      at Object.require (node_modules/react-native-reanimated/src/animation/index.ts:2:1)\n      at Object.require (node_modules/react-native-reanimated/src/layoutReanimation/animationsManager.ts:4:1)\n      at Object.require (node_modules/react-native-reanimated/src/createAnimatedComponent/AnimatedComponent.tsx:2:1)\n      at Object.require (node_modules/react-native-reanimated/src/createAnimatedComponent/createAnimatedComponent.tsx:13:1)\n      at Object.require (node_modules/react-native-reanimated/src/createAnimatedComponent/index.ts:2:1)\n      at Object.require (node_modules/react-native-reanimated/src/component/FlatList.tsx:13:1)\n      at Object.require (node_modules/react-native-reanimated/src/Animated.ts:2:1)\n      at Object.require (node_modules/react-native-reanimated/src/index.ts:13:1)\n      at Object.require (node_modules/react-native-reanimated/src/mock.ts:20:1)\n      at Object.<anonymous> (node_modules/react-native-reanimated/mock.js:1:41)\n      at require (tests/config/jest.setup.js:63:22)\n      at Object.require (src/ui/components/molecules/BadgeUnlockPopup.js:3:1)\n      at Object.require (src/ui/components/index.js:10:1)\n      at Object.require (src/ui/screens/GalleryScreen.js:18:1)\n      at Object.require (tests/suites/GalleryScreen.test.js:3:1)\n","name":"C:\\GitHub\\App_leitura\\BookRats\\tests\\suites\\GalleryScreen.test.js","startTime":1779499797185,"status":"failed","summary":""},{"assertionResults":[],"coverage":{},"endTime":1779499797185,"message":"  ● Test suite failed to run\n\n    TypeError: (0 , _reactNativeWorklets.createSerializable) is not a function\n\n    \u001b[0m \u001b[90m 61 |\u001b[39m\n     \u001b[90m 62 |\u001b[39m jest\u001b[33m.\u001b[39mmock(\u001b[32m'react-native-reanimated'\u001b[39m\u001b[33m,\u001b[39m () \u001b[33m=>\u001b[39m {\n    \u001b[31m\u001b[1m>\u001b[22m\u001b[39m\u001b[90m 63 |\u001b[39m   \u001b[36mconst\u001b[39m reanimated \u001b[33m=\u001b[39m require(\u001b[32m'react-native-reanimated/mock'\u001b[39m)\u001b[33m;\u001b[39m\n     \u001b[90m    |\u001b[39m                      \u001b[31m\u001b[1m^\u001b[22m\u001b[39m\n     \u001b[90m 64 |\u001b[39m   reanimated\u001b[33m.\u001b[39m\u001b[36mdefault\u001b[39m\u001b[33m.\u001b[39mcall \u001b[33m=\u001b[39m () \u001b[33m=>\u001b[39m {}\u001b[33m;\u001b[39m\n     \u001b[90m 65 |\u001b[39m   \u001b[36mreturn\u001b[39m reanimated\u001b[33m;\u001b[39m\n     \u001b[90m 66 |\u001b[39m })\u001b[33m;\u001b[39m\u001b[0m\n\n      at Object.<anonymous> (node_modules/react-native-reanimated/src/animation/util.ts:55:47)\n      at Object.require (node_modules/react-native-reanimated/src/animation/clamp.ts:11:1)\n      at Object.require (node_modules/react-native-reanimated/src/animation/index.ts:2:1)\n      at Object.require (node_modules/react-native-reanimated/src/layoutReanimation/animationsManager.ts:4:1)\n      at Object.require (node_modules/react-native-reanimated/src/createAnimatedComponent/AnimatedComponent.tsx:2:1)\n      at Object.require (node_modules/react-native-reanimated/src/createAnimatedComponent/createAnimatedComponent.tsx:13:1)\n      at Object.require (node_modules/react-native-reanimated/src/createAnimatedComponent/index.ts:2:1)\n      at Object.require (node_modules/react-native-reanimated/src/component/FlatList.tsx:13:1)\n      at Object.require (node_modules/react-native-reanimated/src/Animated.ts:2:1)\n      at Object.require (node_modules/react-native-reanimated/src/index.ts:13:1)\n      at Object.require (node_modules/react-native-reanimated/src/mock.ts:20:1)\n      at Object.<anonymous> (node_modules/react-native-reanimated/mock.js:1:41)\n      at require (tests/config/jest.setup.js:63:22)\n      at Object.require (src/ui/components/molecules/BadgeUnlockPopup.js:3:1)\n      at Object.require (src/ui/components/index.js:10:1)\n      at Object.require (src/ui/screens/GalleryScreen.js:18:1)\n      at Object.require (tests/suites/gallery_integration.test.js:4:1)\n","name":"C:\\GitHub\\App_leitura\\BookRats\\tests\\suites\\gallery_integration.test.js","startTime":1779499797185,"status":"failed","summary":""},{"assertionResults":[],"coverage":{},"endTime":1779499797185,"message":"  ● Test suite failed to run\n\n    TypeError: (0 , _reactNativeWorklets.createSerializable) is not a function\n\n    \u001b[0m \u001b[90m 61 |\u001b[39m\n     \u001b[90m 62 |\u001b[39m jest\u001b[33m.\u001b[39mmock(\u001b[32m'react-native-reanimated'\u001b[39m\u001b[33m,\u001b[39m () \u001b[33m=>\u001b[39m {\n    \u001b[31m\u001b[1m>\u001b[22m\u001b[39m\u001b[90m 63 |\u001b[39m   \u001b[36mconst\u001b[39m reanimated \u001b[33m=\u001b[39m require(\u001b[32m'react-native-reanimated/mock'\u001b[39m)\u001b[33m;\u001b[39m\n     \u001b[90m    |\u001b[39m                      \u001b[31m\u001b[1m^\u001b[22m\u001b[39m\n     \u001b[90m 64 |\u001b[39m   reanimated\u001b[33m.\u001b[39m\u001b[36mdefault\u001b[39m\u001b[33m.\u001b[39mcall \u001b[33m=\u001b[39m () \u001b[33m=>\u001b[39m {}\u001b[33m;\u001b[39m\n     \u001b[90m 65 |\u001b[39m   \u001b[36mreturn\u001b[39m reanimated\u001b[33m;\u001b[39m\n     \u001b[90m 66 |\u001b[39m })\u001b[33m;\u001b[39m\u001b[0m\n\n      at Object.<anonymous> (node_modules/react-native-reanimated/src/animation/util.ts:55:47)\n      at Object.require (node_modules/react-native-reanimated/src/animation/clamp.ts:11:1)\n      at Object.require (node_modules/react-native-reanimated/src/animation/index.ts:2:1)\n      at Object.require (node_modules/react-native-reanimated/src/layoutReanimation/animationsManager.ts:4:1)\n      at Object.require (node_modules/react-native-reanimated/src/createAnimatedComponent/AnimatedComponent.tsx:2:1)\n      at Object.require (node_modules/react-native-reanimated/src/createAnimatedComponent/createAnimatedComponent.tsx:13:1)\n      at Object.require (node_modules/react-native-reanimated/src/createAnimatedComponent/index.ts:2:1)\n      at Object.require (node_modules/react-native-reanimated/src/component/FlatList.tsx:13:1)\n      at Object.require (node_modules/react-native-reanimated/src/Animated.ts:2:1)\n      at Object.require (node_modules/react-native-reanimated/src/index.ts:13:1)\n      at Object.require (node_modules/react-native-reanimated/src/mock.ts:20:1)\n      at Object.<anonymous> (node_modules/react-native-reanimated/mock.js:1:41)\n      at require (tests/config/jest.setup.js:63:22)\n      at Object.require (src/ui/components/molecules/BadgeUnlockPopup.js:3:1)\n      at Object.require (src/ui/components/index.js:10:1)\n      at Object.require (tests/suites/error_boundary.test.js:3:1)\n","name":"C:\\GitHub\\App_leitura\\BookRats\\tests\\suites\\error_boundary.test.js","startTime":1779499797185,"status":"failed","summary":""},{"assertionResults":[],"coverage":{},"endTime":1779499797185,"message":"  ● Test suite failed to run\n\n    TypeError: (0 , _reactNativeWorklets.createSerializable) is not a function\n\n    \u001b[0m \u001b[90m 61 |\u001b[39m\n     \u001b[90m 62 |\u001b[39m jest\u001b[33m.\u001b[39mmock(\u001b[32m'react-native-reanimated'\u001b[39m\u001b[33m,\u001b[39m () \u001b[33m=>\u001b[39m {\n    \u001b[31m\u001b[1m>\u001b[22m\u001b[39m\u001b[90m 63 |\u001b[39m   \u001b[36mconst\u001b[39m reanimated \u001b[33m=\u001b[39m require(\u001b[32m'react-native-reanimated/mock'\u001b[39m)\u001b[33m;\u001b[39m\n     \u001b[90m    |\u001b[39m                      \u001b[31m\u001b[1m^\u001b[22m\u001b[39m\n     \u001b[90m 64 |\u001b[39m   reanimated\u001b[33m.\u001b[39m\u001b[36mdefault\u001b[39m\u001b[33m.\u001b[39mcall \u001b[33m=\u001b[39m () \u001b[33m=>\u001b[39m {}\u001b[33m;\u001b[39m\n     \u001b[90m 65 |\u001b[39m   \u001b[36mreturn\u001b[39m reanimated\u001b[33m;\u001b[39m\n     \u001b[90m 66 |\u001b[39m })\u001b[33m;\u001b[39m\u001b[0m\n\n      at Object.<anonymous> (node_modules/react-native-reanimated/src/animation/util.ts:55:47)\n      at Object.require (node_modules/react-native-reanimated/src/animation/clamp.ts:11:1)\n      at Object.require (node_modules/react-native-reanimated/src/animation/index.ts:2:1)\n      at Object.require (node_modules/react-native-reanimated/src/layoutReanimation/animationsManager.ts:4:1)\n      at Object.require (node_modules/react-native-reanimated/src/createAnimatedComponent/AnimatedComponent.tsx:2:1)\n      at Object.require (node_modules/react-native-reanimated/src/createAnimatedComponent/createAnimatedComponent.tsx:13:1)\n      at Object.require (node_modules/react-native-reanimated/src/createAnimatedComponent/index.ts:2:1)\n      at Object.require (node_modules/react-native-reanimated/src/component/FlatList.tsx:13:1)\n      at Object.require (node_modules/react-native-reanimated/src/Animated.ts:2:1)\n      at Object.require (node_modules/react-native-reanimated/src/index.ts:13:1)\n      at Object.require (node_modules/react-native-reanimated/src/mock.ts:20:1)\n      at Object.<anonymous> (node_modules/react-native-reanimated/mock.js:1:41)\n      at require (tests/config/jest.setup.js:63:22)\n      at Object.require (src/ui/components/molecules/BadgeUnlockPopup.js:3:1)\n      at Object.require (src/ui/components/index.js:10:1)\n      at Object.require (src/ui/screens/AuthScreen.js:12:1)\n      at Object.require (tests/suites/auth_integration.test.js:4:1)\n","name":"C:\\GitHub\\App_leitura\\BookRats\\tests\\suites\\auth_integration.test.js","startTime":1779499797185,"status":"failed","summary":""},{"assertionResults":[],"coverage":{},"endTime":1779499797185,"message":"  ● Test suite failed to run\n\n    TypeError: (0 , _reactNativeWorklets.createSerializable) is not a function\n\n    \u001b[0m \u001b[90m 61 |\u001b[39m\n     \u001b[90m 62 |\u001b[39m jest\u001b[33m.\u001b[39mmock(\u001b[32m'react-native-reanimated'\u001b[39m\u001b[33m,\u001b[39m () \u001b[33m=>\u001b[39m {\n    \u001b[31m\u001b[1m>\u001b[22m\u001b[39m\u001b[90m 63 |\u001b[39m   \u001b[36mconst\u001b[39m reanimated \u001b[33m=\u001b[39m require(\u001b[32m'react-native-reanimated/mock'\u001b[39m)\u001b[33m;\u001b[39m\n     \u001b[90m    |\u001b[39m                      \u001b[31m\u001b[1m^\u001b[22m\u001b[39m\n     \u001b[90m 64 |\u001b[39m   reanimated\u001b[33m.\u001b[39m\u001b[36mdefault\u001b[39m\u001b[33m.\u001b[39mcall \u001b[33m=\u001b[39m () \u001b[33m=>\u001b[39m {}\u001b[33m;\u001b[39m\n     \u001b[90m 65 |\u001b[39m   \u001b[36mreturn\u001b[39m reanimated\u001b[33m;\u001b[39m\n     \u001b[90m 66 |\u001b[39m })\u001b[33m;\u001b[39m\u001b[0m\n\n      at Object.<anonymous> (node_modules/react-native-reanimated/src/animation/util.ts:55:47)\n      at Object.require (node_modules/react-native-reanimated/src/animation/clamp.ts:11:1)\n      at Object.require (node_modules/react-native-reanimated/src/animation/index.ts:2:1)\n      at Object.require (node_modules/react-native-reanimated/src/layoutReanimation/animationsManager.ts:4:1)\n      at Object.require (node_modules/react-native-reanimated/src/createAnimatedComponent/AnimatedComponent.tsx:2:1)\n      at Object.require (node_modules/react-native-reanimated/src/createAnimatedComponent/createAnimatedComponent.tsx:13:1)\n      at Object.require (node_modules/react-native-reanimated/src/createAnimatedComponent/index.ts:2:1)\n      at Object.require (node_modules/react-native-reanimated/src/component/FlatList.tsx:13:1)\n      at Object.require (node_modules/react-native-reanimated/src/Animated.ts:2:1)\n      at Object.require (node_modules/react-native-reanimated/src/index.ts:13:1)\n      at Object.require (node_modules/react-native-reanimated/src/mock.ts:20:1)\n      at Object.<anonymous> (node_modules/react-native-reanimated/mock.js:1:41)\n      at require (tests/config/jest.setup.js:63:22)\n      at Object.require (src/ui/components/molecules/BadgeUnlockPopup.js:3:1)\n      at Object.require (src/ui/components/index.js:10:1)\n      at Object.require (src/ui/screens/AuthScreen.js:12:1)\n      at Object.require (tests/suites/AuthScreen.test.js:3:1)\n","name":"C:\\GitHub\\App_leitura\\BookRats\\tests\\suites\\AuthScreen.test.js","startTime":1779499797185,"status":"failed","summary":""}],"wasInterrupted":false}
