{"numFailedTestSuites":13,"numFailedTests":15,"numPassedTestSuites":36,"numPassedTests":341,"numPendingTestSuites":0,"numPendingTests":0,"numRuntimeErrorTestSuites":7,"numTodoTests":0,"numTotalTestSuites":49,"numTotalTests":356,"openHandles":[],"snapshot":{"added":0,"didUpdate":false,"failure":false,"filesAdded":0,"filesRemoved":0,"filesRemovedList":[],"filesUnmatched":0,"filesUpdated":0,"matched":0,"total":0,"unchecked":0,"uncheckedKeysByFile":[],"unmatched":0,"updated":0},"startTime":1779499825070,"success":false,"testResults":[{"assertionResults":[{"ancestorTitles":["Library Integrity Validation","Scenario 1: Initial State Verification"],"duration":2,"failureDetails":[],"failureMessages":[],"fullName":"Library Integrity Validation Scenario 1: Initial State Verification should start with an empty books array","invocations":1,"location":null,"numPassingAsserts":1,"retryReasons":[],"status":"passed","title":"should start with an empty books array"},{"ancestorTitles":["Library Integrity Validation","Scenario 2: Anti-Duplicate Logic (The Gauntlet)"],"duration":3,"failureDetails":[{"matcherResult":{"message":"expect(jest.fn()).toHaveBeenCalledTimes(expected)\n\nExpected number of calls: 1\nReceived number of calls: 0","pass":false}}],"failureMessages":["Error: expect(jest.fn()).toHaveBeenCalledTimes(expected)\n\nExpected number of calls: 1\nReceived number of calls: 0\n    at Object.toHaveBeenCalledTimes (C:\\GitHub\\App_leitura\\BookRats\\tests\\suites\\library_integrity.test.js:52:27)\n    at Generator.next (<anonymous>)\n    at asyncGeneratorStep (C:\\GitHub\\App_leitura\\BookRats\\node_modules\\@babel\\runtime\\helpers\\asyncToGenerator.js:3:17)\n    at _next (C:\\GitHub\\App_leitura\\BookRats\\node_modules\\@babel\\runtime\\helpers\\asyncToGenerator.js:17:9)"],"fullName":"Library Integrity Validation Scenario 2: Anti-Duplicate Logic (The Gauntlet) should prevent duplicate book entries based on unique ID","invocations":1,"location":null,"numPassingAsserts":1,"retryReasons":[],"status":"failed","title":"should prevent duplicate book entries based on unique ID"},{"ancestorTitles":["Library Integrity Validation","Scenario 2: Anti-Duplicate Logic (The Gauntlet)"],"duration":1,"failureDetails":[{"matcherResult":{"message":"expect(jest.fn()).toHaveBeenCalledTimes(expected)\n\nExpected number of calls: 1\nReceived number of calls: 0","pass":false}}],"failureMessages":["Error: expect(jest.fn()).toHaveBeenCalledTimes(expected)\n\nExpected number of calls: 1\nReceived number of calls: 0\n    at Object.toHaveBeenCalledTimes (C:\\GitHub\\App_leitura\\BookRats\\tests\\suites\\library_integrity.test.js:58:27)\n    at Generator.next (<anonymous>)\n    at asyncGeneratorStep (C:\\GitHub\\App_leitura\\BookRats\\node_modules\\@babel\\runtime\\helpers\\asyncToGenerator.js:3:17)\n    at _next (C:\\GitHub\\App_leitura\\BookRats\\node_modules\\@babel\\runtime\\helpers\\asyncToGenerator.js:17:9)"],"fullName":"Library Integrity Validation Scenario 2: Anti-Duplicate Logic (The Gauntlet) should handle null IDs by allowing addition (generating a random ID behavior)","invocations":1,"location":null,"numPassingAsserts":0,"retryReasons":[],"status":"failed","title":"should handle null IDs by allowing addition (generating a random ID behavior)"},{"ancestorTitles":["Library Integrity Validation","Scenario 3: Persistence Sync"],"duration":63,"failureDetails":[],"failureMessages":[],"fullName":"Library Integrity Validation Scenario 3: Persistence Sync should trigger AsyncStorage.setItem when adding a book","invocations":1,"location":null,"numPassingAsserts":1,"retryReasons":[],"status":"passed","title":"should trigger AsyncStorage.setItem when adding a book"},{"ancestorTitles":["Library Integrity Validation","Scenario 4: Mass Addition Performance"],"duration":2,"failureDetails":[{"matcherResult":{"message":"expect(jest.fn()).toHaveBeenCalledTimes(expected)\n\nExpected number of calls: 10\nReceived number of calls: 0","pass":false}}],"failureMessages":["Error: expect(jest.fn()).toHaveBeenCalledTimes(expected)\n\nExpected number of calls: 10\nReceived number of calls: 0\n    at Object.toHaveBeenCalledTimes (C:\\GitHub\\App_leitura\\BookRats\\tests\\suites\\library_integrity.test.js:98:27)\n    at Generator.next (<anonymous>)\n    at asyncGeneratorStep (C:\\GitHub\\App_leitura\\BookRats\\node_modules\\@babel\\runtime\\helpers\\asyncToGenerator.js:3:17)\n    at _next (C:\\GitHub\\App_leitura\\BookRats\\node_modules\\@babel\\runtime\\helpers\\asyncToGenerator.js:17:9)"],"fullName":"Library Integrity Validation Scenario 4: Mass Addition Performance should handle a batch of 10 unique books correctly","invocations":1,"location":null,"numPassingAsserts":1,"retryReasons":[],"status":"failed","title":"should handle a batch of 10 unique books correctly"}],"endTime":1779499826844,"message":"  ● Library Integrity Validation › Scenario 2: Anti-Duplicate Logic (The Gauntlet) › should prevent duplicate book entries based on unique ID\n\n    expect(jest.fn()).toHaveBeenCalledTimes(expected)\n\n    Expected number of calls: 1\n    Received number of calls: 0\n\n    \u001b[0m \u001b[90m 50 |\u001b[39m\n     \u001b[90m 51 |\u001b[39m       \u001b[90m// Verify that api.addBook was NOT called a second time due to the store guard\u001b[39m\n    \u001b[31m\u001b[1m>\u001b[22m\u001b[39m\u001b[90m 52 |\u001b[39m       expect(api\u001b[33m.\u001b[39maddBook)\u001b[33m.\u001b[39mtoHaveBeenCalledTimes(\u001b[35m1\u001b[39m)\u001b[33m;\u001b[39m\n     \u001b[90m    |\u001b[39m                           \u001b[31m\u001b[1m^\u001b[22m\u001b[39m\n     \u001b[90m 53 |\u001b[39m       expect(useMainStore\u001b[33m.\u001b[39mgetState()\u001b[33m.\u001b[39mbooks\u001b[33m.\u001b[39mlength)\u001b[33m.\u001b[39mtoBe(\u001b[35m1\u001b[39m)\u001b[33m;\u001b[39m\n     \u001b[90m 54 |\u001b[39m     })\u001b[33m;\u001b[39m\n     \u001b[90m 55 |\u001b[39m\u001b[0m\n\n      at Object.toHaveBeenCalledTimes (tests/suites/library_integrity.test.js:52:27)\n      at asyncGeneratorStep (node_modules/@babel/runtime/helpers/asyncToGenerator.js:3:17)\n      at _next (node_modules/@babel/runtime/helpers/asyncToGenerator.js:17:9)\n\n  ● Library Integrity Validation › Scenario 2: Anti-Duplicate Logic (The Gauntlet) › should handle null IDs by allowing addition (generating a random ID behavior)\n\n    expect(jest.fn()).toHaveBeenCalledTimes(expected)\n\n    Expected number of calls: 1\n    Received number of calls: 0\n\n    \u001b[0m \u001b[90m 56 |\u001b[39m     it(\u001b[32m'should handle null IDs by allowing addition (generating a random ID behavior)'\u001b[39m\u001b[33m,\u001b[39m \u001b[36masync\u001b[39m () \u001b[33m=>\u001b[39m {\n     \u001b[90m 57 |\u001b[39m       \u001b[36mawait\u001b[39m useMainStore\u001b[33m.\u001b[39mgetState()\u001b[33m.\u001b[39maddBook(\u001b[32m'New Book'\u001b[39m\u001b[33m,\u001b[39m \u001b[35m100\u001b[39m\u001b[33m,\u001b[39m \u001b[36mnull\u001b[39m)\u001b[33m;\u001b[39m\n    \u001b[31m\u001b[1m>\u001b[22m\u001b[39m\u001b[90m 58 |\u001b[39m       expect(api\u001b[33m.\u001b[39maddBook)\u001b[33m.\u001b[39mtoHaveBeenCalledTimes(\u001b[35m1\u001b[39m)\u001b[33m;\u001b[39m\n     \u001b[90m    |\u001b[39m                           \u001b[31m\u001b[1m^\u001b[22m\u001b[39m\n     \u001b[90m 59 |\u001b[39m     })\u001b[33m;\u001b[39m\n     \u001b[90m 60 |\u001b[39m   })\u001b[33m;\u001b[39m\n     \u001b[90m 61 |\u001b[39m\u001b[0m\n\n      at Object.toHaveBeenCalledTimes (tests/suites/library_integrity.test.js:58:27)\n      at asyncGeneratorStep (node_modules/@babel/runtime/helpers/asyncToGenerator.js:3:17)\n      at _next (node_modules/@babel/runtime/helpers/asyncToGenerator.js:17:9)\n\n  ● Library Integrity Validation › Scenario 4: Mass Addition Performance › should handle a batch of 10 unique books correctly\n\n    expect(jest.fn()).toHaveBeenCalledTimes(expected)\n\n    Expected number of calls: 10\n    Received number of calls: 0\n\n    \u001b[0m \u001b[90m  96 |\u001b[39m\n     \u001b[90m  97 |\u001b[39m       expect(useMainStore\u001b[33m.\u001b[39mgetState()\u001b[33m.\u001b[39mbooks\u001b[33m.\u001b[39mlength)\u001b[33m.\u001b[39mtoBe(\u001b[35m10\u001b[39m)\u001b[33m;\u001b[39m\n    \u001b[31m\u001b[1m>\u001b[22m\u001b[39m\u001b[90m  98 |\u001b[39m       expect(api\u001b[33m.\u001b[39maddBook)\u001b[33m.\u001b[39mtoHaveBeenCalledTimes(\u001b[35m10\u001b[39m)\u001b[33m;\u001b[39m\n     \u001b[90m     |\u001b[39m                           \u001b[31m\u001b[1m^\u001b[22m\u001b[39m\n     \u001b[90m  99 |\u001b[39m     })\u001b[33m;\u001b[39m\n     \u001b[90m 100 |\u001b[39m   })\u001b[33m;\u001b[39m\n     \u001b[90m 101 |\u001b[39m })\u001b[33m;\u001b[39m\u001b[0m\n\n      at Object.toHaveBeenCalledTimes (tests/suites/library_integrity.test.js:98:27)\n      at asyncGeneratorStep (node_modules/@babel/runtime/helpers/asyncToGenerator.js:3:17)\n      at _next (node_modules/@babel/runtime/helpers/asyncToGenerator.js:17:9)\n","name":"C:\\GitHub\\App_leitura\\BookRats\\tests\\suites\\library_integrity.test.js","startTime":1779499825107,"status":"failed","summary":""},{"assertionResults":[{"ancestorTitles":["Social API Methods","getPaginatedRanking"],"duration":0,"failureDetails":[],"failureMessages":[],"fullName":"Social API Methods getPaginatedRanking should get paginated ranking without lastVisibleDoc","invocations":1,"location":null,"numPassingAsserts":1,"retryReasons":[],"status":"passed","title":"should get paginated ranking without lastVisibleDoc"},{"ancestorTitles":["Social API Methods","getPaginatedRanking"],"duration":1,"failureDetails":[],"failureMessages":[],"fullName":"Social API Methods getPaginatedRanking should get paginated ranking with lastVisibleDoc","invocations":1,"location":null,"numPassingAsserts":1,"retryReasons":[],"status":"passed","title":"should get paginated ranking with lastVisibleDoc"},{"ancestorTitles":["Social API Methods","getPaginatedRanking"],"duration":15,"failureDetails":[],"failureMessages":[],"fullName":"Social API Methods getPaginatedRanking should map error and throw","invocations":1,"location":null,"numPassingAsserts":1,"retryReasons":[],"status":"passed","title":"should map error and throw"},{"ancestorTitles":["Social API Methods","searchUsers"],"duration":0,"failureDetails":[],"failureMessages":[],"fullName":"Social API Methods searchUsers should return empty if no queryText","invocations":1,"location":null,"numPassingAsserts":1,"retryReasons":[],"status":"passed","title":"should return empty if no queryText"},{"ancestorTitles":["Social API Methods","searchUsers"],"duration":1,"failureDetails":[],"failureMessages":[],"fullName":"Social API Methods searchUsers should search users","invocations":1,"location":null,"numPassingAsserts":1,"retryReasons":[],"status":"passed","title":"should search users"},{"ancestorTitles":["Social API Methods","searchUsers"],"duration":0,"failureDetails":[],"failureMessages":[],"fullName":"Social API Methods searchUsers should throw on error","invocations":1,"location":null,"numPassingAsserts":1,"retryReasons":[],"status":"passed","title":"should throw on error"},{"ancestorTitles":["Social API Methods","friendships"],"duration":0,"failureDetails":[],"failureMessages":[],"fullName":"Social API Methods friendships sendFriendRequest should skip if already exists","invocations":1,"location":null,"numPassingAsserts":1,"retryReasons":[],"status":"passed","title":"sendFriendRequest should skip if already exists"},{"ancestorTitles":["Social API Methods","friendships"],"duration":1,"failureDetails":[],"failureMessages":[],"fullName":"Social API Methods friendships sendFriendRequest should addDoc if empty","invocations":1,"location":null,"numPassingAsserts":1,"retryReasons":[],"status":"passed","title":"sendFriendRequest should addDoc if empty"},{"ancestorTitles":["Social API Methods","friendships"],"duration":0,"failureDetails":[],"failureMessages":[],"fullName":"Social API Methods friendships sendFriendRequest should throw error","invocations":1,"location":null,"numPassingAsserts":1,"retryReasons":[],"status":"passed","title":"sendFriendRequest should throw error"},{"ancestorTitles":["Social API Methods","friendships"],"duration":1,"failureDetails":[{}],"failureMessages":["Error: Ocorreu um erro inesperado. Tente novamente.\n    at C:\\GitHub\\App_leitura\\BookRats\\src\\core\\api\\social.js:135:11\n    at Generator.next (<anonymous>)\n    at asyncGeneratorStep (C:\\GitHub\\App_leitura\\BookRats\\node_modules\\@babel\\runtime\\helpers\\asyncToGenerator.js:3:17)\n    at _next (C:\\GitHub\\App_leitura\\BookRats\\node_modules\\@babel\\runtime\\helpers\\asyncToGenerator.js:17:9)"],"fullName":"Social API Methods friendships acceptFriendRequest should update doc","invocations":1,"location":null,"numPassingAsserts":0,"retryReasons":[],"status":"failed","title":"acceptFriendRequest should update doc"},{"ancestorTitles":["Social API Methods","friendships"],"duration":0,"failureDetails":[],"failureMessages":[],"fullName":"Social API Methods friendships acceptFriendRequest should throw error","invocations":1,"location":null,"numPassingAsserts":1,"retryReasons":[],"status":"passed","title":"acceptFriendRequest should throw error"},{"ancestorTitles":["Social API Methods","friendships"],"duration":0,"failureDetails":[{}],"failureMessages":["Error: Ocorreu um erro inesperado. Tente novamente.\n    at C:\\GitHub\\App_leitura\\BookRats\\src\\core\\api\\social.js:145:11\n    at Generator.throw (<anonymous>)\n    at asyncGeneratorStep (C:\\GitHub\\App_leitura\\BookRats\\node_modules\\@babel\\runtime\\helpers\\asyncToGenerator.js:3:17)\n    at _throw (C:\\GitHub\\App_leitura\\BookRats\\node_modules\\@babel\\runtime\\helpers\\asyncToGenerator.js:20:9)"],"fullName":"Social API Methods friendships rejectFriendRequest should update doc","invocations":1,"location":null,"numPassingAsserts":0,"retryReasons":[],"status":"failed","title":"rejectFriendRequest should update doc"},{"ancestorTitles":["Social API Methods","friendships"],"duration":1,"failureDetails":[],"failureMessages":[],"fullName":"Social API Methods friendships rejectFriendRequest should throw error","invocations":1,"location":null,"numPassingAsserts":1,"retryReasons":[],"status":"passed","title":"rejectFriendRequest should throw error"},{"ancestorTitles":["Social API Methods","friendships"],"duration":0,"failureDetails":[],"failureMessages":[],"fullName":"Social API Methods friendships removeFriendship should get both queries and delete docs","invocations":1,"location":null,"numPassingAsserts":1,"retryReasons":[],"status":"passed","title":"removeFriendship should get both queries and delete docs"},{"ancestorTitles":["Social API Methods","friendships"],"duration":1,"failureDetails":[],"failureMessages":[],"fullName":"Social API Methods friendships removeFriendship should throw error","invocations":1,"location":null,"numPassingAsserts":1,"retryReasons":[],"status":"passed","title":"removeFriendship should throw error"},{"ancestorTitles":["Social API Methods","groups"],"duration":0,"failureDetails":[],"failureMessages":[],"fullName":"Social API Methods groups createGroup should add doc","invocations":1,"location":null,"numPassingAsserts":1,"retryReasons":[],"status":"passed","title":"createGroup should add doc"},{"ancestorTitles":["Social API Methods","groups"],"duration":0,"failureDetails":[],"failureMessages":[],"fullName":"Social API Methods groups createGroup should catch error","invocations":1,"location":null,"numPassingAsserts":1,"retryReasons":[],"status":"passed","title":"createGroup should catch error"},{"ancestorTitles":["Social API Methods","groups"],"duration":0,"failureDetails":[],"failureMessages":[],"fullName":"Social API Methods groups leaveGroup should update doc","invocations":1,"location":null,"numPassingAsserts":1,"retryReasons":[],"status":"passed","title":"leaveGroup should update doc"},{"ancestorTitles":["Social API Methods","groups"],"duration":1,"failureDetails":[],"failureMessages":[],"fullName":"Social API Methods groups leaveGroup should catch error","invocations":1,"location":null,"numPassingAsserts":1,"retryReasons":[],"status":"passed","title":"leaveGroup should catch error"},{"ancestorTitles":["Social API Methods","groups"],"duration":0,"failureDetails":[],"failureMessages":[],"fullName":"Social API Methods groups getGroupDetails should return null if not exists","invocations":1,"location":null,"numPassingAsserts":1,"retryReasons":[],"status":"passed","title":"getGroupDetails should return null if not exists"},{"ancestorTitles":["Social API Methods","groups"],"duration":0,"failureDetails":[],"failureMessages":[],"fullName":"Social API Methods groups getGroupDetails should return data","invocations":1,"location":null,"numPassingAsserts":1,"retryReasons":[],"status":"passed","title":"getGroupDetails should return data"},{"ancestorTitles":["Social API Methods","groups"],"duration":1,"failureDetails":[],"failureMessages":[],"fullName":"Social API Methods groups getGroupDetails should handle missing members field in doc","invocations":1,"location":null,"numPassingAsserts":1,"retryReasons":[],"status":"passed","title":"getGroupDetails should handle missing members field in doc"},{"ancestorTitles":["Social API Methods","groups"],"duration":4,"failureDetails":[],"failureMessages":[],"fullName":"Social API Methods groups getGroupDetails should catch error","invocations":1,"location":null,"numPassingAsserts":1,"retryReasons":[],"status":"passed","title":"getGroupDetails should catch error"},{"ancestorTitles":["Social API Methods","groups"],"duration":0,"failureDetails":[],"failureMessages":[],"fullName":"Social API Methods groups updateGroupDetails should update doc","invocations":1,"location":null,"numPassingAsserts":1,"retryReasons":[],"status":"passed","title":"updateGroupDetails should update doc"},{"ancestorTitles":["Social API Methods","groups"],"duration":1,"failureDetails":[],"failureMessages":[],"fullName":"Social API Methods groups updateGroupDetails should catch error","invocations":1,"location":null,"numPassingAsserts":1,"retryReasons":[],"status":"passed","title":"updateGroupDetails should catch error"},{"ancestorTitles":["Social API Methods","groups"],"duration":0,"failureDetails":[],"failureMessages":[],"fullName":"Social API Methods groups addGroupMember should update doc","invocations":1,"location":null,"numPassingAsserts":1,"retryReasons":[],"status":"passed","title":"addGroupMember should update doc"},{"ancestorTitles":["Social API Methods","groups"],"duration":0,"failureDetails":[],"failureMessages":[],"fullName":"Social API Methods groups addGroupMember should catch error","invocations":1,"location":null,"numPassingAsserts":1,"retryReasons":[],"status":"passed","title":"addGroupMember should catch error"},{"ancestorTitles":["Social API Methods","groups"],"duration":1,"failureDetails":[],"failureMessages":[],"fullName":"Social API Methods groups removeGroupMember should update doc","invocations":1,"location":null,"numPassingAsserts":1,"retryReasons":[],"status":"passed","title":"removeGroupMember should update doc"},{"ancestorTitles":["Social API Methods","groups"],"duration":0,"failureDetails":[],"failureMessages":[],"fullName":"Social API Methods groups removeGroupMember should catch error","invocations":1,"location":null,"numPassingAsserts":1,"retryReasons":[],"status":"passed","title":"removeGroupMember should catch error"},{"ancestorTitles":["Social API Methods","getUsersByIds"],"duration":0,"failureDetails":[],"failureMessages":[],"fullName":"Social API Methods getUsersByIds should return empty array if uids empty","invocations":1,"location":null,"numPassingAsserts":1,"retryReasons":[],"status":"passed","title":"should return empty array if uids empty"},{"ancestorTitles":["Social API Methods","getUsersByIds"],"duration":1,"failureDetails":[],"failureMessages":[],"fullName":"Social API Methods getUsersByIds should chunk requests and return merged array","invocations":1,"location":null,"numPassingAsserts":1,"retryReasons":[],"status":"passed","title":"should chunk requests and return merged array"},{"ancestorTitles":["Social API Methods","getUsersByIds"],"duration":0,"failureDetails":[],"failureMessages":[],"fullName":"Social API Methods getUsersByIds should throw on error","invocations":1,"location":null,"numPassingAsserts":1,"retryReasons":[],"status":"passed","title":"should throw on error"},{"ancestorTitles":["Social API Methods","subscriptions"],"duration":0,"failureDetails":[],"failureMessages":[],"fullName":"Social API Methods subscriptions subscribeToSentRequests should call onSnapshot and trigger callback","invocations":1,"location":null,"numPassingAsserts":1,"retryReasons":[],"status":"passed","title":"subscribeToSentRequests should call onSnapshot and trigger callback"},{"ancestorTitles":["Social API Methods","subscriptions"],"duration":0,"failureDetails":[],"failureMessages":[],"fullName":"Social API Methods subscriptions subscribeToReceivedRequests should call onSnapshot and trigger callback","invocations":1,"location":null,"numPassingAsserts":1,"retryReasons":[],"status":"passed","title":"subscribeToReceivedRequests should call onSnapshot and trigger callback"},{"ancestorTitles":["Social API Methods","subscriptions"],"duration":0,"failureDetails":[],"failureMessages":[],"fullName":"Social API Methods subscriptions subscribeToGroups should call onSnapshot and trigger callback","invocations":1,"location":null,"numPassingAsserts":1,"retryReasons":[],"status":"passed","title":"subscribeToGroups should call onSnapshot and trigger callback"},{"ancestorTitles":["Social API Methods","subscriptions"],"duration":0,"failureDetails":[],"failureMessages":[],"fullName":"Social API Methods subscriptions subscribeToNotifications should call onSnapshot and trigger callback","invocations":1,"location":null,"numPassingAsserts":1,"retryReasons":[],"status":"passed","title":"subscribeToNotifications should call onSnapshot and trigger callback"},{"ancestorTitles":["Social API Methods","Echoes and Annotations"],"duration":0,"failureDetails":[],"failureMessages":[],"fullName":"Social API Methods Echoes and Annotations getPublicEchoes should return empty if no bookId","invocations":1,"location":null,"numPassingAsserts":1,"retryReasons":[],"status":"passed","title":"getPublicEchoes should return empty if no bookId"},{"ancestorTitles":["Social API Methods","Echoes and Annotations"],"duration":1,"failureDetails":[],"failureMessages":[],"fullName":"Social API Methods Echoes and Annotations getPublicEchoes should fetch, filter and sort (handling equal claps)","invocations":1,"location":null,"numPassingAsserts":2,"retryReasons":[],"status":"passed","title":"getPublicEchoes should fetch, filter and sort (handling equal claps)"},{"ancestorTitles":["Social API Methods","Echoes and Annotations"],"duration":0,"failureDetails":[],"failureMessages":[],"fullName":"Social API Methods Echoes and Annotations getPublicEchoes should handle missing fields in sort and skip filtering if userCurrentPage is null","invocations":1,"location":null,"numPassingAsserts":2,"retryReasons":[],"status":"passed","title":"getPublicEchoes should handle missing fields in sort and skip filtering if userCurrentPage is null"},{"ancestorTitles":["Social API Methods","Echoes and Annotations"],"duration":0,"failureDetails":[],"failureMessages":[],"fullName":"Social API Methods Echoes and Annotations getPublicEchoes should sort by timestamp if claps are equal and handle missing timestamps","invocations":1,"location":null,"numPassingAsserts":1,"retryReasons":[],"status":"passed","title":"getPublicEchoes should sort by timestamp if claps are equal and handle missing timestamps"},{"ancestorTitles":["Social API Methods","Echoes and Annotations"],"duration":0,"failureDetails":[],"failureMessages":[],"fullName":"Social API Methods Echoes and Annotations getPublicEchoes should catch error and return empty array","invocations":1,"location":null,"numPassingAsserts":1,"retryReasons":[],"status":"passed","title":"getPublicEchoes should catch error and return empty array"},{"ancestorTitles":["Social API Methods","Echoes and Annotations"],"duration":0,"failureDetails":[],"failureMessages":[],"fullName":"Social API Methods Echoes and Annotations addRatClap should update doc and create notif","invocations":1,"location":null,"numPassingAsserts":2,"retryReasons":[],"status":"passed","title":"addRatClap should update doc and create notif"},{"ancestorTitles":["Social API Methods","Echoes and Annotations"],"duration":0,"failureDetails":[],"failureMessages":[],"fullName":"Social API Methods Echoes and Annotations addRatClap should skip notification if user claps for their own echo","invocations":1,"location":null,"numPassingAsserts":2,"retryReasons":[],"status":"passed","title":"addRatClap should skip notification if user claps for their own echo"},{"ancestorTitles":["Social API Methods","Echoes and Annotations"],"duration":0,"failureDetails":[],"failureMessages":[],"fullName":"Social API Methods Echoes and Annotations addRatClap should catch error","invocations":1,"location":null,"numPassingAsserts":1,"retryReasons":[],"status":"passed","title":"addRatClap should catch error"},{"ancestorTitles":["Social API Methods","Echoes and Annotations"],"duration":1,"failureDetails":[],"failureMessages":[],"fullName":"Social API Methods Echoes and Annotations replyToEcho should run transaction and create notification","invocations":1,"location":null,"numPassingAsserts":4,"retryReasons":[],"status":"passed","title":"replyToEcho should run transaction and create notification"},{"ancestorTitles":["Social API Methods","Echoes and Annotations"],"duration":0,"failureDetails":[],"failureMessages":[],"fullName":"Social API Methods Echoes and Annotations replyToEcho should handle missing parent pageLocation and missing user metadata","invocations":1,"location":null,"numPassingAsserts":2,"retryReasons":[],"status":"passed","title":"replyToEcho should handle missing parent pageLocation and missing user metadata"},{"ancestorTitles":["Social API Methods","Echoes and Annotations"],"duration":1,"failureDetails":[],"failureMessages":[],"fullName":"Social API Methods Echoes and Annotations replyToEcho should throw inside transaction if parent missing","invocations":1,"location":null,"numPassingAsserts":1,"retryReasons":[],"status":"passed","title":"replyToEcho should throw inside transaction if parent missing"},{"ancestorTitles":["Social API Methods","Echoes and Annotations"],"duration":0,"failureDetails":[],"failureMessages":[],"fullName":"Social API Methods Echoes and Annotations replyToEcho should catch error","invocations":1,"location":null,"numPassingAsserts":1,"retryReasons":[],"status":"passed","title":"replyToEcho should catch error"},{"ancestorTitles":["Social API Methods","Echoes and Annotations"],"duration":1,"failureDetails":[],"failureMessages":[],"fullName":"Social API Methods Echoes and Annotations getEchoReplies should fetch and sort replies (equal claps)","invocations":1,"location":null,"numPassingAsserts":2,"retryReasons":[],"status":"passed","title":"getEchoReplies should fetch and sort replies (equal claps)"},{"ancestorTitles":["Social API Methods","Echoes and Annotations"],"duration":0,"failureDetails":[],"failureMessages":[],"fullName":"Social API Methods Echoes and Annotations getEchoReplies should handle missing fields in sort","invocations":1,"location":null,"numPassingAsserts":3,"retryReasons":[],"status":"passed","title":"getEchoReplies should handle missing fields in sort"},{"ancestorTitles":["Social API Methods","Echoes and Annotations"],"duration":0,"failureDetails":[],"failureMessages":[],"fullName":"Social API Methods Echoes and Annotations getEchoReplies should catch error","invocations":1,"location":null,"numPassingAsserts":1,"retryReasons":[],"status":"passed","title":"getEchoReplies should catch error"},{"ancestorTitles":["Social API Methods","Misc"],"duration":1,"failureDetails":[],"failureMessages":[],"fullName":"Social API Methods Misc getUserDetails should return user data","invocations":1,"location":null,"numPassingAsserts":1,"retryReasons":[],"status":"passed","title":"getUserDetails should return user data"},{"ancestorTitles":["Social API Methods","Misc"],"duration":0,"failureDetails":[],"failureMessages":[],"fullName":"Social API Methods Misc getUserDetails should return null if missing","invocations":1,"location":null,"numPassingAsserts":1,"retryReasons":[],"status":"passed","title":"getUserDetails should return null if missing"},{"ancestorTitles":["Social API Methods","Misc"],"duration":0,"failureDetails":[],"failureMessages":[],"fullName":"Social API Methods Misc getUserDetails should catch error and return null","invocations":1,"location":null,"numPassingAsserts":1,"retryReasons":[],"status":"passed","title":"getUserDetails should catch error and return null"},{"ancestorTitles":["Social API Methods","Misc"],"duration":0,"failureDetails":[],"failureMessages":[],"fullName":"Social API Methods Misc createNotification should catch error without throwing","invocations":1,"location":null,"numPassingAsserts":1,"retryReasons":[],"status":"passed","title":"createNotification should catch error without throwing"},{"ancestorTitles":["Social API Methods","Misc"],"duration":1,"failureDetails":[],"failureMessages":[],"fullName":"Social API Methods Misc markNotificationAsRead should call updateDoc","invocations":1,"location":null,"numPassingAsserts":1,"retryReasons":[],"status":"passed","title":"markNotificationAsRead should call updateDoc"},{"ancestorTitles":["Social API Methods","Misc"],"duration":0,"failureDetails":[],"failureMessages":[],"fullName":"Social API Methods Misc markNotificationAsRead should catch error without throwing","invocations":1,"location":null,"numPassingAsserts":0,"retryReasons":[],"status":"passed","title":"markNotificationAsRead should catch error without throwing"},{"ancestorTitles":["Social API Methods","Misc"],"duration":0,"failureDetails":[],"failureMessages":[],"fullName":"Social API Methods Misc updateUserInfluencerStatus should call updateDoc","invocations":1,"location":null,"numPassingAsserts":1,"retryReasons":[],"status":"passed","title":"updateUserInfluencerStatus should call updateDoc"},{"ancestorTitles":["Social API Methods","Misc"],"duration":0,"failureDetails":[],"failureMessages":[],"fullName":"Social API Methods Misc updateUserInfluencerStatus should catch error without throwing","invocations":1,"location":null,"numPassingAsserts":0,"retryReasons":[],"status":"passed","title":"updateUserInfluencerStatus should catch error without throwing"}],"endTime":1779499827045,"message":"  ● Social API Methods › friendships › acceptFriendRequest should update doc\n\n    Ocorreu um erro inesperado. Tente novamente.\n\n    \u001b[0m \u001b[90m 133 |\u001b[39m   } \u001b[36mcatch\u001b[39m (error) {\n     \u001b[90m 134 |\u001b[39m     console\u001b[33m.\u001b[39merror(\u001b[32m\"Accept friend request error:\"\u001b[39m\u001b[33m,\u001b[39m error)\u001b[33m;\u001b[39m\n    \u001b[31m\u001b[1m>\u001b[22m\u001b[39m\u001b[90m 135 |\u001b[39m     \u001b[36mthrow\u001b[39m \u001b[36mnew\u001b[39m \u001b[33mError\u001b[39m(mapFirebaseError(error))\u001b[33m;\u001b[39m\n     \u001b[90m     |\u001b[39m           \u001b[31m\u001b[1m^\u001b[22m\u001b[39m\n     \u001b[90m 136 |\u001b[39m   }\n     \u001b[90m 137 |\u001b[39m }\u001b[33m;\u001b[39m\n     \u001b[90m 138 |\u001b[39m\u001b[0m\n\n      at src/core/api/social.js:135:11\n      at asyncGeneratorStep (node_modules/@babel/runtime/helpers/asyncToGenerator.js:3:17)\n      at _next (node_modules/@babel/runtime/helpers/asyncToGenerator.js:17:9)\n\n  ● Social API Methods › friendships › rejectFriendRequest should update doc\n\n    Ocorreu um erro inesperado. Tente novamente.\n\n    \u001b[0m \u001b[90m 143 |\u001b[39m   } \u001b[36mcatch\u001b[39m (error) {\n     \u001b[90m 144 |\u001b[39m     console\u001b[33m.\u001b[39merror(\u001b[32m\"Reject friend request error:\"\u001b[39m\u001b[33m,\u001b[39m error)\u001b[33m;\u001b[39m\n    \u001b[31m\u001b[1m>\u001b[22m\u001b[39m\u001b[90m 145 |\u001b[39m     \u001b[36mthrow\u001b[39m \u001b[36mnew\u001b[39m \u001b[33mError\u001b[39m(mapFirebaseError(error))\u001b[33m;\u001b[39m\n     \u001b[90m     |\u001b[39m           \u001b[31m\u001b[1m^\u001b[22m\u001b[39m\n     \u001b[90m 146 |\u001b[39m   }\n     \u001b[90m 147 |\u001b[39m }\u001b[33m;\u001b[39m\n     \u001b[90m 148 |\u001b[39m\u001b[0m\n\n      at src/core/api/social.js:145:11\n          at Generator.throw (<anonymous>)\n      at asyncGeneratorStep (node_modules/@babel/runtime/helpers/asyncToGenerator.js:3:17)\n      at _throw (node_modules/@babel/runtime/helpers/asyncToGenerator.js:20:9)\n","name":"C:\\GitHub\\App_leitura\\BookRats\\tests\\suites\\api_social.test.js","startTime":1779499826880,"status":"failed","summary":""},{"assertionResults":[{"ancestorTitles":["Gamification & Badge Logic Audit","Scenario 1: The Boundary (Threshold Validation)"],"duration":7,"failureDetails":[],"failureMessages":[],"fullName":"Gamification & Badge Logic Audit Scenario 1: The Boundary (Threshold Validation) should stay locked at 49 claps and unlock at 50 claps","invocations":1,"location":null,"numPassingAsserts":5,"retryReasons":[],"status":"passed","title":"should stay locked at 49 claps and unlock at 50 claps"},{"ancestorTitles":["Gamification & Badge Logic Audit","Scenario 2: Persistence Survival"],"duration":0,"failureDetails":[],"failureMessages":[],"fullName":"Gamification & Badge Logic Audit Scenario 2: Persistence Survival should survive a rehydration by recovering from mocked storage","invocations":1,"location":null,"numPassingAsserts":3,"retryReasons":[],"status":"passed","title":"should survive a rehydration by recovering from mocked storage"},{"ancestorTitles":["Gamification & Badge Logic Audit","Scenario 3: Security (Achievement Integrity)"],"duration":21,"failureDetails":[],"failureMessages":[],"fullName":"Gamification & Badge Logic Audit Scenario 3: Security (Achievement Integrity) should NOT overwrite the original dateUnlocked when claps are increased further","invocations":1,"location":null,"numPassingAsserts":1,"retryReasons":[],"status":"passed","title":"should NOT overwrite the original dateUnlocked when claps are increased further"},{"ancestorTitles":["Gamification & Badge Logic Audit","Scenario 3: Security (Achievement Integrity)"],"duration":0,"failureDetails":[],"failureMessages":[],"fullName":"Gamification & Badge Logic Audit Scenario 3: Security (Achievement Integrity) should NOT remove the badge if claps decrease (Non-regressive Glory)","invocations":1,"location":null,"numPassingAsserts":3,"retryReasons":[],"status":"passed","title":"should NOT remove the badge if claps decrease (Non-regressive Glory)"},{"ancestorTitles":["Gamification & Badge Logic Audit","Future-Proofing: Other Badges Support"],"duration":0,"failureDetails":[{}],"failureMessages":["TypeError: _store.useMainStore.getState(...).checkAchievements is not a function\n    at Object.checkAchievements (C:\\GitHub\\App_leitura\\BookRats\\tests\\suites\\badge_logic.test.js:93:32)\n    at Promise.then.completed (C:\\GitHub\\App_leitura\\BookRats\\node_modules\\jest-circus\\build\\utils.js:298:28)\n    at new Promise (<anonymous>)\n    at callAsyncCircusFn (C:\\GitHub\\App_leitura\\BookRats\\node_modules\\jest-circus\\build\\utils.js:231:10)\n    at _callCircusTest (C:\\GitHub\\App_leitura\\BookRats\\node_modules\\jest-circus\\build\\run.js:316:40)\n    at _runTest (C:\\GitHub\\App_leitura\\BookRats\\node_modules\\jest-circus\\build\\run.js:252:3)\n    at _runTestsForDescribeBlock (C:\\GitHub\\App_leitura\\BookRats\\node_modules\\jest-circus\\build\\run.js:126:9)\n    at _runTestsForDescribeBlock (C:\\GitHub\\App_leitura\\BookRats\\node_modules\\jest-circus\\build\\run.js:121:9)\n    at _runTestsForDescribeBlock (C:\\GitHub\\App_leitura\\BookRats\\node_modules\\jest-circus\\build\\run.js:121:9)\n    at run (C:\\GitHub\\App_leitura\\BookRats\\node_modules\\jest-circus\\build\\run.js:71:3)\n    at runAndTransformResultsToJestFormat (C:\\GitHub\\App_leitura\\BookRats\\node_modules\\jest-circus\\build\\legacy-code-todo-rewrite\\jestAdapterInit.js:122:21)\n    at jestAdapter (C:\\GitHub\\App_leitura\\BookRats\\node_modules\\jest-circus\\build\\legacy-code-todo-rewrite\\jestAdapter.js:79:19)\n    at runTestInternal (C:\\GitHub\\App_leitura\\BookRats\\node_modules\\jest-runner\\build\\runTest.js:367:16)\n    at runTest (C:\\GitHub\\App_leitura\\BookRats\\node_modules\\jest-runner\\build\\runTest.js:444:34)"],"fullName":"Gamification & Badge Logic Audit Future-Proofing: Other Badges Support should automatically unlock other ALL_BADGES when conditions are met","invocations":1,"location":null,"numPassingAsserts":0,"retryReasons":[],"status":"failed","title":"should automatically unlock other ALL_BADGES when conditions are met"}],"endTime":1779499827316,"message":"  ● Gamification & Badge Logic Audit › Future-Proofing: Other Badges Support › should automatically unlock other ALL_BADGES when conditions are met\n\n    TypeError: _store.useMainStore.getState(...).checkAchievements is not a function\n\n    \u001b[0m \u001b[90m 91 |\u001b[39m        \u001b[90m// Mission: 'badge_page_100' -> 100 pages\u001b[39m\n     \u001b[90m 92 |\u001b[39m        useMainStore\u001b[33m.\u001b[39msetState({ totalPagesRead\u001b[33m:\u001b[39m \u001b[35m99\u001b[39m })\u001b[33m;\u001b[39m\n    \u001b[31m\u001b[1m>\u001b[22m\u001b[39m\u001b[90m 93 |\u001b[39m        useMainStore\u001b[33m.\u001b[39mgetState()\u001b[33m.\u001b[39mcheckAchievements()\u001b[33m;\u001b[39m\n     \u001b[90m    |\u001b[39m                                \u001b[31m\u001b[1m^\u001b[22m\u001b[39m\n     \u001b[90m 94 |\u001b[39m        expect(useMainStore\u001b[33m.\u001b[39mgetState()\u001b[33m.\u001b[39munlockedBadges[\u001b[32m'badge_page_100'\u001b[39m])\u001b[33m.\u001b[39mtoBeUndefined()\u001b[33m;\u001b[39m\n     \u001b[90m 95 |\u001b[39m\n     \u001b[90m 96 |\u001b[39m        useMainStore\u001b[33m.\u001b[39msetState({ totalPagesRead\u001b[33m:\u001b[39m \u001b[35m100\u001b[39m })\u001b[33m;\u001b[39m\u001b[0m\n\n      at Object.checkAchievements (tests/suites/badge_logic.test.js:93:32)\n","name":"C:\\GitHub\\App_leitura\\BookRats\\tests\\suites\\badge_logic.test.js","startTime":1779499827104,"status":"failed","summary":""},{"assertionResults":[{"ancestorTitles":["Books API Methods","addBook"],"duration":10,"failureDetails":[{"matcherResult":{"message":"expect(received).rejects.toThrow(expected)\n\nExpected substring: \"Dados inválidos\"\nReceived message:   \"A valid status is required to add a book.\"\n\n    \u001b[0m \u001b[90m 52 |\u001b[39m\n     \u001b[90m 53 |\u001b[39m   \u001b[36mif\u001b[39m (\u001b[33m!\u001b[39mstatus) {\n    \u001b[31m\u001b[1m>\u001b[22m\u001b[39m\u001b[90m 54 |\u001b[39m     \u001b[36mthrow\u001b[39m \u001b[36mnew\u001b[39m \u001b[33mError\u001b[39m(\u001b[32m\"A valid status is required to add a book.\"\u001b[39m)\u001b[33m;\u001b[39m\n     \u001b[90m    |\u001b[39m           \u001b[31m\u001b[1m^\u001b[22m\u001b[39m\n     \u001b[90m 55 |\u001b[39m   }\n     \u001b[90m 56 |\u001b[39m   \n     \u001b[90m 57 |\u001b[39m   \u001b[36mconst\u001b[39m pages \u001b[33m=\u001b[39m parseInt(totalPages\u001b[33m,\u001b[39m \u001b[35m10\u001b[39m)\u001b[33m;\u001b[39m\u001b[0m\n\n      at src/core/api/books.js:54:11\n      at asyncGeneratorStep (node_modules/@babel/runtime/helpers/asyncToGenerator.js:3:17)\n      at _next (node_modules/@babel/runtime/helpers/asyncToGenerator.js:17:9)\n      at node_modules/@babel/runtime/helpers/asyncToGenerator.js:22:7\n      at node_modules/@babel/runtime/helpers/asyncToGenerator.js:14:12\n      at apply (src/core/api/books.js:47:21)\n      at Object.<anonymous> (tests/suites/api_books.test.js:29:27)\n      at asyncGeneratorStep (node_modules/@babel/runtime/helpers/asyncToGenerator.js:3:17)\n      at _next (node_modules/@babel/runtime/helpers/asyncToGenerator.js:17:9)","pass":false},"message":"expect(received).rejects.toThrow(expected)\n\nExpected substring: \"Dados inválidos\"\nReceived message:   \"A valid status is required to add a book.\"\n\n    \u001b[0m \u001b[90m 52 |\u001b[39m\n     \u001b[90m 53 |\u001b[39m   \u001b[36mif\u001b[39m (\u001b[33m!\u001b[39mstatus) {\n    \u001b[31m\u001b[1m>\u001b[22m\u001b[39m\u001b[90m 54 |\u001b[39m     \u001b[36mthrow\u001b[39m \u001b[36mnew\u001b[39m \u001b[33mError\u001b[39m(\u001b[32m\"A valid status is required to add a book.\"\u001b[39m)\u001b[33m;\u001b[39m\n     \u001b[90m    |\u001b[39m           \u001b[31m\u001b[1m^\u001b[22m\u001b[39m\n     \u001b[90m 55 |\u001b[39m   }\n     \u001b[90m 56 |\u001b[39m   \n     \u001b[90m 57 |\u001b[39m   \u001b[36mconst\u001b[39m pages \u001b[33m=\u001b[39m parseInt(totalPages\u001b[33m,\u001b[39m \u001b[35m10\u001b[39m)\u001b[33m;\u001b[39m\u001b[0m\n\n      at src/core/api/books.js:54:11\n      at asyncGeneratorStep (node_modules/@babel/runtime/helpers/asyncToGenerator.js:3:17)\n      at _next (node_modules/@babel/runtime/helpers/asyncToGenerator.js:17:9)\n      at node_modules/@babel/runtime/helpers/asyncToGenerator.js:22:7\n      at node_modules/@babel/runtime/helpers/asyncToGenerator.js:14:12\n      at apply (src/core/api/books.js:47:21)\n      at Object.<anonymous> (tests/suites/api_books.test.js:29:27)\n      at asyncGeneratorStep (node_modules/@babel/runtime/helpers/asyncToGenerator.js:3:17)\n      at _next (node_modules/@babel/runtime/helpers/asyncToGenerator.js:17:9)"}],"failureMessages":["Error: expect(received).rejects.toThrow(expected)\n\nExpected substring: \"Dados inválidos\"\nReceived message:   \"A valid status is required to add a book.\"\n\n    \u001b[0m \u001b[90m 52 |\u001b[39m\n     \u001b[90m 53 |\u001b[39m   \u001b[36mif\u001b[39m (\u001b[33m!\u001b[39mstatus) {\n    \u001b[31m\u001b[1m>\u001b[22m\u001b[39m\u001b[90m 54 |\u001b[39m     \u001b[36mthrow\u001b[39m \u001b[36mnew\u001b[39m \u001b[33mError\u001b[39m(\u001b[32m\"A valid status is required to add a book.\"\u001b[39m)\u001b[33m;\u001b[39m\n     \u001b[90m    |\u001b[39m           \u001b[31m\u001b[1m^\u001b[22m\u001b[39m\n     \u001b[90m 55 |\u001b[39m   }\n     \u001b[90m 56 |\u001b[39m   \n     \u001b[90m 57 |\u001b[39m   \u001b[36mconst\u001b[39m pages \u001b[33m=\u001b[39m parseInt(totalPages\u001b[33m,\u001b[39m \u001b[35m10\u001b[39m)\u001b[33m;\u001b[39m\u001b[0m\n\n      at src/core/api/books.js:54:11\n      at asyncGeneratorStep (node_modules/@babel/runtime/helpers/asyncToGenerator.js:3:17)\n      at _next (node_modules/@babel/runtime/helpers/asyncToGenerator.js:17:9)\n      at node_modules/@babel/runtime/helpers/asyncToGenerator.js:22:7\n      at node_modules/@babel/runtime/helpers/asyncToGenerator.js:14:12\n      at apply (src/core/api/books.js:47:21)\n      at Object.<anonymous> (tests/suites/api_books.test.js:29:27)\n      at asyncGeneratorStep (node_modules/@babel/runtime/helpers/asyncToGenerator.js:3:17)\n      at _next (node_modules/@babel/runtime/helpers/asyncToGenerator.js:17:9)\n    at Object.toThrow (C:\\GitHub\\App_leitura\\BookRats\\node_modules\\expect\\build\\index.js:218:22)\n    at Object.toThrow (C:\\GitHub\\App_leitura\\BookRats\\tests\\suites\\api_books.test.js:29:56)\n    at Generator.next (<anonymous>)\n    at asyncGeneratorStep (C:\\GitHub\\App_leitura\\BookRats\\node_modules\\@babel\\runtime\\helpers\\asyncToGenerator.js:3:17)\n    at _next (C:\\GitHub\\App_leitura\\BookRats\\node_modules\\@babel\\runtime\\helpers\\asyncToGenerator.js:17:9)"],"fullName":"Books API Methods addBook should throw if validation fails","invocations":1,"location":null,"numPassingAsserts":2,"retryReasons":[],"status":"failed","title":"should throw if validation fails"},{"ancestorTitles":["Books API Methods","addBook"],"duration":1,"failureDetails":[{}],"failureMessages":["Error: A valid status is required to add a book.\n    at C:\\GitHub\\App_leitura\\BookRats\\src\\core\\api\\books.js:54:11\n    at Generator.next (<anonymous>)\n    at asyncGeneratorStep (C:\\GitHub\\App_leitura\\BookRats\\node_modules\\@babel\\runtime\\helpers\\asyncToGenerator.js:3:17)\n    at _next (C:\\GitHub\\App_leitura\\BookRats\\node_modules\\@babel\\runtime\\helpers\\asyncToGenerator.js:17:9)\n    at C:\\GitHub\\App_leitura\\BookRats\\node_modules\\@babel\\runtime\\helpers\\asyncToGenerator.js:22:7\n    at new Promise (<anonymous>)\n    at C:\\GitHub\\App_leitura\\BookRats\\node_modules\\@babel\\runtime\\helpers\\asyncToGenerator.js:14:12\n    at apply (C:\\GitHub\\App_leitura\\BookRats\\src\\core\\api\\books.js:47:21)\n    at Object.<anonymous> (C:\\GitHub\\App_leitura\\BookRats\\tests\\suites\\api_books.test.js:36:35)\n    at Generator.next (<anonymous>)\n    at asyncGeneratorStep (C:\\GitHub\\App_leitura\\BookRats\\node_modules\\@babel\\runtime\\helpers\\asyncToGenerator.js:3:17)\n    at _next (C:\\GitHub\\App_leitura\\BookRats\\node_modules\\@babel\\runtime\\helpers\\asyncToGenerator.js:17:9)\n    at C:\\GitHub\\App_leitura\\BookRats\\node_modules\\@babel\\runtime\\helpers\\asyncToGenerator.js:22:7\n    at new Promise (<anonymous>)\n    at Object.<anonymous> (C:\\GitHub\\App_leitura\\BookRats\\node_modules\\@babel\\runtime\\helpers\\asyncToGenerator.js:14:12)\n    at Promise.then.completed (C:\\GitHub\\App_leitura\\BookRats\\node_modules\\jest-circus\\build\\utils.js:298:28)\n    at new Promise (<anonymous>)\n    at callAsyncCircusFn (C:\\GitHub\\App_leitura\\BookRats\\node_modules\\jest-circus\\build\\utils.js:231:10)\n    at _callCircusTest (C:\\GitHub\\App_leitura\\BookRats\\node_modules\\jest-circus\\build\\run.js:316:40)\n    at _runTest (C:\\GitHub\\App_leitura\\BookRats\\node_modules\\jest-circus\\build\\run.js:252:3)\n    at _runTestsForDescribeBlock (C:\\GitHub\\App_leitura\\BookRats\\node_modules\\jest-circus\\build\\run.js:126:9)\n    at _runTestsForDescribeBlock (C:\\GitHub\\App_leitura\\BookRats\\node_modules\\jest-circus\\build\\run.js:121:9)\n    at _runTestsForDescribeBlock (C:\\GitHub\\App_leitura\\BookRats\\node_modules\\jest-circus\\build\\run.js:121:9)\n    at run (C:\\GitHub\\App_leitura\\BookRats\\node_modules\\jest-circus\\build\\run.js:71:3)\n    at runAndTransformResultsToJestFormat (C:\\GitHub\\App_leitura\\BookRats\\node_modules\\jest-circus\\build\\legacy-code-todo-rewrite\\jestAdapterInit.js:122:21)\n    at jestAdapter (C:\\GitHub\\App_leitura\\BookRats\\node_modules\\jest-circus\\build\\legacy-code-todo-rewrite\\jestAdapter.js:79:19)\n    at runTestInternal (C:\\GitHub\\App_leitura\\BookRats\\node_modules\\jest-runner\\build\\runTest.js:367:16)\n    at runTest (C:\\GitHub\\App_leitura\\BookRats\\node_modules\\jest-runner\\build\\runTest.js:444:34)"],"fullName":"Books API Methods addBook should add book with custom id","invocations":1,"location":null,"numPassingAsserts":0,"retryReasons":[],"status":"failed","title":"should add book with custom id"},{"ancestorTitles":["Books API Methods","addBook"],"duration":0,"failureDetails":[{}],"failureMessages":["Error: A valid status is required to add a book.\n    at C:\\GitHub\\App_leitura\\BookRats\\src\\core\\api\\books.js:54:11\n    at Generator.next (<anonymous>)\n    at asyncGeneratorStep (C:\\GitHub\\App_leitura\\BookRats\\node_modules\\@babel\\runtime\\helpers\\asyncToGenerator.js:3:17)\n    at _next (C:\\GitHub\\App_leitura\\BookRats\\node_modules\\@babel\\runtime\\helpers\\asyncToGenerator.js:17:9)\n    at C:\\GitHub\\App_leitura\\BookRats\\node_modules\\@babel\\runtime\\helpers\\asyncToGenerator.js:22:7\n    at new Promise (<anonymous>)\n    at C:\\GitHub\\App_leitura\\BookRats\\node_modules\\@babel\\runtime\\helpers\\asyncToGenerator.js:14:12\n    at apply (C:\\GitHub\\App_leitura\\BookRats\\src\\core\\api\\books.js:47:21)\n    at Object.<anonymous> (C:\\GitHub\\App_leitura\\BookRats\\tests\\suites\\api_books.test.js:52:35)\n    at Generator.next (<anonymous>)\n    at asyncGeneratorStep (C:\\GitHub\\App_leitura\\BookRats\\node_modules\\@babel\\runtime\\helpers\\asyncToGenerator.js:3:17)\n    at _next (C:\\GitHub\\App_leitura\\BookRats\\node_modules\\@babel\\runtime\\helpers\\asyncToGenerator.js:17:9)\n    at C:\\GitHub\\App_leitura\\BookRats\\node_modules\\@babel\\runtime\\helpers\\asyncToGenerator.js:22:7\n    at new Promise (<anonymous>)\n    at Object.<anonymous> (C:\\GitHub\\App_leitura\\BookRats\\node_modules\\@babel\\runtime\\helpers\\asyncToGenerator.js:14:12)\n    at Promise.then.completed (C:\\GitHub\\App_leitura\\BookRats\\node_modules\\jest-circus\\build\\utils.js:298:28)\n    at new Promise (<anonymous>)\n    at callAsyncCircusFn (C:\\GitHub\\App_leitura\\BookRats\\node_modules\\jest-circus\\build\\utils.js:231:10)\n    at _callCircusTest (C:\\GitHub\\App_leitura\\BookRats\\node_modules\\jest-circus\\build\\run.js:316:40)\n    at _runTest (C:\\GitHub\\App_leitura\\BookRats\\node_modules\\jest-circus\\build\\run.js:252:3)\n    at _runTestsForDescribeBlock (C:\\GitHub\\App_leitura\\BookRats\\node_modules\\jest-circus\\build\\run.js:126:9)\n    at _runTestsForDescribeBlock (C:\\GitHub\\App_leitura\\BookRats\\node_modules\\jest-circus\\build\\run.js:121:9)\n    at _runTestsForDescribeBlock (C:\\GitHub\\App_leitura\\BookRats\\node_modules\\jest-circus\\build\\run.js:121:9)\n    at run (C:\\GitHub\\App_leitura\\BookRats\\node_modules\\jest-circus\\build\\run.js:71:3)\n    at runAndTransformResultsToJestFormat (C:\\GitHub\\App_leitura\\BookRats\\node_modules\\jest-circus\\build\\legacy-code-todo-rewrite\\jestAdapterInit.js:122:21)\n    at jestAdapter (C:\\GitHub\\App_leitura\\BookRats\\node_modules\\jest-circus\\build\\legacy-code-todo-rewrite\\jestAdapter.js:79:19)\n    at runTestInternal (C:\\GitHub\\App_leitura\\BookRats\\node_modules\\jest-runner\\build\\runTest.js:367:16)\n    at runTest (C:\\GitHub\\App_leitura\\BookRats\\node_modules\\jest-runner\\build\\runTest.js:444:34)"],"fullName":"Books API Methods addBook should add book without id","invocations":1,"location":null,"numPassingAsserts":0,"retryReasons":[],"status":"failed","title":"should add book without id"},{"ancestorTitles":["Books API Methods","addBook"],"duration":7,"failureDetails":[{"matcherResult":{"message":"expect(received).rejects.toThrow(expected)\n\nExpected substring: \"Ocorreu um erro inesperado. Tente novamente.\"\nReceived message:   \"A valid status is required to add a book.\"\n\n    \u001b[0m \u001b[90m 52 |\u001b[39m\n     \u001b[90m 53 |\u001b[39m   \u001b[36mif\u001b[39m (\u001b[33m!\u001b[39mstatus) {\n    \u001b[31m\u001b[1m>\u001b[22m\u001b[39m\u001b[90m 54 |\u001b[39m     \u001b[36mthrow\u001b[39m \u001b[36mnew\u001b[39m \u001b[33mError\u001b[39m(\u001b[32m\"A valid status is required to add a book.\"\u001b[39m)\u001b[33m;\u001b[39m\n     \u001b[90m    |\u001b[39m           \u001b[31m\u001b[1m^\u001b[22m\u001b[39m\n     \u001b[90m 55 |\u001b[39m   }\n     \u001b[90m 56 |\u001b[39m   \n     \u001b[90m 57 |\u001b[39m   \u001b[36mconst\u001b[39m pages \u001b[33m=\u001b[39m parseInt(totalPages\u001b[33m,\u001b[39m \u001b[35m10\u001b[39m)\u001b[33m;\u001b[39m\u001b[0m\n\n      at src/core/api/books.js:54:11\n      at asyncGeneratorStep (node_modules/@babel/runtime/helpers/asyncToGenerator.js:3:17)\n      at _next (node_modules/@babel/runtime/helpers/asyncToGenerator.js:17:9)\n      at node_modules/@babel/runtime/helpers/asyncToGenerator.js:22:7\n      at node_modules/@babel/runtime/helpers/asyncToGenerator.js:14:12\n      at apply (src/core/api/books.js:47:21)\n      at Object.<anonymous> (tests/suites/api_books.test.js:63:27)\n      at asyncGeneratorStep (node_modules/@babel/runtime/helpers/asyncToGenerator.js:3:17)\n      at _next (node_modules/@babel/runtime/helpers/asyncToGenerator.js:17:9)\n      at node_modules/@babel/runtime/helpers/asyncToGenerator.js:22:7\n      at Object.<anonymous> (node_modules/@babel/runtime/helpers/asyncToGenerator.js:14:12)","pass":false},"message":"expect(received).rejects.toThrow(expected)\n\nExpected substring: \"Ocorreu um erro inesperado. Tente novamente.\"\nReceived message:   \"A valid status is required to add a book.\"\n\n    \u001b[0m \u001b[90m 52 |\u001b[39m\n     \u001b[90m 53 |\u001b[39m   \u001b[36mif\u001b[39m (\u001b[33m!\u001b[39mstatus) {\n    \u001b[31m\u001b[1m>\u001b[22m\u001b[39m\u001b[90m 54 |\u001b[39m     \u001b[36mthrow\u001b[39m \u001b[36mnew\u001b[39m \u001b[33mError\u001b[39m(\u001b[32m\"A valid status is required to add a book.\"\u001b[39m)\u001b[33m;\u001b[39m\n     \u001b[90m    |\u001b[39m           \u001b[31m\u001b[1m^\u001b[22m\u001b[39m\n     \u001b[90m 55 |\u001b[39m   }\n     \u001b[90m 56 |\u001b[39m   \n     \u001b[90m 57 |\u001b[39m   \u001b[36mconst\u001b[39m pages \u001b[33m=\u001b[39m parseInt(totalPages\u001b[33m,\u001b[39m \u001b[35m10\u001b[39m)\u001b[33m;\u001b[39m\u001b[0m\n\n      at src/core/api/books.js:54:11\n      at asyncGeneratorStep (node_modules/@babel/runtime/helpers/asyncToGenerator.js:3:17)\n      at _next (node_modules/@babel/runtime/helpers/asyncToGenerator.js:17:9)\n      at node_modules/@babel/runtime/helpers/asyncToGenerator.js:22:7\n      at node_modules/@babel/runtime/helpers/asyncToGenerator.js:14:12\n      at apply (src/core/api/books.js:47:21)\n      at Object.<anonymous> (tests/suites/api_books.test.js:63:27)\n      at asyncGeneratorStep (node_modules/@babel/runtime/helpers/asyncToGenerator.js:3:17)\n      at _next (node_modules/@babel/runtime/helpers/asyncToGenerator.js:17:9)\n      at node_modules/@babel/runtime/helpers/asyncToGenerator.js:22:7\n      at Object.<anonymous> (node_modules/@babel/runtime/helpers/asyncToGenerator.js:14:12)"}],"failureMessages":["Error: expect(received).rejects.toThrow(expected)\n\nExpected substring: \"Ocorreu um erro inesperado. Tente novamente.\"\nReceived message:   \"A valid status is required to add a book.\"\n\n    \u001b[0m \u001b[90m 52 |\u001b[39m\n     \u001b[90m 53 |\u001b[39m   \u001b[36mif\u001b[39m (\u001b[33m!\u001b[39mstatus) {\n    \u001b[31m\u001b[1m>\u001b[22m\u001b[39m\u001b[90m 54 |\u001b[39m     \u001b[36mthrow\u001b[39m \u001b[36mnew\u001b[39m \u001b[33mError\u001b[39m(\u001b[32m\"A valid status is required to add a book.\"\u001b[39m)\u001b[33m;\u001b[39m\n     \u001b[90m    |\u001b[39m           \u001b[31m\u001b[1m^\u001b[22m\u001b[39m\n     \u001b[90m 55 |\u001b[39m   }\n     \u001b[90m 56 |\u001b[39m   \n     \u001b[90m 57 |\u001b[39m   \u001b[36mconst\u001b[39m pages \u001b[33m=\u001b[39m parseInt(totalPages\u001b[33m,\u001b[39m \u001b[35m10\u001b[39m)\u001b[33m;\u001b[39m\u001b[0m\n\n      at src/core/api/books.js:54:11\n      at asyncGeneratorStep (node_modules/@babel/runtime/helpers/asyncToGenerator.js:3:17)\n      at _next (node_modules/@babel/runtime/helpers/asyncToGenerator.js:17:9)\n      at node_modules/@babel/runtime/helpers/asyncToGenerator.js:22:7\n      at node_modules/@babel/runtime/helpers/asyncToGenerator.js:14:12\n      at apply (src/core/api/books.js:47:21)\n      at Object.<anonymous> (tests/suites/api_books.test.js:63:27)\n      at asyncGeneratorStep (node_modules/@babel/runtime/helpers/asyncToGenerator.js:3:17)\n      at _next (node_modules/@babel/runtime/helpers/asyncToGenerator.js:17:9)\n      at node_modules/@babel/runtime/helpers/asyncToGenerator.js:22:7\n      at Object.<anonymous> (node_modules/@babel/runtime/helpers/asyncToGenerator.js:14:12)\n    at Object.toThrow (C:\\GitHub\\App_leitura\\BookRats\\node_modules\\expect\\build\\index.js:218:22)\n    at Object.toThrow (C:\\GitHub\\App_leitura\\BookRats\\tests\\suites\\api_books.test.js:63:66)\n    at Generator.next (<anonymous>)\n    at asyncGeneratorStep (C:\\GitHub\\App_leitura\\BookRats\\node_modules\\@babel\\runtime\\helpers\\asyncToGenerator.js:3:17)\n    at _next (C:\\GitHub\\App_leitura\\BookRats\\node_modules\\@babel\\runtime\\helpers\\asyncToGenerator.js:17:9)\n    at C:\\GitHub\\App_leitura\\BookRats\\node_modules\\@babel\\runtime\\helpers\\asyncToGenerator.js:22:7\n    at new Promise (<anonymous>)\n    at Object.<anonymous> (C:\\GitHub\\App_leitura\\BookRats\\node_modules\\@babel\\runtime\\helpers\\asyncToGenerator.js:14:12)\n    at Promise.then.completed (C:\\GitHub\\App_leitura\\BookRats\\node_modules\\jest-circus\\build\\utils.js:298:28)\n    at new Promise (<anonymous>)\n    at callAsyncCircusFn (C:\\GitHub\\App_leitura\\BookRats\\node_modules\\jest-circus\\build\\utils.js:231:10)\n    at _callCircusTest (C:\\GitHub\\App_leitura\\BookRats\\node_modules\\jest-circus\\build\\run.js:316:40)\n    at _runTest (C:\\GitHub\\App_leitura\\BookRats\\node_modules\\jest-circus\\build\\run.js:252:3)\n    at _runTestsForDescribeBlock (C:\\GitHub\\App_leitura\\BookRats\\node_modules\\jest-circus\\build\\run.js:126:9)\n    at _runTestsForDescribeBlock (C:\\GitHub\\App_leitura\\BookRats\\node_modules\\jest-circus\\build\\run.js:121:9)\n    at _runTestsForDescribeBlock (C:\\GitHub\\App_leitura\\BookRats\\node_modules\\jest-circus\\build\\run.js:121:9)\n    at run (C:\\GitHub\\App_leitura\\BookRats\\node_modules\\jest-circus\\build\\run.js:71:3)\n    at runAndTransformResultsToJestFormat (C:\\GitHub\\App_leitura\\BookRats\\node_modules\\jest-circus\\build\\legacy-code-todo-rewrite\\jestAdapterInit.js:122:21)\n    at jestAdapter (C:\\GitHub\\App_leitura\\BookRats\\node_modules\\jest-circus\\build\\legacy-code-todo-rewrite\\jestAdapter.js:79:19)\n    at runTestInternal (C:\\GitHub\\App_leitura\\BookRats\\node_modules\\jest-runner\\build\\runTest.js:367:16)\n    at runTest (C:\\GitHub\\App_leitura\\BookRats\\node_modules\\jest-runner\\build\\runTest.js:444:34)"],"fullName":"Books API Methods addBook should map error and throw","invocations":1,"location":null,"numPassingAsserts":0,"retryReasons":[],"status":"failed","title":"should map error and throw"},{"ancestorTitles":["Books API Methods","updateBookProgress"],"duration":0,"failureDetails":[],"failureMessages":[],"fullName":"Books API Methods updateBookProgress should throw validation error for invalid numbers","invocations":1,"location":null,"numPassingAsserts":1,"retryReasons":[],"status":"passed","title":"should throw validation error for invalid numbers"},{"ancestorTitles":["Books API Methods","updateBookProgress"],"duration":1,"failureDetails":[],"failureMessages":[],"fullName":"Books API Methods updateBookProgress should throw validation error if pages regress or exceed","invocations":1,"location":null,"numPassingAsserts":2,"retryReasons":[],"status":"passed","title":"should throw validation error if pages regress or exceed"},{"ancestorTitles":["Books API Methods","updateBookProgress"],"duration":0,"failureDetails":[],"failureMessages":[],"fullName":"Books API Methods updateBookProgress should throw validation error if streak data is invalid","invocations":1,"location":null,"numPassingAsserts":1,"retryReasons":[],"status":"passed","title":"should throw validation error if streak data is invalid"},{"ancestorTitles":["Books API Methods","updateBookProgress"],"duration":0,"failureDetails":[],"failureMessages":[],"fullName":"Books API Methods updateBookProgress should update progress and return stats","invocations":1,"location":null,"numPassingAsserts":2,"retryReasons":[],"status":"passed","title":"should update progress and return stats"},{"ancestorTitles":["Books API Methods","updateBookProgress"],"duration":1,"failureDetails":[],"failureMessages":[],"fullName":"Books API Methods updateBookProgress should complete book","invocations":1,"location":null,"numPassingAsserts":1,"retryReasons":[],"status":"passed","title":"should complete book"},{"ancestorTitles":["Books API Methods","updateBookProgress"],"duration":0,"failureDetails":[],"failureMessages":[],"fullName":"Books API Methods updateBookProgress should handle zero reading time without division by zero error","invocations":1,"location":null,"numPassingAsserts":1,"retryReasons":[],"status":"passed","title":"should handle zero reading time without division by zero error"},{"ancestorTitles":["Books API Methods","updateBookProgress"],"duration":0,"failureDetails":[],"failureMessages":[],"fullName":"Books API Methods updateBookProgress should use default values if streakData is missing some fields","invocations":1,"location":null,"numPassingAsserts":1,"retryReasons":[],"status":"passed","title":"should use default values if streakData is missing some fields"},{"ancestorTitles":["Books API Methods","updateBookProgress"],"duration":4,"failureDetails":[],"failureMessages":[],"fullName":"Books API Methods updateBookProgress should map error and throw","invocations":1,"location":null,"numPassingAsserts":1,"retryReasons":[],"status":"passed","title":"should map error and throw"},{"ancestorTitles":["Books API Methods","markAsDNF"],"duration":0,"failureDetails":[],"failureMessages":[],"fullName":"Books API Methods markAsDNF should update status to abandonado","invocations":1,"location":null,"numPassingAsserts":1,"retryReasons":[],"status":"passed","title":"should update status to abandonado"},{"ancestorTitles":["Books API Methods","markAsDNF"],"duration":0,"failureDetails":[],"failureMessages":[],"fullName":"Books API Methods markAsDNF should map error and throw","invocations":1,"location":null,"numPassingAsserts":1,"retryReasons":[],"status":"passed","title":"should map error and throw"},{"ancestorTitles":["Books API Methods","getUserBooks"],"duration":1,"failureDetails":[],"failureMessages":[],"fullName":"Books API Methods getUserBooks should get and map books","invocations":1,"location":null,"numPassingAsserts":1,"retryReasons":[],"status":"passed","title":"should get and map books"},{"ancestorTitles":["Books API Methods","getUserBooks"],"duration":0,"failureDetails":[],"failureMessages":[],"fullName":"Books API Methods getUserBooks should map error and throw","invocations":1,"location":null,"numPassingAsserts":1,"retryReasons":[],"status":"passed","title":"should map error and throw"},{"ancestorTitles":["Books API Methods","addAnnotation"],"duration":0,"failureDetails":[],"failureMessages":[],"fullName":"Books API Methods addAnnotation should throw if text is invalid","invocations":1,"location":null,"numPassingAsserts":1,"retryReasons":[],"status":"passed","title":"should throw if text is invalid"},{"ancestorTitles":["Books API Methods","addAnnotation"],"duration":1,"failureDetails":[],"failureMessages":[],"fullName":"Books API Methods addAnnotation should throw if page is invalid and not a reply","invocations":1,"location":null,"numPassingAsserts":1,"retryReasons":[],"status":"passed","title":"should throw if page is invalid and not a reply"},{"ancestorTitles":["Books API Methods","addAnnotation"],"duration":0,"failureDetails":[],"failureMessages":[],"fullName":"Books API Methods addAnnotation should add doc","invocations":1,"location":null,"numPassingAsserts":1,"retryReasons":[],"status":"passed","title":"should add doc"},{"ancestorTitles":["Books API Methods","addAnnotation"],"duration":0,"failureDetails":[],"failureMessages":[],"fullName":"Books API Methods addAnnotation should handle reply (parentId provided)","invocations":1,"location":null,"numPassingAsserts":1,"retryReasons":[],"status":"passed","title":"should handle reply (parentId provided)"},{"ancestorTitles":["Books API Methods","addAnnotation"],"duration":0,"failureDetails":[],"failureMessages":[],"fullName":"Books API Methods addAnnotation should use default display name if missing in metadata","invocations":1,"location":null,"numPassingAsserts":1,"retryReasons":[],"status":"passed","title":"should use default display name if missing in metadata"},{"ancestorTitles":["Books API Methods","addAnnotation"],"duration":1,"failureDetails":[],"failureMessages":[],"fullName":"Books API Methods addAnnotation should map error and throw","invocations":1,"location":null,"numPassingAsserts":1,"retryReasons":[],"status":"passed","title":"should map error and throw"},{"ancestorTitles":["Books API Methods","getUserAnnotations"],"duration":0,"failureDetails":[],"failureMessages":[],"fullName":"Books API Methods getUserAnnotations should get and map annotations","invocations":1,"location":null,"numPassingAsserts":1,"retryReasons":[],"status":"passed","title":"should get and map annotations"},{"ancestorTitles":["Books API Methods","getUserAnnotations"],"duration":0,"failureDetails":[],"failureMessages":[],"fullName":"Books API Methods getUserAnnotations should map error and throw","invocations":1,"location":null,"numPassingAsserts":1,"retryReasons":[],"status":"passed","title":"should map error and throw"}],"endTime":1779499827468,"message":"  ● Books API Methods › addBook › should throw if validation fails\n\n    expect(received).rejects.toThrow(expected)\n\n    Expected substring: \"Dados inválidos\"\n    Received message:   \"A valid status is required to add a book.\"\n\n        \u001b[0m \u001b[90m 52 |\u001b[39m\n         \u001b[90m 53 |\u001b[39m   \u001b[36mif\u001b[39m (\u001b[33m!\u001b[39mstatus) {\n        \u001b[31m\u001b[1m>\u001b[22m\u001b[39m\u001b[90m 54 |\u001b[39m     \u001b[36mthrow\u001b[39m \u001b[36mnew\u001b[39m \u001b[33mError\u001b[39m(\u001b[32m\"A valid status is required to add a book.\"\u001b[39m)\u001b[33m;\u001b[39m\n         \u001b[90m    |\u001b[39m           \u001b[31m\u001b[1m^\u001b[22m\u001b[39m\n         \u001b[90m 55 |\u001b[39m   }\n         \u001b[90m 56 |\u001b[39m   \n         \u001b[90m 57 |\u001b[39m   \u001b[36mconst\u001b[39m pages \u001b[33m=\u001b[39m parseInt(totalPages\u001b[33m,\u001b[39m \u001b[35m10\u001b[39m)\u001b[33m;\u001b[39m\u001b[0m\n\n      at src/core/api/books.js:54:11\n      at asyncGeneratorStep (node_modules/@babel/runtime/helpers/asyncToGenerator.js:3:17)\n      at _next (node_modules/@babel/runtime/helpers/asyncToGenerator.js:17:9)\n      at node_modules/@babel/runtime/helpers/asyncToGenerator.js:22:7\n      at node_modules/@babel/runtime/helpers/asyncToGenerator.js:14:12\n      at apply (src/core/api/books.js:47:21)\n      at Object.<anonymous> (tests/suites/api_books.test.js:29:27)\n      at asyncGeneratorStep (node_modules/@babel/runtime/helpers/asyncToGenerator.js:3:17)\n      at _next (node_modules/@babel/runtime/helpers/asyncToGenerator.js:17:9)\n      at Object.toThrow (node_modules/expect/build/index.js:218:22)\n      at Object.toThrow (tests/suites/api_books.test.js:29:56)\n      at asyncGeneratorStep (node_modules/@babel/runtime/helpers/asyncToGenerator.js:3:17)\n      at _next (node_modules/@babel/runtime/helpers/asyncToGenerator.js:17:9)\n\n  ● Books API Methods › addBook › should add book with custom id\n\n    A valid status is required to add a book.\n\n    \u001b[0m \u001b[90m 52 |\u001b[39m\n     \u001b[90m 53 |\u001b[39m   \u001b[36mif\u001b[39m (\u001b[33m!\u001b[39mstatus) {\n    \u001b[31m\u001b[1m>\u001b[22m\u001b[39m\u001b[90m 54 |\u001b[39m     \u001b[36mthrow\u001b[39m \u001b[36mnew\u001b[39m \u001b[33mError\u001b[39m(\u001b[32m\"A valid status is required to add a book.\"\u001b[39m)\u001b[33m;\u001b[39m\n     \u001b[90m    |\u001b[39m           \u001b[31m\u001b[1m^\u001b[22m\u001b[39m\n     \u001b[90m 55 |\u001b[39m   }\n     \u001b[90m 56 |\u001b[39m   \n     \u001b[90m 57 |\u001b[39m   \u001b[36mconst\u001b[39m pages \u001b[33m=\u001b[39m parseInt(totalPages\u001b[33m,\u001b[39m \u001b[35m10\u001b[39m)\u001b[33m;\u001b[39m\u001b[0m\n\n      at src/core/api/books.js:54:11\n      at asyncGeneratorStep (node_modules/@babel/runtime/helpers/asyncToGenerator.js:3:17)\n      at _next (node_modules/@babel/runtime/helpers/asyncToGenerator.js:17:9)\n      at node_modules/@babel/runtime/helpers/asyncToGenerator.js:22:7\n      at node_modules/@babel/runtime/helpers/asyncToGenerator.js:14:12\n      at apply (src/core/api/books.js:47:21)\n      at Object.<anonymous> (tests/suites/api_books.test.js:36:35)\n      at asyncGeneratorStep (node_modules/@babel/runtime/helpers/asyncToGenerator.js:3:17)\n      at _next (node_modules/@babel/runtime/helpers/asyncToGenerator.js:17:9)\n      at node_modules/@babel/runtime/helpers/asyncToGenerator.js:22:7\n      at Object.<anonymous> (node_modules/@babel/runtime/helpers/asyncToGenerator.js:14:12)\n\n  ● Books API Methods › addBook › should add book without id\n\n    A valid status is required to add a book.\n\n    \u001b[0m \u001b[90m 52 |\u001b[39m\n     \u001b[90m 53 |\u001b[39m   \u001b[36mif\u001b[39m (\u001b[33m!\u001b[39mstatus) {\n    \u001b[31m\u001b[1m>\u001b[22m\u001b[39m\u001b[90m 54 |\u001b[39m     \u001b[36mthrow\u001b[39m \u001b[36mnew\u001b[39m \u001b[33mError\u001b[39m(\u001b[32m\"A valid status is required to add a book.\"\u001b[39m)\u001b[33m;\u001b[39m\n     \u001b[90m    |\u001b[39m           \u001b[31m\u001b[1m^\u001b[22m\u001b[39m\n     \u001b[90m 55 |\u001b[39m   }\n     \u001b[90m 56 |\u001b[39m   \n     \u001b[90m 57 |\u001b[39m   \u001b[36mconst\u001b[39m pages \u001b[33m=\u001b[39m parseInt(totalPages\u001b[33m,\u001b[39m \u001b[35m10\u001b[39m)\u001b[33m;\u001b[39m\u001b[0m\n\n      at src/core/api/books.js:54:11\n      at asyncGeneratorStep (node_modules/@babel/runtime/helpers/asyncToGenerator.js:3:17)\n      at _next (node_modules/@babel/runtime/helpers/asyncToGenerator.js:17:9)\n      at node_modules/@babel/runtime/helpers/asyncToGenerator.js:22:7\n      at node_modules/@babel/runtime/helpers/asyncToGenerator.js:14:12\n      at apply (src/core/api/books.js:47:21)\n      at Object.<anonymous> (tests/suites/api_books.test.js:52:35)\n      at asyncGeneratorStep (node_modules/@babel/runtime/helpers/asyncToGenerator.js:3:17)\n      at _next (node_modules/@babel/runtime/helpers/asyncToGenerator.js:17:9)\n      at node_modules/@babel/runtime/helpers/asyncToGenerator.js:22:7\n      at Object.<anonymous> (node_modules/@babel/runtime/helpers/asyncToGenerator.js:14:12)\n\n  ● Books API Methods › addBook › should map error and throw\n\n    expect(received).rejects.toThrow(expected)\n\n    Expected substring: \"Ocorreu um erro inesperado. Tente novamente.\"\n    Received message:   \"A valid status is required to add a book.\"\n\n        \u001b[0m \u001b[90m 52 |\u001b[39m\n         \u001b[90m 53 |\u001b[39m   \u001b[36mif\u001b[39m (\u001b[33m!\u001b[39mstatus) {\n        \u001b[31m\u001b[1m>\u001b[22m\u001b[39m\u001b[90m 54 |\u001b[39m     \u001b[36mthrow\u001b[39m \u001b[36mnew\u001b[39m \u001b[33mError\u001b[39m(\u001b[32m\"A valid status is required to add a book.\"\u001b[39m)\u001b[33m;\u001b[39m\n         \u001b[90m    |\u001b[39m           \u001b[31m\u001b[1m^\u001b[22m\u001b[39m\n         \u001b[90m 55 |\u001b[39m   }\n         \u001b[90m 56 |\u001b[39m   \n         \u001b[90m 57 |\u001b[39m   \u001b[36mconst\u001b[39m pages \u001b[33m=\u001b[39m parseInt(totalPages\u001b[33m,\u001b[39m \u001b[35m10\u001b[39m)\u001b[33m;\u001b[39m\u001b[0m\n\n      at src/core/api/books.js:54:11\n      at asyncGeneratorStep (node_modules/@babel/runtime/helpers/asyncToGenerator.js:3:17)\n      at _next (node_modules/@babel/runtime/helpers/asyncToGenerator.js:17:9)\n      at node_modules/@babel/runtime/helpers/asyncToGenerator.js:22:7\n      at node_modules/@babel/runtime/helpers/asyncToGenerator.js:14:12\n      at apply (src/core/api/books.js:47:21)\n      at Object.<anonymous> (tests/suites/api_books.test.js:63:27)\n      at asyncGeneratorStep (node_modules/@babel/runtime/helpers/asyncToGenerator.js:3:17)\n      at _next (node_modules/@babel/runtime/helpers/asyncToGenerator.js:17:9)\n      at node_modules/@babel/runtime/helpers/asyncToGenerator.js:22:7\n      at Object.<anonymous> (node_modules/@babel/runtime/helpers/asyncToGenerator.js:14:12)\n      at Object.toThrow (node_modules/expect/build/index.js:218:22)\n      at Object.toThrow (tests/suites/api_books.test.js:63:66)\n      at asyncGeneratorStep (node_modules/@babel/runtime/helpers/asyncToGenerator.js:3:17)\n      at _next (node_modules/@babel/runtime/helpers/asyncToGenerator.js:17:9)\n      at node_modules/@babel/runtime/helpers/asyncToGenerator.js:22:7\n      at Object.<anonymous> (node_modules/@babel/runtime/helpers/asyncToGenerator.js:14:12)\n","name":"C:\\GitHub\\App_leitura\\BookRats\\tests\\suites\\api_books.test.js","startTime":1779499827331,"status":"failed","summary":""},{"assertionResults":[{"ancestorTitles":["Social Slice","startNotificationsListener"],"duration":0,"failureDetails":[],"failureMessages":[],"fullName":"Social Slice startNotificationsListener should return empty fn if no uid","invocations":1,"location":null,"numPassingAsserts":2,"retryReasons":[],"status":"passed","title":"should return empty fn if no uid"},{"ancestorTitles":["Social Slice","startNotificationsListener"],"duration":0,"failureDetails":[],"failureMessages":[],"fullName":"Social Slice startNotificationsListener should calculate badge on start and subscribe","invocations":1,"location":null,"numPassingAsserts":2,"retryReasons":[],"status":"passed","title":"should calculate badge on start and subscribe"},{"ancestorTitles":["Social Slice","startNotificationsListener"],"duration":0,"failureDetails":[],"failureMessages":[],"fullName":"Social Slice startNotificationsListener should call badge calculation again if unread > 0 and badge not held","invocations":1,"location":null,"numPassingAsserts":1,"retryReasons":[],"status":"passed","title":"should call badge calculation again if unread > 0 and badge not held"},{"ancestorTitles":["Social Slice","markAsRead"],"duration":1,"failureDetails":[],"failureMessages":[],"fullName":"Social Slice markAsRead should mark single notification as read","invocations":1,"location":null,"numPassingAsserts":3,"retryReasons":[],"status":"passed","title":"should mark single notification as read"},{"ancestorTitles":["Social Slice","markAllAsRead"],"duration":20,"failureDetails":[],"failureMessages":[],"fullName":"Social Slice markAllAsRead should return if no unread notifications","invocations":1,"location":null,"numPassingAsserts":1,"retryReasons":[],"status":"passed","title":"should return if no unread notifications"},{"ancestorTitles":["Social Slice","markAllAsRead"],"duration":1,"failureDetails":[{"matcherResult":{"message":"expect(jest.fn()).toHaveBeenCalledTimes(expected)\n\nExpected number of calls: 2\nReceived number of calls: 0","pass":false}}],"failureMessages":["Error: expect(jest.fn()).toHaveBeenCalledTimes(expected)\n\nExpected number of calls: 2\nReceived number of calls: 0\n    at Object.toHaveBeenCalledTimes (C:\\GitHub\\App_leitura\\BookRats\\tests\\suites\\socialSlice.test.js:118:38)\n    at Generator.next (<anonymous>)\n    at asyncGeneratorStep (C:\\GitHub\\App_leitura\\BookRats\\node_modules\\@babel\\runtime\\helpers\\asyncToGenerator.js:3:17)\n    at _next (C:\\GitHub\\App_leitura\\BookRats\\node_modules\\@babel\\runtime\\helpers\\asyncToGenerator.js:17:9)"],"fullName":"Social Slice markAllAsRead should mark all unread as read","invocations":1,"location":null,"numPassingAsserts":0,"retryReasons":[],"status":"failed","title":"should mark all unread as read"},{"ancestorTitles":["Social Slice","Group logic"],"duration":1,"failureDetails":[],"failureMessages":[],"fullName":"Social Slice Group logic subscribeToGroupMessages should load messages","invocations":1,"location":null,"numPassingAsserts":2,"retryReasons":[],"status":"passed","title":"subscribeToGroupMessages should load messages"},{"ancestorTitles":["Social Slice","Group logic"],"duration":0,"failureDetails":[],"failureMessages":[],"fullName":"Social Slice Group logic subscribeToGroupMessages should handle error","invocations":1,"location":null,"numPassingAsserts":1,"retryReasons":[],"status":"passed","title":"subscribeToGroupMessages should handle error"},{"ancestorTitles":["Social Slice","Group logic"],"duration":0,"failureDetails":[],"failureMessages":[],"fullName":"Social Slice Group logic sendMessage should send text message","invocations":1,"location":null,"numPassingAsserts":1,"retryReasons":[],"status":"passed","title":"sendMessage should send text message"},{"ancestorTitles":["Social Slice","Group logic"],"duration":1,"failureDetails":[],"failureMessages":[],"fullName":"Social Slice Group logic sendMessage should return if no user","invocations":1,"location":null,"numPassingAsserts":1,"retryReasons":[],"status":"passed","title":"sendMessage should return if no user"},{"ancestorTitles":["Social Slice","Group logic"],"duration":0,"failureDetails":[],"failureMessages":[],"fullName":"Social Slice Group logic sendMessage should send object message","invocations":1,"location":null,"numPassingAsserts":1,"retryReasons":[],"status":"passed","title":"sendMessage should send object message"},{"ancestorTitles":["Social Slice","Group logic"],"duration":0,"failureDetails":[],"failureMessages":[],"fullName":"Social Slice Group logic sendMessage should use email prefix if displayName is missing","invocations":1,"location":null,"numPassingAsserts":1,"retryReasons":[],"status":"passed","title":"sendMessage should use email prefix if displayName is missing"},{"ancestorTitles":["Social Slice","Group logic"],"duration":0,"failureDetails":[],"failureMessages":[],"fullName":"Social Slice Group logic sendMessage should default to type text if not provided in object","invocations":1,"location":null,"numPassingAsserts":1,"retryReasons":[],"status":"passed","title":"sendMessage should default to type text if not provided in object"},{"ancestorTitles":["Social Slice","Group logic"],"duration":0,"failureDetails":[],"failureMessages":[],"fullName":"Social Slice Group logic sendMessage should show popup on error","invocations":1,"location":null,"numPassingAsserts":1,"retryReasons":[],"status":"passed","title":"sendMessage should show popup on error"},{"ancestorTitles":["Social Slice","Social Slice Edge Cases"],"duration":1,"failureDetails":[],"failureMessages":[],"fullName":"Social Slice Social Slice Edge Cases startNotificationsListener should skip badge calc if function is missing","invocations":1,"location":null,"numPassingAsserts":1,"retryReasons":[],"status":"passed","title":"startNotificationsListener should skip badge calc if function is missing"},{"ancestorTitles":["Social Slice","Social Slice Edge Cases"],"duration":0,"failureDetails":[],"failureMessages":[],"fullName":"Social Slice Social Slice Edge Cases startNotificationsListener should not call badge calc if badge already held","invocations":1,"location":null,"numPassingAsserts":1,"retryReasons":[],"status":"passed","title":"startNotificationsListener should not call badge calc if badge already held"}],"endTime":1779499827606,"message":"  ● Social Slice › markAllAsRead › should mark all unread as read\n\n    expect(jest.fn()).toHaveBeenCalledTimes(expected)\n\n    Expected number of calls: 2\n    Received number of calls: 0\n\n    \u001b[0m \u001b[90m 116 |\u001b[39m       \u001b[36mawait\u001b[39m state\u001b[33m.\u001b[39mmarkAllAsRead(\u001b[32m'user1'\u001b[39m)\u001b[33m;\u001b[39m\n     \u001b[90m 117 |\u001b[39m       \n    \u001b[31m\u001b[1m>\u001b[22m\u001b[39m\u001b[90m 118 |\u001b[39m       expect(markNotificationAsRead)\u001b[33m.\u001b[39mtoHaveBeenCalledTimes(\u001b[35m2\u001b[39m)\u001b[33m;\u001b[39m\n     \u001b[90m     |\u001b[39m                                      \u001b[31m\u001b[1m^\u001b[22m\u001b[39m\n     \u001b[90m 119 |\u001b[39m       \n     \u001b[90m 120 |\u001b[39m       \u001b[36mconst\u001b[39m updateFn \u001b[33m=\u001b[39m setMock\u001b[33m.\u001b[39mmock\u001b[33m.\u001b[39mcalls[\u001b[35m0\u001b[39m][\u001b[35m0\u001b[39m]\u001b[33m;\u001b[39m\n     \u001b[90m 121 |\u001b[39m       \u001b[36mconst\u001b[39m newState \u001b[33m=\u001b[39m updateFn(state)\u001b[33m;\u001b[39m\u001b[0m\n\n      at Object.toHaveBeenCalledTimes (tests/suites/socialSlice.test.js:118:38)\n      at asyncGeneratorStep (node_modules/@babel/runtime/helpers/asyncToGenerator.js:3:17)\n      at _next (node_modules/@babel/runtime/helpers/asyncToGenerator.js:17:9)\n","name":"C:\\GitHub\\App_leitura\\BookRats\\tests\\suites\\socialSlice.test.js","startTime":1779499827476,"status":"failed","summary":""},{"assertionResults":[{"ancestorTitles":["Gamification Slice"],"duration":0,"failureDetails":[{"matcherResult":{"message":"expect(jest.fn()).toHaveBeenCalled()\n\nExp
[...]
":94,"column":3}},"type":"if","locations":[{"start":{"line":85,"column":2},"end":{"line":94,"column":3}},{"start":{},"end":{}}],"line":85},"3":{"loc":{"start":{"line":85,"column":6},"end":{"line":85,"column":46}},"type":"binary-expr","locations":[{"start":{"line":85,"column":6},"end":{"line":85,"column":22}},{"start":{"line":85,"column":26},"end":{"line":85,"column":46}}],"line":85},"4":{"loc":{"start":{"line":96,"column":2},"end":{"line":96,"column":40}},"type":"if","locations":[{"start":{"line":96,"column":2},"end":{"line":96,"column":40}},{"start":{},"end":{}}],"line":96}},"s":{"0":1,"1":1,"2":1,"3":1,"4":4,"5":1,"6":1,"7":5,"8":1,"9":3,"10":4,"11":1,"12":3,"13":1,"14":2,"15":6,"16":4},"f":{"0":4,"1":1,"2":5,"3":3,"4":6,"5":4},"b":{"0":[4,0],"1":[1,4],"2":[1,3],"3":[4,3],"4":[1,2]},"_coverageSchema":"1a1c01bbd47fc00a2c39e90264f33305004495a9","hash":"0bf129364fff0670ae8b2c7917b8f4a194ae7309"},"C:\\GitHub\\App_leitura\\BookRats\\src\\ui\\constants\\colors.js":{"path":"C:\\GitHub\\App_leitura\\BookRats\\src\\ui\\constants\\colors.js","statementMap":{"0":{"start":{"line":1,"column":22},"end":{"line":30,"column":1}}},"fnMap":{},"branchMap":{},"s":{"0":1},"f":{},"b":{},"_coverageSchema":"1a1c01bbd47fc00a2c39e90264f33305004495a9","hash":"ad89e0e562e2325fa8b37db2a73157ee56c8904b"},"C:\\GitHub\\App_leitura\\BookRats\\src\\ui\\components\\organisms\\BookLoader.js":{"path":"C:\\GitHub\\App_leitura\\BookRats\\src\\ui\\components\\organisms\\BookLoader.js","statementMap":{"0":{"start":{"line":6,"column":20},"end":{"line":17,"column":1}},"1":{"start":{"line":19,"column":21},"end":{"line":19,"column":22}},"2":{"start":{"line":21,"column":19},"end":{"line":111,"column":1}},"3":{"start":{"line":22,"column":25},"end":{"line":22,"column":40}},"4":{"start":{"line":23,"column":36},"end":{"line":23,"column":48}},"5":{"start":{"line":24,"column":42},"end":{"line":24,"column":61}},"6":{"start":{"line":25,"column":19},"end":{"line":25,"column":72}},"7":{"start":{"line":28,"column":19},"end":{"line":28,"column":80}},"8":{"start":{"line":29,"column":23},"end":{"line":29,"column":68}},"9":{"start":{"line":30,"column":21},"end":{"line":30,"column":55}},"10":{"start":{"line":32,"column":2},"end":{"line":50,"column":18}},"11":{"start":{"line":33,"column":4},"end":{"line":49,"column":5}},"12":{"start":{"line":34,"column":6},"end":{"line":34,"column":80}},"13":{"start":{"line":35,"column":6},"end":{"line":35,"column":28}},"14":{"start":{"line":36,"column":6},"end":{"line":40,"column":17}},"15":{"start":{"line":42,"column":6},"end":{"line":48,"column":9}},"16":{"start":{"line":47,"column":8},"end":{"line":47,"column":31}},"17":{"start":{"line":52,"column":2},"end":{"line":52,"column":33}},"18":{"start":{"line":52,"column":21},"end":{"line":52,"column":33}},"19":{"start":{"line":54,"column":2},"end":{"line":110,"column":4}},"20":{"start":{"line":113,"column":15},"end":{"line":205,"column":2}}},"fnMap":{"0":{"name":"(anonymous_0)","decl":{"start":{"line":21,"column":19},"end":{"line":21,"column":20}},"loc":{"start":{"line":21,"column":63},"end":{"line":111,"column":1}},"line":21},"1":{"name":"(anonymous_1)","decl":{"start":{"line":32,"column":12},"end":{"line":32,"column":13}},"loc":{"start":{"line":32,"column":18},"end":{"line":50,"column":3}},"line":32},"2":{"name":"(anonymous_2)","decl":{"start":{"line":46,"column":15},"end":{"line":46,"column":16}},"loc":{"start":{"line":46,"column":21},"end":{"line":48,"column":7}},"line":46}},"branchMap":{"0":{"loc":{"start":{"line":21,"column":22},"end":{"line":21,"column":38}},"type":"default-arg","locations":[{"start":{"line":21,"column":34},"end":{"line":21,"column":38}}],"line":21},"1":{"loc":{"start":{"line":21,"column":40},"end":{"line":21,"column":56}},"type":"default-arg","locations":[{"start":{"line":21,"column":52},"end":{"line":21,"column":56}}],"line":21},"2":{"loc":{"start":{"line":25,"column":45},"end":{"line":25,"column":62}},"type":"cond-expr","locations":[{"start":{"line":25,"column":57},"end":{"line":25,"column":58}},{"start":{"line":25,"column":61},"end":{"line":25,"column":62}}],"line":25},"3":{"loc":{"start":{"line":28,"column":19},"end":{"line":28,"column":80}},"type":"cond-expr","locations":[{"start":{"line":28,"column":32},"end":{"line":28,"column":54}},{"start":{"line":28,"column":57},"end":{"line":28,"column":80}}],"line":28},"4":{"loc":{"start":{"line":29,"column":23},"end":{"line":29,"column":68}},"type":"cond-expr","locations":[{"start":{"line":29,"column":36},"end":{"line":29,"column":45}},{"start":{"line":29,"column":48},"end":{"line":29,"column":68}}],"line":29},"5":{"loc":{"start":{"line":30,"column":21},"end":{"line":30,"column":55}},"type":"cond-expr","locations":[{"start":{"line":30,"column":34},"end":{"line":30,"column":43}},{"start":{"line":30,"column":46},"end":{"line":30,"column":55}}],"line":30},"6":{"loc":{"start":{"line":33,"column":4},"end":{"line":49,"column":5}},"type":"if","locations":[{"start":{"line":33,"column":4},"end":{"line":49,"column":5}},{"start":{"line":41,"column":11},"end":{"line":49,"column":5}}],"line":33},"7":{"loc":{"start":{"line":52,"column":2},"end":{"line":52,"column":33}},"type":"if","locations":[{"start":{"line":52,"column":2},"end":{"line":52,"column":33}},{"start":{},"end":{}}],"line":52},"8":{"loc":{"start":{"line":57,"column":21},"end":{"line":57,"column":48}},"type":"cond-expr","locations":[{"start":{"line":57,"column":33},"end":{"line":57,"column":39}},{"start":{"line":57,"column":42},"end":{"line":57,"column":48}}],"line":57},"9":{"loc":{"start":{"line":64,"column":11},"end":{"line":99,"column":11}},"type":"cond-expr","locations":[{"start":{"line":65,"column":12},"end":{"line":72,"column":19}},{"start":{"line":74,"column":12},"end":{"line":98,"column":15}}],"line":64}},"s":{"0":1,"1":1,"2":1,"3":9,"4":9,"5":9,"6":9,"7":9,"8":9,"9":9,"10":9,"11":5,"12":3,"13":3,"14":3,"15":2,"16":1,"17":9,"18":2,"19":7,"20":1},"f":{"0":9,"1":5,"2":1},"b":{"0":[0],"1":[9],"2":[6,3],"3":[2,7],"4":[2,7],"5":[2,7],"6":[3,2],"7":[2,7],"8":[6,1],"9":[0,7]},"_coverageSchema":"1a1c01bbd47fc00a2c39e90264f33305004495a9","hash":"fffbe42d8f78e793f998cc73604d289051594752"},"C:\\GitHub\\App_leitura\\BookRats\\src\\hooks\\useTimer.js":{"path":"C:\\GitHub\\App_leitura\\BookRats\\src\\hooks\\useTimer.js","statementMap":{"0":{"start":{"line":4,"column":32},"end":{"line":4,"column":43}},"1":{"start":{"line":5,"column":34},"end":{"line":5,"column":61}},"2":{"start":{"line":7,"column":2},"end":{"line":13,"column":17}},"3":{"start":{"line":8,"column":19},"end":{"line":8,"column":23}},"4":{"start":{"line":9,"column":4},"end":{"line":11,"column":5}},"5":{"start":{"line":10,"column":6},"end":{"line":10,"column":65}},"6":{"start":{"line":10,"column":35},"end":{"line":10,"column":57}},"7":{"start":{"line":10,"column":51},"end":{"line":10,"column":56}},"8":{"start":{"line":12,"column":4},"end":{"line":12,"column":41}},"9":{"start":{"line":12,"column":17},"end":{"line":12,"column":40}},"10":{"start":{"line":15,"column":21},"end":{"line":15,"column":40}},"11":{"start":{"line":15,"column":27},"end":{"line":15,"column":40}},"12":{"start":{"line":17,"column":2},"end":{"line":23,"column":4}}},"fnMap":{"0":{"name":"useTimer","decl":{"start":{"line":3,"column":16},"end":{"line":3,"column":24}},"loc":{"start":{"line":3,"column":51},"end":{"line":24,"column":1}},"line":3},"1":{"name":"(anonymous_1)","decl":{"start":{"line":7,"column":12},"end":{"line":7,"column":13}},"loc":{"start":{"line":7,"column":18},"end":{"line":13,"column":3}},"line":7},"2":{"name":"(anonymous_2)","decl":{"start":{"line":10,"column":29},"end":{"line":10,"column":30}},"loc":{"start":{"line":10,"column":35},"end":{"line":10,"column":57}},"line":10},"3":{"name":"(anonymous_3)","decl":{"start":{"line":10,"column":46},"end":{"line":10,"column":47}},"loc":{"start":{"line":10,"column":51},"end":{"line":10,"column":56}},"line":10},"4":{"name":"(anonymous_4)","decl":{"start":{"line":12,"column":11},"end":{"line":12,"column":12}},"loc":{"start":{"line":12,"column":17},"end":{"line":12,"column":40}},"line":12},"5":{"name":"(anonymous_5)","decl":{"start":{"line":15,"column":21},"end":{"line":15,"column":22}},"loc":{"start":{"line":15,"column":27},"end":{"line":15,"column":40}},"line":15}},"branchMap":{"0":{"loc":{"start":{"line":3,"column":25},"end":{"line":3,"column":49}},"type":"default-arg","locations":[{"start":{"line":3,"column":45},"end":{"line":3,"column":49}}],"line":3},"1":{"loc":{"start":{"line":9,"column":4},"end":{"line":11,"column":5}},"type":"if","locations":[{"start":{"line":9,"column":4},"end":{"line":11,"column":5}},{"start":{},"end":{}}],"line":9}},"s":{"0":29,"1":29,"2":29,"3":17,"4":17,"5":10,"6":31,"7":31,"8":17,"9":17,"10":29,"11":2,"12":29},"f":{"0":29,"1":17,"2":31,"3":31,"4":17,"5":2},"b":{"0":[0],"1":[10,7]},"_coverageSchema":"1a1c01bbd47fc00a2c39e90264f33305004495a9","hash":"0efa05b3f4dfe210349557e091f18305c2538d20"},"C:\\GitHub\\App_leitura\\BookRats\\src\\utils\\time.js":{"path":"C:\\GitHub\\App_leitura\\BookRats\\src\\utils\\time.js","statementMap":{"0":{"start":{"line":5,"column":26},"end":{"line":16,"column":1}},"1":{"start":{"line":6,"column":2},"end":{"line":6,"column":39}},"2":{"start":{"line":6,"column":24},"end":{"line":6,"column":39}},"3":{"start":{"line":8,"column":14},"end":{"line":8,"column":45}},"4":{"start":{"line":9,"column":14},"end":{"line":9,"column":52}},"5":{"start":{"line":10,"column":14},"end":{"line":10,"column":43}},"6":{"start":{"line":12,"column":2},"end":{"line":14,"column":3}},"7":{"start":{"line":13,"column":4},"end":{"line":13,"column":90}},"8":{"start":{"line":15,"column":2},"end":{"line":15,"column":81}}},"fnMap":{"0":{"name":"(anonymous_0)","decl":{"start":{"line":5,"column":26},"end":{"line":5,"column":27}},"loc":{"start":{"line":5,"column":44},"end":{"line":16,"column":1}},"line":5}},"branchMap":{"0":{"loc":{"start":{"line":6,"column":2},"end":{"line":6,"column":39}},"type":"if","locations":[{"start":{"line":6,"column":2},"end":{"line":6,"column":39}},{"start":{},"end":{}}],"line":6},"1":{"loc":{"start":{"line":12,"column":2},"end":{"line":14,"column":3}},"type":"if","locations":[{"start":{"line":12,"column":2},"end":{"line":14,"column":3}},{"start":{},"end":{}}],"line":12}},"s":{"0":1,"1":6,"2":1,"3":5,"4":5,"5":5,"6":5,"7":2,"8":3},"f":{"0":6},"b":{"0":[1,5],"1":[2,3]},"_coverageSchema":"1a1c01bbd47fc00a2c39e90264f33305004495a9","hash":"671c7d281c9580ad0989d536dbdce64f3b399b2d"},"C:\\GitHub\\App_leitura\\BookRats\\src\\core\\services\\BookService.js":{"path":"C:\\GitHub\\App_leitura\\BookRats\\src\\core\\services\\BookService.js","statementMap":{"0":{"start":{"line":8,"column":27},"end":{"line":37,"column":1}},"1":{"start":{"line":18,"column":4},"end":{"line":18,"column":70}},"2":{"start":{"line":18,"column":60},"end":{"line":18,"column":70}},"3":{"start":{"line":20,"column":4},"end":{"line":35,"column":5}},"4":{"start":{"line":21,"column":23},"end":{"line":21,"column":25}},"5":{"start":{"line":22,"column":23},"end":{"line":22,"column":47}},"6":{"start":{"line":24,"column":6},"end":{"line":27,"column":7}},"7":{"start":{"line":25,"column":23},"end":{"line":25,"column":61}},"8":{"start":{"line":26,"column":8},"end":{"line":26,"column":77}},"9":{"start":{"line":26,"column":42},"end":{"line":26,"column":73}},"10":{"start":{"line":30,"column":6},"end":{"line":30,"column":89}},"11":{"start":{"line":30,"column":30},"end":{"line":30,"column":87}},"12":{"start":{"line":31,"column":6},"end":{"line":31,"column":38}},"13":{"start":{"line":33,"column":6},"end":{"line":33,"column":66}},"14":{"start":{"line":34,"column":6},"end":{"line":34,"column":16}}},"fnMap":{"0":{"name":"(anonymous_0)","decl":{"start":{"line":17,"column":24},"end":{"line":17,"column":25}},"loc":{"start":{"line":17,"column":64},"end":{"line":36,"column":3}},"line":17},"1":{"name":"(anonymous_1)","decl":{"start":{"line":26,"column":36},"end":{"line":26,"column":37}},"loc":{"start":{"line":26,"column":42},"end":{"line":26,"column":73}},"line":26},"2":{"name":"(anonymous_2)","decl":{"start":{"line":30,"column":20},"end":{"line":30,"column":21}},"loc":{"start":{"line":30,"column":30},"end":{"line":30,"column":87}},"line":30}},"branchMap":{"0":{"loc":{"start":{"line":17,"column":50},"end":{"line":17,"column":59}},"type":"default-arg","locations":[{"start":{"line":17,"column":58},"end":{"line":17,"column":59}}],"line":17},"1":{"loc":{"start":{"line":18,"column":4},"end":{"line":18,"column":70}},"type":"if","locations":[{"start":{"line":18,"column":4},"end":{"line":18,"column":70}},{"start":{},"end":{}}],"line":18},"2":{"loc":{"start":{"line":18,"column":8},"end":{"line":18,"column":58}},"type":"binary-expr","locations":[{"start":{"line":18,"column":8},"end":{"line":18,"column":12}},{"start":{"line":18,"column":16},"end":{"line":18,"column":29}},{"start":{"line":18,"column":33},"end":{"line":18,"column":58}}],"line":18},"3":{"loc":{"start":{"line":30,"column":31},"end":{"line":30,"column":56}},"type":"binary-expr","locations":[{"start":{"line":30,"column":31},"end":{"line":30,"column":51}},{"start":{"line":30,"column":55},"end":{"line":30,"column":56}}],"line":30},"4":{"loc":{"start":{"line":30,"column":61},"end":{"line":30,"column":86}},"type":"binary-expr","locations":[{"start":{"line":30,"column":61},"end":{"line":30,"column":81}},{"start":{"line":30,"column":85},"end":{"line":30,"column":86}}],"line":30}},"s":{"0":1,"1":5,"2":2,"3":3,"4":3,"5":3,"6":3,"7":5,"8":4,"9":6,"10":2,"11":7,"12":2,"13":1,"14":1},"f":{"0":5,"1":6,"2":7},"b":{"0":[4],"1":[2,3],"2":[5,4,4],"3":[7,1],"4":[7,0]},"_coverageSchema":"1a1c01bbd47fc00a2c39e90264f33305004495a9","hash":"64500d4c155b6e3f569214caad5fc1708bcd806c"},"C:\\GitHub\\App_leitura\\BookRats\\src\\utils\\streakEngine.js":{"path":"C:\\GitHub\\App_leitura\\BookRats\\src\\utils\\streakEngine.js","statementMap":{"0":{"start":{"line":26,"column":31},"end":{"line":84,"column":1}},"1":{"start":{"line":27,"column":65},"end":{"line":27,"column":83}},"2":{"start":{"line":30,"column":2},"end":{"line":36,"column":3}},"3":{"start":{"line":31,"column":4},"end":{"line":35,"column":6}},"4":{"start":{"line":39,"column":2},"end":{"line":50,"column":3}},"5":{"start":{"line":40,"column":4},"end":{"line":49,"column":6}},"6":{"start":{"line":54,"column":18},"end":{"line":54,"column":54}},"7":{"start":{"line":55,"column":20},"end":{"line":55,"column":37}},"8":{"start":{"line":56,"column":2},"end":{"line":56,"column":45}},"9":{"start":{"line":57,"column":23},"end":{"line":57,"column":52}},"10":{"start":{"line":59,"column":2},"end":{"line":71,"column":3}},"11":{"start":{"line":60,"column":21},"end":{"line":60,"column":37}},"12":{"start":{"line":61,"column":4},"end":{"line":70,"column":6}},"13":{"start":{"line":74,"column":2},"end":{"line":83,"column":4}}},"fnMap":{"0":{"name":"(anonymous_0)","decl":{"start":{"line":26,"column":31},"end":{"line":26,"column":32}},"loc":{"start":{"line":26,"column":69},"end":{"line":84,"column":1}},"line":26}},"branchMap":{"0":{"loc":{"start":{"line":30,"column":2},"end":{"line":36,"column":3}},"type":"if","locations":[{"start":{"line":30,"column":2},"end":{"line":36,"column":3}},{"start":{},"end":{}}],"line":30},"1":{"loc":{"start":{"line":39,"column":2},"end":{"line":50,"column":3}},"type":"if","locations":[{"start":{"line":39,"column":2},"end":{"line":50,"column":3}},{"start":{},"end":{}}],"line":39},"2":{"loc":{"start":{"line":59,"column":2},"end":{"line":71,"column":3}},"type":"if","locations":[{"start":{"line":59,"column":2},"end":{"line":71,"column":3}},{"start":{},"end":{}}],"line":59}},"s":{"0":1,"1":7,"2":7,"3":1,"4":6,"5":1,"6":5,"7":5,"8":5,"9":5,"10":5,"11":4,"12":4,"13":1},"f":{"0":7},"b":{"0":[1,6],"1":[1,5],"2":[4,1]},"_coverageSchema":"1a1c01bbd47fc00a2c39e90264f33305004495a9","hash":"cf38c47ba28877e1c9ffb24a0ac52fccf8f155d3"},"C:\\GitHub\\App_leitura\\BookRats\\src\\core\\services\\BadgeListenerService.js":{"path":"C:\\GitHub\\App_leitura\\BookRats\\src\\core\\services\\BadgeListenerService.js","statementMap":{"0":{"start":{"line":4,"column":18},"end":{"line":4,"column":23}},"1":{"start":{"line":11,"column":29},"end":{"line":52,"column":1}},"2":{"start":{"line":16,"column":4},"end":{"line":16,"column":28}},"3":{"start":{"line":16,"column":21},"end":{"line":16,"column":28}},"4":{"start":{"line":17,"column":4},"end":{"line":17,"column":23}},"5":{"start":{"line":21,"column":4},"end":{"line":39,"column":6}},"6":{"start":{"line":22,"column":17},"end":{"line":22,"column":28}},"7":{"start":{"line":24,"column":8},"end":{"line":24,"column":35}},"8":{"start":{"line":24,"column":28},"end":{"line":24,"column":35}},"9":{"start":{"line":27,"column":8},"end":{"line":37,"column":11}},"10":{"start":{"line":28,"column":27},"end":{"line":28,"column":72}},"11":{"start":{"line":28,"column":54},"end":{"line":28,"column":71}},"12":{"start":{"line":30,"column":26},"end":{"line":30,"column":63}},"13":{"start":{"line":31,"column":25},"end":{"line":31,"column":57}},"14":{"start":{"line":34,"column":10},"end":{"line":36,"column":11}},"15":{"start":{"line":35,"column":12},"end":{"line":35,"column":59}},"16":{"start":{"line":43,"column":4},"end":{"line":50,"column":6}},"17":{"start":{"line":44,"column":17},"end":{"line":44,"column":29}},"18":{"start":{"line":46,"column":8},"end":{"line":48,"column":9}},"19":{"start":{"line":47,"column":10},"end":{"line":47,"column":57}}},"fnMap":{"0":{"name":"(anonymous_0)","decl":{"start":{"line":15,"column":2},"end":{"line":15,"column":3}},"loc":{"start":{"line":15,"column":15},"end":{"line":51,"column":3}},"line":15},"1":{"name":"(anonymous_1)","decl":{"start":{"line":22,"column":6},"end":{"line":22,"column":7}},"loc":{"start":{"line":22,"column":17},"end":{"line":22,"column":28}},"line":22},"2":{"name":"(anonymous_2)","decl":{"start":{"line":23,"column":6},"end":{"line":23,"column":7}},"loc":{"start":{"line":23,"column":39},"end":{"line":38,"column":7}},"line":23},"3":{"name":"(anonymous_3)","decl":{"start":{"line":27,"column":29},"end":{"line":27,"column":30}},"loc":{"start":{"line":27,"column":39},"end":{"line":37,"column":9}},"line":27},"4":{"name":"(anonymous_4)","decl":{"start":{"line":28,"column":46},"end":{"line":28,"column":47}},"loc":{"start":{"line":28,"column":54},"end":{"line":28,"column":71}},"line":28},"5":{"name":"(anonymous_5)","decl":{"start":{"line":44,"column":6},"end":{"line":44,"column":7}},"loc":{"start":{"line":44,"column":17},"end":{"line":44,"column":29}},"line":44},"6":{"name":"(anonymous_6)","decl":{"start":{"line":45,"column":6},"end":{"line":45,"column":7}},"loc":{"start":{"line":45,"column":41},"end":{"line":49,"column":7}},"line":45}},"branchMap":{"0":{"loc":{"start":{"line":16,"column":4},"end":{"line":16,"column":28}},"type":"if","locations":[{"start":{"line":16,"column":4},"end":{"line":16,"column":28}},{"start":{},"end":{}}],"line":16},"1":{"loc":{"start":{"line":24,"column":8},"end":{"line":24,"column":35}},"type":"if","locations":[{"start":{"line":24,"column":8},"end":{"line":24,"column":35}},{"start":{},"end":{}}],"line":24},"2":{"loc":{"start":{"line":34,"column":10},"end":{"line":36,"column":11}},"type":"if","locations":[{"start":{"line":34,"column":10},"end":{"line":36,"column":11}},{"start":{},"end":{}}],"line":34},"3":{"loc":{"start":{"line":34,"column":14},"end":{"line":34,"column":32}},"type":"binary-expr","locations":[{"start":{"line":34,"column":14},"end":{"line":34,"column":22}},{"start":{"line":34,"column":26},"end":{"line":34,"column":32}}],"line":34},"4":{"loc":{"start":{"line":46,"column":8},"end":{"line":48,"column":9}},"type":"if","locations":[{"start":{"line":46,"column":8},"end":{"line":48,"column":9}},{"start":{},"end":{}}],"line":46}},"s":{"0":1,"1":1,"2":4,"3":3,"4":1,"5":1,"6":1,"7":2,"8":0,"9":2,"10":2,"11":2,"12":2,"13":2,"14":2,"15":1,"16":1,"17":1,"18":3,"19":1},"f":{"0":4,"1":1,"2":2,"3":2,"4":2,"5":1,"6":3},"b":{"0":[3,1],"1":[0,2],"2":[1,1],"3":[2,2],"4":[1,2]},"_coverageSchema":"1a1c01bbd47fc00a2c39e90264f33305004495a9","hash":"3438a8bf8ce394919747a9c526dde76bca10f1d7"}}}
