<?xml version="1.0" encoding="UTF-8"?>
<coverage generated="1776366515459" clover="3.2.0">
  <project timestamp="1776366515459" name="All files">
    <metrics statements="10" coveredstatements="9" conditionals="4" coveredconditionals="3" methods="2" coveredmethods="1" elements="16" coveredelements="13" complexity="0" loc="10" ncloc="10" packages="2" files="3" classes="3"/>
    <package name="mocks">
      <metrics statements="3" coveredstatements="2" conditionals="0" coveredconditionals="0" methods="1" coveredmethods="0"/>
      <file name="handlers.js" path="C:\Users\saman\github\bookrats\BookRats\src\mocks\handlers.js">
        <metrics statements="2" coveredstatements="1" conditionals="0" coveredconditionals="0" methods="1" coveredmethods="0"/>
        <line num="3" count="1" type="stmt"/>
        <line num="6" count="0" type="stmt"/>
      </file>
      <file name="server.js" path="C:\Users\saman\github\bookrats\BookRats\src\mocks\server.js">
        <metrics statements="1" coveredstatements="1" conditionals="0" coveredconditionals="0" methods="0" coveredmethods="0"/>
        <line num="4" count="1" type="stmt"/>
      </file>
    </package>
    <package name="utils">
      <metrics statements="7" coveredstatements="7" conditionals="4" coveredconditionals="3" methods="1" coveredmethods="1"/>
      <file name="errorMapper.js" path="C:\Users\saman\github\bookrats\BookRats\src\utils\errorMapper.js">
        <metrics statements="7" coveredstatements="7" conditionals="4" coveredconditionals="3" methods="1" coveredmethods="1"/>
        <line num="7" count="1" type="stmt"/>
        <line num="8" count="22" type="stmt"/>
        <line num="9" count="22" type="stmt"/>
        <line num="12" count="22" type="cond" truecount="1" falsecount="1"/>
        <line num="13" count="22" type="stmt"/>
        <line num="16" count="22" type="stmt"/>
        <line num="40" count="22" type="cond" truecount="2" falsecount="0"/>
      </file>
    </package>
  </project>
</coverage>
