{"C:\\GitHub\\App_leitura\\BookRats\\assets\\favicon.png": {"path":"C:\\GitHub\\App_leitura\\BookRats\\assets\\favicon.png","statementMap":{"0":{"start":{"line":1,"column":0},"end":{"line":4,"column":6}}},"fnMap":{},"branchMap":{},"s":{"0":5},"f":{},"b":{},"_coverageSchema":"1a1c01bbd47fc00a2c39e90264f33305004495a9","hash":"c637a1ae1e2635d4ec80452dc3132b846a97563b"}
,"C:\\GitHub\\App_leitura\\BookRats\\assets\\icon.png": {"path":"C:\\GitHub\\App_leitura\\BookRats\\assets\\icon.png","statementMap":{"0":{"start":{"line":1,"column":0},"end":{"line":4,"column":6}}},"fnMap":{},"branchMap":{},"s":{"0":5},"f":{},"b":{},"_coverageSchema":"1a1c01bbd47fc00a2c39e90264f33305004495a9","hash":"d018f84c7696732470a4d0d4f225e791487bc1f9"}
,"C:\\GitHub\\App_leitura\\BookRats\\assets\\pixel-avatar-fallback.png": {"path":"C:\\GitHub\\App_leitura\\BookRats\\assets\\pixel-avatar-fallback.png","statementMap":{"0":{"start":{"line":1,"column":0},"end":{"line":4,"column":6}}},"fnMap":{},"branchMap":{},"s":{"0":5},"f":{},"b":{},"_coverageSchema":"1a1c01bbd47fc00a2c39e90264f33305004495a9","hash":"a22abb529191fdd8e2b74dd208b6053b6ce5a895"}
,"C:\\GitHub\\App_leitura\\BookRats\\assets\\pixel_book.png": {"path":"C:\\GitHub\\App_leitura\\BookRats\\assets\\pixel_book.png","statementMap":{"0":{"start":{"line":1,"column":0},"end":{"line":4,"column":6}}},"fnMap":{},"branchMap":{},"s":{"0":5},"f":{},"b":{},"_coverageSchema":"1a1c01bbd47fc00a2c39e90264f33305004495a9","hash":"df3fb95843b12445c2459fb7304c05bebc7962b1"}
,"C:\\GitHub\\App_leitura\\BookRats\\assets\\splash-icon.png": {"path":"C:\\GitHub\\App_leitura\\BookRats\\assets\\splash-icon.png","statementMap":{"0":{"start":{"line":1,"column":0},"end":{"line":4,"column":6}}},"fnMap":{},"branchMap":{},"s":{"0":5},"f":{},"b":{},"_coverageSchema":"1a1c01bbd47fc00a2c39e90264f33305004495a9","hash":"19b9a162ca9e512c93273c1d5ac8df28eba035ad"}
,"C:\\GitHub\\App_leitura\\BookRats\\src\\core\\api\\apiClient.js": {"path":"C:\\GitHub\\App_leitura\\BookRats\\src\\core\\api\\apiClient.js","statementMap":{"0":{"start":{"line":11,"column":4},"end":{"line":11,"column":27}},"1":{"start":{"line":15,"column":16},"end":{"line":15,"column":85}},"2":{"start":{"line":18,"column":20},"end":{"line":18,"column":54}},"3":{"start":{"line":20,"column":4},"end":{"line":29,"column":5}},"4":{"start":{"line":22,"column":26},"end":{"line":22,"column":42}},"5":{"start":{"line":23,"column":6},"end":{"line":26,"column":7}},"6":{"start":{"line":24,"column":22},"end":{"line":24,"column":52}},"7":{"start":{"line":25,"column":8},"end":{"line":25,"column":56}},"8":{"start":{"line":28,"column":6},"end":{"line":28,"column":69}},"9":{"start":{"line":31,"column":4},"end":{"line":33,"column":5}},"10":{"start":{"line":32,"column":6},"end":{"line":32,"column":54}},"11":{"start":{"line":35,"column":19},"end":{"line":38,"column":5}},"12":{"start":{"line":40,"column":4},"end":{"line":81,"column":5}},"13":{"start":{"line":41,"column":23},"end":{"line":41,"column":47}},"14":{"start":{"line":44,"column":6},"end":{"line":73,"column":7}},"15":{"start":{"line":45,"column":23},"end":{"line":45,"column":38}},"16":{"start":{"line":48,"column":8},"end":{"line":55,"column":9}},"17":{"start":{"line":49,"column":10},"end":{"line":49,"column":79}},"18":{"start":{"line":50,"column":30},"end":{"line":50,"column":53}},"19":{"start":{"line":51,"column":10},"end":{"line":53,"column":11}},"20":{"start":{"line":52,"column":12},"end":{"line":52,"column":28}},"21":{"start":{"line":54,"column":10},"end":{"line":54,"column":96}},"22":{"start":{"line":58,"column":8},"end":{"line":61,"column":9}},"23":{"start":{"line":59,"column":10},"end":{"line":59,"column":82}},"24":{"start":{"line":60,"column":10},"end":{"line":60,"column":90}},"25":{"start":{"line":64,"column":27},"end":{"line":64,"column":58}},"26":{"start":{"line":65,"column":8},"end":{"line":70,"column":9}},"27":{"start":{"line":66,"column":28},"end":{"line":66,"column":49}},"28":{"start":{"line":67,"column":10},"end":{"line":67,"column":87}},"29":{"start":{"line":72,"column":8},"end":{"line":72,"column":38}},"30":{"start":{"line":76,"column":6},"end":{"line":76,"column":35}},"31":{"start":{"line":79,"column":6},"end":{"line":79,"column":52}},"32":{"start":{"line":80,"column":6},"end":{"line":80,"column":18}},"33":{"start":{"line":85,"column":4},"end":{"line":85,"column":62}},"34":{"start":{"line":89,"column":4},"end":{"line":89,"column":91}},"35":{"start":{"line":93,"column":4},"end":{"line":93,"column":90}},"36":{"start":{"line":97,"column":4},"end":{"line":97,"column":65}},"37":{"start":{"line":101,"column":25},"end":{"line":101,"column":40}}},"fnMap":{"0":{"name":"(anonymous_0)","decl":{"start":{"line":10,"column":2},"end":{"line":10,"column":3}},"loc":{"start":{"line":10,"column":28},"end":{"line":12,"column":3}},"line":10},"1":{"name":"(anonymous_1)","decl":{"start":{"line":14,"column":2},"end":{"line":14,"column":3}},"loc":{"start":{"line":14,"column":40},"end":{"line":82,"column":3}},"line":14},"2":{"name":"(anonymous_2)","decl":{"start":{"line":84,"column":2},"end":{"line":84,"column":3}},"loc":{"start":{"line":84,"column":30},"end":{"line":86,"column":3}},"line":84},"3":{"name":"(anonymous_3)","decl":{"start":{"line":88,"column":2},"end":{"line":88,"column":3}},"loc":{"start":{"line":88,"column":37},"end":{"line":90,"column":3}},"line":88},"4":{"name":"(anonymous_4)","decl":{"start":{"line":92,"column":2},"end":{"line":92,"column":3}},"loc":{"start":{"line":92,"column":36},"end":{"line":94,"column":3}},"line":92},"5":{"name":"(anonymous_5)","decl":{"start":{"line":96,"column":2},"end":{"line":96,"column":3}},"loc":{"start":{"line":96,"column":33},"end":{"line":98,"column":3}},"line":96}},"branchMap":{"0":{"loc":{"start":{"line":10,"column":14},"end":{"line":10,"column":26}},"type":"default-arg","locations":[{"start":{"line":10,"column":24},"end":{"line":10,"column":26}}],"line":10},"1":{"loc":{"start":{"line":14,"column":26},"end":{"line":14,"column":38}},"type":"default-arg","locations":[{"start":{"line":14,"column":36},"end":{"line":14,"column":38}}],"line":14},"2":{"loc":{"start":{"line":15,"column":16},"end":{"line":15,"column":85}},"type":"cond-expr","locations":[{"start":{"line":15,"column":46},"end":{"line":15,"column":54}},{"start":{"line":15,"column":57},"end":{"line":15,"column":85}}],"line":15},"3":{"loc":{"start":{"line":18,"column":32},"end":{"line":18,"column":53}},"type":"binary-expr","locations":[{"start":{"line":18,"column":32},"end":{"line":18,"column":47}},{"start":{"line":18,"column":51},"end":{"line":18,"column":53}}],"line":18},"4":{"loc":{"start":{"line":23,"column":6},"end":{"line":26,"column":7}},"type":"if","locations":[{"start":{"line":23,"column":6},"end":{"line":26,"column":7}},{"start":{},"end":{}}],"line":23},"5":{"loc":{"start":{"line":31,"column":4},"end":{"line":33,"column":5}},"type":"if","locations":[{"start":{"line":31,"column":4},"end":{"line":33,"column":5}},{"start":{},"end":{}}],"line":31},"6":{"loc":{"start":{"line":44,"column":6},"end":{"line":73,"column":7}},"type":"if","locations":[{"start":{"line":44,"column":6},"end":{"line":73,"column":7}},{"start":{},"end":{}}],"line":44},"7":{"loc":{"start":{"line":48,"column":8},"end":{"line":55,"column":9}},"type":"if","locations":[{"start":{"line":48,"column":8},"end":{"line":55,"column":9}},{"start":{},"end":{}}],"line":48},"8":{"loc":{"start":{"line":48,"column":12},"end":{"line":48,"column":44}},"type":"binary-expr","locations":[{"start":{"line":48,"column":12},"end":{"line":48,"column":26}},{"start":{"line":48,"column":30},"end":{"line":48,"column":44}}],"line":48},"9":{"loc":{"start":{"line":51,"column":10},"end":{"line":53,"column":11}},"type":"if","locations":[{"start":{"line":51,"column":10},"end":{"line":53,"column":11}},{"start":{},"end":{}}],"line":51},"10":{"loc":{"start":{"line":58,"column":8},"end":{"line":61,"column":9}},"type":"if","locations":[{"start":{"line":58,"column":8},"end":{"line":61,"column":9}},{"start":{},"end":{}}],"line":58},"11":{"loc":{"start":{"line":67,"column":25},"end":{"line":67,"column":86}},"type":"binary-expr","locations":[{"start":{"line":67,"column":25},"end":{"line":67,"column":42}},{"start":{"line":67,"column":46},"end":{"line":67,"column":70}},{"start":{"line":67,"column":74},"end":{"line":67,"column":86}}],"line":67},"12":{"loc":{"start":{"line":84,"column":16},"end":{"line":84,"column":28}},"type":"default-arg","locations":[{"start":{"line":84,"column":26},"end":{"line":84,"column":28}}],"line":84},"13":{"loc":{"start":{"line":88,"column":23},"end":{"line":88,"column":35}},"type":"default-arg","locations":[{"start":{"line":88,"column":33},"end":{"line":88,"column":35}}],"line":88},"14":{"loc":{"start":{"line":92,"column":22},"end":{"line":92,"column":34}},"type":"default-arg","locations":[{"start":{"line":92,"column":32},"end":{"line":92,"column":34}}],"line":92},"15":{"loc":{"start":{"line":96,"column":19},"end":{"line":96,"column":31}},"type":"default-arg","locations":[{"start":{"line":96,"column":29},"end":{"line":96,"column":31}}],"line":96}},"s":{"0":1,"1":6,"2":6,"3":6,"4":6,"5":6,"6":1,"7":1,"8":0,"9":6,"10":6,"11":6,"12":6,"13":6,"14":6,"15":4,"16":4,"17":2,"18":2,"19":2,"20":2,"21":2,"22":2,"23":1,"24":1,"25":1,"26":1,"27":1,"28":1,"29":1,"30":2,"31":4,"32":4,"33":5,"34":1,"35":0,"36":0,"37":1},"f":{"0":1,"1":6,"2":5,"3":1,"4":0,"5":0},"b":{"0":[1],"1":[0],"2":[6,0],"3":[6,0],"4":[1,5],"5":[6,0],"6":[4,2],"7":[2,2],"8":[4,2],"9":[2,0],"10":[1,1],"11":[1,0,0],"12":[5],"13":[1],"14":[0],"15":[0]},"_coverageSchema":"1a1c01bbd47fc00a2c39e90264f33305004495a9","hash":"61bce999fce91c89edac00fdb90d647b96e875bd"}
,"C:\\GitHub\\App_leitura\\BookRats\\src\\core\\api\\auth.js": {"path":"C:\\GitHub\\App_leitura\\BookRats\\src\\core\\api\\auth.js","statementMap":{"0":{"start":{"line":12,"column":22},"end":{"line":33,"column":1}},"1":{"start":{"line":13,"column":2},"end":{"line":32,"column":3}},"2":{"start":{"line":14,"column":27},"end":{"line":14,"column":86}},"3":{"start":{"line":15,"column":21},"end":{"line":15,"column":40}},"4":{"start":{"line":18,"column":4},"end":{"line":26,"column":7}},"5":{"start":{"line":28,"column":4},"end":{"line":28,"column":31}},"6":{"start":{"line":30,"column":4},"end":{"line":30,"column":43}},"7":{"start":{"line":31,"column":4},"end":{"line":31,"column":45}},"8":{"start":{"line":35,"column":22},"end":{"line":43,"column":1}},"9":{"start":{"line":36,"column":2},"end":{"line":42,"column":3}},"10":{"start":{"line":37,"column":27},"end":{"line":37,"column":82}},"11":{"start":{"line":38,"column":4},"end":{"line":38,"column":31}},"12":{"start":{"line":40,"column":4},"end":{"line":40,"column":43}},"13":{"start":{"line":41,"column":4},"end":{"line":41,"column":45}},"14":{"start":{"line":45,"column":32},"end":{"line":71,"column":1}},"15":{"start":{"line":46,"column":2},"end":{"line":70,"column":3}},"16":{"start":{"line":47,"column":23},"end":{"line":47,"column":61}},"17":{"start":{"line":48,"column":19},"end":{"line":48,"column":63}},"18":{"start":{"line":49,"column":17},"end":{"line":49,"column":28}},"19":{"start":{"line":51,"column":23},"end":{"line":51,"column":49}},"20":{"start":{"line":52,"column":20},"end":{"line":52,"column":44}},"21":{"start":{"line":54,"column":4},"end":{"line":65,"column":5}},"22":{"start":{"line":55,"column":23},"end":{"line":55,"column":67}},"23":{"start":{"line":56,"column":6},"end":{"line":64,"column":9}},"24":{"start":{"line":66,"column":4},"end":{"line":66,"column":16}},"25":{"start":{"line":68,"column":4},"end":{"line":68,"column":50}},"26":{"start":{"line":69,"column":4},"end":{"line":69,"column":45}},"27":{"start":{"line":73,"column":23},"end":{"line":80,"column":1}},"28":{"start":{"line":74,"column":2},"end":{"line":79,"column":3}},"29":{"start":{"line":75,"column":4},"end":{"line":75,"column":32}},"30":{"start":{"line":77,"column":4},"end":{"line":77,"column":44}},"31":{"start":{"line":78,"column":4},"end":{"line":78,"column":35}},"32":{"start":{"line":82,"column":30},"end":{"line":92,"column":1}},"33":{"start":{"line":83,"column":2},"end":{"line":91,"column":3}},"34":{"start":{"line":84,"column":20},"end":{"line":84,"column":41}},"35":{"start":{"line":85,"column":4},"end":{"line":88,"column":24}},"36":{"start":{"line":90,"column":4},"end":{"line":90,"column":51}},"37":{"start":{"line":94,"column":35},"end":{"line":103,"column":1}},"38":{"start":{"line":95,"column":2},"end":{"line":102,"column":3}},"39":{"start":{"line":96,"column":20},"end":{"line":96,"column":41}},"40":{"start":{"line":97,"column":4},"end":{"line":99,"column":24}},"41":{"start":{"line":101,"column":4},"end":{"line":101,"column":57}}},"fnMap":{"0":{"name":"(anonymous_0)","decl":{"start":{"line":12,"column":22},"end":{"line":12,"column":23}},"loc":{"start":{"line":12,"column":49},"end":{"line":33,"column":1}},"line":12},"1":{"name":"(anonymous_1)","decl":{"start":{"line":35,"column":22},"end":{"line":35,"column":23}},"loc":{"start":{"line":35,"column":49},"end":{"line":43,"column":1}},"line":35},"2":{"name":"(anonymous_2)","decl":{"start":{"line":45,"column":32},"end":{"line":45,"column":33}},"loc":{"start":{"line":45,"column":51},"end":{"line":71,"column":1}},"line":45},"3":{"name":"(anonymous_3)","decl":{"start":{"line":73,"column":23},"end":{"line":73,"column":24}},"loc":{"start":{"line":73,"column":35},"end":{"line":80,"column":1}},"line":73},"4":{"name":"(anonymous_4)","decl":{"start":{"line":82,"column":30},"end":{"line":82,"column":31}},"loc":{"start":{"line":82,"column":55},"end":{"line":92,"column":1}},"line":82},"5":{"name":"(anonymous_5)","decl":{"start":{"line":94,"column":35},"end":{"line":94,"column":36}},"loc":{"start":{"line":94,"column":61},"end":{"line":103,"column":1}},"line":94}},"branchMap":{"0":{"loc":{"start":{"line":54,"column":4},"end":{"line":65,"column":5}},"type":"if","locations":[{"start":{"line":54,"column":4},"end":{"line":65,"column":5}},{"start":{},"end":{}}],"line":54},"1":{"loc":{"start":{"line":55,"column":23},"end":{"line":55,"column":67}},"type":"binary-expr","locations":[{"start":{"line":55,"column":23},"end":{"line":55,"column":39}},{"start":{"line":55,"column":43},"end":{"line":55,"column":67}}],"line":55},"2":{"loc":{"start":{"line":98,"column":26},"end":{"line":98,"column":43}},"type":"binary-expr","locations":[{"start":{"line":98,"column":26},"end":{"line":98,"column":35}},{"start":{"line":98,"column":39},"end":{"line":98,"column":43}}],"line":98}},"s":{"0":6,"1":0,"2":0,"3":0,"4":0,"5":0,"6":0,"7":0,"8":6,"9":4,"10":4,"11":2,"12":2,"13":2,"14":6,"15":0,"16":0,"17":0,"18":0,"19":0,"20":0,"21":0,"22":0,"23":0,"24":0,"25":0,"26":0,"27":6,"28":0,"29":0,"30":0,"31":0,"32":6,"33":0,"34":0,"35":0,"36":0,"37":6,"38":0,"39":0,"40":0,"41":0},"f":{"0":0,"1":4,"2":0,"3":0,"4":0,"5":0},"b":{"0":[0,0],"1":[0,0],"2":[0,0]},"_coverageSchema":"1a1c01bbd47fc00a2c39e90264f33305004495a9","hash":"5054f6c8911f8d1c4461e75e63a2adb508795706"}
,"C:\\GitHub\\App_leitura\\BookRats\\src\\core\\api\\books.js": {"path":"C:\\GitHub\\App_leitura\\BookRats\\src\\core\\api\\books.js","statementMap":{"0":{"start":{"line":6,"column":23},"end":{"line":32,"column":1}},"1":{"start":{"line":8,"column":2},"end":{"line":10,"column":3}},"2":{"start":{"line":9,"column":4},"end":{"line":9,"column":85}},"3":{"start":{"line":12,"column":16},"end":{"line":12,"column":40}},"4":{"start":{"line":13,"column":2},"end":{"line":15,"column":3}},"5":{"start":{"line":14,"column":4},"end":{"line":14,"column":85}},"6":{"start":{"line":17,"column":2},"end":{"line":31,"column":3}},"7":{"start":{"line":18,"column":20},"end":{"line":18,"column":104}},"8":{"start":{"line":19,"column":4},"end":{"line":26,"column":7}},"9":{"start":{"line":27,"column":4},"end":{"line":27,"column":22}},"10":{"start":{"line":29,"column":4},"end":{"line":29,"column":47}},"11":{"start":{"line":30,"column":4},"end":{"line":30,"column":45}},"12":{"start":{"line":34,"column":34},"end":{"line":101,"column":1}},"13":{"start":{"line":36,"column":16},"end":{"line":36,"column":31}},"14":{"start":{"line":37,"column":19},"end":{"line":37,"column":38}},"15":{"start":{"line":39,"column":2},"end":{"line":41,"column":3}},"16":{"start":{"line":40,"column":4},"end":{"line":40,"column":75}},"17":{"start":{"line":44,"column":2},"end":{"line":46,"column":3}},"18":{"start":{"line":45,"column":5},"end":{"line":45,"column":76}},"19":{"start":{"line":49,"column":2},"end":{"line":51,"column":3}},"20":{"start":{"line":50,"column":4},"end":{"line":50,"column":75}},"21":{"start":{"line":53,"column":99},"end":{"line":53,"column":109}},"22":{"start":{"line":54,"column":19},"end":{"line":54,"column":57}},"23":{"start":{"line":55,"column":20},"end":{"line":55,"column":67}},"24":{"start":{"line":56,"column":25},"end":{"line":56,"column":62}},"25":{"start":{"line":57,"column":22},"end":{"line":57,"column":46}},"26":{"start":{"line":58,"column":30},"end":{"line":58,"column":57}},"27":{"start":{"line":60,"column":2},"end":{"line":100,"column":3}},"28":{"start":{"line":62,"column":20},"end":{"line":62,"column":59}},"29":{"start":{"line":63,"column":4},"end":{"line":72,"column":7}},"30":{"start":{"line":75,"column":20},"end":{"line":75,"column":41}},"31":{"start":{"line":76,"column":26},"end":{"line":76,"column":63}},"32":{"start":{"line":77,"column":31},"end":{"line":77,"column":76}},"33":{"start":{"line":79,"column":4},"end":{"line":94,"column":7}},"34":{"start":{"line":96,"column":4},"end":{"line":96,"column":43}},"35":{"start":{"line":98,"column":4},"end":{"line":98,"column":53}},"36":{"start":{"line":99,"column":4},"end":{"line":99,"column":45}},"37":{"start":{"line":103,"column":25},"end":{"line":111,"column":1}},"38":{"start":{"line":104,"column":2},"end":{"line":110,"column":3}},"39":{"start":{"line":105,"column":20},"end":{"line":105,"column":58}},"40":{"start":{"line":106,"column":4},"end":{"line":106,"column":48}},"41":{"start":{"line":108,"column":4},"end":{"line":108,"column":50}},"42":{"start":{"line":109,"column":4},"end":{"line":109,"column":45}},"43":{"start":{"line":113,"column":28},"end":{"line":122,"column":1}},"44":{"start":{"line":114,"column":2},"end":{"line":121,"column":3}},"45":{"start":{"line":115,"column":21},"end":{"line":115,"column":58}},"46":{"start":{"line":116,"column":17},"end":{"line":116,"column":40}},"47":{"start":{"line":117,"column":4},"end":{"line":117,"column":65}},"48":{"start":{"line":117,"column":33},"end":{"line":117,"column":62}},"49":{"start":{"line":119,"column":4},"end":{"line":119,"column":54}},"50":{"start":{"line":120,"column":4},"end":{"line":120,"column":45}},"51":{"start":{"line":124,"column":29},"end":{"line":156,"column":1}},"52":{"start":{"line":126,"column":2},"end":{"line":128,"column":3}},"53":{"start":{"line":127,"column":4},"end":{"line":127,"column":77}},"54":{"start":{"line":130,"column":18},"end":{"line":130,"column":30}},"55":{"start":{"line":131,"column":2},"end":{"line":133,"column":3}},"56":{"start":{"line":132,"column":4},"end":{"line":132,"column":72}},"57":{"start":{"line":135,"column":2},"end":{"line":155,"column":3}},"58":{"start":{"line":136,"column":21},"end":{"line":136,"column":81}},"59":{"start":{"line":137,"column":4},"end":{"line":151,"column":7}},"60":{"start":{"line":153,"column":4},"end":{"line":153,"column":53}},"61":{"start":{"line":154,"column":4},"end":{"line":154,"column":45}},"62":{"start":{"line":158,"column":34},"end":{"line":167,"column":1}},"63":{"start":{"line":159,"column":2},"end":{"line":166,"column":3}},"64":{"start":{"line":160,"column":21},"end":{"line":160,"column":81}},"65":{"start":{"line":161,"column":17},"end":{"line":161,"column":40}},"66":{"start":{"line":162,"column":4},"end":{"line":162,"column":65}},"67":{"start":{"line":162,"column":33},"end":{"line":162,"column":62}},"68":{"start":{"line":164,"column":4},"end":{"line":164,"column":55}},"69":{"start":{"line":165,"column":4},"end":{"line":165,"column":45}}},"fnMap":{"0":{"name":"(anonymous_0)","decl":{"start":{"line":6,"column":23},"end":{"line":6,"column":24}},"loc":{"start":{"line":6,"column":68},"end":{"line":32,"column":1}},"line":6},"1":{"name":"(anonymous_1)","decl":{"start":{"line":34,"column":34},"end":{"line":34,"column":35}},"loc":{"start":{"line":34,"column":89},"end":{"line":101,"column":1}},"line":34},"2":{"name":"(anonymous_2)","decl":{"start":{"line":103,"column":25},"end":{"line":103,"column":26}},"loc":{"start":{"line":103,"column":48},"end":{"line":111,"column":1}},"line":103},"3":{"name":"(anonymous_3)","decl":{"start":{"line":113,"column":28},"end":{"line":113,"column":29}},"loc":{"start":{"line":113,"column":43},"end":{"line":122,"column":1}},"line":113},"4":{"name":"(anonymous_4)","decl":{"start":{"line":117,"column":25},"end":{"line":117,"column":26}},"loc":{"start":{"line":117,"column":33},"end":{"line":117,"column":62}},"line":117},"5":{"name":"(anonymous_5)","decl":{"start":{"line":124,"column":29},"end":{"line":124,"column":30}},"loc":{"start":{"line":124,"column":154},"end":{"line":156,"column":1}},"line":124},"6":{"name":"(anonymous_6)","decl":{"start":{"line":158,"column":34},"end":{"line":158,"column":35}},"loc":{"start":{"line":158,"column":57},"end":{"line":167,"column":1}},"line":158},"7":{"name":"(anonymous_7)","decl":{"start":{"line":162,"column":25},"end":{"line":162,"column":26}},"loc":{"start":{"line":162,"column":33},"end":{"line":162,"column":62}},"line":162}},"branchMap":{"0":{"loc":{"start":{"line":6,"column":54},"end":{"line":6,"column":63}},"type":"default-arg","locations":[{"start":{"line":6,"column":59},"end":{"line":6,"column":63}}],"line":6},"1":{"loc":{"start":{"line":8,"column":2},"end":{"line":10,"column":3}},"type":"if","locations":[{"start":{"line":8,"column":2},"end":{"line":10,"column":3}},{"start":{},"end":{}}],"line":8},"2":{"loc":{"start":{"line":8,"column":6},"end":{"line":8,"column":71}},"type":"binary-expr","locations":[{"start":{"line":8,"column":6},"end":{"line":8,"column":10}},{"start":{"line":8,"column":14},"end":{"line":8,"column":20}},{"start":{"line":8,"column":24},"end":{"line":8,"column":43}},{"start":{"line":8,"column":47},"end":{"line":8,"column":71}}],"line":8},"3":{"loc":{"start":{"line":13,"column":2},"end":{"line":15,"column":3}},"type":"if","locations":[{"start":{"line":13,"column":2},"end":{"line":15,"column":3}},{"start":{},"end":{}}],"line":13},"4":{"loc":{"start":{"line":13,"column":6},"end":{"line":13,"column":39}},"type":"binary-expr","locations":[{"start":{"line":13,"column":6},"end":{"line":13,"column":25}},{"start":{"line":13,"column":29},"end":{"line":13,"column":39}}],"line":13},"5":{"loc":{"start":{"line":18,"column":20},"end":{"line":18,"column":104}},"type":"cond-expr","locations":[{"start":{"line":18,"column":25},"end":{"line":18,"column":59}},{"start":{"line":18,"column":62},"end":{"line":18,"column":104}}],"line":18},"6":{"loc":{"start":{"line":39,"column":2},"end":{"line":41,"column":3}},"type":"if","locations":[{"start":{"line":39,"column":2},"end":{"line":41,"column":3}},{"start":{},"end":{}}],"line":39},"7":{"loc":{"start":{"line":39,"column":6},"end":{"line":39,"column":51}},"type":"binary-expr","locations":[{"start":{"line":39,"column":6},"end":{"line":39,"column":25}},{"start":{"line":39,"column":29},"end":{"line":39,"column":51}}],"line":39},"8":{"loc":{"start":{"line":44,"column":2},"end":{"line":46,"column":3}},"type":"if","locations":[{"start":{"line":44,"column":2},"end":{"line":46,"column":3}},{"start":{},"end":{}}],"line":44},"9":{"loc":{"start":{"line":44,"column":6},"end":{"line":44,"column":57}},"type":"binary-expr","locations":[{"start":{"line":44,"column":6},"end":{"line":44,"column":30}},{"start":{"line":44,"column":34},"end":{"line":44,"column":57}}],"line":44},"10":{"loc":{"start":{"line":49,"column":2},"end":{"line":51,"column":3}},"type":"if","locations":[{"start":{"line":49,"column":2},"end":{"line":51,"column":3}},{"start":{},"end":{}}],"line":49},"11":{"loc":{"start":{"line":49,"column":6},"end":{"line":49,"column":92}},"type":"binary-expr","locations":[{"start":{"line":49,"column":6},"end":{"line":49,"column":43}},{"start":{"line":49,"column":47},"end":{"line":49,"column":92}}],"line":49},"12":{"loc":{"start":{"line":53,"column":48},"end":{"line":53,"column":69}},"type":"default-arg","locations":[{"start":{"line":53,"column":68},"end":{"line":53,"column":69}}],"line":53},"13":{"loc":{"start":{"line":53,"column":71},"end":{"line":53,"column":94}},"type":"default-arg","locations":[{"start":{"line":53,"column":93},"end":{"line":53,"column":94}}],"line":53},"14":{"loc":{"start":{"line":65,"column":14},"end":{"line":65,"column":53}},"type":"cond-expr","locations":[{"start":{"line":65,"column":28},"end":{"line":65,"column":39}},{"start":{"line":65,"column":42},"end":{"line":65,"column":53}}],"line":65},"15":{"loc":{"start":{"line":70,"column":22},"end":{"line":70,"column":87}},"type":"cond-expr","locations":[{"start":{"line":70,"column":37},"end":{"line":70,"column":83}},{"start":{"line":70,"column":86},"end":{"line":70,"column":87}}],"line":70},"16":{"loc":{"start":{"line":77,"column":31},"end":{"line":77,"column":76}},"type":"cond-expr","locations":[{"start":{"line":77,"column":71},"end":{"line":77,"column":72}},{"start":{"line":77,"column":75},"end":{"line":77,"column":76}}],"line":77},"17":{"loc":{"start":{"line":77,"column":32},"end":{"line":77,"column":67}},"type":"binary-expr","locations":[{"start":{"line":77,"column":32},"end":{"line":77,"column":43}},{"start":{"line":77,"column":47},"end":{"line":77,"column":67}}],"line":77},"18":{"loc":{"start":{"line":124,"column":61},"end":{"line":124,"column":76}},"type":"default-arg","locations":[{"start":{"line":124,"column":72},"end":{"line":124,"column":76}}],"line":124},"19":{"loc":{"start":{"line":124,"column":78},"end":{"line":124,"column":132}},"type":"default-arg","locations":[{"start":{"line":124,"column":93},"end":{"line":124,"column":132}}],"line":124},"20":{"loc":{"start":{"line":124,"column":134},"end":{"line":124,"column":149}},"type":"default-arg","locations":[{"start":{"line":124,"column":145},"end":{"line":124,"column":149}}],"line":124},"21":{"loc":{"start":{"line":126,"column":2},"end":{"line":128,"column":3}},"type":"if","locations":[{"start":{"line":126,"column":2},"end":{"line":128,"column":3}},{"start":{},"end":{}}],"line":126},"22":{"loc":{"start":{"line":126,"column":6},"end":{"line":126,"column":61}},"type":"binary-expr","locations":[{"start":{"line":126,"column":6},"end":{"line":126,"column":11}},{"start":{"line":126,"column":15},"end":{"line":126,"column":39}},{"start":{"line":126,"column":43},"end":{"line":126,"column":61}}],"line":126},"23":{"loc":{"start":{"line":131,"column":2},"end":{"line":133,"column":3}},"type":"if","locations":[{"start":{"line":131,"column":2},"end":{"line":133,"column":3}},{"start":{},"end":{}}],"line":131},"24":{"loc":{"start":{"line":131,"column":6},"end":{"line":131,"column":40}},"type":"binary-expr","locations":[{"start":{"line":131,"column":6},"end":{"line":131,"column":15}},{"start":{"line":131,"column":19},"end":{"line":131,"column":40}}],"line":131},"25":{"loc":{"start":{"line":140,"column":20},"end":{"line":140,"column":46}},"type":"cond-expr","locations":[{"start":{"line":140,"column":32},"end":{"line":140,"column":39}},{"start":{"line":140,"column":42},"end":{"line":140,"column":46}}],"line":140},"26":{"loc":{"start":{"line":146,"column":21},"end":{"line":146,"column":57}},"type":"binary-expr","locations":[{"start":{"line":146,"column":21},"end":{"line":146,"column":45}},{"start":{"line":146,"column":49},"end":{"line":146,"column":57}}],"line":146},"27":{"loc":{"start":{"line":147,"column":18},"end":{"line":147,"column":47}},"type":"binary-expr","locations":[{"start":{"line":147,"column":18},"end":{"line":147,"column":39}},{"start":{"line":147,"column":43},"end":{"line":147,"column":47}}],"line":147}},"s":{"0":5,"1":0,"2":0,"3":0,"4":0,"5":0,"6":0,"7":0,"8":0,"9":0,"10":0,"11":0,"12":5,"13":0,"14":0,"15":0,"16":0,"17":0,"18":0,"19":0,"20":0,"21":0,"22":0,"23":0,"24":0,"25":0,"26":0,"27":0,"28":0,"29":0,"30":0,"31":0,"32":0,"33":0,"34":0,"35":0,"36":0,"37":5,"38":0,"39":0,"40":0,"41":0,"42":0,"43":5,"44":0,"45":0,"46":0,"47":0,"48":0,"49":0,"50":0,"51":5,"52":0,"53":0,"54":0,"55":0,"56":0,"57":0,"58":0,"59":0,"60":0,"61":0,"62":5,"63":0,"64":0,"65":0,"66":0,"67":0,"68":0,"69":0},"f":{"0":0,"1":0,"2":0,"3":0,"4":0,"5":0,"6":0,"7":0},"b":{"0":[0],"1":[0,0],"2":[0,0,0,0],"3":[0,0],"4":[0,0],"5":[0,0],"6":[0,0],"7":[0,0],"8":[0,0],"9":[0,0],"10":[0,0],"11":[0,0],"12":[0],"13":[0],"14":[0,0],"15":[0,0],"16":[0,0],"17":[0,0],"18":[0],"19":[0],"20":[0],"21":[0,0],"22":[0,0,0],"23":[0,0],"24":[0,0],"25":[0,0],"26":[0,0],"27":[0,0]},"_coverageSchema":"1a1c01bbd47fc00a2c39e90264f33305004495a9","hash":"7168698bb27fc8202b76c667b1206b099a7a4134"}
,"C:\\GitHub\\App_leitura\\BookRats\\src\\core\\api\\social.js": {"path":"C:\\GitHub\\App_leitura\\BookRats\\src\\core\\api\\social.js","statementMap":{"0":{"start":{"line":26,"column":35},"end":{"line":53,"column":1}},"1":{"start":{"line":27,"column":2},"end":{"line":52,"column":3}},"2":{"start":{"line":29,"column":4},"end":{"line":42,"column":5}},"3":{"start":{"line":30,"column":6},"end":{"line":35,"column":8}},"4":{"start":{"line":37,"column":6},"end":{"line":41,"column":8}},"5":{"start":{"line":44,"column":21},"end":{"line":44,"column":37}},"6":{"start":{"line":45,"column":18},"end":{"line":45,"column":75}},"7":{"start":{"line":45,"column":44},"end":{"line":45,"column":73}},"8":{"start":{"line":46,"column":20},"end":{"line":46,"column":59}},"9":{"start":{"line":48,"column":4},"end":{"line":48,"column":66}},"10":{"start":{"line":50,"column":4},"end":{"line":50,"column":61}},"11":{"start":{"line":51,"column":4},"end":{"line":51,"column":45}},"12":{"start":{"line":55,"column":27},"end":{"line":69,"column":1}},"13":{"start":{"line":56,"column":2},"end":{"line":56,"column":28}},"14":{"start":{"line":56,"column":18},"end":{"line":56,"column":28}},"15":{"start":{"line":57,"column":2},"end":{"line":68,"column":3}},"16":{"start":{"line":58,"column":14},"end":{"line":62,"column":5}},"17":{"start":{"line":63,"column":21},"end":{"line":63,"column":37}},"18":{"start":{"line":64,"column":4},"end":{"line":64,"column":69}},"19":{"start":{"line":64,"column":37},"end":{"line":64,"column":66}},"20":{"start":{"line":66,"column":4},"end":{"line":66,"column":48}},"21":{"start":{"line":67,"column":4},"end":{"line":67,"column":45}},"22":{"start":{"line":71,"column":33},"end":{"line":91,"column":1}},"23":{"start":{"line":72,"column":2},"end":{"line":90,"column":3}},"24":{"start":{"line":73,"column":14},"end":{"line":77,"column":5}},"25":{"start":{"line":78,"column":21},"end":{"line":78,"column":37}},"26":{"start":{"line":79,"column":4},"end":{"line":79,"column":32}},"27":{"start":{"line":79,"column":25},"end":{"line":79,"column":32}},"28":{"start":{"line":81,"column":4},"end":{"line":86,"column":7}},"29":{"start":{"line":88,"column":4},"end":{"line":88,"column":55}},"30":{"start":{"line":89,"column":4},"end":{"line":89,"column":45}},"31":{"start":{"line":93,"column":35},"end":{"line":101,"column":1}},"32":{"start":{"line":94,"column":2},"end":{"line":100,"column":3}},"33":{"start":{"line":95,"column":19},"end":{"line":95,"column":52}},"34":{"start":{"line":96,"column":4},"end":{"line":96,"column":52}},"35":{"start":{"line":98,"column":4},"end":{"line":98,"column":57}},"36":{"start":{"line":99,"column":4},"end":{"line":99,"column":45}},"37":{"start":{"line":103,"column":35},"end":{"line":111,"column":1}},"38":{"start":{"line":104,"column":2},"end":{"line":110,"column":3}},"39":{"start":{"line":105,"column":19},"end":{"line":105,"column":52}},"40":{"start":{"line":106,"column":4},"end":{"line":106,"column":52}},"41":{"start":{"line":108,"column":4},"end":{"line":108,"column":57}},"42":{"start":{"line":109,"column":4},"end":{"line":109,"column":45}},"43":{"start":{"line":113,"column":27},"end":{"line":126,"column":1}},"44":{"start":{"line":114,"column":2},"end":{"line":125,"column":3}},"45":{"start":{"line":115,"column":21},"end":{"line":120,"column":6}},"46":{"start":{"line":121,"column":4},"end":{"line":121,"column":23}},"47":{"start":{"line":123,"column":4},"end":{"line":123,"column":48}},"48":{"start":{"line":124,"column":4},"end":{"line":124,"column":45}},"49":{"start":{"line":129,"column":39},"end":{"line":134,"column":1}},"50":{"start":{"line":130,"column":12},"end":{"line":130,"column":78}},"51":{"start":{"line":131,"column":2},"end":{"line":133,"column":5}},"52":{"start":{"line":132,"column":4},"end":{"line":132,"column":72}},"53":{"start":{"line":132,"column":39},"end":{"line":132,"column":68}},"54":{"start":{"line":136,"column":43},"end":{"line":141,"column":1}},"55":{"start":{"line":137,"column":12},"end":{"line":137,"column":80}},"56":{"start":{"line":138,"column":2},"end":{"line":140,"column":5}},"57":{"start":{"line":139,"column":4},"end":{"line":139,"column":72}},"58":{"start":{"line":139,"column":39},"end":{"line":139,"column":68}},"59":{"start":{"line":143,"column":33},"end":{"line":148,"column":1}},"60":{"start":{"line":144,"column":12},"end":{"line":144,"column":84}},"61":{"start":{"line":145,"column":2},"end":{"line":147,"column":5}},"62":{"start":{"line":146,"column":4},"end":{"line":146,"column":72}},"63":{"start":{"line":146,"column":39},"end":{"line":146,"column":68}},"64":{"start":{"line":150,"column":30},"end":{"line":158,"column":1}},"65":{"start":{"line":151,"column":2},"end":{"line":157,"column":3}},"66":{"start":{"line":152,"column":20},"end":{"line":152,"column":55}},"67":{"start":{"line":153,"column":4},"end":{"line":153,"column":68}},"68":{"start":{"line":155,"column":4},"end":{"line":155,"column":61}},"69":{"start":{"line":156,"column":4},"end":{"line":156,"column":16}},"70":{"start":{"line":164,"column":29},"end":{"line":185,"column":1}},"71":{"start":{"line":165,"column":2},"end":{"line":165,"column":44}},"72":{"start":{"line":165,"column":34},"end":{"line":165,"column":44}},"73":{"start":{"line":167,"column":2},"end":{"line":184,"column":3}},"74":{"start":{"line":169,"column":19},"end":{"line":169,"column":21}},"75":{"start":{"line":170,"column":4},"end":{"line":172,"column":5}},"76":{"start":{"line":170,"column":17},"end":{"line":170,"column":18}},"77":{"start":{"line":171,"column":6},"end":{"line":171,"column":41}},"78":{"start":{"line":174,"column":20},"end":{"line":178,"column":7}},"79":{"start":{"line":175,"column":16},"end":{"line":175,"column":80}},"80":{"start":{"line":176,"column":19},"end":{"line":176,"column":35}},"81":{"start":{"line":177,"column":6},"end":{"line":177,"column":67}},"82":{"start":{"line":177,"column":35},"end":{"line":177,"column":64}},"83":{"start":{"line":180,"column":4},"end":{"line":180,"column":26}},"84":{"start":{"line":182,"column":4},"end":{"line":182,"column":52}},"85":{"start":{"line":183,"column":4},"end":{"line":183,"column":45}},"86":{"start":{"line":187,"column":32},"end":{"line":203,"column":1}},"87":{"start":{"line":188,"column":2},"end":{"line":202,"column":3}},"88":{"start":{"line":189,"column":15},"end":{"line":189,"column":118}},"89":{"start":{"line":190,"column":15},"end":{"line":190,"column":118}},"90":{"start":{"line":192,"column":18},"end":{"line":192,"column":35}},"91":{"start":{"line":193,"column":18},"end":{"line":193,"column":35}},"92":{"start":{"line":195,"column":17},"end":{"line":195,"column":47}},"93":{"start":{"line":196,"column":4},"end":{"line":198,"column":5}},"94":{"start":{"line":197,"column":6},"end":{"line":197,"column":29}},"95":{"start":{"line":200,"column":4},"end":{"line":200,"column":55}},"96":{"start":{"line":201,"column":4},"end":{"line":201,"column":45}},"97":{"start":{"line":205,"column":26},"end":{"line":215,"column":1}},"98":{"start":{"line":206,"column":2},"end":{"line":214,"column":3}},"99":{"start":{"line":207,"column":21},"end":{"line":207,"column":47}},"100":{"start":{"line":208,"column":4},"end":{"line":210,"column":7}},"101":{"start":{"line":212,"column":4},"end":{"line":212,"column":49}},"102":{"start":{"line":213,"column":4},"end":{"line":213,"column":45}},"103":{"start":{"line":217,"column":31},"end":{"line":232,"column":1}},"104":{"start":{"line":218,"column":2},"end":{"line":231,"column":3}},"105":{"start":{"line":219,"column":21},"end":{"line":219,"column":47}},"106":{"start":{"line":220,"column":17},"end":{"line":220,"column":39}},"107":{"start":{"line":221,"column":4},"end":{"line":221,"column":36}},"108":{"start":{"line":221,"column":24},"end":{"line":221,"column":36}},"109":{"start":{"line":223,"column":17},"end":{"line":223,"column":28}},"110":{"start":{"line":225,"column":20},"end":{"line":225,"column":59}},"111":{"start":{"line":227,"column":4},"end":{"line":227,"column":45}},"112":{"start":{"line":229,"column":4},"end":{"line":229,"column":57}},"113":{"start":{"line":230,"column":4},"end":{"line":230,"column":45}},"114":{"start":{"line":234,"column":34},"end":{"line":242,"column":1}},"115":{"start":{"line":235,"column":2},"end":{"line":241,"column":3}},"116":{"start":{"line":236,"column":21},"end":{"line":236,"column":47}},"117":{"start":{"line":237,"column":4},"end":{"line":237,"column":53}},"118":{"start":{"line":239,"column":4},"end":{"line":239,"column":58}},"119":{"start":{"line":240,"column":4},"end":{"line":240,"column":45}},"120":{"start":{"line":244,"column":30},"end":{"line":254,"column":1}},"121":{"start":{"line":245,"column":2},"end":{"line":253,"column":3}},"122":{"start":{"line":246,"column":21},"end":{"line":246,"column":47}},"123":{"start":{"line":247,"column":4},"end":{"line":249,"column":7}},"124":{"start":{"line":251,"column":4},"end":{"line":251,"column":55}},"125":{"start":{"line":252,"column":4},"end":{"line":252,"column":45}},"126":{"start":{"line":256,"column":33},"end":{"line":266,"column":1}},"127":{"start":{"line":257,"column":2},"end":{"line":265,"column":3}},"128":{"start":{"line":258,"column":21},"end":{"line":258,"column":47}},"129":{"start":{"line":259,"column":4},"end":{"line":261,"column":7}},"130":{"start":{"line":263,"column":4},"end":{"line":263,"column":57}},"131":{"start":{"line":264,"column":4},"end":{"line":264,"column":45}},"132":{"start":{"line":272,"column":31},"end":{"line":317,"column":1}},"133":{"start":{"line":273,"column":2},"end":{"line":273,"column":25}},"134":{"start":{"line":273,"column":15},"end":{"line":273,"column":25}},"135":{"start":{"line":274,"column":2},"end":{"line":316,"column":3}},"136":{"start":{"line":275,"column":22},"end":{"line":275,"column":56}},"137":{"start":{"line":276,"column":14},"end":{"line":282,"column":5}},"138":{"start":{"line":283,"column":17},"end":{"line":283,"column":33}},"139":{"start":{"line":284,"column":17},"end":{"line":284,"column":104}},"140":{"start":{"line":284,"column":39},"end":{"line":284,"column":102}},"141":{"start":{"line":295,"column":4},"end":{"line":297,"column":5}},"142":{"start":{"line":296,"column":6},"end":{"line":296,"column":87}},"143":{"start":{"line":296,"column":34},"end":{"line":296,"column":85}},"144":{"start":{"line":300,"column":4},"end":{"line":308,"column":7}},"145":{"start":{"line":301,"column":21},"end":{"line":301,"column":44}},"146":{"start":{"line":302,"column":21},"end":{"line":302,"column":44}},"147":{"start":{"line":303,"column":6},"end":{"line":303,"column":52}},"148":{"start":{"line":303,"column":29},"end":{"line":303,"column":52}},"149":{"start":{"line":305,"column":20},"end":{"line":305,"column":45}},"150":{"start":{"line":306,"column":20},"end":{"line":306,"column":45}},"151":{"start":{"line":307,"column":6},"end":{"line":307,"column":27}},"152":{"start":{"line":310,"column":4},"end":{"line":310,"column":31}},"153":{"start":{"line":312,"column":4},"end":{"line":312,"column":50}},"154":{"start":{"line":315,"column":4},"end":{"line":315,"column":14}},"155":{"start":{"line":322,"column":26},"end":{"line":336,"column":1}},"156":{"start":{"line":323,"column":2},"end":{"line":335,"column":3}},"157":{"start":{"line":324,"column":20},"end":{"line":324,"column":84}},"158":{"start":{"line":325,"column":4},"end":{"line":327,"column":7}},"159":{"start":{"line":329,"column":4},"end":{"line":331,"column":5}},"160":{"start":{"line":330,"column":6},"end":{"line":330,"column":117}},"161":{"start":{"line":333,"column":4},"end":{"line":333,"column":47}},"162":{"start":{"line":334,"column":4},"end":{"line":334,"column":45}},"163":{"start":{"line":343,"column":27},"end":{"line":394,"column":1}},"164":{"start":{"line":344,"column":20},"end":{"line":344,"column":102}},"165":{"start":{"line":345,"column":31},"end":{"line":345,"column":106}},"166":{"start":{"line":347,"column":19},"end":{"line":347,"column":44}},"167":{"start":{"line":349,"column":2},"end":{"line":393,"column":3}},"168":{"start":{"line":350,"column":4},"end":{"line":377,"column":7}},"169":{"start":{"line":351,"column":24},"end":{"line":351,"column":56}},"170":{"start":{"line":352,"column":6},"end":{"line":354,"column":7}},"171":{"start":{"line":353,"column":8},"end":{"line":353,"column":63}},"172":{"start":{"line":357,"column":6},"end":{"line":371,"column":9}},"173":{"start":{"line":374,"column":6},"end":{"line":376,"column":9}},"174":{"start":{"line":379,"column":4},"end":{"line":387,"column":5}},"175":{"start":{"line":380,"column":6},"end":{"line":386,"column":8}},"176":{"start":{"line":389,"column":4},"end":{"line":389,"column":23}},"177":{"start":{"line":391,"column":4},"end":{"line":391,"column":52}},"178":{"start":{"line":392,"column":4},"end":{"line":392,"column":45}},"179":{"start":{"line":399,"column":30},"end":{"line":425,"column":1}},"180":{"start":{"line":400,"column":2},"end":{"line":424,"column":3}},"181":{"start":{"line":401,"column":23},"end":{"line":401,"column":98}},"182":{"start":{"line":402,"column":14},"end":{"line":405,"column":5}},"183":{"start":{"line":406,"column":17},"end":{"line":406,"column":33}},"184":{"start":{"line":407,"column":20},"end":{"line":407,"column":73}},"185":{"start":{"line":407,"column":42},"end":{"line":407,"column":71}},"186":{"start":{"line":410,"column":4},"end":{"line":418,"column":7}},"187":{"start":{"line":411,"column":21},"end":{"line":411,"column":44}},"188":{"start":{"line":412,"column":21},"end":{"line":412,"column":44}},"189":{"start":{"line":413,"column":6},"end":{"line":413,"column":52}},"190":{"start":{"line":413,"column":29},"end":{"line":413,"column":52}},"191":{"start":{"line":415,"column":20},"end":{"line":415,"column":45}},"192":{"start":{"line":416,"column":20},"end":{"line":416,"column":45}},"193":{"start":{"line":417,"column":6},"end":{"line":417,"column":27}},"194":{"start":{"line":420,"column":4},"end":{"line":420,"column":19}},"195":{"start":{"line":422,"column":4},"end":{"line":422,"column":56}},"196":{"start":{"line":423,"column":4},"end":{"line":423,"column":14}},"197":{"start":{"line":430,"column":34},"end":{"line":444,"column":1}},"198":{"start":{"line":431,"column":2},"end":{"line":443,"column":3}},"199":{"start":{"line":432,"column":29},"end":{"line":432,"column":83}},"200":{"start":{"line":433,"column":4},"end":{"line":440,"column":7}},"201":{"start":{"line":442,"column":4},"end":{"line":442,"column":57}},"202":{"start":{"line":449,"column":40},"end":{"line":458,"column":1}},"203":{"start":{"line":450,"column":12},"end":{"line":454,"column":3}},"204":{"start":{"line":455,"column":2},"end":{"line":457,"column":5}},"205":{"start":{"line":456,"column":4},"end":{"line":456,"column":72}},"206":{"start":{"line":456,"column":39},"end":{"line":456,"column":68}},"207":{"start":{"line":463,"column":38},"end":{"line":470,"column":1}},"208":{"start":{"line":464,"column":2},"end":{"line":469,"column":3}},"209":{"start":{"line":465,"column":21},"end":{"line":465,"column":75}},"210":{"start":{"line":466,"column":4},"end":{"line":466,"column":46}},"211":{"start":{"line":468,"column":4},"end":{"line":468,"column":64}},"212":{"start":{"line":475,"column":42},"end":{"line":482,"column":1}},"213":{"start":{"line":476,"column":2},"end":{"line":481,"column":3}},"214":{"start":{"line":477,"column":20},"end":{"line":477,"column":41}},"215":{"start":{"line":478,"column":4},"end":{"line":478,"column":47}},"216":{"start":{"line":480,"column":4},"end":{"line":480,"column":62}}},"fnMap":{"0":{"name":"(anonymous_0)","decl":{"start":{"line":26,"column":35},"end":{"line":26,"column":36}},"loc":{"start":{"line":26,"column":83},"end":{"line":53,"column":1}},"line":26},"1":{"name":"(anonymous_1)","decl":{"start":{"line":45,"column":36},"end":{"line":45,"column":37}},"loc":{"start":{"line":45,"column":44},"end":{"line":45,"column":73}},"line":45},"2":{"name":"(anonymous_2)","decl":{"start":{"line":55,"column":27},"end":{"line":55,"column":28}},"loc":{"start":{"line":55,"column":48},"end":{"line":69,"column":1}},"line":55},"3":{"name":"(anonymous_3)","decl":{"start":{"line":64,"column":29},"end":{"line":64,"column":30}},"loc":{"start":{"line":64,"column":37},"end":{"line":64,"column":66}},"line":64},"4":{"name":"(anonymous_4)","decl":{"start":{"line":71,"column":33},"end":{"line":71,"column":34}},"loc":{"start":{"line":71,"column":67},"end":{"line":91,"column":1}},"line":71},"5":{"name":"(anonymous_5)","decl":{"start":{"line":93,"column":35},"end":{"line":93,"column":36}},"loc":{"start":{"line":93,"column":56},"end":{"line":101,"column":1}},"line":93},"6":{"name":"(anonymous_6)","decl":{"start":{"line":103,"column":35},"end":{"line":103,"column":36}},"loc":{"start":{"line":103,"column":56},"end":{"line":111,"column":1}},"line":103},"7":{"name":"(anonymous_7)","decl":{"start":{"line":113,"column":27},"end":{"line":113,"column":28}},"loc":{"start":{"line":113,"column":63},"end":{"line":126,"column":1}},"line":113},"8":{"name":"(anonymous_8)","decl":{"start":{"line":129,"column":39},"end":{"line":129,"column":40}},"loc":{"start":{"line":129,"column":58},"end":{"line":134,"column":1}},"line":129},"9":{"name":"(anonymous_9)","decl":{"start":{"line":131,"column":23},"end":{"line":131,"column":24}},"loc":{"start":{"line":131,"column":37},"end":{"line":133,"column":3}},"line":131},"10":{"name":"(anonymous_10)","decl":{"start":{"line":132,"column":31},"end":{"line":132,"column":32}},"loc":{"start":{"line":132,"column":39},"end":{"line":132,"column":68}},"line":132},"11":{"name":"(anonymous_11)","decl":{"start":{"line":136,"column":43},"end":{"line":136,"column":44}},"loc":{"start":{"line":136,"column":62},"end":{"line":141,"column":1}},"line":136},"12":{"name":"(anonymous_12)","decl":{"start":{"line":138,"column":23},"end":{"line":138,"column":24}},"loc":{"start":{"line":138,"column":37},"end":{"line":140,"column":3}},"line":138},"13":{"name":"(anonymous_13)","decl":{"start":{"line":139,"column":31},"end":{"line":139,"column":32}},"loc":{"start":{"line":139,"column":39},"end":{"line":139,"column":68}},"line":139},"14":{"name":"(anonymous_14)","decl":{"start":{"line":143,"column":33},"end":{"line":143,"column":34}},"loc":{"start":{"line":143,"column":52},"end":{"line":148,"column":1}},"line":143},"15":{"name":"(anonymous_15)","decl":{"start":{"line":145,"column":23},"end":{"line":145,"column":24}},"loc":{"start":{"line":145,"column":37},"end":{"line":147,"column":3}},"line":145},"16":{"name":"(anonymous_16)","decl":{"start":{"line":146,"column":31},"end":{"line":146,"column":32}},"loc":{"start":{"line":146,"column":39},"end":{"line":146,"column":68}},"line":146},"17":{"name":"(anonymous_17)","decl":{"start":{"line":150,"column":30},"end":{"line":150,"column":31}},"loc":{"start":{"line":150,"column":45},"end":{"line":158,"column":1}},"line":150},"18":{"name":"(anonymous_18)","decl":{"start":{"line":164,"column":29},"end":{"line":164,"column":30}},"loc":{"start":{"line":164,"column":45},"end":{"line":185,"column":1}},"line":164},"19":{"name":"(anonymous_19)","decl":{"start":{"line":174,"column":49},"end":{"line":174,"column":50}},"loc":{"start":{"line":174,"column":66},"end":{"line":178,"column":5}},"line":174},"20":{"name":"(anonymous_20)","decl":{"start":{"line":177,"column":27},"end":{"line":177,"column":28}},"loc":{"start":{"line":177,"column":35},"end":{"line":177,"column":64}},"line":177},"21":{"name":"(anonymous_21)","decl":{"start":{"line":187,"column":32},"end":{"line":187,"column":33}},"loc":{"start":{"line":187,"column":57},"end":{"line":203,"column":1}},"line":187},"22":{"name":"(anonymous_22)","decl":{"start":{"line":205,"column":26},"end":{"line":205,"column":27}},"loc":{"start":{"line":205,"column":50},"end":{"line":215,"column":1}},"line":205},"23":{"name":"(anonymous_23)","decl":{"start":{"line":217,"column":31},"end":{"line":217,"column":32}},"loc":{"start":{"line":217,"column":50},"end":{"line":232,"column":1}},"line":217},"24":{"name":"(anonymous_24)","decl":{"start":{"line":234,"column":34},"end":{"line":234,"column":35}},"loc":{"start":{"line":234,"column":72},"end":{"line":242,"column":1}},"line":234},"25":{"name":"(anonymous_25)","decl":{"start":{"line":244,"column":30},"end":{"line":244,"column":31}},"loc":{"start":{"line":244,"column":57},"end":{"line":254,"column":1}},"line":244},"26":{"name":"(anonymous_26)","decl":{"start":{"line":256,"column":33},"end":{"line":256,"column":34}},"loc":{"start":{"line":256,"column":60},"end":{"line":266,"column":1}},"line":256},"27":{"name":"(anonymous_27)","decl":{"start":{"line":272,"column":31},"end":{"line":272,"column":32}},"loc":{"start":{"line":272,"column":81},"end":{"line":317,"column":1}},"line":272},"28":{"name":"(anonymous_28)","decl":{"start":{"line":284,"column":31},"end":{"line":284,"column":32}},"loc":{"start":{"line":284,"column":39},"end":{"line":284,"column":102}},"line":284},"29":{"name":"(anonymous_29)","decl":{"start":{"line":296,"column":29},"end":{"line":296,"column":30}},"loc":{"start":{"line":296,"column":34},"end":{"line":296,"column":85}},"line":296},"30":{"name":"(anonymous_30)","decl":{"start":{"line":300,"column":16},"end":{"line":300,"column":17}},"loc":{"start":{"line":300,"column":26},"end":{"line":308,"column":5}},"line":300},"31":{"name":"(anonymous_31)","decl":{"start":{"line":322,"column":26},"end":{"line":322,"column":27}},"loc":{"start":{"line":322,"column":92},"end":{"line":336,"column":1}},"line":322},"32":{"name":"(anonymous_32)","decl":{"start":{"line":343,"column":27},"end":{"line":343,"column":28}},"loc":{"start":{"line":343,"column":114},"end":{"line":394,"column":1}},"line":343},"33":{"name":"(anonymous_33)","decl":{"start":{"line":350,"column":29},"end":{"line":350,"column":30}},"loc":{"start":{"line":350,"column":52},"end":{"line":377,"column":5}},"line":350},"34":{"name":"(anonymous_34)","decl":{"start":{"line":399,"column":30},"end":{"line":399,"column":31}},"loc":{"start":{"line":399,"column":82},"end":{"line":425,"column":1}},"line":399},"35":{"name":"(anonymous_35)","decl":{"start":{"line":407,"column":34},"end":{"line":407,"column":35}},"loc":{"start":{"line":407,"column":42},"end":{"line":407,"column":71}},"line":407},"36":{"name":"(anonymous_36)","decl":{"start":{"line":410,"column":17},"end":{"line":410,"column":18}},"loc":{"start":{"line":410,"column":27},"end":{"line":418,"column":5}},"line":410},"37":{"name":"(anonymous_37)","decl":{"start":{"line":430,"column":34},"end":{"line":430,"column":35}},"loc":{"start":{"line":430,"column":90},"end":{"line":444,"column":1}},"line":430},"38":{"name":"(anonymous_38)","decl":{"start":{"line":449,"column":40},"end":{"line":449,"column":41}},"loc":{"start":{"line":449,"column":59},"end":{"line":458,"column":1}},"line":449},"39":{"name":"(anonymous_39)","decl":{"start":{"line":455,"column":23},"end":{"line":455,"column":24}},"loc":{"start":{"line":455,"column":37},"end":{"line":457,"column":3}},"line":455},"40":{"name":"(anonymous_40)","decl":{"start":{"line":456,"column":31},"end":{"line":456,"column":32}},"loc":{"start":{"line":456,"column":39},"end":{"line":456,"column":68}},"line":456},"41":{"name":"(anonymous_41)","decl":{"start":{"line":463,"column":38},"end":{"line":463,"column":39}},"loc":{"start":{"line":463,"column":69},"end":{"line":470,"column":1}},"line":463},"42":{"name":"(anonymous_42)","decl":{"start":{"line":475,"column":42},"end":{"line":475,"column":43}},"loc":{"start":{"line":475,"column":71},"end":{"line":482,"column":1}},"line":475}},"branchMap":{"0":{"loc":{"start":{"line":26,"column":42},"end":{"line":26,"column":63}},"type":"default-arg","locations":[{"start":{"line":26,"column":59},"end":{"line":26,"column":63}}],"line":26},"1":{"loc":{"start":{"line":26,"column":65},"end":{"line":26,"column":78}},"type":"default-arg","locations":[{"start":{"line":26,"column":76},"end":{"line":26,"column":78}}],"line":26},"2":{"loc":{"start":{"line":29,"column":4},"end":{"line":42,"column":5}},"type":"if","locations":[{"start":{"line":29,"column":4},"end":{"line":42,"column":5}},{"start":{"line":36,"column":11},"end":{"line":42,"column":5}}],"line":29},"3":{"loc":{"start":{"line":56,"column":2},"end":{"line":56,"column":28}},"type":"if","locations":[{"start":{"line":56,"column":2},"end":{"line":56,"column":28}},{"start":{},"end":{}}],"line":56},"4":{"loc":{"start":{"line":79,"column":4},"end":{"line":79,"column":32}},"type":"if","locations":[{"start":{"line":79,"column":4},"end":{"line":79,"column":32}},{"start":{},"end":{}}],"line":79},"5":{"loc":{"start":{"line":153,"column":11},"end":{"line":153,"column":67}},"type":"cond-expr","locations":[{"start":{"line":153,"column":30},"end":{"line":153,"column":60}},{"start":{"line":153,"column":63},"end":{"line":153,"column":67}}],"line":153},"6":{"loc":{"start":{"line":165,"column":2},"end":{"line":165,"column":44}},"type":"if","locations":[{"start":{"line":165,"column":2},"end":{"line":165,"column":44}},{"start":{},"end":{}}],"line":165},"7":{"loc":{"start":{"line":165,"column":6},"end":{"line":165,"column":32}},"type":"binary-expr","locations":[{"start":{"line":165,"column":6},"end":{"line":165,"column":11}},{"start":{"line":165,"column":15},"end":{"line":165,"column":32}}],"line":165},"8":{"loc":{"start":{"line":221,"column":4},"end":{"line":221,"column":36}},"type":"if","locations":[{"start":{"line":221,"column":4},"end":{"line":221,"column":36}},{"start":{},"end":{}}],"line":221},"9":{"loc":{"start":{"line":225,"column":40},"end":{"line":225,"column":58}},"type":"binary-expr","locations":[{"start":{"line":225,"column":40},"end":{"line":225,"column":52}},{"start":{"line":225,"column":56},"end":{"line":225,"column":58}}],"line":225},"10":{"loc":{"start":{"line":273,"column":2},"end":{"line":273,"column":25}},"type":"if","locations":[{"start":{"line":273,"column":2},"end":{"line":273,"column":25}},{"start":{},"end":{}}],"line":273},"11":{"loc":{"start":{"line":295,"column":4},"end":{"line":297,"column":5}},"type":"if","locations":[{"start":{"line":295,"column":4},"end":{"line":297,"column":5}},{"start":{},"end":{}}],"line":295},"12":{"loc":{"start":{"line":295,"column":8},"end":{"line":295,"column":65}},"type":"binary-expr","locations":[{"start":{"line":295,"column":8},"end":{"line":295,"column":37}},{"start":{"line":295,"column":41},"end":{"line":295,"column":65}}],"line":295},"13":{"loc":{"start":{"line":296,"column":34},"end":{"line":296,"column":85}},"type":"binary-expr","locations":[{"start":{"line":296,"column":34},"end":{"line":296,"column":48}},{"start":{"line":296,"column":52},"end":{"line":296,"column":85}}],"line":296},"14":{"loc":{"start":{"line":301,"column":21},"end":{"line":301,"column":44}},"type":"binary-expr","locations":[{"start":{"line":301,"column":21},"end":{"line":301,"column":39}},{"start":{"line":301,"column":43},"end":{"line":301,"column":44}}],"line":301},"15":{"loc":{"start":{"line":302,"column":21},"end":{"line":302,"column":44}},"type":"binary-expr","locations":[{"start":{"line":302,"column":21},"end":{"line":302,"column":39}},{"start":{"line":302,"column":43},"end":{"line":302,"column":44}}],"line":302},"16":{"loc":{"start":{"line":303,"column":6},"end":{"line":303,"column":52}},"type":"if","locations":[{"start":{"line":303,"column":6},"end":{"line":303,"column":52}},{"start":{},"end":{}}],"line":303},"17":{"loc":{"start":{"line":305,"column":20},"end":{"line":305,"column":45}},"type":"binary-expr","locations":[{"start":{"line":305,"column":20},"end":{"line":305,"column":40}},{"start":{"line":305,"column":44},"end":{"line":305,"column":45}}],"line":305},"18":{"loc":{"start":{"line":306,"column":20},"end":{"line":306,"column":45}},"type":"binary-expr","locations":[{"start":{"line":306,"column":20},"end":{"line":306,"column":40}},{"start":{"line":306,"column":44},"end":{"line":306,"column":45}}],"line":306},"19":{"loc":{"start":{"line":329,"column":4},"end":{"line":331,"column":5}},"type":"if","locations":[{"start":{"line":329,"column":4},"end":{"line":331,"column":5}},{"start":{},"end":{}}],"line":329},"20":{"loc":{"start":{"line":352,"column":6},"end":{"line":354,"column":7}},"type":"if","locations":[{"start":{"line":352,"column":6},"end":{"line":354,"column":7}},{"start":{},"end":{}}],"line":352},"21":{"loc":{"start":{"line":360,"column":22},"end":{"line":360,"column":59}},"type":"binary-expr","locations":[{"start":{"line":360,"column":22},"end":{"line":360,"column":51}},{"start":{"line":360,"column":55},"end":{"line":360,"column":59}}],"line":360},"22":{"loc":{"start":{"line":366,"column":23},"end":{"line":366,"column":59}},"type":"binary-expr","locations":[{"start":{"line":366,"column":23},"end":{"line":366,"column":47}},{"start":{"line":366,"column":51},"end":{"line":366,"column":59}}],"line":366},"23":{"loc":{"start":{"line":367,"column":20},"end":{"line":367,"column":49}},"type":"binary-expr","locations":[{"start":{"line":367,"column":20},"end":{"line":367,"column":41}},{"start":{"line":367,"column":45},"end":{"line":367,"column":49}}],"line":367},"24":{"loc":{"start":{"line":379,"column":4},"end":{"line":387,"column":5}},"type":"if","locations":[{"start":{"line":379,"column":4},"end":{"line":387,"column":5}},{"start":{},"end":{}}],"line":379},"25":{"loc":{"start":{"line":383,"column":23},"end":{"line":383,"column":59}},"type":"binary-expr","locations":[{"start":{"line":383,"column":23},"end":{"line":383,"column":47}},{"start":{"line":383,"column":51},"end":{"line":383,"column":59}}],"line":383},"26":{"loc":{"start":{"line":411,"column":21},"end":{"line":411,"column":44}},"type":"binary-expr","locations":[{"start":{"line":411,"column":21},"end":{"line":411,"column":39}},{"start":{"line":411,"column":43},"end":{"line":411,"column":44}}],"line":411},"27":{"loc":{"start":{"line":412,"column":21},"end":{"line":412,"column":44}},"type":"binary-expr","locations":[{"start":{"line":412,"column":21},"end":{"line":412,"column":39}},{"start":{"line":412,"column":43},"end":{"line":412,"column":44}}],"line":412},"28":{"loc":{"start":{"line":413,"column":6},"end":{"line":413,"column":52}},"type":"if","locations":[{"start":{"line":413,"column":6},"end":{"line":413,"column":52}},{"start":{},"end":{}}],"line":413},"29":{"loc":{"start":{"line":415,"column":20},"end":{"line":415,"column":45}},"type":"binary-expr","locations":[{"start":{"line":415,"column":20},"end":{"line":415,"column":40}},{"start":{"line":415,"column":44},"end":{"line":415,"column":45}}],"line":415},"30":{"loc":{"start":{"line":416,"column":20},"end":{"line":416,"column":45}},"type":"binary-expr","locations":[{"start":{"line":416,"column":20},"end":{"line":416,"column":40}},{"start":{"line":416,"column":44},"end":{"line":416,"column":45}}],"line":416}},"s":{"0":6,"1":0,"2":0,"3":0,"4":0,"5":0,"6":0,"7":0,"8":0,"9":0,"10":0,"11":0,"12":6,"13":0,"14":0,"15":0,"16":0,"17":0,"18":0,"19":0,"20":0,"21":0,"22":6,"23":0,"24":0,"25":0,"26":0,"27":0,"28":0,"29":0,"30":0,"31":6,"32":0,"33":0,"34":0,"35":0,"36":0,"37":6,"38":0,"39":0,"40":0,"41":0,"42":0,"43":6,"44":0,"45":0,"46":0,"47":0,"48":0,"49":6,"50":0,"51":0,"52":0,"53":0,"54":6,"55":0,"56":0,"57":0,"58":0,"59":6,"60":0,"61":0,"62":0,"63":0,"64":6,"65":0,"66":0,"67":0,"68":0,"69":0,"70":6,"71":0,"72":0,"73":0,"74":0,"75":0,"76":0,"77":0,"78":0,"79":0,"80":0,"81":0,"82":0,"83":0,"84":0,"85":0,"86":6,"87":0,"88":0,"89":0,"90":0,"91":0,"92":0,"93":0,"94":0,"95":0,"96":0,"97":6,"98":0,"99":0,"100":0,"101":0,"102":0,"103":6,"104":0,"105":0,"106":0,"107":0,"108":0,"109":0,"110":0,"111":0,"112":0,"113":0,"114":6,"115":0,"116":0,"117":0,"118":0,"119":0,"120":6,"121":0,"122":0,"123":0,"124":0,"125":0,"126":6,"127":0,"128":0,"129":0,"130":0,"131":0,"132":6,"133":0,"134":0,"135":0,"136":0,"137":0,"138":0,"139":0,"140":0,"141":0,"142":0,"143":0,"144":0,"145":0,"146":0,"147":0,"148":0,"149":0,"150":0,"151":0,"152":0,"153":0,"154":0,"155":6,"156":0,"157":0,"158":0,"159":0,"160":0,"161":0,"162":0,"163":6,"164":0,"165":0,"166":0,"167":0,"168":0,"169":0,"170":0,"171":0,"172":0,"173":0,"174":0,"175":0,"176":0,"177":0,"178":0,"179":6,"180":0,"181":0,"182":0,"183":0,"184":0,"185":0,"186":0,"187":0,"188":0,"189":0,"190":0,"191":0,"192":0,"193":0,"194":0,"195":0,"196":0,"197":6,"198":0,"199":0,"200":0,"201":0,"202":6,"203":0,"204":0,"205":0,"206":0,"207":6,"208":0,"209":0,"210":0,"211":0,"212":6,"213":0,"214":0,"215":0,"216":0},"f":{"0":0,"1":0,"2":0,"3":0,"4":0,"5":0,"6":0,"7":0,"8":0,"9":0,"10":0,"11":0,"12":0,"13":0,"14":0,"15":0,"16":0,"17":0,"18":0,"19":0,"20":0,"21":0,"22":0,"23":0,"24":0,"25":0,"26":0,"27":0,"28":0,"29":0,"30":0,"31":0,"32":0,"33":0,"34":0,"35":0,"36":0,"37":0,"38":0,"39":0,"40":0,"41":0,"42":0},"b":{"0":[0],"1":[0],"2":[0,0],"3":[0,0],"4":[0,0],"5":[0,0],"6":[0,0],"7":[0,0],"8":[0,0],"9":[0,0],"10":[0,0],"11":[0,0],"12":[0,0],"13":[0,0],"14":[0,0],"15":[0,0],"16":[0,0],"17":[0,0],"18":[0,0],"19":[0,0],"20":[0,0],"21":[0,0],"22":[0,0],"23":[0,0],"24":[0,0],"25":[0,0],"26":[0,0],"27":[0,0],"28":[0,0],"29":[0,0],"30":[0,0]},"_coverageSchema":"1a1c01bbd47fc00a2c39e90264f33305004495a9","hash":"d645e0b5080268a34c9104d6640da1d08f125180"}
,"C:\\GitHub\\App_leitura\\BookRats\\src\\core\\firebase\\firebase.js": {"path":"C:\\GitHub\\App_leitura\\BookRats\\src\\core\\firebase\\firebase.js","statementMap":{"0":{"start":{"line":7,"column":23},"end":{"line":15,"column":1}},"1":{"start":{"line":22,"column":0},"end":{"line":32,"column":1}},"2":{"start":{"line":23,"column":2},"end":{"line":23,"column":38}},"3":{"start":{"line":24,"column":2},"end":{"line":26,"column":5}},"4":{"start":{"line":27,"column":2},"end":{"line":27,"column":36}},"5":{"start":{"line":29,"column":2},"end":{"line":29,"column":17}},"6":{"start":{"line":30,"column":2},"end":{"line":30,"column":22}},"7":{"start":{"line":31,"column":2},"end":{"line":31,"column":25}},"8":{"start":{"line":35,"column":30},"end":{"line":35,"column":54}}},"fnMap":{},"branchMap":{"0":{"loc":{"start":{"line":22,"column":0},"end":{"line":32,"column":1}},"type":"if","locations":[{"start":{"line":22,"column":0},"end":{"line":32,"column":1}},{"start":{"line":28,"column":7},"end":{"line":32,"column":1}}],"line":22}},"s":{"0":5,"1":5,"2":5,"3":5,"4":5,"5":0,"6":0,"7":0,"8":5},"f":{},"b":{"0":[5,0]},"_coverageSchema":"1a1c01bbd47fc00a2c39e90264f33305004495a9","hash":"601c43220d5184efc255ba0a570c28cbbac42638"}
,"C:\\GitHub\\App_leitura\\BookRats\\src\\core\\services\\Logger.js": {"path":"C:\\GitHub\\App_leitura\\BookRats\\src\\core\\services\\Logger.js","statementMap":{"0":{"start":{"line":10,"column":4},"end":{"line":10,"column":33}},"1":{"start":{"line":19,"column":4},"end":{"line":21,"column":5}},"2":{"start":{"line":20,"column":6},"end":{"line":20,"column":78}},"3":{"start":{"line":31,"column":4},"end":{"line":35,"column":5}},"4":{"start":{"line":32,"column":6},"end":{"line":32,"column":79}},"5":{"start":{"line":45,"column":4},"end":{"line":52,"column":5}},"6":{"start":{"line":46,"column":6},"end":{"line":46,"column":88}},"7":{"start":{"line":56,"column":22},"end":{"line":56,"column":41}}},"fnMap":{"0":{"name":"(anonymous_0)","decl":{"start":{"line":9,"column":2},"end":{"line":9,"column":3}},"loc":{"start":{"line":9,"column":16},"end":{"line":11,"column":3}},"line":9},"1":{"name":"(anonymous_1)","decl":{"start":{"line":18,"column":2},"end":{"line":18,"column":3}},"loc":{"start":{"line":18,"column":30},"end":{"line":23,"column":3}},"line":18},"2":{"name":"(anonymous_2)","decl":{"start":{"line":30,"column":2},"end":{"line":30,"column":3}},"loc":{"start":{"line":30,"column":30},"end":{"line":36,"column":3}},"line":30},"3":{"name":"(anonymous_3)","decl":{"start":{"line":44,"column":2},"end":{"line":44,"column":3}},"loc":{"start":{"line":44,"column":45},"end":{"line":53,"column":3}},"line":44}},"branchMap":{"0":{"loc":{"start":{"line":18,"column":16},"end":{"line":18,"column":28}},"type":"default-arg","locations":[{"start":{"line":18,"column":26},"end":{"line":18,"column":28}}],"line":18},"1":{"loc":{"start":{"line":19,"column":4},"end":{"line":21,"column":5}},"type":"if","locations":[{"start":{"line":19,"column":4},"end":{"line":21,"column":5}},{"start":{},"end":{}}],"line":19},"2":{"loc":{"start":{"line":30,"column":16},"end":{"line":30,"column":28}},"type":"default-arg","locations":[{"start":{"line":30,"column":26},"end":{"line":30,"column":28}}],"line":30},"3":{"loc":{"start":{"line":31,"column":4},"end":{"line":35,"column":5}},"type":"if","locations":[{"start":{"line":31,"column":4},"end":{"line":35,"column":5}},{"start":{"line":33,"column":11},"end":{"line":35,"column":5}}],"line":31},"4":{"loc":{"start":{"line":44,"column":17},"end":{"line":44,"column":29}},"type":"default-arg","locations":[{"start":{"line":44,"column":25},"end":{"line":44,"column":29}}],"line":44},"5":{"loc":{"start":{"line":44,"column":31},"end":{"line":44,"column":43}},"type":"default-arg","locations":[{"start":{"line":44,"column":41},"end":{"line":44,"column":43}}],"line":44},"6":{"loc":{"start":{"line":45,"column":4},"end":{"line":52,"column":5}},"type":"if","locations":[{"start":{"line":45,"column":4},"end":{"line":52,"column":5}},{"start":{"line":47,"column":11},"end":{"line":52,"column":5}}],"line":45}},"s":{"0":10,"1":2,"2":1,"3":2,"4":1,"5":2,"6":1,"7":10},"f":{"0":10,"1":2,"2":2,"3":2},"b":{"0":[0],"1":[1,1],"2":[1],"3":[1,1],"4":[0],"5":[0],"6":[1,1]},"_coverageSchema":"1a1c01bbd47fc00a2c39e90264f33305004495a9","hash":"67c91d29c0e7ccfe97e2ca7ff94892be3f1e27c6"}
,"C:\\GitHub\\App_leitura\\BookRats\\src\\core\\store\\index.js": {"path":"C:\\GitHub\\App_leitura\\BookRats\\src\\core\\store\\index.js","statementMap":{"0":{"start":{"line":14,"column":28},"end":{"line":54,"column":1}},"1":{"start":{"line":16,"column":19},"end":{"line":21,"column":5}},"2":{"start":{"line":24,"column":39},"end":{"line":24,"column":51}},"3":{"start":{"line":29,"column":8},"end":{"line":32,"column":9}},"4":{"start":{"line":31,"column":10},"end":{"line":31,"column":32}},"5":{"start":{"line":33,"column":8},"end":{"line":33,"column":30}},"6":{"start":{"line":37,"column":30},"end":{"line":51,"column":7}}},"fnMap":{"0":{"name":"(anonymous_0)","decl":{"start":{"line":16,"column":4},"end":{"line":16,"column":5}},"loc":{"start":{"line":16,"column":19},"end":{"line":21,"column":5}},"line":16},"1":{"name":"(anonymous_1)","decl":{"start":{"line":24,"column":33},"end":{"line":24,"column":34}},"loc":{"start":{"line":24,"column":39},"end":{"line":24,"column":51}},"line":24},"2":{"name":"(anonymous_2)","decl":{"start":{"line":28,"column":15},"end":{"line":28,"column":16}},"loc":{"start":{"line":28,"column":44},"end":{"line":34,"column":7}},"line":28},"3":{"name":"(anonymous_3)","decl":{"start":{"line":37,"column":18},"end":{"line":37,"column":19}},"loc":{"start":{"line":37,"column":30},"end":{"line":51,"column":7}},"line":37}},"branchMap":{"0":{"loc":{"start":{"line":29,"column":8},"end":{"line":32,"column":9}},"type":"if","locations":[{"start":{"line":29,"column":8},"end":{"line":32,"column":9}},{"start":{},"end":{}}],"line":29}},"s":{"0":6,"1":6,"2":6,"3":0,"4":0,"5":0,"6":57},"f":{"0":6,"1":6,"2":0,"3":57},"b":{"0":[0,0]},"_coverageSchema":"1a1c01bbd47fc00a2c39e90264f33305004495a9","hash":"b00183752a0f132b3ef6be7f7a65b52039be1ff9"}
,"C:\\GitHub\\App_leitura\\BookRats\\src\\core\\store\\slices\\authSlice.js": {"path":"C:\\GitHub\\App_leitura\\BookRats\\src\\core\\store\\slices\\authSlice.js","statementMap":{"0":{"start":{"line":10,"column":31},"end":{"line":98,"column":2}},"1":{"start":{"line":10,"column":46},"end":{"line":98,"column":1}},"2":{"start":{"line":16,"column":4},"end":{"line":16,"column":34}},"3":{"start":{"line":17,"column":4},"end":{"line":22,"column":5}},"4":{"start":{"line":18,"column":6},"end":{"line":18,"column":34}},"5":{"start":{"line":19,"column":6},"end":{"line":19,"column":60}},"6":{"start":{"line":19,"column":30},"end":{"line":19,"column":60}},"7":{"start":{"line":21,"column":6},"end":{"line":21,"column":96}},"8":{"start":{"line":26,"column":4},"end":{"line":36,"column":5}},"9":{"start":{"line":27,"column":6},"end":{"line":27,"column":46}},"10":{"start":{"line":28,"column":6},"end":{"line":28,"column":39}},"11":{"start":{"line":30,"column":6},"end":{"line":30,"column":56}},"12":{"start":{"line":31,"column":6},"end":{"line":35,"column":9}},"13":{"start":{"line":40,"column":4},"end":{"line":50,"column":5}},"14":{"start":{"line":41,"column":6},"end":{"line":41,"column":46}},"15":{"start":{"line":42,"column":6},"end":{"line":42,"column":39}},"16":{"start":{"line":44,"column":6},"end":{"line":44,"column":56}},"17":{"start":{"line":45,"column":6},"end":{"line":49,"column":9}},"18":{"start":{"line":54,"column":4},"end":{"line":64,"column":5}},"19":{"start":{"line":55,"column":6},"end":{"line":55,"column":46}},"20":{"start":{"line":56,"column":6},"end":{"line":56,"column":41}},"21":{"start":{"line":58,"column":6},"end":{"line":58,"column":56}},"22":{"start":{"line":59,"column":6},"end":{"line":63,"column":9}},"23":{"start":{"line":68,"column":4},"end":{"line":76,"column":5}},"24":{"start":{"line":69,"column":18},"end":{"line":69,"column":33}},"25":{"start":{"line":70,"column":6},"end":{"line":72,"column":7}},"26":{"start":{"line":71,"column":8},"end":{"line":71,"column":47}},"27":{"start":{"line":73,"column":6},"end":{"line":73,"column":25}},"28":{"start":{"line":75,"column":6},"end":{"line":75,"column":46}},"29":{"start":{"line":80,"column":22},"end":{"line":80,"column":52}},"30":{"start":{"line":81,"column":4},"end":{"line":81,"column":27}},"31":{"start":{"line":81,"column":20},"end":{"line":81,"column":27}},"32":{"start":{"line":82,"column":4},"end":{"line":86,"column":5}},"33":{"start":{"line":83,"column":6},"end":{"line":83,"column":51}},"34":{"start":{"line":85,"column":6},"end":{"line":85,"column":55}},"35":{"start":{"line":90,"column":21},"end":{"line":90,"column":26}},"36":{"start":{"line":91,"column":4},"end":{"line":91,"column":22}},"37":{"start":{"line":91,"column":15},"end":{"line":91,"column":22}},"38":{"start":{"line":92,"column":4},"end":{"line":96,"column":5}},"39":{"start":{"line":93,"column":6},"end":{"line":93,"column":56}},"40":{"start":{"line":95,"column":6},"end":{"line":95,"column":61}}},"fnMap":{"0":{"name":"(anonymous_0)","decl":{"start":{"line":10,"column":31},"end":{"line":10,"column":32}},"loc":{"start":{"line":10,"column":46},"end":{"line":98,"column":1}},"line":10},"1":{"name":"(anonymous_1)","decl":{"start":{"line":15,"column":15},"end":{"line":15,"column":16}},"loc":{"start":{"line":15,"column":25},"end":{"line":23,"column":3}},"line":15},"2":{"name":"(anonymous_2)","decl":{"start":{"line":25,"column":10},"end":{"line":25,"column":11}},"loc":{"start":{"line":25,"column":37},"end":{"line":37,"column":3}},"line":25},"3":{"name":"(anonymous_3)","decl":{"start":{"line":39,"column":10},"end":{"line":39,"column":11}},"loc":{"start":{"line":39,"column":37},"end":{"line":51,"column":3}},"line":39},"4":{"name":"(anonymous_4)","decl":{"start":{"line":53,"column":20},"end":{"line":53,"column":21}},"loc":{"start":{"line":53,"column":39},"end":{"line":65,"column":3}},"line":53},"5":{"name":"(anonymous_5)","decl":{"start":{"line":67,"column":11},"end":{"line":67,"column":12}},"loc":{"start":{"line":67,"column":23},"end":{"line":77,"column":3}},"line":67},"6":{"name":"(anonymous_6)","decl":{"start":{"line":79,"column":18},"end":{"line":79,"column":19}},"loc":{"start":{"line":79,"column":58},"end":{"line":87,"column":3}},"line":79},"7":{"name":"(anonymous_7)","decl":{"start":{"line":89,"column":23},"end":{"line":89,"column":24}},"loc":{"start":{"line":89,"column":44},"end":{"line":97,"column":3}},"line":89}},"branchMap":{"0":{"loc":{"start":{"line":17,"column":4},"end":{"line":22,"column":5}},"type":"if","locations":[{"start":{"line":17,"column":4},"end":{"line":22,"column":5}},{"start":{"line":20,"column":11},"end":{"line":22,"column":5}}],"line":17},"1":{"loc":{"start":{"line":19,"column":6},"end":{"line":19,"column":60}},"type":"if","locations":[{"start":{"line":19,"column":6},"end":{"line":19,"column":60}},{"start":{},"end":{}}],"line":19},"2":{"loc":{"start":{"line":70,"column":6},"end":{"line":72,"column":7}},"type":"if","locations":[{"start":{"line":70,"column":6},"end":{"line":72,"column":7}},{"start":{},"end":{}}],"line":70},"3":{"loc":{"start":{"line":70,"column":10},"end":{"line":70,"column":37}},"type":"binary-expr","locations":[{"start":{"line":70,"column":10},"end":{"line":70,"column":13}},{"start":{"line":70,"column":17},"end":{"line":70,"column":37}}],"line":70},"4":{"loc":{"start":{"line":79,"column":35},"end":{"line":79,"column":53}},"type":"default-arg","locations":[{"start":{"line":79,"column":49},"end":{"line":79,"column":53}}],"line":79},"5":{"loc":{"start":{"line":80,"column":22},"end":{"line":80,"column":52}},"type":"binary-expr","locations":[{"start":{"line":80,"column":22},"end":{"line":80,"column":33}},{"start":{"line":80,"column":37},"end":{"line":80,"column":52}}],"line":80},"6":{"loc":{"start":{"line":81,"column":4},"end":{"line":81,"column":27}},"type":"if","locations":[{"start":{"line":81,"column":4},"end":{"line":81,"column":27}},{"start":{},"end":{}}],"line":81},"7":{"loc":{"start":{"line":91,"column":4},"end":{"line":91,"column":22}},"type":"if","locations":[{"start":{"line":91,"column":4},"end":{"line":91,"column":22}},{"start":{},"end":{}}],"line":91}},"s":{"0":6,"1":6,"2":0,"3":0,"4":0,"5":0,"6":0,"7":0,"8":0,"9":0,"10":0,"11":0,"12":0,"13":4,"14":4,"15":4,"16":2,"17":2,"18":0,"19":0,"20":0,"21":0,"22":0,"23":0,"24":0,"25":0,"26":0,"27":0,"28":0,"29":0,"30":0,"31":0,"32":0,"33":0,"34":0,"35":0,"36":0,"37":0,"38":0,"39":0,"40":0},"f":{"0":6,"1":0,"2":0,"3":4,"4":0,"5":0,"6":0,"7":0},"b":{"0":[0,0],"1":[0,0],"2":[0,0],"3":[0,0],"4":[0],"5":[0,0],"6":[0,0],"7":[0,0]},"_coverageSchema":"1a1c01bbd47fc00a2c39e90264f33305004495a9","hash":"09b5b6cc9ee1b268149d614b3cf26ebea859a95f"}
,"C:\\GitHub\\App_leitura\\BookRats\\src\\core\\store\\slices\\gamificationSlice.js": {"path":"C:\\GitHub\\App_leitura\\BookRats\\src\\core\\store\\slices\\gamificationSlice.js","statementMap":{"0":{"start":{"line":12,"column":39},"end":{"line":79,"column":2}},"1":{"start":{"line":12,"column":54},"end":{"line":79,"column":1}},"2":{"start":{"line":19,"column":4},"end":{"line":19,"column":31}},"3":{"start":{"line":20,"column":4},"end":{"line":20,"column":58}},"4":{"start":{"line":20,"column":32},"end":{"line":20,"column":58}},"5":{"start":{"line":24,"column":18},"end":{"line":24,"column":23}},"6":{"start":{"line":25,"column":21},"end":{"line":31,"column":5}},"7":{"start":{"line":29,"column":60},"end":{"line":29,"column":84}},"8":{"start":{"line":30,"column":58},"end":{"line":30,"column":80}},"9":{"start":{"line":33,"column":24},"end":{"line":33,"column":51}},"10":{"start":{"line":34,"column":18},"end":{"line":34,"column":23}},"11":{"start":{"line":36,"column":4},"end":{"line":45,"column":7}},"12":{"start":{"line":37,"column":6},"end":{"line":44,"column":7}},"13":{"start":{"line":38,"column":8},"end":{"line":42,"column":10}},"14":{"start":{"line":43,"column":8},"end":{"line":43,"column":23}},"15":{"start":{"line":47,"column":4},"end":{"line":49,"column":5}},"16":{"start":{"line":48,"column":6},"end":{"line":48,"column":43}},"17":{"start":{"line":53,"column":4},"end":{"line":53,"column":41}},"18":{"start":{"line":53,"column":34},"end":{"line":53,"column":41}},"19":{"start":{"line":54,"column":4},"end":{"line":54,"column":36}},"20":{"start":{"line":55,"column":4},"end":{"line":77,"column":5}},"21":{"start":{"line":56,"column":23},"end":{"line":56,"column":60}},"22":{"start":{"line":57,"column":24},"end":{"line":57,"column":47}},"23":{"start":{"line":59,"column":23},"end":{"line":59,"column":24}},"24":{"start":{"line":61,"column":6},"end":{"line":67,"column":7}},"25":{"start":{"line":62,"column":26},"end":{"line":62,"column":90}},"26":{"start":{"line":63,"column":27},"end":{"line":63,"column":51}},"27":{"start":{"line":64,"column":8},"end":{"line":66,"column":11}},"28":{"start":{"line":65,"column":10},"end":{"line":65,"column":64}},"29":{"start":{"line":69,"column":6},"end":{"line":72,"column":7}},"30":{"start":{"line":70,"column":8},"end":{"line":70,"column":42}},"31":{"start":{"line":71,"column":8},"end":{"line":71,"column":52}},"32":{"start":{"line":74,"column":6},"end":{"line":74,"column":64}},"33":{"start":{"line":76,"column":6},"end":{"line":76,"column":39}}},"fnMap":{"0":{"name":"(anonymous_0)","decl":{"start":{"line":12,"column":39},"end":{"line":12,"column":40}},"loc":{"start":{"line":12,"column":54},"end":{"line":79,"column":1}},"line":12},"1":{"name":"(anonymous_1)","decl":{"start":{"line":18,"column":12},"end":{"line":18,"column":13}},"loc":{"start":{"line":18,"column":23},"end":{"line":21,"column":3}},"line":18},"2":{"name":"(anonymous_2)","decl":{"start":{"line":23,"column":21},"end":{"line":23,"column":22}},"loc":{"start":{"line":23,"column":27},"end":{"line":50,"column":3}},"line":23},"3":{"name":"(anonymous_3)","decl":{"start":{"line":29,"column":55},"end":{"line":29,"column":56}},"loc":{"start":{"line":29,"column":60},"end":{"line":29,"column":84}},"line":29},"4":{"name":"(anonymous_4)","decl":{"start":{"line":30,"column":53},"end":{"line":30,"column":54}},"loc":{"start":{"line":30,"column":58},"end":{"line":30,"column":80}},"line":30},"5":{"name":"(anonymous_5)","decl":{"start":{"line":36,"column":23},"end":{"line":36,"column":24}},"loc":{"start":{"line":36,"column":32},"end":{"line":45,"column":5}},"line":36},"6":{"name":"(anonymous_6)","decl":{"start":{"line":52,"column":28},"end":{"line":52,"column":29}},"loc":{"start":{"line":52,"column":43},"end":{"line":78,"column":3}},"line":52},"7":{"name":"(anonymous_7)","decl":{"start":{"line":64,"column":27},"end":{"line":64,"column":28}},"loc":{"start":{"line":64,"column":39},"end":{"line":66,"column":9}},"line":64}},"branchMap":{"0":{"loc":{"start":{"line":20,"column":4},"end":{"line":20,"column":58}},"type":"if","locations":[{"start":{"line":20,"column":4},"end":{"line":20,"column":58}},{"start":{},"end":{}}],"line":20},"1":{"loc":{"start":{"line":26,"column":14},"end":{"line":26,"column":31}},"type":"binary-expr","locations":[{"start":{"line":26,"column":14},"end":{"line":26,"column":26}},{"start":{"line":26,"column":30},"end":{"line":26,"column":31}}],"line":26},"2":{"loc":{"start":{"line":27,"column":22},"end":{"line":27,"column":47}},"type":"binary-expr","locations":[{"start":{"line":27,"column":22},"end":{"line":27,"column":42}},{"start":{"line":27,"column":46},"end":{"line":27,"column":47}}],"line":27},"3":{"loc":{"start":{"line":28,"column":18},"end":{"line":28,"column":39}},"type":"binary-expr","locations":[{"start":{"line":28,"column":18},"end":{"line":28,"column":34}},{"start":{"line":28,"column":38},"end":{"line":28,"column":39}}],"line":28},"4":{"loc":{"start":{"line":29,"column":22},"end":{"line":29,"column":96}},"type":"cond-expr","locations":[{"start":{"line":29,"column":36},"end":{"line":29,"column":92}},{"start":{"line":29,"column":95},"end":{"line":29,"column":96}}],"line":29},"5":{"loc":{"start":{"line":30,"column":20},"end":{"line":30,"column":92}},"type":"cond-expr","locations":[{"start":{"line":30,"column":34},"end":{"line":30,"column":88}},{"start":{"line":30,"column":91},"end":{"line":30,"column":92}}],"line":30},"6":{"loc":{"start":{"line":37,"column":6},"end":{"line":44,"column":7}},"type":"if","locations":[{"start":{"line":37,"column":6},"end":{"line":44,"column":7}},{"start":{},"end":{}}],"line":37},"
[...]
5,"column":4},"end":{"line":55,"column":76}},"28":{"start":{"line":58,"column":19},"end":{"line":71,"column":3}},"29":{"start":{"line":63,"column":23},"end":{"line":63,"column":56}},"30":{"start":{"line":64,"column":22},"end":{"line":64,"column":59}},"31":{"start":{"line":65,"column":8},"end":{"line":68,"column":9}},"32":{"start":{"line":66,"column":10},"end":{"line":66,"column":33}},"33":{"start":{"line":67,"column":10},"end":{"line":67,"column":35}},"34":{"start":{"line":73,"column":21},"end":{"line":124,"column":3}},"35":{"start":{"line":74,"column":23},"end":{"line":78,"column":5}},"36":{"start":{"line":80,"column":18},"end":{"line":84,"column":6}},"37":{"start":{"line":86,"column":20},"end":{"line":90,"column":6}},"38":{"start":{"line":93,"column":23},"end":{"line":97,"column":6}},"39":{"start":{"line":99,"column":4},"end":{"line":123,"column":6}},"40":{"start":{"line":112,"column":25},"end":{"line":112,"column":112}},"41":{"start":{"line":126,"column":2},"end":{"line":126,"column":54}},"42":{"start":{"line":126,"column":15},"end":{"line":126,"column":54}},"43":{"start":{"line":129,"column":30},"end":{"line":129,"column":33}},"44":{"start":{"line":130,"column":24},"end":{"line":130,"column":85}},"45":{"start":{"line":132,"column":2},"end":{"line":168,"column":4}},"46":{"start":{"line":136,"column":41},"end":{"line":136,"column":60}},"47":{"start":{"line":154,"column":34},"end":{"line":154,"column":41}},"48":{"start":{"line":171,"column":15},"end":{"line":225,"column":2}}},"fnMap":{"0":{"name":"(anonymous_0)","decl":{"start":{"line":26,"column":22},"end":{"line":26,"column":23}},"loc":{"start":{"line":26,"column":37},"end":{"line":169,"column":1}},"line":26},"1":{"name":"(anonymous_1)","decl":{"start":{"line":29,"column":28},"end":{"line":29,"column":29}},"loc":{"start":{"line":29,"column":37},"end":{"line":29,"column":47}},"line":29},"2":{"name":"(anonymous_2)","decl":{"start":{"line":38,"column":12},"end":{"line":38,"column":13}},"loc":{"start":{"line":38,"column":18},"end":{"line":50,"column":3}},"line":38},"3":{"name":"(anonymous_3)","decl":{"start":{"line":39,"column":24},"end":{"line":39,"column":25}},"loc":{"start":{"line":39,"column":36},"end":{"line":48,"column":5}},"line":39},"4":{"name":"(anonymous_4)","decl":{"start":{"line":52,"column":21},"end":{"line":52,"column":22}},"loc":{"start":{"line":52,"column":58},"end":{"line":56,"column":3}},"line":52},"5":{"name":"(anonymous_5)","decl":{"start":{"line":53,"column":14},"end":{"line":53,"column":15}},"loc":{"start":{"line":53,"column":22},"end":{"line":53,"column":136}},"line":53},"6":{"name":"(anonymous_6)","decl":{"start":{"line":53,"column":31},"end":{"line":53,"column":32}},"loc":{"start":{"line":53,"column":36},"end":{"line":53,"column":135}},"line":53},"7":{"name":"(anonymous_7)","decl":{"start":{"line":62,"column":16},"end":{"line":62,"column":17}},"loc":{"start":{"line":62,"column":27},"end":{"line":69,"column":7}},"line":62},"8":{"name":"(anonymous_8)","decl":{"start":{"line":73,"column":21},"end":{"line":73,"column":22}},"loc":{"start":{"line":73,"column":42},"end":{"line":124,"column":3}},"line":73},"9":{"name":"(anonymous_9)","decl":{"start":{"line":112,"column":19},"end":{"line":112,"column":20}},"loc":{"start":{"line":112,"column":25},"end":{"line":112,"column":112}},"line":112},"10":{"name":"(anonymous_10)","decl":{"start":{"line":136,"column":35},"end":{"line":136,"column":36}},"loc":{"start":{"line":136,"column":41},"end":{"line":136,"column":60}},"line":136},"11":{"name":"(anonymous_11)","decl":{"start":{"line":154,"column":24},"end":{"line":154,"column":25}},"loc":{"start":{"line":154,"column":34},"end":{"line":154,"column":41}},"line":154}},"branchMap":{"0":{"loc":{"start":{"line":53,"column":36},"end":{"line":53,"column":135}},"type":"cond-expr","locations":[{"start":{"line":53,"column":54},"end":{"line":53,"column":131}},{"start":{"line":53,"column":134},"end":{"line":53,"column":135}}],"line":53},"1":{"loc":{"start":{"line":53,"column":99},"end":{"line":53,"column":122}},"type":"binary-expr","locations":[{"start":{"line":53,"column":99},"end":{"line":53,"column":117}},{"start":{"line":53,"column":121},"end":{"line":53,"column":122}}],"line":53},"2":{"loc":{"start":{"line":54,"column":28},"end":{"line":54,"column":105}},"type":"binary-expr","locations":[{"start":{"line":54,"column":28},"end":{"line":54,"column":45}},{"start":{"line":54,"column":49},"end":{"line":54,"column":63}},{"start":{"line":54,"column":67},"end":{"line":54,"column":93}},{"start":{"line":54,"column":97},"end":{"line":54,"column":105}}],"line":54},"3":{"loc":{"start":{"line":65,"column":8},"end":{"line":68,"column":9}},"type":"if","locations":[{"start":{"line":65,"column":8},"end":{"line":68,"column":9}},{"start":{},"end":{}}],"line":65},"4":{"loc":{"start":{"line":65,"column":12},"end":{"line":65,"column":73}},"type":"binary-expr","locations":[{"start":{"line":65,"column":12},"end":{"line":65,"column":34}},{"start":{"line":65,"column":38},"end":{"line":65,"column":48}},{"start":{"line":65,"column":52},"end":{"line":65,"column":73}}],"line":65},"5":{"loc":{"start":{"line":106,"column":20},"end":{"line":106,"column":51}},"type":"cond-expr","locations":[{"start":{"line":106,"column":45},"end":{"line":106,"column":47}},{"start":{"line":106,"column":50},"end":{"line":106,"column":51}}],"line":106},"6":{"loc":{"start":{"line":126,"column":2},"end":{"line":126,"column":54}},"type":"if","locations":[{"start":{"line":126,"column":2},"end":{"line":126,"column":54}},{"start":{},"end":{}}],"line":126},"7":{"loc":{"start":{"line":133,"column":55},"end":{"line":133,"column":116}},"type":"cond-expr","locations":[{"start":{"line":133,"column":68},"end":{"line":133,"column":90}},{"start":{"line":133,"column":93},"end":{"line":133,"column":116}}],"line":133},"8":{"loc":{"start":{"line":137,"column":57},"end":{"line":137,"column":87}},"type":"cond-expr","locations":[{"start":{"line":137,"column":70},"end":{"line":137,"column":77}},{"start":{"line":137,"column":80},"end":{"line":137,"column":87}}],"line":137},"9":{"loc":{"start":{"line":140,"column":56},"end":{"line":140,"column":112}},"type":"cond-expr","locations":[{"start":{"line":140,"column":69},"end":{"line":140,"column":92}},{"start":{"line":140,"column":95},"end":{"line":140,"column":112}}],"line":140},"10":{"loc":{"start":{"line":141,"column":53},"end":{"line":141,"column":83}},"type":"cond-expr","locations":[{"start":{"line":141,"column":66},"end":{"line":141,"column":73}},{"start":{"line":141,"column":76},"end":{"line":141,"column":83}}],"line":141},"11":{"loc":{"start":{"line":145,"column":7},"end":{"line":166,"column":7}},"type":"cond-expr","locations":[{"start":{"line":146,"column":8},"end":{"line":149,"column":15}},{"start":{"line":151,"column":8},"end":{"line":165,"column":10}}],"line":145},"12":{"loc":{"start":{"line":147,"column":63},"end":{"line":147,"column":119}},"type":"cond-expr","locations":[{"start":{"line":147,"column":76},"end":{"line":147,"column":99}},{"start":{"line":147,"column":102},"end":{"line":147,"column":119}}],"line":147},"13":{"loc":{"start":{"line":148,"column":51},"end":{"line":148,"column":107}},"type":"cond-expr","locations":[{"start":{"line":148,"column":64},"end":{"line":148,"column":87}},{"start":{"line":148,"column":90},"end":{"line":148,"column":107}}],"line":148}},"s":{"0":1,"1":1,"2":1,"3":1,"4":1,"5":9,"6":9,"7":9,"8":27,"9":9,"10":9,"11":9,"12":9,"13":9,"14":9,"15":4,"16":4,"17":4,"18":4,"19":0,"20":4,"21":4,"22":9,"23":0,"24":0,"25":0,"26":0,"27":0,"28":9,"29":1,"30":1,"31":1,"32":1,"33":1,"34":9,"35":12,"36":12,"37":12,"38":12,"39":12,"40":1,"41":9,"42":4,"43":5,"44":5,"45":5,"46":0,"47":15,"48":1},"f":{"0":9,"1":27,"2":4,"3":4,"4":0,"5":0,"6":0,"7":1,"8":12,"9":1,"10":0,"11":15},"b":{"0":[0,0],"1":[0,0],"2":[0,0,0,0],"3":[1,0],"4":[1,1,1],"5":[4,8],"6":[4,5],"7":[0,5],"8":[0,5],"9":[0,5],"10":[0,5],"11":[1,4],"12":[0,1],"13":[0,1]},"_coverageSchema":"1a1c01bbd47fc00a2c39e90264f33305004495a9","hash":"64c0ba9eb79c6c244f2ea9b3fcebe13bf6fcbbb3"}
,"C:\\GitHub\\App_leitura\\BookRats\\src\\utils\\errorMapper.js": {"path":"C:\\GitHub\\App_leitura\\BookRats\\src\\utils\\errorMapper.js","statementMap":{"0":{"start":{"line":7,"column":32},"end":{"line":41,"column":1}},"1":{"start":{"line":8,"column":15},"end":{"line":8,"column":26}},"2":{"start":{"line":9,"column":18},"end":{"line":9,"column":32}},"3":{"start":{"line":12,"column":2},"end":{"line":14,"column":3}},"4":{"start":{"line":13,"column":4},"end":{"line":13,"column":72}},"5":{"start":{"line":16,"column":19},"end":{"line":38,"column":3}},"6":{"start":{"line":40,"column":2},"end":{"line":40,"column":74}}},"fnMap":{"0":{"name":"(anonymous_0)","decl":{"start":{"line":7,"column":32},"end":{"line":7,"column":33}},"loc":{"start":{"line":7,"column":43},"end":{"line":41,"column":1}},"line":7}},"branchMap":{"0":{"loc":{"start":{"line":12,"column":2},"end":{"line":14,"column":3}},"type":"if","locations":[{"start":{"line":12,"column":2},"end":{"line":14,"column":3}},{"start":{},"end":{}}],"line":12},"1":{"loc":{"start":{"line":40,"column":9},"end":{"line":40,"column":73}},"type":"binary-expr","locations":[{"start":{"line":40,"column":9},"end":{"line":40,"column":23}},{"start":{"line":40,"column":27},"end":{"line":40,"column":73}}],"line":40}},"s":{"0":7,"1":24,"2":24,"3":24,"4":24,"5":24,"6":24},"f":{"0":24},"b":{"0":[24,0],"1":[24,6]},"_coverageSchema":"1a1c01bbd47fc00a2c39e90264f33305004495a9","hash":"c86a9ed54711889a16440b3f78570e1ce0d754ad"}
,"C:\\GitHub\\App_leitura\\BookRats\\src\\utils\\haptics.js": {"path":"C:\\GitHub\\App_leitura\\BookRats\\src\\utils\\haptics.js","statementMap":{"0":{"start":{"line":8,"column":27},"end":{"line":12,"column":1}},"1":{"start":{"line":9,"column":2},"end":{"line":11,"column":3}},"2":{"start":{"line":10,"column":4},"end":{"line":10,"column":41}},"3":{"start":{"line":14,"column":33},"end":{"line":18,"column":1}},"4":{"start":{"line":15,"column":2},"end":{"line":17,"column":3}},"5":{"start":{"line":16,"column":4},"end":{"line":16,"column":46}},"6":{"start":{"line":20,"column":30},"end":{"line":24,"column":1}},"7":{"start":{"line":21,"column":2},"end":{"line":23,"column":3}},"8":{"start":{"line":22,"column":4},"end":{"line":22,"column":39}},"9":{"start":{"line":26,"column":35},"end":{"line":26,"column":66}},"10":{"start":{"line":27,"column":40},"end":{"line":27,"column":76}}},"fnMap":{"0":{"name":"(anonymous_0)","decl":{"start":{"line":8,"column":27},"end":{"line":8,"column":28}},"loc":{"start":{"line":8,"column":84},"end":{"line":12,"column":1}},"line":8},"1":{"name":"(anonymous_1)","decl":{"start":{"line":14,"column":33},"end":{"line":14,"column":34}},"loc":{"start":{"line":14,"column":96},"end":{"line":18,"column":1}},"line":14},"2":{"name":"(anonymous_2)","decl":{"start":{"line":20,"column":30},"end":{"line":20,"column":31}},"loc":{"start":{"line":20,"column":42},"end":{"line":24,"column":1}},"line":20}},"branchMap":{"0":{"loc":{"start":{"line":8,"column":34},"end":{"line":8,"column":79}},"type":"default-arg","locations":[{"start":{"line":8,"column":42},"end":{"line":8,"column":79}}],"line":8},"1":{"loc":{"start":{"line":9,"column":2},"end":{"line":11,"column":3}},"type":"if","locations":[{"start":{"line":9,"column":2},"end":{"line":11,"column":3}},{"start":{},"end":{}}],"line":9},"2":{"loc":{"start":{"line":14,"column":40},"end":{"line":14,"column":91}},"type":"default-arg","locations":[{"start":{"line":14,"column":47},"end":{"line":14,"column":91}}],"line":14},"3":{"loc":{"start":{"line":15,"column":2},"end":{"line":17,"column":3}},"type":"if","locations":[{"start":{"line":15,"column":2},"end":{"line":17,"column":3}},{"start":{},"end":{}}],"line":15},"4":{"loc":{"start":{"line":21,"column":2},"end":{"line":23,"column":3}},"type":"if","locations":[{"start":{"line":21,"column":2},"end":{"line":23,"column":3}},{"start":{},"end":{}}],"line":21}},"s":{"0":6,"1":2,"2":1,"3":6,"4":0,"5":0,"6":6,"7":1,"8":1,"9":6,"10":6},"f":{"0":2,"1":0,"2":1},"b":{"0":[0],"1":[1,1],"2":[0],"3":[0,0],"4":[1,0]},"_coverageSchema":"1a1c01bbd47fc00a2c39e90264f33305004495a9","hash":"eeee1866b588d90b3c81641df0c38e8d9d8d1b72"}
,"C:\\GitHub\\App_leitura\\BookRats\\src\\utils\\streak.js": {"path":"C:\\GitHub\\App_leitura\\BookRats\\src\\utils\\streak.js","statementMap":{"0":{"start":{"line":1,"column":31},"end":{"line":17,"column":1}},"1":{"start":{"line":2,"column":2},"end":{"line":2,"column":29}},"2":{"start":{"line":2,"column":20},"end":{"line":2,"column":29}},"3":{"start":{"line":5,"column":19},"end":{"line":5,"column":40}},"4":{"start":{"line":6,"column":2},"end":{"line":6,"column":35}},"5":{"start":{"line":8,"column":18},"end":{"line":8,"column":38}},"6":{"start":{"line":9,"column":2},"end":{"line":9,"column":34}},"7":{"start":{"line":11,"column":19},"end":{"line":11,"column":57}},"8":{"start":{"line":12,"column":19},"end":{"line":12,"column":63}},"9":{"start":{"line":14,"column":2},"end":{"line":14,"column":47}},"10":{"start":{"line":14,"column":22},"end":{"line":14,"column":47}},"11":{"start":{"line":15,"column":2},"end":{"line":15,"column":43}},"12":{"start":{"line":15,"column":22},"end":{"line":15,"column":43}},"13":{"start":{"line":16,"column":2},"end":{"line":16,"column":11}}},"fnMap":{"0":{"name":"(anonymous_0)","decl":{"start":{"line":1,"column":31},"end":{"line":1,"column":32}},"loc":{"start":{"line":1,"column":75},"end":{"line":17,"column":1}},"line":1}},"branchMap":{"0":{"loc":{"start":{"line":2,"column":2},"end":{"line":2,"column":29}},"type":"if","locations":[{"start":{"line":2,"column":2},"end":{"line":2,"column":29}},{"start":{},"end":{}}],"line":2},"1":{"loc":{"start":{"line":14,"column":2},"end":{"line":14,"column":47}},"type":"if","locations":[{"start":{"line":14,"column":2},"end":{"line":14,"column":47}},{"start":{},"end":{}}],"line":14},"2":{"loc":{"start":{"line":15,"column":2},"end":{"line":15,"column":43}},"type":"if","locations":[{"start":{"line":15,"column":2},"end":{"line":15,"column":43}},{"start":{},"end":{}}],"line":15}},"s":{"0":6,"1":8,"2":3,"3":5,"4":5,"5":5,"6":5,"7":5,"8":5,"9":5,"10":3,"11":2,"12":1,"13":1},"f":{"0":8},"b":{"0":[3,5],"1":[3,2],"2":[1,1]},"_coverageSchema":"1a1c01bbd47fc00a2c39e90264f33305004495a9","hash":"91984be909d986f89747afa03bc0f088163e7d8d"}
,"C:\\GitHub\\App_leitura\\BookRats\\src\\utils\\time.js": {"path":"C:\\GitHub\\App_leitura\\BookRats\\src\\utils\\time.js","statementMap":{"0":{"start":{"line":5,"column":26},"end":{"line":16,"column":1}},"1":{"start":{"line":6,"column":2},"end":{"line":6,"column":39}},"2":{"start":{"line":6,"column":24},"end":{"line":6,"column":39}},"3":{"start":{"line":8,"column":14},"end":{"line":8,"column":45}},"4":{"start":{"line":9,"column":14},"end":{"line":9,"column":52}},"5":{"start":{"line":10,"column":14},"end":{"line":10,"column":43}},"6":{"start":{"line":12,"column":2},"end":{"line":14,"column":3}},"7":{"start":{"line":13,"column":4},"end":{"line":13,"column":90}},"8":{"start":{"line":15,"column":2},"end":{"line":15,"column":81}}},"fnMap":{"0":{"name":"(anonymous_0)","decl":{"start":{"line":5,"column":26},"end":{"line":5,"column":27}},"loc":{"start":{"line":5,"column":44},"end":{"line":16,"column":1}},"line":5}},"branchMap":{"0":{"loc":{"start":{"line":6,"column":2},"end":{"line":6,"column":39}},"type":"if","locations":[{"start":{"line":6,"column":2},"end":{"line":6,"column":39}},{"start":{},"end":{}}],"line":6},"1":{"loc":{"start":{"line":12,"column":2},"end":{"line":14,"column":3}},"type":"if","locations":[{"start":{"line":12,"column":2},"end":{"line":14,"column":3}},{"start":{},"end":{}}],"line":12}},"s":{"0":1,"1":6,"2":1,"3":5,"4":5,"5":5,"6":5,"7":2,"8":3},"f":{"0":6},"b":{"0":[1,5],"1":[2,3]},"_coverageSchema":"1a1c01bbd47fc00a2c39e90264f33305004495a9","hash":"671c7d281c9580ad0989d536dbdce64f3b399b2d"}
,"C:\\GitHub\\App_leitura\\BookRats\\tests\\factories\\BookFactory.js": {"path":"C:\\GitHub\\App_leitura\\BookRats\\tests\\factories\\BookFactory.js","statementMap":{"0":{"start":{"line":5,"column":17},"end":{"line":5,"column":50}},"1":{"start":{"line":7,"column":27},"end":{"line":34,"column":1}},"2":{"start":{"line":13,"column":31},"end":{"line":23,"column":3}},"3":{"start":{"line":28,"column":37},"end":{"line":28,"column":109}},"4":{"start":{"line":33,"column":41},"end":{"line":33,"column":107}},"5":{"start":{"line":33,"column":77},"end":{"line":33,"column":106}}},"fnMap":{"0":{"name":"(anonymous_0)","decl":{"start":{"line":13,"column":10},"end":{"line":13,"column":11}},"loc":{"start":{"line":13,"column":31},"end":{"line":23,"column":3}},"line":13},"1":{"name":"(anonymous_1)","decl":{"start":{"line":28,"column":17},"end":{"line":28,"column":18}},"loc":{"start":{"line":28,"column":37},"end":{"line":28,"column":109}},"line":28},"2":{"name":"(anonymous_2)","decl":{"start":{"line":33,"column":14},"end":{"line":33,"column":15}},"loc":{"start":{"line":33,"column":41},"end":{"line":33,"column":107}},"line":33},"3":{"name":"(anonymous_3)","decl":{"start":{"line":33,"column":71},"end":{"line":33,"column":72}},"loc":{"start":{"line":33,"column":77},"end":{"line":33,"column":106}},"line":33}},"branchMap":{"0":{"loc":{"start":{"line":13,"column":11},"end":{"line":13,"column":25}},"type":"default-arg","locations":[{"start":{"line":13,"column":23},"end":{"line":13,"column":25}}],"line":13},"1":{"loc":{"start":{"line":28,"column":18},"end":{"line":28,"column":32}},"type":"default-arg","locations":[{"start":{"line":28,"column":30},"end":{"line":28,"column":32}}],"line":28},"2":{"loc":{"start":{"line":33,"column":22},"end":{"line":33,"column":36}},"type":"default-arg","locations":[{"start":{"line":33,"column":34},"end":{"line":33,"column":36}}],"line":33}},"s":{"0":1,"1":1,"2":12,"3":0,"4":0,"5":0},"f":{"0":12,"1":0,"2":0,"3":0},"b":{"0":[0],"1":[0],"2":[0]},"_coverageSchema":"1a1c01bbd47fc00a2c39e90264f33305004495a9","hash":"95c01ddae63cde6bf91ac22b693bd489a9d306f3"}
,"C:\\GitHub\\App_leitura\\BookRats\\tests\\factories\\UserFactory.js": {"path":"C:\\GitHub\\App_leitura\\BookRats\\tests\\factories\\UserFactory.js","statementMap":{"0":{"start":{"line":5,"column":27},"end":{"line":24,"column":1}},"1":{"start":{"line":11,"column":31},"end":{"line":23,"column":3}}},"fnMap":{"0":{"name":"(anonymous_0)","decl":{"start":{"line":11,"column":10},"end":{"line":11,"column":11}},"loc":{"start":{"line":11,"column":31},"end":{"line":23,"column":3}},"line":11}},"branchMap":{"0":{"loc":{"start":{"line":11,"column":11},"end":{"line":11,"column":25}},"type":"default-arg","locations":[{"start":{"line":11,"column":23},"end":{"line":11,"column":25}}],"line":11}},"s":{"0":2,"1":9},"f":{"0":9},"b":{"0":[0]},"_coverageSchema":"1a1c01bbd47fc00a2c39e90264f33305004495a9","hash":"52fce27ecffae2810a6869503d9e10df16b888b5"}
,"C:\\GitHub\\App_leitura\\BookRats\\tests\\mocks\\handlers.js": {"path":"C:\\GitHub\\App_leitura\\BookRats\\tests\\mocks\\handlers.js","statementMap":{"0":{"start":{"line":3,"column":24},"end":{"line":90,"column":1}},"1":{"start":{"line":6,"column":4},"end":{"line":29,"column":6}},"2":{"start":{"line":34,"column":4},"end":{"line":88,"column":6}}},"fnMap":{"0":{"name":"(anonymous_0)","decl":{"start":{"line":5,"column":58},"end":{"line":5,"column":59}},"loc":{"start":{"line":5,"column":77},"end":{"line":30,"column":3}},"line":5},"1":{"name":"(anonymous_1)","decl":{"start":{"line":33,"column":49},"end":{"line":33,"column":50}},"loc":{"start":{"line":33,"column":68},"end":{"line":89,"column":3}},"line":33}},"branchMap":{},"s":{"0":15,"1":1,"2":0},"f":{"0":1,"1":0},"b":{},"_coverageSchema":"1a1c01bbd47fc00a2c39e90264f33305004495a9","hash":"6df1cb4d4538e83e534340c5745e979c81844e7d"}
,"C:\\GitHub\\App_leitura\\BookRats\\tests\\mocks\\server.js": {"path":"C:\\GitHub\\App_leitura\\BookRats\\tests\\mocks\\server.js","statementMap":{"0":{"start":{"line":4,"column":22},"end":{"line":4,"column":46}}},"fnMap":{},"branchMap":{},"s":{"0":15},"f":{},"b":{},"_coverageSchema":"1a1c01bbd47fc00a2c39e90264f33305004495a9","hash":"7e4da9a4447455bd14e38907411c49b36ee6104d"}
}
