{"C:\\Users\\saman\\github\\bookrats\\BookRats\\src\\mocks\\handlers.js": {"path":"C:\\Users\\saman\\github\\bookrats\\BookRats\\src\\mocks\\handlers.js","statementMap":{"0":{"start":{"line":3,"column":24},"end":{"line":31,"column":1}},"1":{"start":{"line":6,"column":4},"end":{"line":29,"column":6}}},"fnMap":{"0":{"name":"(anonymous_0)","decl":{"start":{"line":5,"column":58},"end":{"line":5,"column":59}},"loc":{"start":{"line":5,"column":77},"end":{"line":30,"column":3}},"line":5}},"branchMap":{},"s":{"0":1,"1":0},"f":{"0":0},"b":{},"_coverageSchema":"1a1c01bbd47fc00a2c39e90264f33305004495a9","hash":"b6fe95e6fb70f476ec350bbf4c057941343b0090"}
,"C:\\Users\\saman\\github\\bookrats\\BookRats\\src\\mocks\\server.js": {"path":"C:\\Users\\saman\\github\\bookrats\\BookRats\\src\\mocks\\server.js","statementMap":{"0":{"start":{"line":4,"column":22},"end":{"line":4,"column":46}}},"fnMap":{},"branchMap":{},"s":{"0":1},"f":{},"b":{},"_coverageSchema":"1a1c01bbd47fc00a2c39e90264f33305004495a9","hash":"49d8d128e34fcef5a87042b92c80c50ddaf7aade"}
,"C:\\Users\\saman\\github\\bookrats\\BookRats\\src\\utils\\errorMapper.js": {"path":"C:\\Users\\saman\\github\\bookrats\\BookRats\\src\\utils\\errorMapper.js","statementMap":{"0":{"start":{"line":7,"column":32},"end":{"line":41,"column":1}},"1":{"start":{"line":8,"column":15},"end":{"line":8,"column":26}},"2":{"start":{"line":9,"column":18},"end":{"line":9,"column":32}},"3":{"start":{"line":12,"column":2},"end":{"line":14,"column":3}},"4":{"start":{"line":13,"column":4},"end":{"line":13,"column":72}},"5":{"start":{"line":16,"column":19},"end":{"line":38,"column":3}},"6":{"start":{"line":40,"column":2},"end":{"line":40,"column":74}}},"fnMap":{"0":{"name":"(anonymous_0)","decl":{"start":{"line":7,"column":32},"end":{"line":7,"column":33}},"loc":{"start":{"line":7,"column":43},"end":{"line":41,"column":1}},"line":7}},"branchMap":{"0":{"loc":{"start":{"line":12,"column":2},"end":{"line":14,"column":3}},"type":"if","locations":[{"start":{"line":12,"column":2},"end":{"line":14,"column":3}},{"start":{},"end":{}}],"line":12},"1":{"loc":{"start":{"line":40,"column":9},"end":{"line":40,"column":73}},"type":"binary-expr","locations":[{"start":{"line":40,"column":9},"end":{"line":40,"column":23}},{"start":{"line":40,"column":27},"end":{"line":40,"column":73}}],"line":40}},"s":{"0":1,"1":22,"2":22,"3":22,"4":22,"5":22,"6":22},"f":{"0":22},"b":{"0":[22,0],"1":[22,6]},"_coverageSchema":"1a1c01bbd47fc00a2c39e90264f33305004495a9","hash":"96f3ebf09961d4b23a8cc002ab252015d700a032"}
}
