TN:
SF:assets\favicon.png
FNF:0
FNH:0
DA:1,5
LF:1
LH:1
BRF:0
BRH:0
end_of_record
TN:
SF:assets\icon.png
FNF:0
FNH:0
DA:1,5
LF:1
LH:1
BRF:0
BRH:0
end_of_record
TN:
SF:assets\pixel-avatar-fallback.png
FNF:0
FNH:0
DA:1,5
LF:1
LH:1
BRF:0
BRH:0
end_of_record
TN:
SF:assets\pixel_book.png
FNF:0
FNH:0
DA:1,5
LF:1
LH:1
BRF:0
BRH:0
end_of_record
TN:
SF:assets\splash-icon.png
FNF:0
FNH:0
DA:1,5
LF:1
LH:1
BRF:0
BRH:0
end_of_record
TN:
SF:src\core\api\apiClient.js
FN:10,(anonymous_0)
FN:14,(anonymous_1)
FN:84,(anonymous_2)
FN:88,(anonymous_3)
FN:92,(anonymous_4)
FN:96,(anonymous_5)
FNF:6
FNH:4
FNDA:1,(anonymous_0)
FNDA:6,(anonymous_1)
FNDA:5,(anonymous_2)
FNDA:1,(anonymous_3)
FNDA:0,(anonymous_4)
FNDA:0,(anonymous_5)
DA:11,1
DA:15,6
DA:18,6
DA:20,6
DA:22,6
DA:23,6
DA:24,1
DA:25,1
DA:28,0
DA:31,6
DA:32,6
DA:35,6
DA:40,6
DA:41,6
DA:44,6
DA:45,4
DA:48,4
DA:49,2
DA:50,2
DA:51,2
DA:52,2
DA:54,2
DA:58,2
DA:59,1
DA:60,1
DA:64,1
DA:65,1
DA:66,1
DA:67,1
DA:72,1
DA:76,2
DA:79,4
DA:80,4
DA:85,5
DA:89,1
DA:93,0
DA:97,0
DA:101,1
LF:38
LH:35
BRDA:10,0,0,1
BRDA:14,1,0,0
BRDA:15,2,0,6
BRDA:15,2,1,0
BRDA:18,3,0,6
BRDA:18,3,1,0
BRDA:23,4,0,1
BRDA:23,4,1,5
BRDA:31,5,0,6
BRDA:31,5,1,0
BRDA:44,6,0,4
BRDA:44,6,1,2
BRDA:48,7,0,2
BRDA:48,7,1,2
BRDA:48,8,0,4
BRDA:48,8,1,2
BRDA:51,9,0,2
BRDA:51,9,1,0
BRDA:58,10,0,1
BRDA:58,10,1,1
BRDA:67,11,0,1
BRDA:67,11,1,0
BRDA:67,11,2,0
BRDA:84,12,0,5
BRDA:88,13,0,1
BRDA:92,14,0,0
BRDA:96,15,0,0
BRF:27
BRH:18
end_of_record
TN:
SF:src\core\api\auth.js
FN:12,(anonymous_0)
FN:35,(anonymous_1)
FN:45,(anonymous_2)
FN:73,(anonymous_3)
FN:82,(anonymous_4)
FN:94,(anonymous_5)
FNF:6
FNH:1
FNDA:0,(anonymous_0)
FNDA:4,(anonymous_1)
FNDA:0,(anonymous_2)
FNDA:0,(anonymous_3)
FNDA:0,(anonymous_4)
FNDA:0,(anonymous_5)
DA:12,6
DA:13,0
DA:14,0
DA:15,0
DA:18,0
DA:28,0
DA:30,0
DA:31,0
DA:35,6
DA:36,4
DA:37,4
DA:38,2
DA:40,2
DA:41,2
DA:45,6
DA:46,0
DA:47,0
DA:48,0
DA:49,0
DA:51,0
DA:52,0
DA:54,0
DA:55,0
DA:56,0
DA:66,0
DA:68,0
DA:69,0
DA:73,6
DA:74,0
DA:75,0
DA:77,0
DA:78,0
DA:82,6
DA:83,0
DA:84,0
DA:85,0
DA:90,0
DA:94,6
DA:95,0
DA:96,0
DA:97,0
DA:101,0
LF:42
LH:11
BRDA:54,0,0,0
BRDA:54,0,1,0
BRDA:55,1,0,0
BRDA:55,1,1,0
BRDA:98,2,0,0
BRDA:98,2,1,0
BRF:6
BRH:0
end_of_record
TN:
SF:src\core\api\books.js
FN:6,(anonymous_0)
FN:34,(anonymous_1)
FN:103,(anonymous_2)
FN:113,(anonymous_3)
FN:117,(anonymous_4)
FN:124,(anonymous_5)
FN:158,(anonymous_6)
FN:162,(anonymous_7)
FNF:8
FNH:0
FNDA:0,(anonymous_0)
FNDA:0,(anonymous_1)
FNDA:0,(anonymous_2)
FNDA:0,(anonymous_3)
FNDA:0,(anonymous_4)
FNDA:0,(anonymous_5)
FNDA:0,(anonymous_6)
FNDA:0,(anonymous_7)
DA:6,5
DA:8,0
DA:9,0
DA:12,0
DA:13,0
DA:14,0
DA:17,0
DA:18,0
DA:19,0
DA:27,0
DA:29,0
DA:30,0
DA:34,5
DA:36,0
DA:37,0
DA:39,0
DA:40,0
DA:44,0
DA:45,0
DA:49,0
DA:50,0
DA:53,0
DA:54,0
DA:55,0
DA:56,0
DA:57,0
DA:58,0
DA:60,0
DA:62,0
DA:63,0
DA:75,0
DA:76,0
DA:77,0
DA:79,0
DA:96,0
DA:98,0
DA:99,0
DA:103,5
DA:104,0
DA:105,0
DA:106,0
DA:108,0
DA:109,0
DA:113,5
DA:114,0
DA:115,0
DA:116,0
DA:117,0
DA:119,0
DA:120,0
DA:124,5
DA:126,0
DA:127,0
DA:130,0
DA:131,0
DA:132,0
DA:135,0
DA:136,0
DA:137,0
DA:153,0
DA:154,0
DA:158,5
DA:159,0
DA:160,0
DA:161,0
DA:162,0
DA:164,0
DA:165,0
LF:68
LH:6
BRDA:6,0,0,0
BRDA:8,1,0,0
BRDA:8,1,1,0
BRDA:8,2,0,0
BRDA:8,2,1,0
BRDA:8,2,2,0
BRDA:8,2,3,0
BRDA:13,3,0,0
BRDA:13,3,1,0
BRDA:13,4,0,0
BRDA:13,4,1,0
BRDA:18,5,0,0
BRDA:18,5,1,0
BRDA:39,6,0,0
BRDA:39,6,1,0
BRDA:39,7,0,0
BRDA:39,7,1,0
BRDA:44,8,0,0
BRDA:44,8,1,0
BRDA:44,9,0,0
BRDA:44,9,1,0
BRDA:49,10,0,0
BRDA:49,10,1,0
BRDA:49,11,0,0
BRDA:49,11,1,0
BRDA:53,12,0,0
BRDA:53,13,0,0
BRDA:65,14,0,0
BRDA:65,14,1,0
BRDA:70,15,0,0
BRDA:70,15,1,0
BRDA:77,16,0,0
BRDA:77,16,1,0
BRDA:77,17,0,0
BRDA:77,17,1,0
BRDA:124,18,0,0
BRDA:124,19,0,0
BRDA:124,20,0,0
BRDA:126,21,0,0
BRDA:126,21,1,0
BRDA:126,22,0,0
BRDA:126,22,1,0
BRDA:126,22,2,0
BRDA:131,23,0,0
BRDA:131,23,1,0
BRDA:131,24,0,0
BRDA:131,24,1,0
BRDA:140,25,0,0
BRDA:140,25,1,0
BRDA:146,26,0,0
BRDA:146,26,1,0
BRDA:147,27,0,0
BRDA:147,27,1,0
BRF:53
BRH:0
end_of_record
TN:
SF:src\core\api\social.js
FN:26,(anonymous_0)
FN:45,(anonymous_1)
FN:55,(anonymous_2)
FN:64,(anonymous_3)
FN:71,(anonymous_4)
FN:93,(anonymous_5)
FN:103,(anonymous_6)
FN:113,(anonymous_7)
FN:129,(anonymous_8)
FN:131,(anonymous_9)
FN:132,(anonymous_10)
FN:136,(anonymous_11)
FN:138,(anonymous_12)
FN:139,(anonymous_13)
FN:143,(anonymous_14)
FN:145,(anonymous_15)
FN:146,(anonymous_16)
FN:150,(anonymous_17)
FN:164,(anonymous_18)
FN:174,(anonymous_19)
FN:177,(anonymous_20)
FN:187,(anonymous_21)
FN:205,(anonymous_22)
FN:217,(anonymous_23)
FN:234,(anonymous_24)
FN:244,(anonymous_25)
FN:256,(anonymous_26)
FN:272,(anonymous_27)
FN:284,(anonymous_28)
FN:296,(anonymous_29)
FN:300,(anonymous_30)
FN:322,(anonymous_31)
FN:343,(anonymous_32)
FN:350,(anonymous_33)
FN:399,(anonymous_34)
FN:407,(anonymous_35)
FN:410,(anonymous_36)
FN:430,(anonymous_37)
FN:449,(anonymous_38)
FN:455,(anonymous_39)
FN:456,(anonymous_40)
FN:463,(anonymous_41)
FN:475,(anonymous_42)
FNF:43
FNH:0
FNDA:0,(anonymous_0)
FNDA:0,(anonymous_1)
FNDA:0,(anonymous_2)
FNDA:0,(anonymous_3)
FNDA:0,(anonymous_4)
FNDA:0,(anonymous_5)
FNDA:0,(anonymous_6)
FNDA:0,(anonymous_7)
FNDA:0,(anonymous_8)
FNDA:0,(anonymous_9)
FNDA:0,(anonymous_10)
FNDA:0,(anonymous_11)
FNDA:0,(anonymous_12)
FNDA:0,(anonymous_13)
FNDA:0,(anonymous_14)
FNDA:0,(anonymous_15)
FNDA:0,(anonymous_16)
FNDA:0,(anonymous_17)
FNDA:0,(anonymous_18)
FNDA:0,(anonymous_19)
FNDA:0,(anonymous_20)
FNDA:0,(anonymous_21)
FNDA:0,(anonymous_22)
FNDA:0,(anonymous_23)
FNDA:0,(anonymous_24)
FNDA:0,(anonymous_25)
FNDA:0,(anonymous_26)
FNDA:0,(anonymous_27)
FNDA:0,(anonymous_28)
FNDA:0,(anonymous_29)
FNDA:0,(anonymous_30)
FNDA:0,(anonymous_31)
FNDA:0,(anonymous_32)
FNDA:0,(anonymous_33)
FNDA:0,(anonymous_34)
FNDA:0,(anonymous_35)
FNDA:0,(anonymous_36)
FNDA:0,(anonymous_37)
FNDA:0,(anonymous_38)
FNDA:0,(anonymous_39)
FNDA:0,(anonymous_40)
FNDA:0,(anonymous_41)
FNDA:0,(anonymous_42)
DA:26,6
DA:27,0
DA:29,0
DA:30,0
DA:37,0
DA:44,0
DA:45,0
DA:46,0
DA:48,0
DA:50,0
DA:51,0
DA:55,6
DA:56,0
DA:57,0
DA:58,0
DA:63,0
DA:64,0
DA:66,0
DA:67,0
DA:71,6
DA:72,0
DA:73,0
DA:78,0
DA:79,0
DA:81,0
DA:88,0
DA:89,0
DA:93,6
DA:94,0
DA:95,0
DA:96,0
DA:98,0
DA:99,0
DA:103,6
DA:104,0
DA:105,0
DA:106,0
DA:108,0
DA:109,0
DA:113,6
DA:114,0
DA:115,0
DA:121,0
DA:123,0
DA:124,0
DA:129,6
DA:130,0
DA:131,0
DA:132,0
DA:136,6
DA:137,0
DA:138,0
DA:139,0
DA:143,6
DA:144,0
DA:145,0
DA:146,0
DA:150,6
DA:151,0
DA:152,0
DA:153,0
DA:155,0
DA:156,0
DA:164,6
DA:165,0
DA:167,0
DA:169,0
DA:170,0
DA:171,0
DA:174,0
DA:175,0
DA:176,0
DA:177,0
DA:180,0
DA:182,0
DA:183,0
DA:187,6
DA:188,0
DA:189,0
DA:190,0
DA:192,0
DA:193,0
DA:195,0
DA:196,0
DA:197,0
DA:200,0
DA:201,0
DA:205,6
DA:206,0
DA:207,0
DA:208,0
DA:212,0
DA:213,0
DA:217,6
DA:218,0
DA:219,0
DA:220,0
DA:221,0
DA:223,0
DA:225,0
DA:227,0
DA:229,0
DA:230,0
DA:234,6
DA:235,0
DA:236,0
DA:237,0
DA:239,0
DA:240,0
DA:244,6
DA:245,0
DA:246,0
DA:247,0
DA:251,0
DA:252,0
DA:256,6
DA:257,0
DA:258,0
DA:259,0
DA:263,0
DA:264,0
DA:272,6
DA:273,0
DA:274,0
DA:275,0
DA:276,0
DA:283,0
DA:284,0
DA:295,0
DA:296,0
DA:300,0
DA:301,0
DA:302,0
DA:303,0
DA:305,0
DA:306,0
DA:307,0
DA:310,0
DA:312,0
DA:315,0
DA:322,6
DA:323,0
DA:324,0
DA:325,0
DA:329,0
DA:330,0
DA:333,0
DA:334,0
DA:343,6
DA:344,0
DA:345,0
DA:347,0
DA:349,0
DA:350,0
DA:351,0
DA:352,0
DA:353,0
DA:357,0
DA:374,0
DA:379,0
DA:380,0
DA:389,0
DA:391,0
DA:392,0
DA:399,6
DA:400,0
DA:401,0
DA:402,0
DA:406,0
DA:407,0
DA:410,0
DA:411,0
DA:412,0
DA:413,0
DA:415,0
DA:416,0
DA:417,0
DA:420,0
DA:422,0
DA:423,0
DA:430,6
DA:431,0
DA:432,0
DA:433,0
DA:442,0
DA:449,6
DA:450,0
DA:455,0
DA:456,0
DA:463,6
DA:464,0
DA:465,0
DA:466,0
DA:468,0
DA:475,6
DA:476,0
DA:477,0
DA:478,0
DA:480,0
LF:199
LH:25
BRDA:26,0,0,0
BRDA:26,1,0,0
BRDA:29,2,0,0
BRDA:29,2,1,0
BRDA:56,3,0,0
BRDA:56,3,1,0
BRDA:79,4,0,0
BRDA:79,4,1,0
BRDA:153,5,0,0
BRDA:153,5,1,0
BRDA:165,6,0,0
BRDA:165,6,1,0
BRDA:165,7,0,0
BRDA:165,7,1,0
BRDA:221,8,0,0
BRDA:221,8,1,0
BRDA:225,9,0,0
BRDA:225,9,1,0
BRDA:273,10,0,0
BRDA:273,10,1,0
BRDA:295,11,0,0
BRDA:295,11,1,0
BRDA:295,12,0,0
BRDA:295,12,1,0
BRDA:296,13,0,0
BRDA:296,13,1,0
BRDA:301,14,0,0
BRDA:301,14,1,0
BRDA:302,15,0,0
BRDA:302,15,1,0
BRDA:303,16,0,0
BRDA:303,16,1,0
BRDA:305,17,0,0
BRDA:305,17,1,0
BRDA:306,18,0,0
BRDA:306,18,1,0
BRDA:329,19,0,0
BRDA:329,19,1,0
BRDA:352,20,0,0
BRDA:352,20,1,0
BRDA:360,21,0,0
BRDA:360,21,1,0
BRDA:366,22,0,0
BRDA:366,22,1,0
BRDA:367,23,0,0
BRDA:367,23,1,0
BRDA:379,24,0,0
BRDA:379,24,1,0
BRDA:383,25,0,0
BRDA:383,25,1,0
BRDA:411,26,0,0
BRDA:411,26,1,0
BRDA:412,27,0,0
BRDA:412,27,1,0
BRDA:413,28,0,0
BRDA:413,28,1,0
BRDA:415,29,0,0
BRDA:415,29,1,0
BRDA:416,30,0,0
BRDA:416,30,1,0
BRF:60
BRH:0
end_of_record
TN:
SF:src\core\firebase\firebase.js
FNF:0
FNH:0
DA:7,5
DA:22,5
DA:23,5
DA:24,5
DA:27,5
DA:29,0
DA:30,0
DA:31,0
DA:35,5
LF:9
LH:6
BRDA:22,0,0,5
BRDA:22,0,1,0
BRF:2
BRH:1
end_of_record
TN:
SF:src\core\services\Logger.js
FN:9,(anonymous_0)
FN:18,(anonymous_1)
FN:30,(anonymous_2)
FN:44,(anonymous_3)
FNF:4
FNH:4
FNDA:10,(anonymous_0)
FNDA:2,(anonymous_1)
FNDA:2,(anonymous_2)
FNDA:2,(anonymous_3)
DA:10,10
DA:19,2
DA:20,1
DA:31,2
DA:32,1
DA:45,2
DA:46,1
DA:56,10
LF:8
LH:8
BRDA:18,0,0,0
BRDA:19,1,0,1
BRDA:19,1,1,1
BRDA:30,2,0,1
BRDA:31,3,0,1
BRDA:31,3,1,1
BRDA:44,4,0,0
BRDA:44,5,0,0
BRDA:45,6,0,1
BRDA:45,6,1,1
BRF:10
BRH:7
end_of_record
TN:
SF:src\core\store\index.js
FN:16,(anonymous_0)
FN:24,(anonymous_1)
FN:28,(anonymous_2)
FN:37,(anonymous_3)
FNF:4
FNH:3
FNDA:6,(anonymous_0)
FNDA:6,(anonymous_1)
FNDA:0,(anonymous_2)
FNDA:57,(anonymous_3)
DA:14,6
DA:16,6
DA:24,6
DA:29,0
DA:31,0
DA:33,0
DA:37,57
LF:7
LH:4
BRDA:29,0,0,0
BRDA:29,0,1,0
BRF:2
BRH:0
end_of_record
TN:
SF:src\core\store\slices\authSlice.js
FN:10,(anonymous_0)
FN:15,(anonymous_1)
FN:25,(anonymous_2)
FN:39,(anonymous_3)
FN:53,(anonymous_4)
FN:67,(anonymous_5)
FN:79,(anonymous_6)
FN:89,(anonymous_7)
FNF:8
FNH:2
FNDA:6,(anonymous_0)
FNDA:0,(anonymous_1)
FNDA:0,(anonymous_2)
FNDA:4,(anonymous_3)
FNDA:0,(anonymous_4)
FNDA:0,(anonymous_5)
FNDA:0,(anonymous_6)
FNDA:0,(anonymous_7)
DA:10,6
DA:16,0
DA:17,0
DA:18,0
DA:19,0
DA:21,0
DA:26,0
DA:27,0
DA:28,0
DA:30,0
DA:31,0
DA:40,4
DA:41,4
DA:42,4
DA:44,2
DA:45,2
DA:54,0
DA:55,0
DA:56,0
DA:58,0
DA:59,0
DA:68,0
DA:69,0
DA:70,0
DA:71,0
DA:73,0
DA:75,0
DA:80,0
DA:81,0
DA:82,0
DA:83,0
DA:85,0
DA:90,0
DA:91,0
DA:92,0
DA:93,0
DA:95,0
LF:37
LH:6
BRDA:17,0,0,0
BRDA:17,0,1,0
BRDA:19,1,0,0
BRDA:19,1,1,0
BRDA:70,2,0,0
BRDA:70,2,1,0
BRDA:70,3,0,0
BRDA:70,3,1,0
BRDA:79,4,0,0
BRDA:80,5,0,0
BRDA:80,5,1,0
BRDA:81,6,0,0
BRDA:81,6,1,0
BRDA:91,7,0,0
BRDA:91,7,1,0
BRF:15
BRH:0
end_of_record
TN:
SF:src\core\store\slices\gamificationSlice.js
FN:12,(anonymous_0)
FN:18,(anonymous_1)
FN:23,(anonymous_2)
FN:29,(anonymous_3)
FN:30,(anonymous_4)
FN:36,(anonymous_5)
FN:52,(anonymous_6)
FN:64,(anonymous_7)
FNF:8
FNH:4
FNDA:6,(anonymous_0)
FNDA:6,(anonymous_1)
FNDA:8,(anonymous_2)
FNDA:0,(anonymous_3)
FNDA:0,(anonymous_4)
FNDA:56,(anonymous_5)
FNDA:0,(anonymous_6)
FNDA:0,(anonymous_7)
DA:12,6
DA:19,6
DA:20,6
DA:24,8
DA:25,8
DA:29,0
DA:30,0
DA:33,8
DA:34,8
DA:36,8
DA:37,56
DA:38,4
DA:43,4
DA:47,8
DA:48,4
DA:53,0
DA:54,0
DA:55,0
DA:56,0
DA:57,0
DA:59,0
DA:61,0
DA:62,0
DA:63,0
DA:64,0
DA:65,0
DA:69,0
DA:70,0
DA:71,0
DA:74,0
DA:76,0
LF:31
LH:13
BRDA:20,0,0,6
BRDA:20,0,1,0
BRDA:26,1,0,8
BRDA:26,1,1,8
BRDA:27,2,0,8
BRDA:27,2,1,6
BRDA:28,3,0,8
BRDA:28,3,1,2
BRDA:29,4,0,8
BRDA:29,4,1,0
BRDA:30,5,0,8
BRDA:30,5,1,0
BRDA:37,6,0,4
BRDA:37,6,1,52
BRDA:37,7,0,56
BRDA:37,7,1,54
BRDA:47,8,0,4
BRDA:47,8,1,4
BRDA:53,9,0,0
BRDA:53,9,1,0
BRDA:65,10,0,0
BRDA:65,10,1,0
BRDA:69,11,0,0
BRDA:69,11,1,0
BRF:24
BRH:15
end_of_record
TN:
SF:src\core\store\slices\librarySlice.js
FN:12,(anonymous_0)
FN:23,(anonymous_1)
FN:26,(anonymous_2)
FN:64,(anonymous_3)
FN:64,(anonymous_4)
FN:74,(anonymous_5)
FN:75,(anonymous_6)
FN:76,(anonymous_7)
FN:78,(anonymous_8)
FN:83,(anonymous_9)
FN:89,(anonymous_10)
FN:93,(anonymous_11)
FN:109,(anonymous_12)
FN:113,(anonymous_13)
FN:153,(anonymous_14)
FNF:15
FNH:3
FNDA:6,(anonymous_0)
FNDA:0,(anonymous_1)
FNDA:0,(anonymous_2)
FNDA:0,(anonymous_3)
FNDA:0,(anonymous_4)
FNDA:0,(anonymous_5)
FNDA:0,(anonymous_6)
FNDA:0,(anonymous_7)
FNDA:0,(anonymous_8)
FNDA:0,(anonymous_9)
FNDA:14,(anonymous_10)
FNDA:46,(anonymous_11)
FNDA:0,(anonymous_12)
FNDA:0,(anonymous_13)
FNDA:0,(anonymous_14)
DA:12,6
DA:25,0
DA:26,0
DA:27,0
DA:28,0
DA:29,0
DA:38,0
DA:40,0
DA:41,0
DA:42,0
DA:43,0
DA:44,0
DA:46,0
DA:47,0
DA:51,0
DA:52,0
DA:54,0
DA:65,0
DA:66,0
DA:73,0
DA:74,0
DA:75,0
DA:76,0
DA:77,0
DA:79,0
DA:80,0
DA:83,0
DA:84,0
DA:85,0
DA:90,14
DA:91,14
DA:93,46
DA:94,1
DA:95,1
DA:98,13
DA:99,13
DA:101,0
DA:110,0
DA:111,0
DA:113,0
DA:114,0
DA:116,0
DA:117,0
DA:126,0
DA:127,0
DA:128,0
DA:129,0
DA:131,0
DA:132,0
DA:133,0
DA:142,0
DA:145,0
DA:154,0
DA:155,0
DA:156,0
DA:157,0
DA:159,0
LF:57
LH:8
BRDA:27,0,0,0
BRDA:27,0,1,0
BRDA:30,1,0,0
BRDA:30,1,1,0
BRDA:31,2,0,0
BRDA:31,2,1,0
BRDA:32,3,0,0
BRDA:32,3,1,0
BRDA:33,4,0,0
BRDA:33,4,1,0
BRDA:34,5,0,0
BRDA:34,5,1,0
BRDA:35,6,0,0
BRDA:35,6,1,0
BRDA:38,7,0,0
BRDA:38,7,1,0
BRDA:40,8,0,0
BRDA:40,8,1,0
BRDA:41,9,0,0
BRDA:41,9,1,0
BRDA:42,10,0,0
BRDA:42,10,1,0
BRDA:43,11,0,0
BRDA:43,11,1,0
BRDA:44,12,0,0
BRDA:44,12,1,0
BRDA:47,13,0,0
BRDA:47,13,1,0
BRDA:47,13,2,0
BRDA:51,14,0,0
BRDA:51,14,1,0
BRDA:55,15,0,0
BRDA:55,15,1,0
BRDA:56,16,0,0
BRDA:56,16,1,0
BRDA:60,17,0,0
BRDA:60,17,1,0
BRDA:61,18,0,0
BRDA:61,18,1,0
BRDA:62,19,0,0
BRDA:62,19,1,0
BRDA:76,20,0,0
BRDA:76,20,1,0
BRDA:76,21,0,0
BRDA:76,21,1,0
BRDA:89,22,0,0
BRDA:91,23,0,0
BRDA:91,23,1,14
BRDA:93,24,0,1
BRDA:93,24,1,13
BRDA:93,25,0,14
BRDA:93,25,1,13
BRDA:111,26,0,0
BRDA:111,26,1,0
BRDA:114,27,0,0
BRDA:114,27,1,0
BRDA:128,28,0,0
BRDA:128,28,1,0
BRDA:129,29,0,0
BRDA:129,29,1,0
BRDA:132,30,0,0
BRDA:132,30,1,0
BRDA:155,31,0,0
BRDA:155,31,1,0
BRF:64
BRH:5
end_of_record
TN:
SF:src\core\store\slices\socialSlice.js
FN:12,(anonymous_0)
FN:24,(anonymous_1)
FN:25,(anonymous_2)
FN:31,(anonymous_3)
FN:32,(anonymous_4)
FN:42,(anonymous_5)
FN:44,(anonymous_6)
FN:45,(anonymous_7)
FN:48,(anonymous_8)
FN:53,(anonymous_9)
FN:55,(anonymous_10)
FN:55,(anonymous_11)
FN:58,(anonymous_12)
FN:59,(anonymous_13)
FN:69,(anonymous_14)
FN:74,(anonymous_15)
FN:75,(anonymous_16)
FN:80,(anonymous_17)
FN:88,(anonymous_18)
FN:91,(anonymous_19)
FN:92,(anonymous_20)
FN:97,(anonymous_21)
FN:105,(anonymous_22)
FNF:23
FNH:1
FNDA:6,(anonymous_0)
FNDA:0,(anonymous_1)
FNDA:0,(anonymous_2)
FNDA:0,(anonymous_3)
FNDA:0,(anonymous_4)
FNDA:0,(anonymous_5)
FNDA:0,(anonymous_6)
FNDA:0,(anonymous_7)
FNDA:0,(anonymous_8)
FNDA:0,(anonymous_9)
FNDA:0,(anonymous_10)
FNDA:0,(anonymous_11)
FNDA:0,(anonymous_12)
FNDA:0,(anonymous_13)
FNDA:0,(anonymous_14)
FNDA:0,(anonymous_15)
FNDA:0,(anonymous_16)
FNDA:0,(anonymous_17)
FNDA:0,(anonymous_18)
FNDA:0,(anonymous_19)
FNDA:0,(anonymous_20)
FNDA:0,(anonymous_21)
FNDA:0,(anonymous_22)
DA:12,6
DA:25,0
DA:27,0
DA:28,0
DA:31,0
DA:32,0
DA:33,0
DA:35,0
DA:36,0
DA:37,0
DA:43,0
DA:44,0
DA:45,0
DA:46,0
DA:48,0
DA:54,0
DA:55,0
DA:56,0
DA:58,0
DA:59,0
DA:63,0
DA:64,0
DA:70,0
DA:71,0
DA:73,0
DA:74,0
DA:75,0
DA:79,0
DA:81,0
DA:82,0
DA:85,0
DA:89,0
DA:90,0
DA:91,0
DA:92,0
DA:96,0
DA:98,0
DA:99,0
DA:102,0
DA:106,0
DA:107,0
DA:109,0
DA:110,0
DA:111,0
DA:113,0
DA:114,0
DA:115,0
DA:117,0
DA:126,0
LF:49
LH:1
BRDA:25,0,0,0
BRDA:25,0,1,0
BRDA:27,1,0,0
BRDA:27,1,1,0
BRDA:36,2,0,0
BRDA:36,2,1,0
BRDA:36,3,0,0
BRDA:36,3,1,0
BRDA:37,4,0,0
BRDA:37,4,1,0
BRDA:45,5,0,0
BRDA:45,5,1,0
BRDA:56,6,0,0
BRDA:56,6,1,0
BRDA:69,7,0,0
BRDA:105,8,0,0
BRDA:107,9,0,0
BRDA:107,9,1,0
BRDA:111,10,0,0
BRDA:111,10,1,0
BRDA:114,11,0,0
BRDA:114,11,1,0
BRDA:115,12,0,0
BRDA:115,12,1,0
BRDA:115,13,0,0
BRDA:115,13,1,0
BRDA:123,14,0,0
BRDA:123,14,1,0
BRF:28
BRH:0
end_of_record
TN:
SF:src\hooks\useTimer.js
FN:3,useTimer
FN:7,(anonymous_1)
FN:10,(anonymous_2)
FN:10,(anonymous_3)
FN:12,(anonymous_4)
FN:15,(anonymous_5)
FNF:6
FNH:6
FNDA:15,useTimer
FNDA:9,(anonymous_1)
FNDA:22,(anonymous_2)
FNDA:22,(anonymous_3)
FNDA:9,(anonymous_4)
FNDA:1,(anonymous_5)
DA:4,15
DA:5,15
DA:7,15
DA:8,9
DA:9,9
DA:10,22
DA:12,9
DA:15,15
DA:17,15
LF:9
LH:9
BRDA:3,0,0,0
BRDA:9,1,0,6
BRDA:9,1,1,3
BRF:3
BRH:2
end_of_record
TN:
SF:src\store\usePopupStore.js
FN:3,(anonymous_0)
FN:11,(anonymous_1)
FN:20,(anonymous_2)
FNF:3
FNH:3
FNDA:8,(anonymous_0)
FNDA:8,(anonymous_1)
FNDA:5,(anonymous_2)
DA:3,8
DA:11,8
DA:20,5
LF:3
LH:3
BRDA:11,0,0,2
BRF:1
BRH:1
end_of_record
TN:
SF:src\store\useThemeStore.js
FN:7,(anonymous_0)
FN:10,(anonymous_1)
FN:10,(anonymous_2)
FN:11,(anonymous_3)
FN:11,(anonymous_4)
FN:12,(anonymous_5)
FN:13,(anonymous_6)
FN:17,(anonymous_7)
FN:18,(anonymous_8)
FN:18,(anonymous_9)
FNF:10
FNH:8
FNDA:7,(anonymous_0)
FNDA:3,(anonymous_1)
FNDA:3,(anonymous_2)
FNDA:1,(anonymous_3)
FNDA:1,(anonymous_4)
FNDA:0,(anonymous_5)
FNDA:0,(anonymous_6)
FNDA:7,(anonymous_7)
FNDA:9,(anonymous_8)
FNDA:9,(anonymous_9)
DA:5,7
DA:7,7
DA:10,3
DA:11,1
DA:12,0
DA:13,0
DA:17,7
DA:18,9
DA:19,9
DA:21,1
LF:10
LH:8
BRDA:19,0,0,1
BRDA:19,0,1,8
BRF:2
BRH:2
end_of_record
TN:
SF:src\ui\assets\index.js
FNF:0
FNH:0
DA:1,5
DA:2,5
DA:3,5
DA:4,5
DA:5,5
LF:5
LH:5
BRF:0
BRH:0
end_of_record
TN:
SF:src\ui\components\index.js
FNF:0
FNH:0
LF:0
LH:0
BRF:0
BRH:0
end_of_record
TN:
SF:src\ui\components\atoms\FastAvatar.js
FN:13,FastAvatar
FNF:1
FNH:1
FNDA:12,FastAvatar
DA:6,5
DA:21,12
LF:2
LH:2
BRDA:15,0,0,0
BRDA:16,1,0,12
BRDA:18,2,0,12
BRDA:19,3,0,12
BRDA:23,4,0,0
BRDA:23,4,1,12
BRDA:27,5,0,0
BRDA:27,5,1,12
BRDA:35,6,0,12
BRDA:35,6,1,0
BRF:10
BRH:6
end_of_record
TN:
SF:src\ui\components\atoms\LoadingScreen.js
FN:4,LoadingScreen
FNF:1
FNH:1
FNDA:1,LoadingScreen
DA:5,1
LF:1
LH:1
BRF:0
BRH:0
end_of_record
TN:
SF:src\ui\components\atoms\Skeleton.js
FN:8,Skeleton
FN:11,(anonymous_1)
FNF:2
FNH:0
FNDA:0,Skeleton
FNDA:0,(anonymous_1)
DA:9,0
DA:11,0
DA:12,0
DA:30,0
LF:4
LH:0
BRDA:8,0,0,0
BRF:1
BRH:0
end_of_record
TN:
SF:src\ui\components\molecules\CommunityNote.js
FN:9,(anonymous_0)
FN:82,(anonymous_1)
FNF:2
FNH:1
FNDA:12,(anonymous_0)
FNDA:0,(anonymous_1)
DA:9,5
DA:10,12
DA:12,12
DA:13,0
DA:28,12
DA:82,0
DA:95,5
LF:7
LH:5
BRDA:9,0,0,0
BRDA:9,1,0,12
BRDA:12,2,0,0
BRDA:12,2,1,12
BRDA:18,3,0,0
BRDA:18,3,1,0
BRDA:19,4,0,0
BRDA:19,4,1,0
BRDA:33,5,0,12
BRDA:33,5,1,0
BRDA:34,6,0,4
BRDA:34,6,1,8
BRDA:36,7,0,4
BRDA:36,7,1,8
BRDA:39,8,0,4
BRDA:39,8,1,8
BRDA:56,9,0,12
BRDA:56,9,1,0
BRDA:57,10,0,0
BRDA:57,10,1,0
BRDA:68,11,0,0
BRDA:68,11,1,12
BRDA:87,12,0,12
BRDA:87,12,1,3
BRF:24
BRH:13
end_of_record
TN:
SF:src\ui\components\molecules\CustomPopup.js
FN:7,CustomPopup
FN:13,(anonymous_1)
FN:22,(anonymous_2)
FN:27,(anonymous_3)
FNF:4
FNH:3
FNDA:17,CustomPopup
FNDA:9,(anonymous_1)
FNDA:1,(anonymous_2)
FNDA:0,(anonymous_3)
DA:8,17
DA:9,17
DA:11,17
DA:13,9
DA:14,9
DA:15,5
DA:16,1
DA:17,0
DA:18,3
DA:22,9
DA:23,1
DA:24,1
DA:27,9
DA:28,0
DA:29,0
DA:32,9
DA:34,9
LF:17
LH:14
BRDA:11,0,0,8
BRDA:11,0,1,9
BRDA:14,1,0,5
BRDA:14,1,1,1
BRDA:14,1,2,0
BRDA:14,1,3,3
BRDA:23,2,0,0
BRDA:23,2,1,1
BRDA:28,3,0,0
BRDA:28,3,1,0
BRDA:39,4,0,0
BRDA:39,4,1,9
BRDA:52,5,0,9
BRDA:52,5,1,0
BRDA:62,6,0,5
BRDA:62,6,1,4
BRDA:64,7,0,0
BRDA:64,7,1,9
BRF:18
BRH:11
end_of_record
TN:
SF:src\ui\components\organisms\BookLoader.js
FN:21,(anonymous_0)
FN:32,(anonymous_1)
FN:46,(anonymous_2)
FNF:3
FNH:2
FNDA:18,(anonymous_0)
FNDA:9,(anonymous_1)
FNDA:0,(anonymous_2)
DA:6,5
DA:19,5
DA:21,5
DA:22,18
DA:23,18
DA:24,18
DA:25,18
DA:28,18
DA:29,18
DA:30,18
DA:32,18
DA:33,9
DA:34,9
DA:35,9
DA:36,9
DA:42,0
DA:47,0
DA:52,18
DA:54,18
DA:100,5
LF:20
LH:18
BRDA:21,0,0,0
BRDA:25,1,0,18
BRDA:25,1,1,0
BRDA:28,2,0,0
BRDA:28,2,1,18
BRDA:29,3,0,0
BRDA:29,3,1,18
BRDA:30,4,0,0
BRDA:30,4,1,18
BRDA:33,5,0,9
BRDA:33,5,1,0
BRDA:52,6,0,0
BRDA:52,6,1,18
BRDA:56,7,0,18
BRDA:56,7,1,0
BRF:15
BRH:7
end_of_record
TN:
SF:src\ui\components\organisms\EchoDeck.js
FN:7,(anonymous_0)
FN:18,(anonymous_1)
FN:24,(anonymous_2)
FN:33,(anonymous_3)
FN:36,(anonymous_4)
FN:39,(anonymous_5)
FN:56,(anonymous_6)
FN:62,(anonymous_7)
FN:68,(anonymous_8)
FN:70,(anonymous_9)
FN:77,(anonymous_10)
FN:85,(anonymous_11)
FN:99,(anonymous_12)
FNF:13
FNH:0
FNDA:0,(anonymous_0)
FNDA:0,(anonymous_1)
FNDA:0,(anonymous_2)
FNDA:0,(anonymous_3)
FNDA:0,(anonymous_4)
FNDA:0,(anonymous_5)
FNDA:0,(anonymous_6)
FNDA:0,(anonymous_7)
FNDA:0,(anonymous_8)
FNDA:0,(anonymous_9)
FNDA:0,(anonymous_10)
FNDA:0,(anonymous_11)
FNDA:0,(anonymous_12)
DA:7,5
DA:8,0
DA:9,0
DA:10,0
DA:12,0
DA:13,0
DA:14,0
DA:15,0
DA:18,0
DA:19,0
DA:20,0
DA:21,0
DA:24,0
DA:25,0
DA:26,0
DA:27,0
DA:31,0
DA:34,0
DA:37,0
DA:40,0
DA:41,0
DA:42,0
DA:43,0
DA:45,0
DA:46,0
DA:47,0
DA:48,0
DA:50,0
DA:56,0
DA:57,0
DA:58,0
DA:63,0
DA:64,0
DA:68,0
DA:69,0
DA:70,0
DA:71,0
DA:72,0
DA:73,0
DA:77,0
DA:78,0
DA:85,0
DA:86,0
DA:87,0
DA:107,0
DA:108,0
DA:114,0
DA:115,0
DA:116,0
DA:118,0
DA:120,0
DA:125,0
DA:131,0
DA:152,0
DA:153,0
DA:154,0
DA:155,0
DA:157,0
DA:163,0
DA:169,0
DA:175,0
DA:193,0
DA:196,0
DA:203,5
LF:64
LH:2
BRDA:26,0,0,0
BRDA:26,0,1,0
BRDA:34,1,0,0
BRDA:34,1,1,0
BRDA:40,2,0,0
BRDA:40,2,1,0
BRDA:40,3,0,0
BRDA:40,3,1,0
BRDA:45,4,0,0
BRDA:45,4,1,0
BRDA:47,5,0,0
BRDA:47,5,1,0
BRDA:57,6,0,0
BRDA:57,6,1,0
BRDA:71,7,0,0
BRDA:71,7,1,0
BRDA:86,8,0,0
BRDA:86,8,1,0
BRDA:118,9,0,0
BRDA:118,9,1,0
BRF:20
BRH:0
end_of_record
TN:
SF:src\ui\components\organisms\ErrorBoundary.js
FN:8,(anonymous_0)
FN:13,(anonymous_1)
FN:18,(anonymous_2)
FN:23,(anonymous_3)
FN:31,(anonymous_4)
FNF:5
FNH:5
FNDA:3,(anonymous_0)
FNDA:3,(anonymous_1)
FNDA:3,(anonymous_2)
FNDA:1,(anonymous_3)
FNDA:7,(anonymous_4)
DA:9,3
DA:10,3
DA:15,3
DA:20,3
DA:23,3
DA:24,1
DA:26,1
DA:27,1
DA:32,7
DA:34,3
DA:58,4
LF:11
LH:11
BRDA:26,0,0,1
BRDA:26,0,1,0
BRDA:32,1,0,3
BRDA:32,1,1,4
BRF:4
BRH:3
end_of_record
TN:
SF:src\ui\constants\badges.js
FN:7,(anonymous_0)
FN:14,(anonymous_1)
FN:21,(anonymous_2)
FN:28,(anonymous_3)
FN:35,(anonymous_4)
FN:42,(anonymous_5)
FN:49,(anonymous_6)
FNF:7
FNH:7
FNDA:8,(anonymous_0)
FNDA:8,(anonymous_1)
FNDA:8,(anonymous_2)
FNDA:8,(anonymous_3)
FNDA:8,(anonymous_4)
FNDA:8,(anonymous_5)
FNDA:6,(anonymous_6)
DA:1,6
DA:7,8
DA:14,8
DA:21,8
DA:28,8
DA:35,8
DA:42,8
DA:49,6
LF:8
LH:8
BRDA:7,0,0,8
BRDA:7,0,1,8
BRDA:14,1,0,8
BRDA:14,1,1,6
BRDA:21,2,0,8
BRDA:21,2,1,6
BRDA:28,3,0,8
BRDA:28,3,1,8
BRDA:35,4,0,8
BRDA:35,4,1,8
BRDA:42,5,0,8
BRDA:42,5,1,8
BRDA:49,6,0,6
BRDA:49,6,1,2
BRF:14
BRH:14
end_of_record
TN:
SF:src\ui\constants\colors.js
FNF:0
FNH:0
DA:1,5
LF:1
LH:1
BRF:0
BRH:0
end_of_record
TN:
SF:src\ui\screens\AuthScreen.js
FN:21,(anonymous_0)
FN:37,(anonymous_1)
FN:45,(anonymous_2)
FN:49,(anonymous_3)
FN:129,(anonymous_4)
FN:167,(anonymous_5)
FN:178,(anonymous_6)
FNF:7
FNH:4
FNDA:25,(anonymous_0)
FNDA:5,(anonymous_1)
FNDA:6,(anonymous_2)
FNDA:6,(anonymous_3)
FNDA:0,(anonymous_4)
FNDA:0,(anonymous_5)
FNDA:0,(anonymous_6)
DA:19,2
DA:21,2
DA:22,25
DA:23,25
DA:24,25
DA:25,25
DA:27,25
DA:28,25
DA:29,25
DA:31,25
DA:37,25
DA:38,5
DA:39,0
DA:40,0
DA:45,25
DA:46,6
DA:49,25
DA:50,6
DA:51,1
DA:52,1
DA:54,5
DA:55,1
DA:56,1
DA:59,4
DA:60,4
DA:62,0
DA:67,25
DA:68,25
DA:69,25
DA:70,25
DA:71,25
DA:73,25
DA:74,25
DA:75,25
DA:76,25
DA:78,25
DA:129,0
DA:167,0
DA:178,0
LF:39
LH:33
BRDA:38,0,0,0
BRDA:38,0,1,5
BRDA:50,1,0,1
BRDA:50,1,1,5
BRDA:54,2,0,1
BRDA:54,2,1,4
BRDA:59,3,0,4
BRDA:59,3,1,0
BRDA:67,4,0,0
BRDA:67,4,1,25
BRDA:68,5,0,0
BRDA:68,5,1,25
BRDA:69,6,0,0
BRDA:69,6,1,25
BRDA:70,7,0,0
BRDA:70,7,1,25
BRDA:71,8,0,0
BRDA:71,8,1,25
BRDA:73,9,0,0
BRDA:73,9,1,25
BRDA:74,10,0,0
BRDA:74,10,1,25
BRDA:75,11,0,0
BRDA:75,11,1,25
BRDA:76,12,0,0
BRDA:76,12,1,25
BRDA:80,13,0,25
BRDA:80,13,1,0
BRDA:96,14,0,25
BRDA:96,14,1,0
BRDA:131,15,0,0
BRDA:131,15,1,25
BRDA:140,16,0,4
BRDA:140,16,1,21
BRDA:145,17,0,4
BRDA:145,17,1,21
BRDA:151,18,0,0
BRDA:151,18,1,21
BRDA:152,19,0,21
BRDA:152,19,1,0
BRDA:154,20,0,0
BRDA:154,20,1,21
BRDA:160,21,0,0
BRDA:160,21,1,25
BRDA:162,22,0,0
BRDA:162,22,1,25
BRDA:168,23,0,25
BRDA:168,23,1,25
BRDA:176,24,0,25
BRDA:176,24,1,0
BRDA:180,25,0,25
BRDA:180,25,1,0
BRDA:186,26,0,25
BRDA:186,26,1,0
BRDA:187,27,0,0
BRDA:187,27,1,0
BRF:56
BRH:32
end_of_record
TN:
SF:src\ui\screens\GalleryScreen.js
FN:26,(anonymous_0)
FN:29,(anonymous_1)
FN:38,(anonymous_2)
FN:39,(anonymous_3)
FN:52,(anonymous_4)
FN:53,(anonymous_5)
FN:53,(anonymous_6)
FN:62,(anonymous_7)
FN:73,(anonymous_8)
FN:112,(anonymous_9)
FN:136,(anonymous_10)
FN:154,(anonymous_11)
FNF:12
FNH:8
FNDA:9,(anonymous_0)
FNDA:27,(anonymous_1)
FNDA:4,(anonymous_2)
FNDA:4,(anonymous_3)
FNDA:0,(anonymous_4)
FNDA:0,(anonymous_5)
FNDA:0,(anonymous_6)
FNDA:1,(anonymous_7)
FNDA:12,(anonymous_8)
FNDA:1,(anonymous_9)
FNDA:0,(anonymous_10)
FNDA:15,(anonymous_11)
DA:21,1
DA:22,1
DA:23,1
DA:24,1
DA:26,1
DA:27,9
DA:28,9
DA:29,27
DA:30,9
DA:32,9
DA:33,9
DA:34,9
DA:36,9
DA:38,9
DA:39,4
DA:40,4
DA:41,4
DA:42,4
DA:44,0
DA:46,4
DA:49,4
DA:52,9
DA:53,0
DA:54,0
DA:55,0
DA:58,9
DA:63,1
DA:64,1
DA:65,1
DA:66,1
DA:67,1
DA:73,9
DA:74,12
DA:80,12
DA:86,12
DA:93,12
DA:99,12
DA:112,1
DA:126,9
DA:129,5
DA:130,5
DA:132,5
DA:136,0
DA:154,15
DA:171,1
LF:45
LH:40
BRDA:53,0,0,0
BRDA:53,0,1,0
BRDA:53,1,0,0
BRDA:53,1,1,0
BRDA:54,2,0,0
BRDA:54,2,1,0
BRDA:54,2,2,0
BRDA:54,2,3,0
BRDA:65,3,0,1
BRDA:65,3,1,0
BRDA:65,4,0,1
BRDA:65,4,1,1
BRDA:65,4,2,1
BRDA:106,5,0,4
BRDA:106,5,1,8
BRDA:126,6,0,4
BRDA:126,6,1,5
BRDA:133,7,0,0
BRDA:133,7,1,5
BRDA:137,8,0,0
BRDA:137,8,1,5
BRDA:140,9,0,0
BRDA:140,9,1,5
BRDA:141,10,0,0
BRDA:141,10,1,5
BRDA:145,11,0,1
BRDA:145,11,1,4
BRDA:147,12,0,0
BRDA:147,12,1,1
BRDA:148,13,0,0
BRDA:148,13,1,1
BRF:31
BRH:16
end_of_record
TN:
SF:src\utils\errorMapper.js
FN:7,(anonymous_0)
FNF:1
FNH:1
FNDA:24,(anonymous_0)
DA:7,7
DA:8,24
DA:9,24
DA:12,24
DA:13,24
DA:16,24
DA:40,24
LF:7
LH:7
BRDA:12,0,0,24
BRDA:12,0,1,0
BRDA:40,1,0,24
BRDA:40,1,1,6
BRF:4
BRH:3
end_of_record
TN:
SF:src\utils\haptics.js
FN:8,(anonymous_0)
FN:14,(anonymous_1)
FN:20,(anonymous_2)
FNF:3
FNH:2
FNDA:2,(anonymous_0)
FNDA:0,(anonymous_1)
FNDA:1,(anonymous_2)
DA:8,6
DA:9,2
DA:10,1
DA:14,6
DA:15,0
DA:16,0
DA:20,6
DA:21,1
DA:22,1
DA:26,6
DA:27,6
LF:11
LH:9
BRDA:8,0,0,0
BRDA:9,1,0,1
BRDA:9,1,1,1
BRDA:14,2,0,0
BRDA:15,3,0,0
BRDA:15,3,1,0
BRDA:21,4,0,1
BRDA:21,4,1,0
BRF:8
BRH:3
end_of_record
TN:
SF:src\utils\streak.js
FN:1,(anonymous_0)
FNF:1
FNH:1
FNDA:8,(anonymous_0)
DA:1,6
DA:2,8
DA:5,5
DA:6,5
DA:8,5
DA:9,5
DA:11,5
DA:12,5
DA:14,5
DA:15,2
DA:16,1
LF:11
LH:11
BRDA:2,0,0,3
BRDA:2,0,1,5
BRDA:14,1,0,3
BRDA:14,1,1,2
BRDA:15,2,0,1
BRDA:15,2,1,1
BRF:6
BRH:6
end_of_record
TN:
SF:src\utils\time.js
FN:5,(anonymous_0)
FNF:1
FNH:1
FNDA:6,(anonymous_0)
DA:5,1
DA:6,6
DA:8,5
DA:9,5
DA:10,5
DA:12,5
DA:13,2
DA:15,3
LF:8
LH:8
BRDA:6,0,0,1
BRDA:6,0,1,5
BRDA:12,1,0,2
BRDA:12,1,1,3
BRF:4
BRH:4
end_of_record
TN:
SF:tests\factories\BookFactory.js
FN:13,(anonymous_0)
FN:28,(anonymous_1)
FN:33,(anonymous_2)
FN:33,(anonymous_3)
FNF:4
FNH:1
FNDA:12,(anonymous_0)
FNDA:0,(anonymous_1)
FNDA:0,(anonymous_2)
FNDA:0,(anonymous_3)
DA:5,1
DA:7,1
DA:13,12
DA:28,0
DA:33,0
LF:5
LH:3
BRDA:13,0,0,0
BRDA:28,1,0,0
BRDA:33,2,0,0
BRF:3
BRH:0
end_of_record
TN:
SF:tests\factories\UserFactory.js
FN:11,(anonymous_0)
FNF:1
FNH:1
FNDA:9,(anonymous_0)
DA:5,2
DA:11,9
LF:2
LH:2
BRDA:11,0,0,0
BRF:1
BRH:0
end_of_record
TN:
SF:tests\mocks\handlers.js
FN:5,(anonymous_0)
FN:33,(anonymous_1)
FNF:2
FNH:1
FNDA:1,(anonymous_0)
FNDA:0,(anonymous_1)
DA:3,15
DA:6,1
DA:34,0
LF:3
LH:2
BRF:0
BRH:0
end_of_record
TN:
SF:tests\mocks\server.js
FNF:0
FNH:0
DA:4,15
LF:1
LH:1
BRF:0
BRH:0
end_of_record
