TN:
SF:assets\favicon.png
FNF:0
FNH:0
DA:1,9
LF:1
LH:1
BRF:0
BRH:0
end_of_record
TN:
SF:assets\icon.png
FNF:0
FNH:0
DA:1,9
LF:1
LH:1
BRF:0
BRH:0
end_of_record
TN:
SF:assets\pixel-avatar-fallback.png
FNF:0
FNH:0
DA:1,9
LF:1
LH:1
BRF:0
BRH:0
end_of_record
TN:
SF:assets\pixel_book.png
FNF:0
FNH:0
DA:1,9
LF:1
LH:1
BRF:0
BRH:0
end_of_record
TN:
SF:assets\splash-icon.png
FNF:0
FNH:0
DA:1,9
LF:1
LH:1
BRF:0
BRH:0
end_of_record
TN:
SF:src\core\api\apiClient.js
FN:10,(anonymous_0)
FN:14,(anonymous_1)
FN:84,(anonymous_2)
FN:88,(anonymous_3)
FN:92,(anonymous_4)
FN:96,(anonymous_5)
FNF:6
FNH:6
FNDA:1,(anonymous_0)
FNDA:15,(anonymous_1)
FNDA:11,(anonymous_2)
FNDA:1,(anonymous_3)
FNDA:1,(anonymous_4)
FNDA:1,(anonymous_5)
DA:11,1
DA:15,15
DA:18,15
DA:20,15
DA:22,15
DA:23,15
DA:24,9
DA:25,1
DA:28,8
DA:31,15
DA:32,14
DA:35,15
DA:40,15
DA:41,15
DA:44,14
DA:45,7
DA:48,7
DA:49,3
DA:50,3
DA:51,3
DA:52,2
DA:54,3
DA:58,4
DA:59,1
DA:60,1
DA:64,3
DA:65,3
DA:66,3
DA:67,2
DA:72,3
DA:76,7
DA:79,8
DA:80,8
DA:85,11
DA:89,1
DA:93,1
DA:97,1
DA:101,1
LF:38
LH:38
BRDA:10,0,0,1
BRDA:14,1,0,0
BRDA:15,2,0,15
BRDA:15,2,1,0
BRDA:18,3,0,15
BRDA:18,3,1,0
BRDA:23,4,0,9
BRDA:23,4,1,6
BRDA:31,5,0,14
BRDA:31,5,1,1
BRDA:44,6,0,7
BRDA:44,6,1,7
BRDA:48,7,0,3
BRDA:48,7,1,4
BRDA:48,8,0,7
BRDA:48,8,1,4
BRDA:51,9,0,2
BRDA:51,9,1,1
BRDA:58,10,0,1
BRDA:58,10,1,3
BRDA:67,11,0,2
BRDA:67,11,1,1
BRDA:67,11,2,0
BRDA:84,12,0,10
BRDA:88,13,0,1
BRDA:92,14,0,1
BRDA:96,15,0,1
BRF:27
BRH:23
end_of_record
TN:
SF:src\core\api\auth.js
FN:12,(anonymous_0)
FN:35,(anonymous_1)
FN:45,(anonymous_2)
FN:73,(anonymous_3)
FN:82,(anonymous_4)
FN:94,(anonymous_5)
FNF:6
FNH:6
FNDA:2,(anonymous_0)
FNDA:6,(anonymous_1)
FNDA:4,(anonymous_2)
FNDA:2,(anonymous_3)
FNDA:2,(anonymous_4)
FNDA:3,(anonymous_5)
DA:12,10
DA:13,2
DA:14,2
DA:15,1
DA:18,1
DA:28,1
DA:30,1
DA:31,1
DA:35,10
DA:36,6
DA:37,6
DA:38,3
DA:40,3
DA:41,3
DA:45,10
DA:46,4
DA:47,4
DA:48,4
DA:49,3
DA:51,3
DA:52,3
DA:54,3
DA:55,2
DA:56,2
DA:66,3
DA:68,1
DA:69,1
DA:73,10
DA:74,2
DA:75,2
DA:77,1
DA:78,1
DA:82,10
DA:83,2
DA:84,2
DA:85,2
DA:90,1
DA:94,10
DA:95,3
DA:96,3
DA:97,3
DA:101,1
LF:42
LH:42
BRDA:54,0,0,2
BRDA:54,0,1,1
BRDA:55,1,0,2
BRDA:55,1,1,1
BRDA:98,2,0,3
BRDA:98,2,1,1
BRF:6
BRH:6
end_of_record
TN:
SF:src\core\api\books.js
FN:6,(anonymous_0)
FN:34,(anonymous_1)
FN:103,(anonymous_2)
FN:113,(anonymous_3)
FN:117,(anonymous_4)
FN:124,(anonymous_5)
FN:158,(anonymous_6)
FN:162,(anonymous_7)
FNF:8
FNH:8
FNDA:6,(anonymous_0)
FNDA:9,(anonymous_1)
FNDA:2,(anonymous_2)
FNDA:2,(anonymous_3)
FNDA:1,(anonymous_4)
FNDA:6,(anonymous_5)
FNDA:2,(anonymous_6)
FNDA:1,(anonymous_7)
DA:6,9
DA:8,6
DA:9,2
DA:12,4
DA:13,4
DA:14,1
DA:17,3
DA:18,3
DA:19,3
DA:27,2
DA:29,1
DA:30,1
DA:34,9
DA:36,9
DA:37,9
DA:39,9
DA:40,1
DA:44,8
DA:45,2
DA:49,6
DA:50,1
DA:53,5
DA:54,5
DA:55,5
DA:56,5
DA:57,5
DA:58,5
DA:60,5
DA:62,5
DA:63,5
DA:75,4
DA:76,4
DA:77,4
DA:79,4
DA:96,4
DA:98,1
DA:99,1
DA:103,9
DA:104,2
DA:105,2
DA:106,2
DA:108,1
DA:109,1
DA:113,9
DA:114,2
DA:115,2
DA:116,2
DA:117,1
DA:119,1
DA:120,1
DA:124,9
DA:126,6
DA:127,1
DA:130,5
DA:131,5
DA:132,1
DA:135,4
DA:136,4
DA:137,4
DA:153,1
DA:154,1
DA:158,9
DA:159,2
DA:160,2
DA:161,2
DA:162,1
DA:164,1
DA:165,1
LF:68
LH:68
BRDA:6,0,0,4
BRDA:8,1,0,2
BRDA:8,1,1,4
BRDA:8,2,0,6
BRDA:8,2,1,5
BRDA:8,2,2,4
BRDA:8,2,3,4
BRDA:13,3,0,1
BRDA:13,3,1,3
BRDA:13,4,0,4
BRDA:13,4,1,4
BRDA:18,5,0,2
BRDA:18,5,1,1
BRDA:39,6,0,1
BRDA:39,6,1,8
BRDA:39,7,0,9
BRDA:39,7,1,8
BRDA:44,8,0,2
BRDA:44,8,1,6
BRDA:44,9,0,8
BRDA:44,9,1,7
BRDA:49,10,0,1
BRDA:49,10,1,5
BRDA:49,11,0,6
BRDA:49,11,1,5
BRDA:53,12,0,1
BRDA:53,13,0,1
BRDA:65,14,0,1
BRDA:65,14,1,4
BRDA:70,15,0,4
BRDA:70,15,1,1
BRDA:77,16,0,1
BRDA:77,16,1,3
BRDA:77,17,0,4
BRDA:77,17,1,1
BRDA:124,18,0,4
BRDA:124,19,0,4
BRDA:124,20,0,5
BRDA:126,21,0,1
BRDA:126,21,1,5
BRDA:126,22,0,6
BRDA:126,22,1,5
BRDA:126,22,2,5
BRDA:131,23,0,1
BRDA:131,23,1,4
BRDA:131,24,0,5
BRDA:131,24,1,4
BRDA:140,25,0,3
BRDA:140,25,1,1
BRDA:146,26,0,4
BRDA:146,26,1,2
BRDA:147,27,0,4
BRDA:147,27,1,4
BRF:53
BRH:53
end_of_record
TN:
SF:src\core\api\social.js
FN:26,(anonymous_0)
FN:45,(anonymous_1)
FN:55,(anonymous_2)
FN:64,(anonymous_3)
FN:71,(anonymous_4)
FN:93,(anonymous_5)
FN:103,(anonymous_6)
FN:113,(anonymous_7)
FN:129,(anonymous_8)
FN:131,(anonymous_9)
FN:132,(anonymous_10)
FN:136,(anonymous_11)
FN:138,(anonymous_12)
FN:139,(anonymous_13)
FN:143,(anonymous_14)
FN:145,(anonymous_15)
FN:146,(anonymous_16)
FN:150,(anonymous_17)
FN:164,(anonymous_18)
FN:174,(anonymous_19)
FN:177,(anonymous_20)
FN:187,(anonymous_21)
FN:205,(anonymous_22)
FN:217,(anonymous_23)
FN:234,(anonymous_24)
FN:244,(anonymous_25)
FN:256,(anonymous_26)
FN:272,(anonymous_27)
FN:284,(anonymous_28)
FN:296,(anonymous_29)
FN:300,(anonymous_30)
FN:322,(anonymous_31)
FN:343,(anonymous_32)
FN:350,(anonymous_33)
FN:399,(anonymous_34)
FN:407,(anonymous_35)
FN:410,(anonymous_36)
FN:430,(anonymous_37)
FN:449,(anonymous_38)
FN:455,(anonymous_39)
FN:456,(anonymous_40)
FN:463,(anonymous_41)
FN:475,(anonymous_42)
FNF:43
FNH:43
FNDA:3,(anonymous_0)
FNDA:1,(anonymous_1)
FNDA:3,(anonymous_2)
FNDA:1,(anonymous_3)
FNDA:3,(anonymous_4)
FNDA:2,(anonymous_5)
FNDA:2,(anonymous_6)
FNDA:2,(anonymous_7)
FNDA:1,(anonymous_8)
FNDA:1,(anonymous_9)
FNDA:1,(anonymous_10)
FNDA:1,(anonymous_11)
FNDA:1,(anonymous_12)
FNDA:1,(anonymous_13)
FNDA:1,(anonymous_14)
FNDA:1,(anonymous_15)
FNDA:1,(anonymous_16)
FNDA:3,(anonymous_17)
FNDA:5,(anonymous_18)
FNDA:4,(anonymous_19)
FNDA:3,(anonymous_20)
FNDA:2,(anonymous_21)
FNDA:2,(anonymous_22)
FNDA:4,(anonymous_23)
FNDA:2,(anonymous_24)
FNDA:2,(anonymous_25)
FNDA:2,(anonymous_26)
FNDA:5,(anonymous_27)
FNDA:7,(anonymous_28)
FNDA:2,(anonymous_29)
FNDA:5,(anonymous_30)
FNDA:3,(anonymous_31)
FNDA:4,(anonymous_32)
FNDA:3,(anonymous_33)
FNDA:3,(anonymous_34)
FNDA:6,(anonymous_35)
FNDA:7,(anonymous_36)
FNDA:3,(anonymous_37)
FNDA:1,(anonymous_38)
FNDA:1,(anonymous_39)
FNDA:1,(anonymous_40)
FNDA:2,(anonymous_41)
FNDA:2,(anonymous_42)
DA:26,10
DA:27,3
DA:29,3
DA:30,1
DA:37,2
DA:44,3
DA:45,2
DA:46,2
DA:48,2
DA:50,1
DA:51,1
DA:55,10
DA:56,3
DA:57,2
DA:58,2
DA:63,2
DA:64,1
DA:66,1
DA:67,1
DA:71,10
DA:72,3
DA:73,3
DA:78,3
DA:79,2
DA:81,1
DA:88,1
DA:89,1
DA:93,10
DA:94,2
DA:95,2
DA:96,2
DA:98,1
DA:99,1
DA:103,10
DA:104,2
DA:105,2
DA:106,2
DA:108,1
DA:109,1
DA:113,10
DA:114,2
DA:115,2
DA:121,1
DA:123,1
DA:124,1
DA:129,10
DA:130,1
DA:131,1
DA:132,1
DA:136,10
DA:137,1
DA:138,1
DA:139,1
DA:143,10
DA:144,1
DA:145,1
DA:146,1
DA:150,10
DA:151,3
DA:152,3
DA:153,2
DA:155,1
DA:156,1
DA:164,10
DA:165,5
DA:167,3
DA:169,3
DA:170,3
DA:171,4
DA:174,3
DA:175,4
DA:176,4
DA:177,3
DA:180,2
DA:182,1
DA:183,1
DA:187,10
DA:188,2
DA:189,2
DA:190,2
DA:192,2
DA:193,1
DA:195,1
DA:196,1
DA:197,1
DA:200,1
DA:201,1
DA:205,10
DA:206,2
DA:207,2
DA:208,2
DA:212,1
DA:213,1
DA:217,10
DA:218,4
DA:219,4
DA:220,4
DA:221,3
DA:223,2
DA:225,2
DA:227,2
DA:229,1
DA:230,1
DA:234,10
DA:235,2
DA:236,2
DA:237,2
DA:239,1
DA:240,1
DA:244,10
DA:245,2
DA:246,2
DA:247,2
DA:251,1
DA:252,1
DA:256,10
DA:257,2
DA:258,2
DA:259,2
DA:263,1
DA:264,1
DA:272,10
DA:273,5
DA:274,4
DA:275,4
DA:276,4
DA:283,4
DA:284,7
DA:295,3
DA:296,2
DA:300,3
DA:301,5
DA:302,5
DA:303,5
DA:305,3
DA:306,3
DA:307,3
DA:310,3
DA:312,1
DA:315,1
DA:322,10
DA:323,3
DA:324,3
DA:325,3
DA:329,2
DA:330,1
DA:333,1
DA:334,1
DA:343,10
DA:344,4
DA:345,4
DA:347,4
DA:349,4
DA:350,4
DA:351,3
DA:352,3
DA:353,1
DA:357,2
DA:374,2
DA:379,2
DA:380,1
DA:389,2
DA:391,2
DA:392,2
DA:399,10
DA:400,3
DA:401,3
DA:402,3
DA:406,3
DA:407,6
DA:410,2
DA:411,7
DA:412,7
DA:413,7
DA:415,5
DA:416,5
DA:417,5
DA:420,2
DA:422,1
DA:423,1
DA:430,10
DA:431,3
DA:432,3
DA:433,3
DA:442,1
DA:449,10
DA:450,1
DA:455,1
DA:456,1
DA:463,10
DA:464,2
DA:465,2
DA:466,2
DA:468,1
DA:475,10
DA:476,2
DA:477,2
DA:478,2
DA:480,1
LF:199
LH:199
BRDA:26,0,0,2
BRDA:26,1,0,3
BRDA:29,2,0,1
BRDA:29,2,1,2
BRDA:56,3,0,1
BRDA:56,3,1,2
BRDA:79,4,0,1
BRDA:79,4,1,1
BRDA:153,5,0,1
BRDA:153,5,1,1
BRDA:165,6,0,2
BRDA:165,6,1,3
BRDA:165,7,0,5
BRDA:165,7,1,5
BRDA:221,8,0,1
BRDA:221,8,1,2
BRDA:225,9,0,2
BRDA:225,9,1,1
BRDA:273,10,0,1
BRDA:273,10,1,4
BRDA:295,11,0,1
BRDA:295,11,1,2
BRDA:295,12,0,3
BRDA:295,12,1,3
BRDA:296,13,0,2
BRDA:296,13,1,2
BRDA:301,14,0,5
BRDA:301,14,1,2
BRDA:302,15,0,5
BRDA:302,15,1,2
BRDA:303,16,0,2
BRDA:303,16,1,3
BRDA:305,17,0,3
BRDA:305,17,1,1
BRDA:306,18,0,3
BRDA:306,18,1,2
BRDA:329,19,0,1
BRDA:329,19,1,1
BRDA:352,20,0,1
BRDA:352,20,1,2
BRDA:360,21,0,2
BRDA:360,21,1,1
BRDA:366,22,0,2
BRDA:366,22,1,1
BRDA:367,23,0,2
BRDA:367,23,1,2
BRDA:379,24,0,1
BRDA:379,24,1,1
BRDA:383,25,0,1
BRDA:383,25,1,0
BRDA:411,26,0,7
BRDA:411,26,1,0
BRDA:412,27,0,7
BRDA:412,27,1,2
BRDA:413,28,0,2
BRDA:413,28,1,5
BRDA:415,29,0,5
BRDA:415,29,1,2
BRDA:416,30,0,5
BRDA:416,30,1,4
BRF:60
BRH:58
end_of_record
TN:
SF:src\core\firebase\firebase.js
FNF:0
FNH:0
DA:7,12
DA:22,12
DA:23,11
DA:24,11
DA:27,11
DA:29,1
DA:30,1
DA:31,1
DA:35,12
LF:9
LH:9
BRDA:22,0,0,11
BRDA:22,0,1,1
BRF:2
BRH:2
end_of_record
TN:
SF:src\core\services\BookService.js
FN:17,(anonymous_0)
FN:26,(anonymous_1)
FN:30,(anonymous_2)
FNF:3
FNH:3
FNDA:5,(anonymous_0)
FNDA:6,(anonymous_1)
FNDA:7,(anonymous_2)
DA:8,1
DA:18,5
DA:20,3
DA:21,3
DA:22,3
DA:24,3
DA:25,5
DA:26,6
DA:30,7
DA:31,2
DA:33,1
DA:34,1
LF:12
LH:12
BRDA:17,0,0,4
BRDA:18,1,0,2
BRDA:18,1,1,3
BRDA:18,2,0,5
BRDA:18,2,1,4
BRDA:18,2,2,4
BRDA:30,3,0,7
BRDA:30,3,1,1
BRDA:30,4,0,7
BRDA:30,4,1,0
BRF:10
BRH:9
end_of_record
TN:
SF:src\core\services\Logger.js
FN:9,(anonymous_0)
FN:18,(anonymous_1)
FN:30,(anonymous_2)
FN:44,(anonymous_3)
FNF:4
FNH:4
FNDA:13,(anonymous_0)
FNDA:3,(anonymous_1)
FNDA:2,(anonymous_2)
FNDA:3,(anonymous_3)
DA:10,13
DA:19,3
DA:20,2
DA:31,2
DA:32,1
DA:45,3
DA:46,2
DA:56,13
LF:8
LH:8
BRDA:18,0,0,1
BRDA:19,1,0,2
BRDA:19,1,1,1
BRDA:30,2,0,1
BRDA:31,3,0,1
BRDA:31,3,1,1
BRDA:44,4,0,1
BRDA:44,5,0,1
BRDA:45,6,0,2
BRDA:45,6,1,1
BRF:10
BRH:10
end_of_record
TN:
SF:src\core\store\index.js
FN:16,(anonymous_0)
FN:24,(anonymous_1)
FN:28,(anonymous_2)
FN:37,(anonymous_3)
FNF:4
FNH:4
FNDA:9,(anonymous_0)
FNDA:9,(anonymous_1)
FNDA:2,(anonymous_2)
FNDA:67,(anonymous_3)
DA:14,9
DA:16,9
DA:24,9
DA:29,2
DA:31,1
DA:33,1
DA:37,67
LF:7
LH:7
BRDA:29,0,0,1
BRDA:29,0,1,1
BRF:2
BRH:2
end_of_record
TN:
SF:src\core\store\slices\authSlice.js
FN:10,(anonymous_0)
FN:15,(anonymous_1)
FN:25,(anonymous_2)
FN:39,(anonymous_3)
FN:53,(anonymous_4)
FN:67,(anonymous_5)
FN:79,(anonymous_6)
FN:89,(anonymous_7)
FNF:8
FNH:8
FNDA:26,(anonymous_0)
FNDA:2,(anonymous_1)
FNDA:2,(anonymous_2)
FNDA:6,(anonymous_3)
FNDA:2,(anonymous_4)
FNDA:2,(anonymous_5)
FNDA:5,(anonymous_6)
FNDA:3,(anonymous_7)
DA:10,26
DA:16,2
DA:17,2
DA:18,1
DA:19,1
DA:21,1
DA:26,2
DA:27,2
DA:28,2
DA:30,1
DA:31,1
DA:40,6
DA:41,6
DA:42,6
DA:44,3
DA:45,3
DA:54,2
DA:55,2
DA:56,2
DA:58,1
DA:59,1
DA:68,2
DA:69,2
DA:70,2
DA:71,2
DA:73,2
DA:75,1
DA:80,5
DA:81,5
DA:82,4
DA:83,4
DA:85,1
DA:90,3
DA:91,3
DA:92,2
DA:93,2
DA:95,1
LF:37
LH:37
BRDA:17,0,0,1
BRDA:17,0,1,1
BRDA:19,1,0,1
BRDA:19,1,1,0
BRDA:70,2,0,2
BRDA:70,2,1,0
BRDA:70,3,0,2
BRDA:70,3,1,2
BRDA:79,4,0,3
BRDA:80,5,0,5
BRDA:80,5,1,3
BRDA:81,6,0,1
BRDA:81,6,1,4
BRDA:91,7,0,1
BRDA:91,7,1,2
BRF:15
BRH:13
end_of_record
TN:
SF:src\core\store\slices\gamificationSlice.js
FN:12,(anonymous_0)
FN:18,(anonymous_1)
FN:23,(anonymous_2)
FN:29,(anonymous_3)
FN:30,(anonymous_4)
FN:36,(anonymous_5)
FN:52,(anonymous_6)
FN:64,(anonymous_7)
FNF:8
FNH:8
FNDA:16,(anonymous_0)
FNDA:7,(anonymous_1)
FNDA:11,(anonymous_2)
FNDA:3,(anonymous_3)
FNDA:3,(anonymous_4)
FNDA:59,(anonymous_5)
FNDA:3,(anonymous_6)
FNDA:1,(anonymous_7)
DA:12,16
DA:19,7
DA:20,7
DA:24,11
DA:25,11
DA:29,3
DA:30,3
DA:33,11
DA:34,11
DA:36,11
DA:37,59
DA:38,5
DA:43,5
DA:47,11
DA:48,5
DA:53,3
DA:54,2
DA:55,2
DA:56,2
DA:57,2
DA:59,1
DA:61,1
DA:62,1
DA:63,1
DA:64,1
DA:65,1
DA:69,1
DA:70,1
DA:71,1
DA:74,1
DA:76,2
LF:31
LH:31
BRDA:20,0,0,7
BRDA:20,0,1,0
BRDA:26,1,0,11
BRDA:26,1,1,11
BRDA:27,2,0,11
BRDA:27,2,1,9
BRDA:28,3,0,11
BRDA:28,3,1,3
BRDA:29,4,0,9
BRDA:29,4,1,2
BRDA:30,5,0,9
BRDA:30,5,1,2
BRDA:37,6,0,5
BRDA:37,6,1,54
BRDA:37,7,0,59
BRDA:37,7,1,57
BRDA:47,8,0,5
BRDA:47,8,1,6
BRDA:53,9,0,1
BRDA:53,9,1,2
BRDA:65,10,0,1
BRDA:65,10,1,0
BRDA:69,11,0,1
BRDA:69,11,1,0
BRF:24
BRH:21
end_of_record
TN:
SF:src\core\store\slices\librarySlice.js
FN:12,(anonymous_0)
FN:23,(anonymous_1)
FN:26,(anonymous_2)
FN:64,(anonymous_3)
FN:64,(anonymous_4)
FN:74,(anonymous_5)
FN:75,(anonymous_6)
FN:76,(anonymous_7)
FN:78,(anonymous_8)
FN:83,(anonymous_9)
FN:89,(anonymous_10)
FN:93,(anonymous_11)
FN:109,(anonymous_12)
FN:113,(anonymous_13)
FN:153,(anonymous_14)
FNF:15
FNH:15
FNDA:30,(anonymous_0)
FNDA:7,(anonymous_1)
FNDA:5,(anonymous_2)
FNDA:1,(anonymous_3)
FNDA:1,(anonymous_4)
FNDA:1,(anonymous_5)
FNDA:3,(anonymous_6)
FNDA:3,(anonymous_7)
FNDA:1,(anonymous_8)
FNDA:1,(anonymous_9)
FNDA:18,(anonymous_10)
FNDA:47,(anonymous_11)
FNDA:8,(anonymous_12)
FNDA:6,(anonymous_13)
FNDA:3,(anonymous_14)
DA:12,30
DA:25,7
DA:26,7
DA:27,5
DA:28,4
DA:29,4
DA:38,4
DA:40,3
DA:41,3
DA:42,3
DA:43,3
DA:44,3
DA:46,3
DA:47,3
DA:51,3
DA:52,2
DA:54,2
DA:65,1
DA:66,1
DA:73,7
DA:74,7
DA:75,3
DA:76,3
DA:77,1
DA:79,1
DA:80,1
DA:83,7
DA:84,1
DA:85,1
DA:90,18
DA:91,18
DA:93,47
DA:94,2
DA:95,2
DA:98,15
DA:99,15
DA:101,1
DA:110,8
DA:111,8
DA:113,7
DA:114,7
DA:116,6
DA:117,6
DA:126,5
DA:127,5
DA:128,5
DA:129,5
DA:131,5
DA:132,4
DA:133,3
DA:142,1
DA:145,1
DA:154,3
DA:155,3
DA:156,2
DA:157,2
DA:159,1
LF:57
LH:57
BRDA:27,0,0,4
BRDA:27,0,1,1
BRDA:30,1,0,4
BRDA:30,1,1,2
BRDA:31,2,0,4
BRDA:31,2,1,2
BRDA:32,3,0,4
BRDA:32,3,1,4
BRDA:33,4,0,4
BRDA:33,4,1,4
BRDA:34,5,0,4
BRDA:34,5,1,4
BRDA:35,6,0,4
BRDA:35,6,1,4
BRDA:38,7,0,1
BRDA:38,7,1,3
BRDA:40,8,0,3
BRDA:40,8,1,2
BRDA:41,9,0,3
BRDA:41,9,1,1
BRDA:42,10,0,3
BRDA:42,10,1,1
BRDA:43,11,0,3
BRDA:43,11,1,2
BRDA:44,12,0,3
BRDA:44,12,1,2
BRDA:47,13,0,3
BRDA:47,13,1,1
BRDA:47,13,2,1
BRDA:51,14,0,2
BRDA:51,14,1,1
BRDA:55,15,0,2
BRDA:55,15,1,1
BRDA:56,16,0,2
BRDA:56,16,1,1
BRDA:60,17,0,2
BRDA:60,17,1,2
BRDA:61,18,0,2
BRDA:61,18,1,2
BRDA:62,19,0,2
BRDA:62,19,1,2
BRDA:76,20,0,3
BRDA:76,20,1,0
BRDA:76,21,0,3
BRDA:76,21,1,2
BRDA:89,22,0,3
BRDA:91,23,0,1
BRDA:91,23,1,17
BRDA:93,24,0,2
BRDA:93,24,1,15
BRDA:93,25,0,17
BRDA:93,25,1,14
BRDA:111,26,0,1
BRDA:111,26,1,7
BRDA:114,27,0,1
BRDA:114,27,1,6
BRDA:128,28,0,5
BRDA:128,28,1,1
BRDA:129,29,0,5
BRDA:129,29,1,1
BRDA:132,30,0,3
BRDA:132,30,1,1
BRDA:155,31,0,1
BRDA:155,31,1,2
BRF:64
BRH:63
end_of_record
TN:
SF:src\core\store\slices\socialSlice.js
FN:12,(anonymous_0)
FN:24,(anonymous_1)
FN:25,(anonymous_2)
FN:31,(anonymous_3)
FN:32,(anonymous_4)
FN:42,(anonymous_5)
FN:44,(anonymous_6)
FN:45,(anonymous_7)
FN:48,(anonymous_8)
FN:53,(anonymous_9)
FN:55,(anonymous_10)
FN:55,(anonymous_11)
FN:58,(anonymous_12)
FN:59,(anonymous_13)
FN:69,(anonymous_14)
FN:74,(anonymous_15)
FN:75,(anonymous_16)
FN:80,(anonymous_17)
FN:88,(anonymous_18)
FN:91,(anonymous_19)
FN:92,(anonymous_20)
FN:97,(anonymous_21)
FN:105,(anonymous_22)
FNF:23
FNH:22
FNDA:27,(anonymous_0)
FNDA:5,(anonymous_1)
FNDA:0,(anonymous_2)
FNDA:4,(anonymous_3)
FNDA:5,(anonymous_4)
FNDA:1,(anonymous_5)
FNDA:2,(anonymous_6)
FNDA:4,(anonymous_7)
FNDA:4,(anonymous_8)
FNDA:2,(anonymous_9)
FNDA:3,(anonymous_10)
FNDA:2,(anonymous_11)
FNDA:2,(anonymous_12)
FNDA:4,(anonymous_13)
FNDA:2,(anonymous_14)
FNDA:1,(anonymous_15)
FNDA:1,(anonymous_16)
FNDA:1,(anonymous_17)
FNDA:2,(anonymous_18)
FNDA:1,(anonymous_19)
FNDA:1,(anonymous_20)
FNDA:1,(anonymous_21)
FNDA:6,(anonymous_22)
DA:12,27
DA:25,5
DA:27,4
DA:28,3
DA:31,4
DA:32,5
DA:33,4
DA:35,4
DA:36,4
DA:37,3
DA:43,1
DA:44,1
DA:45,4
DA:46,2
DA:48,4
DA:54,2
DA:55,3
DA:56,2
DA:58,2
DA:59,4
DA:63,1
DA:64,2
DA:70,2
DA:71,2
DA:73,2
DA:74,2
DA:75,1
DA:79,1
DA:81,1
DA:82,1
DA:85,2
DA:89,2
DA:90,2
DA:91,2
DA:92,1
DA:96,1
DA:98,1
DA:99,1
DA:102,2
DA:106,6
DA:107,6
DA:109,5
DA:110,5
DA:111,5
DA:113,5
DA:114,5
DA:115,5
DA:117,5
DA:126,1
LF:49
LH:49
BRDA:25,0,0,1
BRDA:25,0,1,4
BRDA:27,1,0,3
BRDA:27,1,1,1
BRDA:36,2,0,3
BRDA:36,2,1,1
BRDA:36,3,0,4
BRDA:36,3,1,3
BRDA:37,4,0,2
BRDA:37,4,1,1
BRDA:45,5,0,2
BRDA:45,5,1,2
BRDA:56,6,0,1
BRDA:56,6,1,1
BRDA:69,7,0,0
BRDA:105,8,0,0
BRDA:107,9,0,1
BRDA:107,9,1,5
BRDA:111,10,0,5
BRDA:111,10,1,1
BRDA:114,11,0,3
BRDA:114,11,1,2
BRDA:115,12,0,3
BRDA:115,12,1,2
BRDA:115,13,0,2
BRDA:115,13,1,1
BRDA:123,14,0,3
BRDA:123,14,1,2
BRF:28
BRH:26
end_of_record
TN:
SF:src\hooks\useTimer.js
FN:3,useTimer
FN:7,(anonymous_1)
FN:10,(anonymous_2)
FN:10,(anonymous_3)
FN:12,(anonymous_4)
FN:15,(anonymous_5)
FNF:6
FNH:6
FNDA:29,useTimer
FNDA:17,(anonymous_1)
FNDA:31,(anonymous_2)
FNDA:31,(anonymous_3)
FNDA:17,(anonymous_4)
FNDA:2,(anonymous_5)
DA:4,29
DA:5,29
DA:7,29
DA:8,17
DA:9,17
DA:10,31
DA:12,17
DA:15,29
DA:17,29
LF:9
LH:9
BRDA:3,0,0,0
BRDA:9,1,0,10
BRDA:9,1,1,7
BRF:3
BRH:2
end_of_record
TN:
SF:src\store\usePopupStore.js
FN:3,(anonymous_0)
FN:11,(anonymous_1)
FN:20,(anonymous_2)
FNF:3
FNH:3
FNDA:14,(anonymous_0)
FNDA:11,(anonymous_1)
FNDA:6,(anonymous_2)
DA:3,14
DA:11,11
DA:20,6
LF:3
LH:3
BRDA:11,0,0,4
BRF:1
BRH:1
end_of_record
TN:
SF:src\store\useThemeStore.js
FN:7,(anonymous_0)
FN:10,(anonymous_1)
FN:10,(anonymous_2)
FN:11,(anonymous_3)
FN:11,(anonymous_4)
FN:12,(anonymous_5)
FN:13,(anonymous_6)
FN:17,(anonymous_7)
FN:18,(anonymous_8)
FN:18,(anonymous_9)
FNF:10
FNH:10
FNDA:14,(anonymous_0)
FNDA:4,(anonymous_1)
FNDA:4,(anonymous_2)
FNDA:2,(anonymous_3)
FNDA:2,(anonymous_4)
FNDA:1,(anonymous_5)
FNDA:1,(anonymous_6)
FNDA:14,(anonymous_7)
FNDA:16,(anonymous_8)
FNDA:16,(anonymous_9)
DA:5,14
DA:7,14
DA:10,4
DA:11,2
DA:12,1
DA:13,1
DA:17,14
DA:18,16
DA:19,16
DA:21,2
LF:10
LH:10
BRDA:19,0,0,2
BRDA:19,0,1,14
BRF:2
BRH:2
end_of_record
TN:
SF:src\ui\assets\index.js
FNF:0
FNH:0
DA:1,9
DA:2,9
DA:3,9
DA:4,9
DA:5,9
LF:5
LH:5
BRF:0
BRH:0
end_of_record
TN:
SF:src\ui\components\index.js
FNF:0
FNH:0
LF:0
LH:0
BRF:0
BRH:0
end_of_record
TN:
SF:src\ui\components\atoms\FastAvatar.js
FN:13,FastAvatar
FNF:1
FNH:1
FNDA:42,FastAvatar
DA:6,9
DA:21,42
LF:2
LH:2
BRDA:15,0,0,0
BRDA:16,1,0,42
BRDA:18,2,0,42
BRDA:19,3,0,42
BRDA:23,4,0,0
BRDA:23,4,1,42
BRDA:27,5,0,4
BRDA:27,5,1,38
BRDA:35,6,0,42
BRDA:35,6,1,0
BRF:10
BRH:7
end_of_record
TN:
SF:src\ui\components\atoms\LoadingScreen.js
FN:4,LoadingScreen
FNF:1
FNH:1
FNDA:1,LoadingScreen
DA:5,1
LF:1
LH:1
BRF:0
BRH:0
end_of_record
TN:
SF:src\ui\components\atoms\Skeleton.js
FN:8,Skeleton
FN:11,(anonymous_1)
FNF:2
FNH:2
FNDA:4,Skeleton
FNDA:4,(anonymous_1)
DA:9,4
DA:11,4
DA:12,4
DA:30,4
LF:4
LH:4
BRDA:8,0,0,3
BRF:1
BRH:1
end_of_record
TN:
SF:src\ui\components\molecules\CommunityNote.js
FN:9,(anonymous_0)
FN:82,(anonymous_1)
FNF:2
FNH:2
FNDA:51,(anonymous_0)
FNDA:2,(anonymous_1)
DA:9,9
DA:10,51
DA:12,51
DA:13,9
DA:28,42
DA:82,2
DA:95,9
LF:7
LH:7
BRDA:9,0,0,6
BRDA:9,1,0,42
BRDA:12,2,0,9
BRDA:12,2,1,42
BRDA:18,3,0,9
BRDA:18,3,1,0
BRDA:19,4,0,0
BRDA:19,4,1,9
BRDA:33,5,0,42
BRDA:33,5,1,0
BRDA:34,6,0,21
BRDA:34,6,1,21
BRDA:36,7,0,21
BRDA:36,7,1,21
BRDA:39,8,0,21
BRDA:39,8,1,21
BRDA:56,9,0,42
BRDA:56,9,1,3
BRDA:57,10,0,3
BRDA:57,10,1,0
BRDA:68,11,0,1
BRDA:68,11,1,41
BRDA:87,12,0,42
BRDA:87,12,1,6
BRF:24
BRH:20
end_of_record
TN:
SF:src\ui\components\molecules\CustomPopup.js
FN:7,CustomPopup
FN:13,(anonymous_1)
FN:22,(anonymous_2)
FN:27,(anonymous_3)
FNF:4
FNH:4
FNDA:24,CustomPopup
FNDA:15,(anonymous_1)
FNDA:3,(anonymous_2)
FNDA:1,(anonymous_3)
DA:8,24
DA:9,24
DA:11,24
DA:13,15
DA:14,15
DA:15,6
DA:16,2
DA:17,1
DA:18,6
DA:22,15
DA:23,3
DA:24,3
DA:27,15
DA:28,1
DA:29,1
DA:32,15
DA:34,15
LF:17
LH:17
BRDA:11,0,0,9
BRDA:11,0,1,15
BRDA:14,1,0,6
BRDA:14,1,1,2
BRDA:14,1,2,1
BRDA:14,1,3,6
BRDA:23,2,0,1
BRDA:23,2,1,2
BRDA:28,3,0,1
BRDA:28,3,1,0
BRDA:39,4,0,1
BRDA:39,4,1,14
BRDA:52,5,0,15
BRDA:52,5,1,1
BRDA:62,6,0,6
BRDA:62,6,1,9
BRDA:64,7,0,1
BRDA:64,7,1,14
BRF:18
BRH:17
end_of_record
TN:
SF:src\ui\components\organisms\BookLoader.js
FN:21,(anonymous_0)
FN:32,(anonymous_1)
FN:46,(anonymous_2)
FNF:3
FNH:3
FNDA:45,(anonymous_0)
FNDA:23,(anonymous_1)
FNDA:1,(anonymous_2)
DA:6,8
DA:19,8
DA:21,8
DA:22,45
DA:23,45
DA:24,45
DA:25,45
DA:28,45
DA:29,45
DA:30,45
DA:32,45
DA:33,23
DA:34,21
DA:35,21
DA:36,21
DA:42,2
DA:47,1
DA:52,45
DA:54,43
DA:101,8
LF:20
LH:20
BRDA:21,0,0,0
BRDA:25,1,0,42
BRDA:25,1,1,3
BRDA:28,2,0,2
BRDA:28,2,1,43
BRDA:29,3,0,2
BRDA:29,3,1,43
BRDA:30,4,0,2
BRDA:30,4,1,43
BRDA:33,5,0,21
BRDA:33,5,1,2
BRDA:52,6,0,2
BRDA:52,6,1,43
BRDA:57,7,0,42
BRDA:57,7,1,1
BRF:15
BRH:14
end_of_record
TN:
SF:src\ui\components\organisms\EchoDeck.js
FN:7,(anonymous_0)
FN:18,(anonymous_1)
FN:24,(anonymous_2)
FN:33,(anonymous_3)
FN:36,(anonymous_4)
FN:39,(anonymous_5)
FN:56,(anonymous_6)
FN:62,(anonymous_7)
FN:68,(anonymous_8)
FN:70,(anonymous_9)
FN:77,(anonymous_10)
FN:85,(anonymous_11)
FN:99,(anonymous_12)
FNF:13
FNH:12
FNDA:10,(anonymous_0)
FNDA:7,(anonymous_1)
FNDA:3,(anonymous_2)
FNDA:3,(anonymous_3)
FNDA:1,(anonymous_4)
FNDA:6,(anonymous_5)
FNDA:3,(anonymous_6)
FNDA:3,(anonymous_7)
FNDA:3,(anonymous_8)
FNDA:3,(anonymous_9)
FNDA:1,(anonymous_10)
FNDA:10,(anonymous_11)
FNDA:0,(anonymous_12)
DA:7,8
DA:8,10
DA:9,10
DA:10,10
DA:12,10
DA:13,10
DA:14,10
DA:15,10
DA:18,10
DA:19,7
DA:20,7
DA:21,7
DA:24,10
DA:25,3
DA:26,3
DA:27,2
DA:31,10
DA:34,3
DA:37,1
DA:40,6
DA:41,2
DA:42,2
DA:43,2
DA:45,4
DA:46,2
DA:47,2
DA:48,1
DA:50,1
DA:56,10
DA:57,3
DA:58,3
DA:63,3
DA:64,3
DA:68,10
DA:69,3
DA:70,3
DA:71,3
DA:72,3
DA:73,3
DA:77,10
DA:78,1
DA:85,10
DA:86,10
DA:87,2
DA:107,8
DA:108,8
DA:114,8
DA:115,17
DA:116,17
DA:118,17
DA:120,8
DA:125,8
DA:131,8
DA:153,9
DA:154,9
DA:155,9
DA:156,9
DA:158,9
DA:164,9
DA:170,9
DA:176,9
DA:194,8
DA:197,10
DA:204,8
LF:64
LH:64
BRDA:26,0,0,2
BRDA:26,0,1,1
BRDA:34,1,0,3
BRDA:34,1,1,2
BRDA:40,2,0,2
BRDA:40,2,1,4
BRDA:40,3,0,6
BRDA:40,3,1,2
BRDA:45,4,0,2
BRDA:45,4,1,2
BRDA:47,5,0,1
BRDA:47,5,1,1
BRDA:57,6,0,2
BRDA:57,6,1,1
BRDA:86,7,0,2
BRDA:86,7,1,8
BRDA:118,8,0,8
BRDA:118,8,1,9
BRF:18
BRH:18
end_of_record
TN:
SF:src\ui\components\organisms\ErrorBoundary.js
FN:8,(anonymous_0)
FN:13,(anonymous_1)
FN:18,(anonymous_2)
FN:23,(anonymous_3)
FN:31,(anonymous_4)
FNF:5
FNH:5
FNDA:3,(anonymous_0)
FNDA:3,(anonymous_1)
FNDA:3,(anonymous_2)
FNDA:1,(anonymous_3)
FNDA:7,(anonymous_4)
DA:9,3
DA:10,3
DA:15,3
DA:20,3
DA:23,3
DA:24,1
DA:26,1
DA:27,1
DA:32,7
DA:34,3
DA:58,4
LF:11
LH:11
BRDA:26,0,0,1
BRDA:26,0,1,0
BRDA:32,1,0,3
BRDA:32,1,1,4
BRF:4
BRH:3
end_of_record
TN:
SF:src\ui\constants\badges.js
FN:7,(anonymous_0)
FN:14,(anonymous_1)
FN:21,(anonymous_2)
FN:28,(anonymous_3)
FN:35,(anonymous_4)
FN:42,(anonymous_5)
FN:49,(anonymous_6)
FNF:7
FNH:7
FNDA:8,(anonymous_0)
FNDA:8,(anonymous_1)
FNDA:8,(anonymous_2)
FNDA:8,(anonymous_3)
FNDA:8,(anonymous_4)
FNDA:8,(anonymous_5)
FNDA:6,(anonymous_6)
DA:1,9
DA:7,8
DA:14,8
DA:21,8
DA:28,8
DA:35,8
DA:42,8
DA:49,6
LF:8
LH:8
BRDA:7,0,0,8
BRDA:7,0,1,8
BRDA:14,1,0,8
BRDA:14,1,1,6
BRDA:21,2,0,8
BRDA:21,2,1,6
BRDA:28,3,0,8
BRDA:28,3,1,8
BRDA:35,4,0,8
BRDA:35,4,1,8
BRDA:42,5,0,8
BRDA:42,5,1,8
BRDA:49,6,0,6
BRDA:49,6,1,2
BRF:14
BRH:14
end_of_record
TN:
SF:src\ui\constants\colors.js
FNF:0
FNH:0
DA:1,8
LF:1
LH:1
BRF:0
BRH:0
end_of_record
TN:
SF:src\ui\screens\AuthScreen.js
FN:21,(anonymous_0)
FN:37,(anonymous_1)
FN:45,(anonymous_2)
FN:49,(anonymous_3)
FN:129,(anonymous_4)
FN:167,(anonymous_5)
FN:178,(anonymous_6)
FNF:7
FNH:7
FNDA:48,(anonymous_0)
FNDA:16,(anonymous_1)
FNDA:10,(anonymous_2)
FNDA:10,(anonymous_3)
FNDA:1,(anonymous_4)
FNDA:1,(anonymous_5)
FNDA:2,(anonymous_6)
DA:19,3
DA:21,3
DA:22,48
DA:23,48
DA:24,48
DA:25,48
DA:27,48
DA:28,48
DA:29,48
DA:31,48
DA:37,48
DA:38,16
DA:39,1
DA:40,1
DA:45,48
DA:46,10
DA:49,48
DA:50,10
DA:51,2
DA:52,2
DA:54,8
DA:55,2
DA:56,2
DA:59,6
DA:60,5
DA:62,1
DA:67,48
DA:68,48
DA:69,48
DA:70,48
DA:71,48
DA:73,48
DA:74,48
DA:75,48
DA:76,48
DA:78,48
DA:129,1
DA:167,1
DA:178,2
LF:39
LH:39
BRDA:38,0,0,1
BRDA:38,0,1,15
BRDA:50,1,0,2
BRDA:50,1,1,8
BRDA:54,2,0,2
BRDA:54,2,1,6
BRDA:59,3,0,5
BRDA:59,3,1,1
BRDA:67,4,0,1
BRDA:67,4,1,47
BRDA:68,5,0,1
BRDA:68,5,1,47
BRDA:69,6,0,1
BRDA:69,6,1,47
BRDA:70,7,0,1
BRDA:70,7,1,47
BRDA:71,8,0,1
BRDA:71,8,1,47
BRDA:73,9,0,1
BRDA:73,9,1,47
BRDA:74,10,0,1
BRDA:74,10,1,47
BRDA:75,11,0,1
BRDA:75,11,1,47
BRDA:76,12,0,1
BRDA:76,12,1,47
BRDA:80,13,0,48
BRDA:80,13,1,0
BRDA:96,14,0,44
BRDA:96,14,1,4
BRDA:131,15,0,1
BRDA:131,15,1,47
BRDA:140,16,0,5
BRDA:140,16,1,43
BRDA:145,17,0,5
BRDA:145,17,1,43
BRDA:151,18,0,1
BRDA:151,18,1,42
BRDA:152,19,0,39
BRDA:152,19,1,4
BRDA:154,20,0,1
BRDA:154,20,1,42
BRDA:160,21,0,1
BRDA:160,21,1,47
BRDA:162,22,0,1
BRDA:162,22,1,47
BRDA:168,23,0,48
BRDA:168,23,1,48
BRDA:176,24,0,44
BRDA:176,24,1,4
BRDA:180,25,0,44
BRDA:180,25,1,4
BRDA:186,26,0,48
BRDA:186,26,1,4
BRDA:187,27,0,0
BRDA:187,27,1,4
BRF:56
BRH:54
end_of_record
TN:
SF:src\ui\screens\GalleryScreen.js
FN:26,(anonymous_0)
FN:29,(anonymous_1)
FN:38,(anonymous_2)
FN:39,(anonymous_3)
FN:52,(anonymous_4)
FN:53,(anonymous_5)
FN:53,(anonymous_6)
FN:62,(anonymous_7)
FN:73,(anonymous_8)
FN:112,(anonymous_9)
FN:136,(anonymous_10)
FN:154,(anonymous_11)
FNF:12
FNH:12
FNDA:27,(anonymous_0)
FNDA:27,(anonymous_1)
FNDA:12,(anonymous_2)
FNDA:12,(anonymous_3)
FNDA:1,(anonymous_4)
FNDA:1,(anonymous_5)
FNDA:2,(anonymous_6)
FNDA:2,(anonymous_7)
FNDA:28,(anonymous_8)
FNDA:2,(anonymous_9)
FNDA:1,(anonymous_10)
FNDA:37,(anonymous_11)
DA:21,2
DA:22,2
DA:23,2
DA:24,2
DA:26,2
DA:27,27
DA:28,27
DA:29,27
DA:30,27
DA:32,27
DA:33,27
DA:34,27
DA:36,27
DA:38,27
DA:39,12
DA:40,12
DA:41,12
DA:42,11
DA:44,1
DA:46,12
DA:49,12
DA:52,27
DA:53,2
DA:54,1
DA:55,1
DA:58,27
DA:63,2
DA:64,2
DA:65,2
DA:66,2
DA:67,2
DA:73,27
DA:74,28
DA:80,28
DA:86,28
DA:93,28
DA:99,28
DA:112,2
DA:126,27
DA:129,15
DA:130,15
DA:132,15
DA:136,1
DA:154,37
DA:171,2
LF:45
LH:45
BRDA:53,0,0,1
BRDA:53,0,1,1
BRDA:53,1,0,1
BRDA:53,1,1,0
BRDA:54,2,0,1
BRDA:54,2,1,1
BRDA:54,2,2,1
BRDA:54,2,3,1
BRDA:65,3,0,2
BRDA:65,3,1,0
BRDA:65,4,0,2
BRDA:65,4,1,2
BRDA:65,4,2,2
BRDA:106,5,0,12
BRDA:106,5,1,16
BRDA:126,6,0,12
BRDA:126,6,1,15
BRDA:133,7,0,0
BRDA:133,7,1,15
BRDA:137,8,0,0
BRDA:137,8,1,15
BRDA:140,9,0,0
BRDA:140,9,1,15
BRDA:141,10,0,0
BRDA:141,10,1,15
BRDA:145,11,0,3
BRDA:145,11,1,12
BRDA:147,12,0,0
BRDA:147,12,1,3
BRDA:148,13,0,0
BRDA:148,13,1,3
BRF:31
BRH:23
end_of_record
TN:
SF:src\utils\errorMapper.js
FN:7,(anonymous_0)
FNF:1
FNH:1
FNDA:49,(anonymous_0)
DA:7,14
DA:8,49
DA:9,49
DA:12,49
DA:13,49
DA:16,49
DA:40,49
LF:7
LH:7
BRDA:12,0,0,49
BRDA:12,0,1,0
BRDA:40,1,0,49
BRDA:40,1,1,29
BRF:4
BRH:3
end_of_record
TN:
SF:src\utils\haptics.js
FN:8,(anonymous_0)
FN:14,(anonymous_1)
FN:20,(anonymous_2)
FNF:3
FNH:3
FNDA:4,(anonymous_0)
FNDA:2,(anonymous_1)
FNDA:3,(anonymous_2)
DA:8,10
DA:9,4
DA:10,2
DA:14,10
DA:15,2
DA:16,1
DA:20,10
DA:21,3
DA:22,2
DA:26,10
DA:27,10
LF:11
LH:11
BRDA:8,0,0,1
BRDA:9,1,0,2
BRDA:9,1,1,2
BRDA:14,2,0,1
BRDA:15,3,0,1
BRDA:15,3,1,1
BRDA:21,4,0,2
BRDA:21,4,1,1
BRF:8
BRH:8
end_of_record
TN:
SF:src\utils\streak.js
FN:1,(anonymous_0)
FNF:1
FNH:1
FNDA:13,(anonymous_0)
DA:1,10
DA:2,13
DA:5,10
DA:6,10
DA:8,10
DA:9,10
DA:11,10
DA:12,10
DA:14,10
DA:15,7
DA:16,6
LF:11
LH:11
BRDA:2,0,0,3
BRDA:2,0,1,10
BRDA:14,1,0,3
BRDA:14,1,1,7
BRDA:15,2,0,1
BRDA:15,2,1,6
BRF:6
BRH:6
end_of_record
TN:
SF:src\utils\time.js
FN:5,(anonymous_0)
FNF:1
FNH:1
FNDA:6,(anonymous_0)
DA:5,1
DA:6,6
DA:8,5
DA:9,5
DA:10,5
DA:12,5
DA:13,2
DA:15,3
LF:8
LH:8
BRDA:6,0,0,1
BRDA:6,0,1,5
BRDA:12,1,0,2
BRDA:12,1,1,3
BRF:4
BRH:4
end_of_record
TN:
SF:tests\factories\BookFactory.js
FN:13,(anonymous_0)
FN:28,(anonymous_1)
FN:33,(anonymous_2)
FN:33,(anonymous_3)
FNF:4
FNH:4
FNDA:18,(anonymous_0)
FNDA:1,(anonymous_1)
FNDA:1,(anonymous_2)
FNDA:3,(anonymous_3)
DA:5,2
DA:7,2
DA:13,18
DA:28,1
DA:33,3
LF:5
LH:5
BRDA:13,0,0,1
BRDA:28,1,0,0
BRDA:33,2,0,0
BRF:3
BRH:1
end_of_record
TN:
SF:tests\factories\UserFactory.js
FN:11,(anonymous_0)
FNF:1
FNH:1
FNDA:11,(anonymous_0)
DA:5,3
DA:11,11
LF:2
LH:2
BRDA:11,0,0,1
BRF:1
BRH:1
end_of_record
TN:
SF:tests\mocks\handlers.js
FN:5,(anonymous_0)
FN:33,(anonymous_1)
FNF:2
FNH:2
FNDA:2,(anonymous_0)
FNDA:1,(anonymous_1)
DA:3,39
DA:6,2
DA:34,1
LF:3
LH:3
BRF:0
BRH:0
end_of_record
TN:
SF:tests\mocks\server.js
FNF:0
FNH:0
DA:4,39
LF:1
LH:1
BRF:0
BRH:0
end_of_record
